This file contains any messages produced by compilers while
running configure, to aid debugging if configure makes a mistake.

It was created by trxcon configure 0.0.0, which was
generated by GNU Autoconf 2.69.  Invocation command line was

  $ ./configure 

## --------- ##
## Platform. ##
## --------- ##

hostname = ubuntu-VirtualBox
uname -m = x86_64
uname -r = 5.11.0-27-generic
uname -s = Linux
uname -v = #29~20.04.1-Ubuntu SMP Wed Aug 11 15:58:17 UTC 2021

/usr/bin/uname -p = x86_64
/bin/uname -X     = unknown

/bin/arch              = x86_64
/usr/bin/arch -k       = unknown
/usr/convex/getsysinfo = unknown
/usr/bin/hostinfo      = unknown
/bin/machine           = unknown
/usr/bin/oslevel       = unknown
/bin/universe          = unknown

PATH: /root/gnuarm/bin
PATH: /usr/local/sbin
PATH: /usr/local/bin
PATH: /usr/sbin
PATH: /usr/bin
PATH: /sbin
PATH: /bin
PATH: /usr/games
PATH: /usr/local/games
PATH: /snap/bin


## ----------- ##
## Core tests. ##
## ----------- ##

configure:1958: checking for a BSD-compatible install
configure:2026: result: /usr/bin/install -c
configure:2037: checking whether build environment is sane
configure:2092: result: yes
configure:2241: checking for a thread-safe mkdir -p
configure:2280: result: /usr/bin/mkdir -p
configure:2287: checking for gawk
configure:2317: result: no
configure:2287: checking for mawk
configure:2303: found /usr/bin/mawk
configure:2314: result: mawk
configure:2325: checking whether make sets $(MAKE)
configure:2347: result: yes
configure:2376: checking whether make supports nested variables
configure:2393: result: yes
configure:2531: checking whether make supports nested variables
configure:2548: result: yes
configure:2560: checking whether make sets $(MAKE)
configure:2582: result: yes
configure:2639: checking for gcc
configure:2655: found /usr/bin/gcc
configure:2666: result: gcc
configure:2895: checking for C compiler version
configure:2904: gcc --version >&5
gcc (Ubuntu 9.3.0-17ubuntu1~20.04) 9.3.0
Copyright (C) 2019 Free Software Foundation, Inc.
This is free software; see the source for copying conditions.  There is NO
warranty; not even for MERCHANTABILITY or FITNESS FOR A PARTICULAR PURPOSE.

configure:2915: $? = 0
configure:2904: gcc -v >&5
Using built-in specs.
COLLECT_GCC=gcc
COLLECT_LTO_WRAPPER=/usr/lib/gcc/x86_64-linux-gnu/9/lto-wrapper
OFFLOAD_TARGET_NAMES=nvptx-none:hsa
OFFLOAD_TARGET_DEFAULT=1
Target: x86_64-linux-gnu
Configured with: ../src/configure -v --with-pkgversion='Ubuntu 9.3.0-17ubuntu1~20.04' --with-bugurl=file:///usr/share/doc/gcc-9/README.Bugs --enable-languages=c,ada,c++,go,brig,d,fortran,objc,obj-c++,gm2 --prefix=/usr --with-gcc-major-version-only --program-suffix=-9 --program-prefix=x86_64-linux-gnu- --enable-shared --enable-linker-build-id --libexecdir=/usr/lib --without-included-gettext --enable-threads=posix --libdir=/usr/lib --enable-nls --enable-clocale=gnu --enable-libstdcxx-debug --enable-libstdcxx-time=yes --with-default-libstdcxx-abi=new --enable-gnu-unique-object --disable-vtable-verify --enable-plugin --enable-default-pie --with-system-zlib --with-target-system-zlib=auto --enable-objc-gc=auto --enable-multiarch --disable-werror --with-arch-32=i686 --with-abi=m64 --with-multilib-list=m32,m64,mx32 --enable-multilib --with-tune=generic --enable-offload-targets=nvptx-none=/build/gcc-9-HskZEa/gcc-9-9.3.0/debian/tmp-nvptx/usr,hsa --without-cuda-driver --enable-checking=release --build=x86_64-linux-gnu --host=x86_64-linux-gnu --target=x86_64-linux-gnu
Thread model: posix
gcc version 9.3.0 (Ubuntu 9.3.0-17ubuntu1~20.04) 
configure:2915: $? = 0
configure:2904: gcc -V >&5
gcc: error: unrecognized command line option '-V'
gcc: fatal error: no input files
compilation terminated.
configure:2915: $? = 1
configure:2904: gcc -qversion >&5
gcc: error: unrecognized command line option '-qversion'; did you mean '--version'?
gcc: fatal error: no input files
compilation terminated.
configure:2915: $? = 1
configure:2935: checking whether the C compiler works
configure:2957: gcc    conftest.c  >&5
configure:2961: $? = 0
configure:3009: result: yes
configure:3012: checking for C compiler default output file name
configure:3014: result: a.out
configure:3020: checking for suffix of executables
configure:3027: gcc -o conftest    conftest.c  >&5
configure:3031: $? = 0
configure:3053: result: 
configure:3075: checking whether we are cross compiling
configure:3083: gcc -o conftest    conftest.c  >&5
configure:3087: $? = 0
configure:3094: ./conftest
configure:3098: $? = 0
configure:3086: result: no
configure:3091: checking for suffix of object files
configure:3113: gcc -c   conftest.c >&5
configure:3117: $? = 0
configure:3138: result: o
configure:3142: checking whether we are using the GNU C compiler
configure:3161: gcc -c   conftest.c >&5
configure:3161: $? = 0
configure:3170: result: yes
configure:3179: checking whether gcc accepts -g
configure:3199: gcc -c -g  conftest.c >&5
configure:3199: $? = 0
configure:3240: result: yes
configure:3257: checking for gcc option to accept ISO C89
configure:3320: gcc  -c -g -O2  conftest.c >&5
configure:3320: $? = 0
configure:3333: result: none needed
configure:3358: checking whether gcc understands -c and -o together
configure:3380: gcc -c conftest.c -o conftest2.o
configure:3383: $? = 0
configure:3380: gcc -c conftest.c -o conftest2.o
configure:3383: $? = 0
configure:3395: result: yes
configure:3415: checking whether make supports the include directive
configure:3430: make -f confmf.GNU && cat confinc.out
make[1]: Entering directory '/home/ubuntu/osmocom/osmocom-bb/src/host/trxcon'
make[1]: Leaving directory '/home/ubuntu/osmocom/osmocom-bb/src/host/trxcon'
this is the am__doit target
configure:3433: $? = 0
configure:3452: result: yes (GNU style)
configure:3477: checking dependency style of gcc
configure:3588: result: gcc3
configure:3659: checking for pkg-config
configure:3677: found /usr/bin/pkg-config
configure:3689: result: /usr/bin/pkg-config
configure:3714: checking pkg-config is at least version 0.9.0
configure:3717: result: yes
configure:3727: checking for LIBOSMOCORE
configure:3734: $PKG_CONFIG --exists --print-errors "libosmocore"
configure:3737: $? = 0
configure:3751: $PKG_CONFIG --exists --print-errors "libosmocore"
configure:3754: $? = 0
configure:3812: result: yes
configure:3818: checking for LIBOSMOCODING
configure:3825: $PKG_CONFIG --exists --print-errors "libosmocoding"
configure:3828: $? = 0
configure:3842: $PKG_CONFIG --exists --print-errors "libosmocoding"
configure:3845: $? = 0
configure:3903: result: yes
configure:3909: checking for LIBOSMOGSM
configure:3916: $PKG_CONFIG --exists --print-errors "libosmogsm"
configure:3919: $? = 0
configure:3933: $PKG_CONFIG --exists --print-errors "libosmogsm"
configure:3936: $? = 0
configure:3994: result: yes
configure:4005: checking how to run the C preprocessor
configure:4036: gcc -E  conftest.c
configure:4036: $? = 0
configure:4050: gcc -E  conftest.c
conftest.c:11:10: fatal error: ac_nonexistent.h: No such file or directory
   11 | #include <ac_nonexistent.h>
      |          ^~~~~~~~~~~~~~~~~~
compilation terminated.
configure:4050: $? = 1
configure: failed program was:
| /* confdefs.h */
| #define PACKAGE_NAME "trxcon"
| #define PACKAGE_TARNAME "trxcon"
| #define PACKAGE_VERSION "0.0.0"
| #define PACKAGE_STRING "trxcon 0.0.0"
| #define PACKAGE_BUGREPORT ""
| #define PACKAGE_URL ""
| #define PACKAGE "trxcon"
| #define VERSION "0.0.0"
| /* end confdefs.h.  */
| #include <ac_nonexistent.h>
configure:4075: result: gcc -E
configure:4095: gcc -E  conftest.c
configure:4095: $? = 0
configure:4109: gcc -E  conftest.c
conftest.c:11:10: fatal error: ac_nonexistent.h: No such file or directory
   11 | #include <ac_nonexistent.h>
      |          ^~~~~~~~~~~~~~~~~~
compilation terminated.
configure:4109: $? = 1
configure: failed program was:
| /* confdefs.h */
| #define PACKAGE_NAME "trxcon"
| #define PACKAGE_TARNAME "trxcon"
| #define PACKAGE_VERSION "0.0.0"
| #define PACKAGE_STRING "trxcon 0.0.0"
| #define PACKAGE_BUGREPORT ""
| #define PACKAGE_URL ""
| #define PACKAGE "trxcon"
| #define VERSION "0.0.0"
| /* end confdefs.h.  */
| #include <ac_nonexistent.h>
configure:4138: checking for grep that handles long lines and -e
configure:4196: result: /usr/bin/grep
configure:4201: checking for egrep
configure:4263: result: /usr/bin/grep -E
configure:4268: checking for ANSI C header files
configure:4288: gcc -c -g -O2  conftest.c >&5
configure:4288: $? = 0
configure:4361: gcc -o conftest -g -O2   conftest.c  >&5
configure:4361: $? = 0
configure:4361: ./conftest
configure:4361: $? = 0
configure:4372: result: yes
configure:4534: checking that generated files are newer than configure
configure:4540: result: done
configure:4563: creating ./config.status

## ---------------------- ##
## Running config.status. ##
## ---------------------- ##

This file was extended by trxcon config.status 0.0.0, which was
generated by GNU Autoconf 2.69.  Invocation command line was

  CONFIG_FILES    = 
  CONFIG_HEADERS  = 
  CONFIG_LINKS    = 
  CONFIG_COMMANDS = 
  $ ./config.status 

on ubuntu-VirtualBox

config.status:781: creating Makefile
config.status:953: executing depfiles commands
config.status:1030: cd .       && sed -e '/# am--include-marker/d' Makefile         | make -f - am--depfiles
make[1]: Entering directory '/home/ubuntu/osmocom/osmocom-bb/src/host/trxcon'
make[1]: Leaving directory '/home/ubuntu/osmocom/osmocom-bb/src/host/trxcon'
config.status:1035: $? = 0

## ---------------- ##
## Cache variables. ##
## ---------------- ##

ac_cv_c_compiler_gnu=yes
ac_cv_env_CC_set=
ac_cv_env_CC_value=
ac_cv_env_CFLAGS_set=
ac_cv_env_CFLAGS_value=
ac_cv_env_CPPFLAGS_set=
ac_cv_env_CPPFLAGS_value=
ac_cv_env_CPP_set=
ac_cv_env_CPP_value=
ac_cv_env_LDFLAGS_set=
ac_cv_env_LDFLAGS_value=
ac_cv_env_LIBOSMOCODING_CFLAGS_set=
ac_cv_env_LIBOSMOCODING_CFLAGS_value=
ac_cv_env_LIBOSMOCODING_LIBS_set=
ac_cv_env_LIBOSMOCODING_LIBS_value=
ac_cv_env_LIBOSMOCORE_CFLAGS_set=
ac_cv_env_LIBOSMOCORE_CFLAGS_value=
ac_cv_env_LIBOSMOCORE_LIBS_set=
ac_cv_env_LIBOSMOCORE_LIBS_value=
ac_cv_env_LIBOSMOGSM_CFLAGS_set=
ac_cv_env_LIBOSMOGSM_CFLAGS_value=
ac_cv_env_LIBOSMOGSM_LIBS_set=
ac_cv_env_LIBOSMOGSM_LIBS_value=
ac_cv_env_LIBS_set=
ac_cv_env_LIBS_value=
ac_cv_env_PKG_CONFIG_LIBDIR_set=
ac_cv_env_PKG_CONFIG_LIBDIR_value=
ac_cv_env_PKG_CONFIG_PATH_set=
ac_cv_env_PKG_CONFIG_PATH_value=
ac_cv_env_PKG_CONFIG_set=
ac_cv_env_PKG_CONFIG_value=
ac_cv_env_build_alias_set=
ac_cv_env_build_alias_value=
ac_cv_env_host_alias_set=
ac_cv_env_host_alias_value=
ac_cv_env_target_alias_set=
ac_cv_env_target_alias_value=
ac_cv_header_stdc=yes
ac_cv_objext=o
ac_cv_path_EGREP='/usr/bin/grep -E'
ac_cv_path_GREP=/usr/bin/grep
ac_cv_path_ac_pt_PKG_CONFIG=/usr/bin/pkg-config
ac_cv_path_install='/usr/bin/install -c'
ac_cv_path_mkdir=/usr/bin/mkdir
ac_cv_prog_AWK=mawk
ac_cv_prog_CPP='gcc -E'
ac_cv_prog_ac_ct_CC=gcc
ac_cv_prog_cc_c89=
ac_cv_prog_cc_g=yes
ac_cv_prog_make_make_set=yes
am_cv_CC_dependencies_compiler_type=gcc3
am_cv_make_support_nested_variables=yes
am_cv_prog_cc_c_o=yes
pkg_cv_LIBOSMOCODING_CFLAGS=-I/usr/local/include/
pkg_cv_LIBOSMOCODING_LIBS='-L/usr/local/lib -ltalloc -losmocoding -losmocodec -losmogsm -losmocore'
pkg_cv_LIBOSMOCORE_CFLAGS='-pthread -I/usr/local/include/'
pkg_cv_LIBOSMOCORE_LIBS='-L/usr/local/lib -ltalloc -losmocore'
pkg_cv_LIBOSMOGSM_CFLAGS=-I/usr/local/include/
pkg_cv_LIBOSMOGSM_LIBS='-L/usr/local/lib -ltalloc -losmogsm -losmocore'

## ----------------- ##
## Output variables. ##
## ----------------- ##

ACLOCAL='${SHELL} /home/ubuntu/osmocom/osmocom-bb/src/host/trxcon/missing aclocal-1.16'
AMDEPBACKSLASH='\'
AMDEP_FALSE='#'
AMDEP_TRUE=''
AMTAR='$${TAR-tar}'
AM_BACKSLASH='\'
AM_DEFAULT_V='$(AM_DEFAULT_VERBOSITY)'
AM_DEFAULT_VERBOSITY='0'
AM_V='$(V)'
AUTOCONF='${SHELL} /home/ubuntu/osmocom/osmocom-bb/src/host/trxcon/missing autoconf'
AUTOHEADER='${SHELL} /home/ubuntu/osmocom/osmocom-bb/src/host/trxcon/missing autoheader'
AUTOMAKE='${SHELL} /home/ubuntu/osmocom/osmocom-bb/src/host/trxcon/missing automake-1.16'
AWK='mawk'
CC='gcc'
CCDEPMODE='depmode=gcc3'
CFLAGS='-g -O2'
CPP='gcc -E'
CPPFLAGS=''
CYGPATH_W='echo'
DEFS='-DPACKAGE_NAME=\"trxcon\" -DPACKAGE_TARNAME=\"trxcon\" -DPACKAGE_VERSION=\"0.0.0\" -DPACKAGE_STRING=\"trxcon\ 0.0.0\" -DPACKAGE_BUGREPORT=\"\" -DPACKAGE_URL=\"\" -DPACKAGE=\"trxcon\" -DVERSION=\"0.0.0\" -DSTDC_HEADERS=1'
DEPDIR='.deps'
ECHO_C=''
ECHO_N='-n'
ECHO_T=''
EGREP='/usr/bin/grep -E'
EXEEXT=''
GREP='/usr/bin/grep'
INSTALL_DATA='${INSTALL} -m 644'
INSTALL_PROGRAM='${INSTALL}'
INSTALL_SCRIPT='${INSTALL}'
INSTALL_STRIP_PROGRAM='$(install_sh) -c -s'
LDFLAGS=''
LIBOBJS=''
LIBOSMOCODING_CFLAGS='-I/usr/local/include/'
LIBOSMOCODING_LIBS='-L/usr/local/lib -ltalloc -losmocoding -losmocodec -losmogsm -losmocore'
LIBOSMOCORE_CFLAGS='-pthread -I/usr/local/include/'
LIBOSMOCORE_LIBS='-L/usr/local/lib -ltalloc -losmocore'
LIBOSMOGSM_CFLAGS='-I/usr/local/include/'
LIBOSMOGSM_LIBS='-L/usr/local/lib -ltalloc -losmogsm -losmocore'
LIBS=''
LTLIBOBJS=''
MAKEINFO='${SHELL} /home/ubuntu/osmocom/osmocom-bb/src/host/trxcon/missing makeinfo'
MKDIR_P='/usr/bin/mkdir -p'
OBJEXT='o'
PACKAGE='trxcon'
PACKAGE_BUGREPORT=''
PACKAGE_NAME='trxcon'
PACKAGE_STRING='trxcon 0.0.0'
PACKAGE_TARNAME='trxcon'
PACKAGE_URL=''
PACKAGE_VERSION='0.0.0'
PATH_SEPARATOR=':'
PKG_CONFIG='/usr/bin/pkg-config'
PKG_CONFIG_LIBDIR=''
PKG_CONFIG_PATH=''
SET_MAKE=''
SHELL='/bin/bash'
STRIP=''
VERSION='0.0.0'
ac_ct_CC='gcc'
am__EXEEXT_FALSE=''
am__EXEEXT_TRUE='#'
am__fastdepCC_FALSE='#'
am__fastdepCC_TRUE=''
am__include='include'
am__isrc=''
am__leading_dot='.'
am__nodep='_no'
am__quote=''
am__tar='$${TAR-tar} chof - "$$tardir"'
am__untar='$${TAR-tar} xf -'
bindir='${exec_prefix}/bin'
build_alias=''
datadir='${datarootdir}'
datarootdir='${prefix}/share'
docdir='${datarootdir}/doc/${PACKAGE_TARNAME}'
dvidir='${docdir}'
exec_prefix='${prefix}'
host_alias=''
htmldir='${docdir}'
includedir='${prefix}/include'
infodir='${datarootdir}/info'
install_sh='${SHELL} /home/ubuntu/osmocom/osmocom-bb/src/host/trxcon/install-sh'
libdir='${exec_prefix}/lib'
libexecdir='${exec_prefix}/libexec'
localedir='${datarootdir}/locale'
localstatedir='${prefix}/var'
mandir='${datarootdir}/man'
mkdir_p='$(MKDIR_P)'
oldincludedir='/usr/include'
pdfdir='${docdir}'
prefix='/usr/local'
program_transform_name='s,x,x,'
psdir='${docdir}'
runstatedir='${localstatedir}/run'
sbindir='${exec_prefix}/sbin'
sharedstatedir='${prefix}/com'
sysconfdir='${prefix}/etc'
target_alias=''

## ----------- ##
## confdefs.h. ##
## ----------- ##

/* confdefs.h */
#define PACKAGE_NAME "trxcon"
#define PACKAGE_TARNAME "trxcon"
#define PACKAGE_VERSION "0.0.0"
#define PACKAGE_STRING "trxcon 0.0.0"
#define PACKAGE_BUGREPORT ""
#define PACKAGE_URL ""
#define PACKAGE "trxcon"
#define VERSION "0.0.0"
#define STDC_HEADERS 1

configure: exit 0
