This file contains any messages produced by compilers while
running configure, to aid debugging if configure makes a mistake.

It was created by layer23 configure 0.0.0, which was
generated by GNU Autoconf 2.69.  Invocation command line was

  $ ./configure 

## --------- ##
## Platform. ##
## --------- ##

hostname = ubuntu-VirtualBox
uname -m = x86_64
uname -r = 5.11.0-27-generic
uname -s = Linux
uname -v = #29~20.04.1-Ubuntu SMP Wed Aug 11 15:58:17 UTC 2021

/usr/bin/uname -p = x86_64
/bin/uname -X     = unknown

/bin/arch              = x86_64
/usr/bin/arch -k       = unknown
/usr/convex/getsysinfo = unknown
/usr/bin/hostinfo      = unknown
/bin/machine           = unknown
/usr/bin/oslevel       = unknown
/bin/universe          = unknown

PATH: /root/gnuarm/bin
PATH: /usr/local/sbin
PATH: /usr/local/bin
PATH: /usr/sbin
PATH: /usr/bin
PATH: /sbin
PATH: /bin
PATH: /usr/games
PATH: /usr/local/games
PATH: /snap/bin


## ----------- ##
## Core tests. ##
## ----------- ##

configure:2031: checking for a BSD-compatible install
configure:2099: result: /usr/bin/install -c
configure:2110: checking whether build environment is sane
configure:2165: result: yes
configure:2314: checking for a thread-safe mkdir -p
configure:2353: result: /usr/bin/mkdir -p
configure:2360: checking for gawk
configure:2390: result: no
configure:2360: checking for mawk
configure:2376: found /usr/bin/mawk
configure:2387: result: mawk
configure:2398: checking whether make sets $(MAKE)
configure:2420: result: yes
configure:2449: checking whether make supports nested variables
configure:2466: result: yes
configure:2604: checking whether make supports nested variables
configure:2621: result: yes
configure:2633: checking whether make sets $(MAKE)
configure:2655: result: yes
configure:2712: checking for gcc
configure:2728: found /usr/bin/gcc
configure:2739: result: gcc
configure:2968: checking for C compiler version
configure:2977: gcc --version >&5
gcc (Ubuntu 9.3.0-17ubuntu1~20.04) 9.3.0
Copyright (C) 2019 Free Software Foundation, Inc.
This is free software; see the source for copying conditions.  There is NO
warranty; not even for MERCHANTABILITY or FITNESS FOR A PARTICULAR PURPOSE.

configure:2988: $? = 0
configure:2977: gcc -v >&5
Using built-in specs.
COLLECT_GCC=gcc
COLLECT_LTO_WRAPPER=/usr/lib/gcc/x86_64-linux-gnu/9/lto-wrapper
OFFLOAD_TARGET_NAMES=nvptx-none:hsa
OFFLOAD_TARGET_DEFAULT=1
Target: x86_64-linux-gnu
Configured with: ../src/configure -v --with-pkgversion='Ubuntu 9.3.0-17ubuntu1~20.04' --with-bugurl=file:///usr/share/doc/gcc-9/README.Bugs --enable-languages=c,ada,c++,go,brig,d,fortran,objc,obj-c++,gm2 --prefix=/usr --with-gcc-major-version-only --program-suffix=-9 --program-prefix=x86_64-linux-gnu- --enable-shared --enable-linker-build-id --libexecdir=/usr/lib --without-included-gettext --enable-threads=posix --libdir=/usr/lib --enable-nls --enable-clocale=gnu --enable-libstdcxx-debug --enable-libstdcxx-time=yes --with-default-libstdcxx-abi=new --enable-gnu-unique-object --disable-vtable-verify --enable-plugin --enable-default-pie --with-system-zlib --with-target-system-zlib=auto --enable-objc-gc=auto --enable-multiarch --disable-werror --with-arch-32=i686 --with-abi=m64 --with-multilib-list=m32,m64,mx32 --enable-multilib --with-tune=generic --enable-offload-targets=nvptx-none=/build/gcc-9-HskZEa/gcc-9-9.3.0/debian/tmp-nvptx/usr,hsa --without-cuda-driver --enable-checking=release --build=x86_64-linux-gnu --host=x86_64-linux-gnu --target=x86_64-linux-gnu
Thread model: posix
gcc version 9.3.0 (Ubuntu 9.3.0-17ubuntu1~20.04) 
configure:2988: $? = 0
configure:2977: gcc -V >&5
gcc: error: unrecognized command line option '-V'
gcc: fatal error: no input files
compilation terminated.
configure:2988: $? = 1
configure:2977: gcc -qversion >&5
gcc: error: unrecognized command line option '-qversion'; did you mean '--version'?
gcc: fatal error: no input files
compilation terminated.
configure:2988: $? = 1
configure:3008: checking whether the C compiler works
configure:3030: gcc    conftest.c  >&5
configure:3034: $? = 0
configure:3082: result: yes
configure:3085: checking for C compiler default output file name
configure:3087: result: a.out
configure:3093: checking for suffix of executables
configure:3100: gcc -o conftest    conftest.c  >&5
configure:3104: $? = 0
configure:3126: result: 
configure:3148: checking whether we are cross compiling
configure:3156: gcc -o conftest    conftest.c  >&5
configure:3160: $? = 0
configure:3167: ./conftest
configure:3171: $? = 0
configure:3159: result: no
configure:3164: checking for suffix of object files
configure:3186: gcc -c   conftest.c >&5
configure:3190: $? = 0
configure:3211: result: o
configure:3215: checking whether we are using the GNU C compiler
configure:3234: gcc -c   conftest.c >&5
configure:3234: $? = 0
configure:3243: result: yes
configure:3252: checking whether gcc accepts -g
configure:3272: gcc -c -g  conftest.c >&5
configure:3272: $? = 0
configure:3313: result: yes
configure:3330: checking for gcc option to accept ISO C89
configure:3393: gcc  -c -g -O2  conftest.c >&5
configure:3393: $? = 0
configure:3406: result: none needed
configure:3431: checking whether gcc understands -c and -o together
configure:3453: gcc -c conftest.c -o conftest2.o
configure:3456: $? = 0
configure:3453: gcc -c conftest.c -o conftest2.o
configure:3456: $? = 0
configure:3468: result: yes
configure:3488: checking whether make supports the include directive
configure:3503: make -f confmf.GNU && cat confinc.out
make[1]: Entering directory '/home/ubuntu/osmocom/osmocom-bb/src/host/layer23'
make[1]: Leaving directory '/home/ubuntu/osmocom/osmocom-bb/src/host/layer23'
this is the am__doit target
configure:3506: $? = 0
configure:3525: result: yes (GNU style)
configure:3550: checking dependency style of gcc
configure:3661: result: gcc3
configure:3720: checking for ranlib
configure:3736: found /usr/bin/ranlib
configure:3747: result: ranlib
configure:3853: checking for pkg-config
configure:3871: found /usr/bin/pkg-config
configure:3883: result: /usr/bin/pkg-config
configure:3908: checking pkg-config is at least version 0.9.0
configure:3911: result: yes
configure:3921: checking for LIBOSMOCORE
configure:3928: $PKG_CONFIG --exists --print-errors "libosmocore"
configure:3931: $? = 0
configure:3945: $PKG_CONFIG --exists --print-errors "libosmocore"
configure:3948: $? = 0
configure:4006: result: yes
configure:4012: checking for LIBOSMOVTY
configure:4019: $PKG_CONFIG --exists --print-errors "libosmovty >= 0.10.0"
configure:4022: $? = 0
configure:4036: $PKG_CONFIG --exists --print-errors "libosmovty >= 0.10.0"
configure:4039: $? = 0
configure:4097: result: yes
configure:4103: checking for LIBOSMOGSM
configure:4110: $PKG_CONFIG --exists --print-errors "libosmogsm"
configure:4113: $? = 0
configure:4127: $PKG_CONFIG --exists --print-errors "libosmogsm"
configure:4130: $? = 0
configure:4188: result: yes
configure:4194: checking for LIBOSMOCODEC
configure:4201: $PKG_CONFIG --exists --print-errors "libosmocodec"
configure:4204: $? = 0
configure:4218: $PKG_CONFIG --exists --print-errors "libosmocodec"
configure:4221: $? = 0
configure:4279: result: yes
configure:4284: checking for gps_waiting in -lgps
configure:4309: gcc -o conftest -g -O2   conftest.c -lgps   >&5
/usr/bin/ld: cannot find -lgps
collect2: error: ld returned 1 exit status
configure:4309: $? = 1
configure: failed program was:
| /* confdefs.h */
| #define PACKAGE_NAME "layer23"
| #define PACKAGE_TARNAME "layer23"
| #define PACKAGE_VERSION "0.0.0"
| #define PACKAGE_STRING "layer23 0.0.0"
| #define PACKAGE_BUGREPORT ""
| #define PACKAGE_URL ""
| #define PACKAGE "layer23"
| #define VERSION "0.0.0"
| /* end confdefs.h.  */
| 
| /* Override any GCC internal prototype to avoid an error.
|    Use char because int might match the return type of a GCC
|    builtin and then its argument prototype would still apply.  */
| #ifdef __cplusplus
| extern "C"
| #endif
| char gps_waiting ();
| int
| main ()
| {
| return gps_waiting ();
|   ;
|   return 0;
| }
configure:4318: result: no
configure:4330: checking for LIBLUA
configure:4337: $PKG_CONFIG --exists --print-errors "lua53"
Package lua53 was not found in the pkg-config search path.
Perhaps you should add the directory containing `lua53.pc'
to the PKG_CONFIG_PATH environment variable
No package 'lua53' found
configure:4340: $? = 1
configure:4354: $PKG_CONFIG --exists --print-errors "lua53"
Package lua53 was not found in the pkg-config search path.
Perhaps you should add the directory containing `lua53.pc'
to the PKG_CONFIG_PATH environment variable
No package 'lua53' found
configure:4357: $? = 1
configure:4371: result: no
No package 'lua53' found
configure:4417: checking how to run the C preprocessor
configure:4448: gcc -E  conftest.c
configure:4448: $? = 0
configure:4462: gcc -E  conftest.c
conftest.c:11:10: fatal error: ac_nonexistent.h: No such file or directory
   11 | #include <ac_nonexistent.h>
      |          ^~~~~~~~~~~~~~~~~~
compilation terminated.
configure:4462: $? = 1
configure: failed program was:
| /* confdefs.h */
| #define PACKAGE_NAME "layer23"
| #define PACKAGE_TARNAME "layer23"
| #define PACKAGE_VERSION "0.0.0"
| #define PACKAGE_STRING "layer23 0.0.0"
| #define PACKAGE_BUGREPORT ""
| #define PACKAGE_URL ""
| #define PACKAGE "layer23"
| #define VERSION "0.0.0"
| /* end confdefs.h.  */
| #include <ac_nonexistent.h>
configure:4487: result: gcc -E
configure:4507: gcc -E  conftest.c
configure:4507: $? = 0
configure:4521: gcc -E  conftest.c
conftest.c:11:10: fatal error: ac_nonexistent.h: No such file or directory
   11 | #include <ac_nonexistent.h>
      |          ^~~~~~~~~~~~~~~~~~
compilation terminated.
configure:4521: $? = 1
configure: failed program was:
| /* confdefs.h */
| #define PACKAGE_NAME "layer23"
| #define PACKAGE_TARNAME "layer23"
| #define PACKAGE_VERSION "0.0.0"
| #define PACKAGE_STRING "layer23 0.0.0"
| #define PACKAGE_BUGREPORT ""
| #define PACKAGE_URL ""
| #define PACKAGE "layer23"
| #define VERSION "0.0.0"
| /* end confdefs.h.  */
| #include <ac_nonexistent.h>
configure:4550: checking for grep that handles long lines and -e
configure:4608: result: /usr/bin/grep
configure:4613: checking for egrep
configure:4675: result: /usr/bin/grep -E
configure:4680: checking for ANSI C header files
configure:4700: gcc -c -g -O2  conftest.c >&5
configure:4700: $? = 0
configure:4773: gcc -o conftest -g -O2   conftest.c  >&5
configure:4773: $? = 0
configure:4773: ./conftest
configure:4773: $? = 0
configure:4784: result: yes
configure:4933: checking that generated files are newer than configure
configure:4939: result: done
configure:4966: creating ./config.status

## ---------------------- ##
## Running config.status. ##
## ---------------------- ##

This file was extended by layer23 config.status 0.0.0, which was
generated by GNU Autoconf 2.69.  Invocation command line was

  CONFIG_FILES    = 
  CONFIG_HEADERS  = 
  CONFIG_LINKS    = 
  CONFIG_COMMANDS = 
  $ ./config.status 

on ubuntu-VirtualBox

config.status:801: creating src/Makefile
config.status:801: creating src/common/Makefile
config.status:801: creating src/misc/Makefile
config.status:801: creating src/mobile/Makefile
config.status:801: creating include/Makefile
config.status:801: creating include/osmocom/Makefile
config.status:801: creating include/osmocom/bb/Makefile
config.status:801: creating include/osmocom/bb/common/Makefile
config.status:801: creating include/osmocom/bb/misc/Makefile
config.status:801: creating include/osmocom/bb/mobile/Makefile
config.status:801: creating Makefile
config.status:973: executing depfiles commands
config.status:1050: cd src/common       && sed -e '/# am--include-marker/d' Makefile         | make -f - am--depfiles
make[1]: Entering directory '/home/ubuntu/osmocom/osmocom-bb/src/host/layer23/src/common'
make[1]: Leaving directory '/home/ubuntu/osmocom/osmocom-bb/src/host/layer23/src/common'
config.status:1055: $? = 0
config.status:1050: cd src/misc       && sed -e '/# am--include-marker/d' Makefile         | make -f - am--depfiles
make[1]: Entering directory '/home/ubuntu/osmocom/osmocom-bb/src/host/layer23/src/misc'
make[1]: Leaving directory '/home/ubuntu/osmocom/osmocom-bb/src/host/layer23/src/misc'
config.status:1055: $? = 0
config.status:1050: cd src/mobile       && sed -e '/# am--include-marker/d' Makefile         | make -f - am--depfiles
make[1]: Entering directory '/home/ubuntu/osmocom/osmocom-bb/src/host/layer23/src/mobile'
make[1]: Leaving directory '/home/ubuntu/osmocom/osmocom-bb/src/host/layer23/src/mobile'
config.status:1055: $? = 0

## ---------------- ##
## Cache variables. ##
## ---------------- ##

ac_cv_c_compiler_gnu=yes
ac_cv_env_CC_set=
ac_cv_env_CC_value=
ac_cv_env_CFLAGS_set=
ac_cv_env_CFLAGS_value=
ac_cv_env_CPPFLAGS_set=
ac_cv_env_CPPFLAGS_value=
ac_cv_env_CPP_set=
ac_cv_env_CPP_value=
ac_cv_env_LDFLAGS_set=
ac_cv_env_LDFLAGS_value=
ac_cv_env_LIBLUA_CFLAGS_set=
ac_cv_env_LIBLUA_CFLAGS_value=
ac_cv_env_LIBLUA_LIBS_set=
ac_cv_env_LIBLUA_LIBS_value=
ac_cv_env_LIBOSMOCODEC_CFLAGS_set=
ac_cv_env_LIBOSMOCODEC_CFLAGS_value=
ac_cv_env_LIBOSMOCODEC_LIBS_set=
ac_cv_env_LIBOSMOCODEC_LIBS_value=
ac_cv_env_LIBOSMOCORE_CFLAGS_set=
ac_cv_env_LIBOSMOCORE_CFLAGS_value=
ac_cv_env_LIBOSMOCORE_LIBS_set=
ac_cv_env_LIBOSMOCORE_LIBS_value=
ac_cv_env_LIBOSMOGSM_CFLAGS_set=
ac_cv_env_LIBOSMOGSM_CFLAGS_value=
ac_cv_env_LIBOSMOGSM_LIBS_set=
ac_cv_env_LIBOSMOGSM_LIBS_value=
ac_cv_env_LIBOSMOVTY_CFLAGS_set=
ac_cv_env_LIBOSMOVTY_CFLAGS_value=
ac_cv_env_LIBOSMOVTY_LIBS_set=
ac_cv_env_LIBOSMOVTY_LIBS_value=
ac_cv_env_LIBS_set=
ac_cv_env_LIBS_value=
ac_cv_env_PKG_CONFIG_LIBDIR_set=
ac_cv_env_PKG_CONFIG_LIBDIR_value=
ac_cv_env_PKG_CONFIG_PATH_set=
ac_cv_env_PKG_CONFIG_PATH_value=
ac_cv_env_PKG_CONFIG_set=
ac_cv_env_PKG_CONFIG_value=
ac_cv_env_build_alias_set=
ac_cv_env_build_alias_value=
ac_cv_env_host_alias_set=
ac_cv_env_host_alias_value=
ac_cv_env_target_alias_set=
ac_cv_env_target_alias_value=
ac_cv_header_stdc=yes
ac_cv_lib_gps_gps_waiting=no
ac_cv_objext=o
ac_cv_path_EGREP='/usr/bin/grep -E'
ac_cv_path_GREP=/usr/bin/grep
ac_cv_path_ac_pt_PKG_CONFIG=/usr/bin/pkg-config
ac_cv_path_install='/usr/bin/install -c'
ac_cv_path_mkdir=/usr/bin/mkdir
ac_cv_prog_AWK=mawk
ac_cv_prog_CPP='gcc -E'
ac_cv_prog_ac_ct_CC=gcc
ac_cv_prog_ac_ct_RANLIB=ranlib
ac_cv_prog_cc_c89=
ac_cv_prog_cc_g=yes
ac_cv_prog_make_make_set=yes
am_cv_CC_dependencies_compiler_type=gcc3
am_cv_make_support_nested_variables=yes
am_cv_prog_cc_c_o=yes
pkg_cv_LIBOSMOCODEC_CFLAGS=-I/usr/local/include/
pkg_cv_LIBOSMOCODEC_LIBS='-L/usr/local/lib -ltalloc -losmocodec'
pkg_cv_LIBOSMOCORE_CFLAGS='-pthread -I/usr/local/include/'
pkg_cv_LIBOSMOCORE_LIBS='-L/usr/local/lib -ltalloc -losmocore'
pkg_cv_LIBOSMOGSM_CFLAGS=-I/usr/local/include/
pkg_cv_LIBOSMOGSM_LIBS='-L/usr/local/lib -ltalloc -losmogsm -losmocore'
pkg_cv_LIBOSMOVTY_CFLAGS=-I/usr/local/include/
pkg_cv_LIBOSMOVTY_LIBS='-L/usr/local/lib -ltalloc -losmovty -losmocore'

## ----------------- ##
## Output variables. ##
## ----------------- ##

ACLOCAL='${SHELL} /home/ubuntu/osmocom/osmocom-bb/src/host/layer23/missing aclocal-1.16'
AMDEPBACKSLASH='\'
AMDEP_FALSE='#'
AMDEP_TRUE=''
AMTAR='$${TAR-tar}'
AM_BACKSLASH='\'
AM_DEFAULT_V='$(AM_DEFAULT_VERBOSITY)'
AM_DEFAULT_VERBOSITY='0'
AM_V='$(V)'
AUTOCONF='${SHELL} /home/ubuntu/osmocom/osmocom-bb/src/host/layer23/missing autoconf'
AUTOHEADER='${SHELL} /home/ubuntu/osmocom/osmocom-bb/src/host/layer23/missing autoheader'
AUTOMAKE='${SHELL} /home/ubuntu/osmocom/osmocom-bb/src/host/layer23/missing automake-1.16'
AWK='mawk'
BUILD_LUA_FALSE=''
BUILD_LUA_TRUE='#'
CC='gcc'
CCDEPMODE='depmode=gcc3'
CFLAGS='-g -O2'
CPP='gcc -E'
CPPFLAGS=''
CYGPATH_W='echo'
DEFS='-DPACKAGE_NAME=\"layer23\" -DPACKAGE_TARNAME=\"layer23\" -DPACKAGE_VERSION=\"0.0.0\" -DPACKAGE_STRING=\"layer23\ 0.0.0\" -DPACKAGE_BUGREPORT=\"\" -DPACKAGE_URL=\"\" -DPACKAGE=\"layer23\" -DVERSION=\"0.0.0\" -DSTDC_HEADERS=1'
DEPDIR='.deps'
ECHO_C=''
ECHO_N='-n'
ECHO_T=''
EGREP='/usr/bin/grep -E'
EXEEXT=''
GREP='/usr/bin/grep'
INSTALL_DATA='${INSTALL} -m 644'
INSTALL_PROGRAM='${INSTALL}'
INSTALL_SCRIPT='${INSTALL}'
INSTALL_STRIP_PROGRAM='$(install_sh) -c -s'
LDFLAGS=''
LIBGPS_CFLAGS=''
LIBGPS_LIBS=''
LIBLUA_CFLAGS=''
LIBLUA_LIBS=''
LIBOBJS=''
LIBOSMOCODEC_CFLAGS='-I/usr/local/include/'
LIBOSMOCODEC_LIBS='-L/usr/local/lib -ltalloc -losmocodec'
LIBOSMOCORE_CFLAGS='-pthread -I/usr/local/include/'
LIBOSMOCORE_LIBS='-L/usr/local/lib -ltalloc -losmocore'
LIBOSMOGSM_CFLAGS='-I/usr/local/include/'
LIBOSMOGSM_LIBS='-L/usr/local/lib -ltalloc -losmogsm -losmocore'
LIBOSMOVTY_CFLAGS='-I/usr/local/include/'
LIBOSMOVTY_LIBS='-L/usr/local/lib -ltalloc -losmovty -losmocore'
LIBS=''
LTLIBOBJS=''
MAKEINFO='${SHELL} /home/ubuntu/osmocom/osmocom-bb/src/host/layer23/missing makeinfo'
MKDIR_P='/usr/bin/mkdir -p'
OBJEXT='o'
PACKAGE='layer23'
PACKAGE_BUGREPORT=''
PACKAGE_NAME='layer23'
PACKAGE_STRING='layer23 0.0.0'
PACKAGE_TARNAME='layer23'
PACKAGE_URL=''
PACKAGE_VERSION='0.0.0'
PATH_SEPARATOR=':'
PKG_CONFIG='/usr/bin/pkg-config'
PKG_CONFIG_LIBDIR=''
PKG_CONFIG_PATH=''
RANLIB='ranlib'
SET_MAKE=''
SHELL='/bin/bash'
STRIP=''
VERSION='0.0.0'
WITH_LUA='0'
ac_ct_CC='gcc'
am__EXEEXT_FALSE=''
am__EXEEXT_TRUE='#'
am__fastdepCC_FALSE='#'
am__fastdepCC_TRUE=''
am__include='include'
am__isrc=''
am__leading_dot='.'
am__nodep='_no'
am__quote=''
am__tar='$${TAR-tar} chof - "$$tardir"'
am__untar='$${TAR-tar} xf -'
bindir='${exec_prefix}/bin'
build_alias=''
datadir='${datarootdir}'
datarootdir='${prefix}/share'
docdir='${datarootdir}/doc/${PACKAGE_TARNAME}'
dvidir='${docdir}'
exec_prefix='${prefix}'
host_alias=''
htmldir='${docdir}'
includedir='${prefix}/include'
infodir='${datarootdir}/info'
install_sh='${SHELL} /home/ubuntu/osmocom/osmocom-bb/src/host/layer23/install-sh'
libdir='${exec_prefix}/lib'
libexecdir='${exec_prefix}/libexec'
localedir='${datarootdir}/locale'
localstatedir='${prefix}/var'
mandir='${datarootdir}/man'
mkdir_p='$(MKDIR_P)'
oldincludedir='/usr/include'
pdfdir='${docdir}'
prefix='/usr/local'
program_transform_name='s,x,x,'
psdir='${docdir}'
runstatedir='${localstatedir}/run'
sbindir='${exec_prefix}/sbin'
sharedstatedir='${prefix}/com'
sysconfdir='${prefix}/etc'
target_alias=''

## ----------- ##
## confdefs.h. ##
## ----------- ##

/* confdefs.h */
#define PACKAGE_NAME "layer23"
#define PACKAGE_TARNAME "layer23"
#define PACKAGE_VERSION "0.0.0"
#define PACKAGE_STRING "layer23 0.0.0"
#define PACKAGE_BUGREPORT ""
#define PACKAGE_URL ""
#define PACKAGE "layer23"
#define VERSION "0.0.0"
#define STDC_HEADERS 1

configure: exit 0
