   1              		.file	"tx_calchan.c"
   9              	.Ltext0:
  10              		.global	rf_tx_chan_cal_1900
  11              		.data
  12              		.align	2
  15              	rf_tx_chan_cal_1900:
  16 0000 2502     		.short	549
  17 0002 8000     		.short	128
  18 0004 4A02     		.short	586
  19 0006 8000     		.short	128
  20 0008 6F02     		.short	623
  21 000a 8000     		.short	128
  22 000c B902     		.short	697
  23 000e 8000     		.short	128
  24 0010 D602     		.short	726
  25 0012 8000     		.short	128
  26 0014 F202     		.short	754
  27 0016 8000     		.short	128
  28 0018 0E03     		.short	782
  29 001a 8000     		.short	128
  30 001c 2A03     		.short	810
  31 001e 8000     		.short	128
  32 0020 2502     		.short	549
  33 0022 8000     		.short	128
  34 0024 4A02     		.short	586
  35 0026 8000     		.short	128
  36 0028 6F02     		.short	623
  37 002a 8000     		.short	128
  38 002c B902     		.short	697
  39 002e 8000     		.short	128
  40 0030 D602     		.short	726
  41 0032 8000     		.short	128
  42 0034 F202     		.short	754
  43 0036 8000     		.short	128
  44 0038 0E03     		.short	782
  45 003a 8000     		.short	128
  46 003c 2A03     		.short	810
  47 003e 8000     		.short	128
  48 0040 2502     		.short	549
  49 0042 8000     		.short	128
  50 0044 4A02     		.short	586
  51 0046 8000     		.short	128
  52 0048 6F02     		.short	623
  53 004a 8000     		.short	128
  54 004c B902     		.short	697
  55 004e 8000     		.short	128
  56 0050 D602     		.short	726
  57 0052 8000     		.short	128
  58 0054 F202     		.short	754
  59 0056 8000     		.short	128
  60 0058 0E03     		.short	782
  61 005a 8000     		.short	128
  62 005c 2A03     		.short	810
  63 005e 8000     		.short	128
  64 0060 2502     		.short	549
  65 0062 8000     		.short	128
  66 0064 4A02     		.short	586
  67 0066 8000     		.short	128
  68 0068 6F02     		.short	623
  69 006a 8000     		.short	128
  70 006c B902     		.short	697
  71 006e 8000     		.short	128
  72 0070 D602     		.short	726
  73 0072 8000     		.short	128
  74 0074 F202     		.short	754
  75 0076 8000     		.short	128
  76 0078 0E03     		.short	782
  77 007a 8000     		.short	128
  78 007c 2A03     		.short	810
  79 007e 8000     		.short	128
  80              		.global	rf_tx_chan_cal_1800
  81              		.align	2
  84              	rf_tx_chan_cal_1800:
  85 0080 2902     		.short	553
  86 0082 8000     		.short	128
  87 0084 5202     		.short	594
  88 0086 8000     		.short	128
  89 0088 7C02     		.short	636
  90 008a 8000     		.short	128
  91 008c A502     		.short	677
  92 008e 8000     		.short	128
  93 0090 D002     		.short	720
  94 0092 8000     		.short	128
  95 0094 F802     		.short	760
  96 0096 8000     		.short	128
  97 0098 2203     		.short	802
  98 009a 8000     		.short	128
  99 009c 7503     		.short	885
 100 009e 8000     		.short	128
 101 00a0 2902     		.short	553
 102 00a2 8000     		.short	128
 103 00a4 5202     		.short	594
 104 00a6 8000     		.short	128
 105 00a8 7C02     		.short	636
 106 00aa 8000     		.short	128
 107 00ac A502     		.short	677
 108 00ae 8000     		.short	128
 109 00b0 D002     		.short	720
 110 00b2 8000     		.short	128
 111 00b4 F802     		.short	760
 112 00b6 8000     		.short	128
 113 00b8 2203     		.short	802
 114 00ba 8000     		.short	128
 115 00bc 7503     		.short	885
 116 00be 8000     		.short	128
 117 00c0 2902     		.short	553
 118 00c2 8000     		.short	128
 119 00c4 5202     		.short	594
 120 00c6 8000     		.short	128
 121 00c8 7C02     		.short	636
 122 00ca 8000     		.short	128
 123 00cc A502     		.short	677
 124 00ce 8000     		.short	128
 125 00d0 D002     		.short	720
 126 00d2 8000     		.short	128
 127 00d4 F802     		.short	760
 128 00d6 8000     		.short	128
 129 00d8 2203     		.short	802
 130 00da 8000     		.short	128
 131 00dc 7503     		.short	885
 132 00de 8000     		.short	128
 133 00e0 2902     		.short	553
 134 00e2 8000     		.short	128
 135 00e4 5202     		.short	594
 136 00e6 8000     		.short	128
 137 00e8 7C02     		.short	636
 138 00ea 8000     		.short	128
 139 00ec A502     		.short	677
 140 00ee 8000     		.short	128
 141 00f0 D002     		.short	720
 142 00f2 8000     		.short	128
 143 00f4 F802     		.short	760
 144 00f6 8000     		.short	128
 145 00f8 2203     		.short	802
 146 00fa 8000     		.short	128
 147 00fc 7503     		.short	885
 148 00fe 8000     		.short	128
 149              		.global	rf_tx_chan_cal_900
 150              		.align	2
 153              	rf_tx_chan_cal_900:
 154 0100 1B00     		.short	27
 155 0102 8000     		.short	128
 156 0104 2F00     		.short	47
 157 0106 8000     		.short	128
 158 0108 4200     		.short	66
 159 010a 8000     		.short	128
 160 010c 5500     		.short	85
 161 010e 8000     		.short	128
 162 0110 6800     		.short	104
 163 0112 8000     		.short	128
 164 0114 7C00     		.short	124
 165 0116 8000     		.short	128
 166 0118 E203     		.short	994
 167 011a 8000     		.short	128
 168 011c FF03     		.short	1023
 169 011e 8000     		.short	128
 170 0120 1B00     		.short	27
 171 0122 8000     		.short	128
 172 0124 2F00     		.short	47
 173 0126 8000     		.short	128
 174 0128 4200     		.short	66
 175 012a 8000     		.short	128
 176 012c 5500     		.short	85
 177 012e 8000     		.short	128
 178 0130 6800     		.short	104
 179 0132 8000     		.short	128
 180 0134 7C00     		.short	124
 181 0136 8000     		.short	128
 182 0138 E203     		.short	994
 183 013a 8000     		.short	128
 184 013c FF03     		.short	1023
 185 013e 8000     		.short	128
 186 0140 1B00     		.short	27
 187 0142 8000     		.short	128
 188 0144 2F00     		.short	47
 189 0146 8000     		.short	128
 190 0148 4200     		.short	66
 191 014a 8000     		.short	128
 192 014c 5500     		.short	85
 193 014e 8000     		.short	128
 194 0150 6800     		.short	104
 195 0152 8000     		.short	128
 196 0154 7C00     		.short	124
 197 0156 8000     		.short	128
 198 0158 E203     		.short	994
 199 015a 8000     		.short	128
 200 015c FF03     		.short	1023
 201 015e 8000     		.short	128
 202 0160 1B00     		.short	27
 203 0162 8000     		.short	128
 204 0164 2F00     		.short	47
 205 0166 8000     		.short	128
 206 0168 4200     		.short	66
 207 016a 8000     		.short	128
 208 016c 5500     		.short	85
 209 016e 8000     		.short	128
 210 0170 6800     		.short	104
 211 0172 8000     		.short	128
 212 0174 7C00     		.short	124
 213 0176 8000     		.short	128
 214 0178 E203     		.short	994
 215 017a 8000     		.short	128
 216 017c FF03     		.short	1023
 217 017e 8000     		.short	128
 218              		.global	rf_tx_chan_cal_850
 219              		.align	2
 222              	rf_tx_chan_cal_850:
 223 0180 8600     		.short	134
 224 0182 8000     		.short	128
 225 0184 9600     		.short	150
 226 0186 8000     		.short	128
 227 0188 A600     		.short	166
 228 018a 8000     		.short	128
 229 018c B600     		.short	182
 230 018e 8000     		.short	128
 231 0190 C500     		.short	197
 232 0192 8000     		.short	128
 233 0194 D500     		.short	213
 234 0196 8000     		.short	128
 235 0198 E500     		.short	229
 236 019a 8000     		.short	128
 237 019c FB00     		.short	251
 238 019e 8000     		.short	128
 239 01a0 8600     		.short	134
 240 01a2 8000     		.short	128
 241 01a4 9600     		.short	150
 242 01a6 8000     		.short	128
 243 01a8 A600     		.short	166
 244 01aa 8000     		.short	128
 245 01ac B600     		.short	182
 246 01ae 8000     		.short	128
 247 01b0 C500     		.short	197
 248 01b2 8000     		.short	128
 249 01b4 D500     		.short	213
 250 01b6 8000     		.short	128
 251 01b8 E500     		.short	229
 252 01ba 8000     		.short	128
 253 01bc FB00     		.short	251
 254 01be 8000     		.short	128
 255 01c0 8600     		.short	134
 256 01c2 8000     		.short	128
 257 01c4 9600     		.short	150
 258 01c6 8000     		.short	128
 259 01c8 A600     		.short	166
 260 01ca 8000     		.short	128
 261 01cc B600     		.short	182
 262 01ce 8000     		.short	128
 263 01d0 C500     		.short	197
 264 01d2 8000     		.short	128
 265 01d4 D500     		.short	213
 266 01d6 8000     		.short	128
 267 01d8 E500     		.short	229
 268 01da 8000     		.short	128
 269 01dc FB00     		.short	251
 270 01de 8000     		.short	128
 271 01e0 8600     		.short	134
 272 01e2 8000     		.short	128
 273 01e4 9600     		.short	150
 274 01e6 8000     		.short	128
 275 01e8 A600     		.short	166
 276 01ea 8000     		.short	128
 277 01ec B600     		.short	182
 278 01ee 8000     		.short	128
 279 01f0 C500     		.short	197
 280 01f2 8000     		.short	128
 281 01f4 D500     		.short	213
 282 01f6 8000     		.short	128
 283 01f8 E500     		.short	229
 284 01fa 8000     		.short	128
 285 01fc FB00     		.short	251
 286 01fe 8000     		.short	128
 287              		.file 1 "board/common/tx_calchan.c"
 288              		.file 2 "include/rf/txcal.h"
 289              		.file 3 "/root/gnuarm/bin/../lib/gcc/arm-elf/4.0.2/../../../../arm-elf/sys-include/stdint.h"
 290              		.text
 291              	.Letext0:
DEFINED SYMBOLS
                            *ABS*:0000000000000000 tx_calchan.c
     /tmp/ccJG10dl.s:15     .data:0000000000000000 rf_tx_chan_cal_1900
     /tmp/ccJG10dl.s:84     .data:0000000000000080 rf_tx_chan_cal_1800
     /tmp/ccJG10dl.s:153    .data:0000000000000100 rf_tx_chan_cal_900
     /tmp/ccJG10dl.s:222    .data:0000000000000180 rf_tx_chan_cal_850

NO UNDEFINED SYMBOLS
