This file contains any messages produced by compilers while
running configure, to aid debugging if configure makes a mistake.

It was created by libosmocore configure UNKNOWN, which was
generated by GNU Autoconf 2.69.  Invocation command line was

  $ ../configure --host=arm-elf --enable-embedded --disable-shared --disable-tests ac_cv_header_sys_select_h=no --disable-tests ac_cv_header_sys_socket_h=no CFLAGS=-Os -ffunction-sections -I/home/ubuntu/osmocom/osmocom-bb/src/target/firmware/include -nostartfiles -nodefaultlibs

## --------- ##
## Platform. ##
## --------- ##

hostname = ubuntu-VirtualBox
uname -m = x86_64
uname -r = 5.11.0-27-generic
uname -s = Linux
uname -v = #29~20.04.1-Ubuntu SMP Wed Aug 11 15:58:17 UTC 2021

/usr/bin/uname -p = x86_64
/bin/uname -X     = unknown

/bin/arch              = x86_64
/usr/bin/arch -k       = unknown
/usr/convex/getsysinfo = unknown
/usr/bin/hostinfo      = unknown
/bin/machine           = unknown
/usr/bin/oslevel       = unknown
/bin/universe          = unknown

PATH: /root/gnuarm/bin
PATH: /usr/local/sbin
PATH: /usr/local/bin
PATH: /usr/sbin
PATH: /usr/bin
PATH: /sbin
PATH: /bin
PATH: /usr/games
PATH: /usr/local/games
PATH: /snap/bin


## ----------- ##
## Core tests. ##
## ----------- ##

configure:2365: checking for a BSD-compatible install
configure:2433: result: /usr/bin/install -c
configure:2444: checking whether build environment is sane
configure:2499: result: yes
configure:2556: checking for arm-elf-strip
configure:2572: found /root/gnuarm/bin/arm-elf-strip
configure:2583: result: arm-elf-strip
configure:2648: checking for a thread-safe mkdir -p
configure:2687: result: /usr/bin/mkdir -p
configure:2694: checking for gawk
configure:2724: result: no
configure:2694: checking for mawk
configure:2710: found /usr/bin/mawk
configure:2721: result: mawk
configure:2732: checking whether make sets $(MAKE)
configure:2754: result: yes
configure:2783: checking whether make supports nested variables
configure:2800: result: yes
configure:2940: checking whether make supports nested variables
configure:2957: result: yes
configure:2969: checking whether make sets $(MAKE)
configure:2991: result: yes
configure:3009: checking for arm-elf-gcc
configure:3025: found /root/gnuarm/bin/arm-elf-gcc
configure:3036: result: arm-elf-gcc
configure:3305: checking for C compiler version
configure:3314: arm-elf-gcc --version >&5
arm-elf-gcc (GCC) 4.0.2
Copyright (C) 2005 Free Software Foundation, Inc.
This is free software; see the source for copying conditions.  There is NO
warranty; not even for MERCHANTABILITY or FITNESS FOR A PARTICULAR PURPOSE.

configure:3325: $? = 0
configure:3314: arm-elf-gcc -v >&5
Using built-in specs.
Target: arm-elf
Configured with: ../gcc-4.0.2/configure --target=arm-elf --prefix=/home/pbk/gnu/gnuarm-4.0.2 --enable-interwork --enable-multilib --with-float=soft --with-newlib --with-headers=../newlib-1.14.0/newlib/libc/include --enable-languages=c,c++
Thread model: single
gcc version 4.0.2
configure:3325: $? = 0
configure:3314: arm-elf-gcc -V >&5
arm-elf-gcc: '-V' option must have argument
configure:3325: $? = 1
configure:3314: arm-elf-gcc -qversion >&5
arm-elf-gcc: unrecognized option '-qversion'
arm-elf-gcc: no input files
configure:3325: $? = 1
configure:3345: checking whether the C compiler works
configure:3367: arm-elf-gcc -Os -ffunction-sections -I/home/ubuntu/osmocom/osmocom-bb/src/target/firmware/include -nostartfiles -nodefaultlibs   conftest.c  >&5
/root/gnuarm/bin/../lib/gcc/arm-elf/4.0.2/../../../../arm-elf/bin/ld: warning: cannot find entry symbol _start; defaulting to 0000000000008000
configure:3371: $? = 0
configure:3419: result: yes
configure:3422: checking for C compiler default output file name
configure:3424: result: a.out
configure:3430: checking for suffix of executables
configure:3437: arm-elf-gcc -o conftest -Os -ffunction-sections -I/home/ubuntu/osmocom/osmocom-bb/src/target/firmware/include -nostartfiles -nodefaultlibs   conftest.c  >&5
/root/gnuarm/bin/../lib/gcc/arm-elf/4.0.2/../../../../arm-elf/bin/ld: warning: cannot find entry symbol _start; defaulting to 0000000000008000
configure:3441: $? = 0
configure:3463: result: 
configure:3485: checking whether we are cross compiling
configure:3493: arm-elf-gcc -o conftest -Os -ffunction-sections -I/home/ubuntu/osmocom/osmocom-bb/src/target/firmware/include -nostartfiles -nodefaultlibs   conftest.c  >&5
conftest.c: In function 'main':
conftest.c:15: warning: initialization makes pointer from integer without a cast
/root/gnuarm/bin/../lib/gcc/arm-elf/4.0.2/../../../../arm-elf/bin/ld: warning: cannot find entry symbol _start; defaulting to 0000000000008000
/tmp/ccgUnS8F.o: In function `main':
conftest.c:(.text.main+0xc): undefined reference to `fopen'
conftest.c:(.text.main+0x14): undefined reference to `ferror'
conftest.c:(.text.main+0x24): undefined reference to `fclose'
collect2: ld returned 1 exit status
configure:3497: $? = 1
configure:3504: ./conftest
../configure: line 3506: ./conftest: No such file or directory
configure:3508: $? = 127
configure:3496: result: yes
configure:3501: checking for suffix of object files
configure:3523: arm-elf-gcc -c -Os -ffunction-sections -I/home/ubuntu/osmocom/osmocom-bb/src/target/firmware/include -nostartfiles -nodefaultlibs  conftest.c >&5
configure:3527: $? = 0
configure:3548: result: o
configure:3552: checking whether we are using the GNU C compiler
configure:3571: arm-elf-gcc -c -Os -ffunction-sections -I/home/ubuntu/osmocom/osmocom-bb/src/target/firmware/include -nostartfiles -nodefaultlibs  conftest.c >&5
configure:3571: $? = 0
configure:3580: result: yes
configure:3589: checking whether arm-elf-gcc accepts -g
configure:3609: arm-elf-gcc -c -g  conftest.c >&5
configure:3609: $? = 0
configure:3650: result: yes
configure:3667: checking for arm-elf-gcc option to accept ISO C89
configure:3730: arm-elf-gcc  -c -Os -ffunction-sections -I/home/ubuntu/osmocom/osmocom-bb/src/target/firmware/include -nostartfiles -nodefaultlibs  conftest.c >&5
configure:3730: $? = 0
configure:3743: result: none needed
configure:3768: checking whether arm-elf-gcc understands -c and -o together
configure:3790: arm-elf-gcc -c conftest.c -o conftest2.o
configure:3793: $? = 0
configure:3790: arm-elf-gcc -c conftest.c -o conftest2.o
configure:3793: $? = 0
configure:3805: result: yes
configure:3825: checking whether make supports the include directive
configure:3840: make -f confmf.GNU && cat confinc.out
make[1]: Entering directory '/home/ubuntu/osmocom/osmocom-bb/src/shared/libosmocore/build-target'
make[1]: Leaving directory '/home/ubuntu/osmocom/osmocom-bb/src/shared/libosmocore/build-target'
this is the am__doit target
configure:3843: $? = 0
configure:3862: result: yes (GNU style)
configure:3887: checking dependency style of arm-elf-gcc
configure:3998: result: gcc3
configure:4043: checking build system type
configure:4057: result: x86_64-pc-linux-gnu
configure:4077: checking host system type
configure:4090: result: arm-unknown-elf
configure:4131: checking how to print strings
configure:4158: result: printf
configure:4179: checking for a sed that does not truncate output
configure:4243: result: /usr/bin/sed
configure:4261: checking for grep that handles long lines and -e
configure:4319: result: /usr/bin/grep
configure:4324: checking for egrep
configure:4386: result: /usr/bin/grep -E
configure:4391: checking for fgrep
configure:4453: result: /usr/bin/grep -F
configure:4488: checking for ld used by arm-elf-gcc
configure:4555: result: /root/gnuarm/arm-elf/bin/ld
configure:4562: checking if the linker (/root/gnuarm/arm-elf/bin/ld) is GNU ld
configure:4577: result: yes
configure:4589: checking for BSD- or MS-compatible name lister (nm)
configure:4643: result: /root/gnuarm/bin/arm-elf-nm -B
configure:4773: checking the name lister (/root/gnuarm/bin/arm-elf-nm -B) interface
configure:4780: arm-elf-gcc -c -Os -ffunction-sections -I/home/ubuntu/osmocom/osmocom-bb/src/target/firmware/include -nostartfiles -nodefaultlibs  conftest.c >&5
configure:4783: /root/gnuarm/bin/arm-elf-nm -B "conftest.o"
configure:4786: output
0000000000000000 B some_variable
configure:4787: result: BSD nm
configure:4790: checking whether ln -s works
configure:4794: result: yes
configure:4802: checking the maximum length of command line arguments
configure:4933: result: 1572864
configure:4981: checking how to convert x86_64-pc-linux-gnu file names to arm-unknown-elf format
configure:5021: result: func_convert_file_noop
configure:5028: checking how to convert x86_64-pc-linux-gnu file names to toolchain format
configure:5048: result: func_convert_file_noop
configure:5055: checking for /root/gnuarm/arm-elf/bin/ld option to reload object files
configure:5062: result: -r
configure:5096: checking for arm-elf-objdump
configure:5112: found /root/gnuarm/bin/arm-elf-objdump
configure:5123: result: arm-elf-objdump
configure:5195: checking how to recognize dependent libraries
configure:5395: result: unknown
configure:5440: checking for arm-elf-dlltool
configure:5470: result: no
configure:5480: checking for dlltool
configure:5510: result: no
configure:5540: checking how to associate runtime and link libraries
configure:5567: result: printf %s\n
configure:5584: checking for arm-elf-ar
configure:5600: found /root/gnuarm/bin/arm-elf-ar
configure:5611: result: arm-elf-ar
configure:5692: checking for archiver @FILE support
configure:5709: arm-elf-gcc -c -Os -ffunction-sections -I/home/ubuntu/osmocom/osmocom-bb/src/target/firmware/include -nostartfiles -nodefaultlibs  conftest.c >&5
configure:5709: $? = 0
configure:5712: arm-elf-ar cr libconftest.a @conftest.lst >&5
arm-elf-ar: @conftest.lst: No such file or directory
configure:5715: $? = 1
configure:5714: result: no
configure:5732: checking for arm-elf-strip
configure:5759: result: arm-elf-strip
configure:5831: checking for arm-elf-ranlib
configure:5847: found /root/gnuarm/bin/arm-elf-ranlib
configure:5858: result: arm-elf-ranlib
configure:6000: checking command to parse /root/gnuarm/bin/arm-elf-nm -B output from arm-elf-gcc object
configure:6153: arm-elf-gcc -c -Os -ffunction-sections -I/home/ubuntu/osmocom/osmocom-bb/src/target/firmware/include -nostartfiles -nodefaultlibs  conftest.c >&5
configure:6156: $? = 0
configure:6160: /root/gnuarm/bin/arm-elf-nm -B conftest.o | sed -n -e 's/^.*[	 ]\([ABCDGIRSTW][ABCDGIRSTW]*\)[	 ][	 ]*\([_A-Za-z][_A-Za-z0-9]*\)$/\1 \2 \2/p' | sed '/ __gnu_lto/d' > conftest.nm
configure:6226: arm-elf-gcc -o conftest -Os -ffunction-sections -I/home/ubuntu/osmocom/osmocom-bb/src/target/firmware/include -nostartfiles -nodefaultlibs   conftest.c conftstm.o >&5
/root/gnuarm/bin/../lib/gcc/arm-elf/4.0.2/../../../../arm-elf/bin/ld: warning: cannot find entry symbol _start; defaulting to 0000000000008000
configure:6229: $? = 0
configure:6267: result: ok
configure:6314: checking for sysroot
configure:6344: result: no
configure:6351: checking for a working dd
configure:6389: result: /usr/bin/dd
configure:6393: checking how to truncate binary pipes
configure:6408: result: /usr/bin/dd bs=4096 count=1
configure:6697: checking for arm-elf-mt
configure:6727: result: no
configure:6737: checking for mt
configure:6753: found /usr/bin/mt
configure:6764: result: mt
configure:6776: WARNING: using cross tools not prefixed with host triplet
configure:6787: checking if mt is a manifest tool
configure:6793: mt '-?'
configure:6801: result: no
configure:7478: checking how to run the C preprocessor
configure:7509: arm-elf-gcc -E  conftest.c
configure:7509: $? = 0
configure:7523: arm-elf-gcc -E  conftest.c
conftest.c:11:28: error: ac_nonexistent.h: No such file or directory
configure:7523: $? = 1
configure: failed program was:
| /* confdefs.h */
| #define PACKAGE_NAME "libosmocore"
| #define PACKAGE_TARNAME "libosmocore"
| #define PACKAGE_VERSION "UNKNOWN"
| #define PACKAGE_STRING "libosmocore UNKNOWN"
| #define PACKAGE_BUGREPORT "openbsc@lists.osmocom.org"
| #define PACKAGE_URL ""
| #define PACKAGE "libosmocore"
| #define VERSION "UNKNOWN"
| /* end confdefs.h.  */
| #include <ac_nonexistent.h>
configure:7548: result: arm-elf-gcc -E
configure:7568: arm-elf-gcc -E  conftest.c
configure:7568: $? = 0
configure:7582: arm-elf-gcc -E  conftest.c
conftest.c:11:28: error: ac_nonexistent.h: No such file or directory
configure:7582: $? = 1
configure: failed program was:
| /* confdefs.h */
| #define PACKAGE_NAME "libosmocore"
| #define PACKAGE_TARNAME "libosmocore"
| #define PACKAGE_VERSION "UNKNOWN"
| #define PACKAGE_STRING "libosmocore UNKNOWN"
| #define PACKAGE_BUGREPORT "openbsc@lists.osmocom.org"
| #define PACKAGE_URL ""
| #define PACKAGE "libosmocore"
| #define VERSION "UNKNOWN"
| /* end confdefs.h.  */
| #include <ac_nonexistent.h>
configure:7611: checking for ANSI C header files
configure:7631: arm-elf-gcc -c -Os -ffunction-sections -I/home/ubuntu/osmocom/osmocom-bb/src/target/firmware/include -nostartfiles -nodefaultlibs  conftest.c >&5
configure:7631: $? = 0
configure:7715: result: yes
configure:7728: checking for sys/types.h
configure:7728: arm-elf-gcc -c -Os -ffunction-sections -I/home/ubuntu/osmocom/osmocom-bb/src/target/firmware/include -nostartfiles -nodefaultlibs  conftest.c >&5
configure:7728: $? = 0
configure:7728: result: yes
configure:7728: checking for sys/stat.h
configure:7728: arm-elf-gcc -c -Os -ffunction-sections -I/home/ubuntu/osmocom/osmocom-bb/src/target/firmware/include -nostartfiles -nodefaultlibs  conftest.c >&5
configure:7728: $? = 0
configure:7728: result: yes
configure:7728: checking for stdlib.h
configure:7728: arm-elf-gcc -c -Os -ffunction-sections -I/home/ubuntu/osmocom/osmocom-bb/src/target/firmware/include -nostartfiles -nodefaultlibs  conftest.c >&5
configure:7728: $? = 0
configure:7728: result: yes
configure:7728: checking for string.h
configure:7728: arm-elf-gcc -c -Os -ffunction-sections -I/home/ubuntu/osmocom/osmocom-bb/src/target/firmware/include -nostartfiles -nodefaultlibs  conftest.c >&5
configure:7728: $? = 0
configure:7728: result: yes
configure:7728: checking for memory.h
configure:7728: arm-elf-gcc -c -Os -ffunction-sections -I/home/ubuntu/osmocom/osmocom-bb/src/target/firmware/include -nostartfiles -nodefaultlibs  conftest.c >&5
configure:7728: $? = 0
configure:7728: result: yes
configure:7728: checking for strings.h
configure:7728: arm-elf-gcc -c -Os -ffunction-sections -I/home/ubuntu/osmocom/osmocom-bb/src/target/firmware/include -nostartfiles -nodefaultlibs  conftest.c >&5
conftest.c:51:21: error: strings.h: No such file or directory
configure:7728: $? = 1
configure: failed program was:
| /* confdefs.h */
| #define PACKAGE_NAME "libosmocore"
| #define PACKAGE_TARNAME "libosmocore"
| #define PACKAGE_VERSION "UNKNOWN"
| #define PACKAGE_STRING "libosmocore UNKNOWN"
| #define PACKAGE_BUGREPORT "openbsc@lists.osmocom.org"
| #define PACKAGE_URL ""
| #define PACKAGE "libosmocore"
| #define VERSION "UNKNOWN"
| #define STDC_HEADERS 1
| #define HAVE_SYS_TYPES_H 1
| #define HAVE_SYS_STAT_H 1
| #define HAVE_STDLIB_H 1
| #define HAVE_STRING_H 1
| #define HAVE_MEMORY_H 1
| /* end confdefs.h.  */
| #include <stdio.h>
| #ifdef HAVE_SYS_TYPES_H
| # include <sys/types.h>
| #endif
| #ifdef HAVE_SYS_STAT_H
| # include <sys/stat.h>
| #endif
| #ifdef STDC_HEADERS
| # include <stdlib.h>
| # include <stddef.h>
| #else
| # ifdef HAVE_STDLIB_H
| #  include <stdlib.h>
| # endif
| #endif
| #ifdef HAVE_STRING_H
| # if !defined STDC_HEADERS && defined HAVE_MEMORY_H
| #  include <memory.h>
| # endif
| # include <string.h>
| #endif
| #ifdef HAVE_STRINGS_H
| # include <strings.h>
| #endif
| #ifdef HAVE_INTTYPES_H
| # include <inttypes.h>
| #endif
| #ifdef HAVE_STDINT_H
| # include <stdint.h>
| #endif
| #ifdef HAVE_UNISTD_H
| # include <unistd.h>
| #endif
| 
| #include <strings.h>
configure:7728: result: no
configure:7728: checking for inttypes.h
configure:7728: arm-elf-gcc -c -Os -ffunction-sections -I/home/ubuntu/osmocom/osmocom-bb/src/target/firmware/include -nostartfiles -nodefaultlibs  conftest.c >&5
configure:7728: $? = 0
configure:7728: result: yes
configure:7728: checking for stdint.h
configure:7728: arm-elf-gcc -c -Os -ffunction-sections -I/home/ubuntu/osmocom/osmocom-bb/src/target/firmware/include -nostartfiles -nodefaultlibs  conftest.c >&5
configure:7728: $? = 0
configure:7728: result: yes
configure:7728: checking for unistd.h
configure:7728: arm-elf-gcc -c -Os -ffunction-sections -I/home/ubuntu/osmocom/osmocom-bb/src/target/firmware/include -nostartfiles -nodefaultlibs  conftest.c >&5
configure:7728: $? = 0
configure:7728: result: yes
configure:7742: checking for dlfcn.h
configure:7742: arm-elf-gcc -c -Os -ffunction-sections -I/home/ubuntu/osmocom/osmocom-bb/src/target/firmware/include -nostartfiles -nodefaultlibs  conftest.c >&5
conftest.c:54:19: error: dlfcn.h: No such file or directory
configure:7742: $? = 1
configure: failed program was:
| /* confdefs.h */
| #define PACKAGE_NAME "libosmocore"
| #define PACKAGE_TARNAME "libosmocore"
| #define PACKAGE_VERSION "UNKNOWN"
| #define PACKAGE_STRING "libosmocore UNKNOWN"
| #define PACKAGE_BUGREPORT "openbsc@lists.osmocom.org"
| #define PACKAGE_URL ""
| #define PACKAGE "libosmocore"
| #define VERSION "UNKNOWN"
| #define STDC_HEADERS 1
| #define HAVE_SYS_TYPES_H 1
| #define HAVE_SYS_STAT_H 1
| #define HAVE_STDLIB_H 1
| #define HAVE_STRING_H 1
| #define HAVE_MEMORY_H 1
| #define HAVE_INTTYPES_H 1
| #define HAVE_STDINT_H 1
| #define HAVE_UNISTD_H 1
| /* end confdefs.h.  */
| #include <stdio.h>
| #ifdef HAVE_SYS_TYPES_H
| # include <sys/types.h>
| #endif
| #ifdef HAVE_SYS_STAT_H
| # include <sys/stat.h>
| #endif
| #ifdef STDC_HEADERS
| # include <stdlib.h>
| # include <stddef.h>
| #else
| # ifdef HAVE_STDLIB_H
| #  include <stdlib.h>
| # endif
| #endif
| #ifdef HAVE_STRING_H
| # if !defined STDC_HEADERS && defined HAVE_MEMORY_H
| #  include <memory.h>
| # endif
| # include <string.h>
| #endif
| #ifdef HAVE_STRINGS_H
| # include <strings.h>
| #endif
| #ifdef HAVE_INTTYPES_H
| # include <inttypes.h>
| #endif
| #ifdef HAVE_STDINT_H
| # include <stdint.h>
| #endif
| #ifdef HAVE_UNISTD_H
| # include <unistd.h>
| #endif
| 
| #include <dlfcn.h>
configure:7742: result: no
configure:7997: checking for objdir
configure:8012: result: .libs
configure:8276: checking if arm-elf-gcc supports -fno-rtti -fno-exceptions
configure:8294: arm-elf-gcc -c -Os -ffunction-sections -I/home/ubuntu/osmocom/osmocom-bb/src/target/firmware/include -nostartfiles -nodefaultlibs  -fno-rtti -fno-exceptions conftest.c >&5
cc1: warning: command line option "-fno-rtti" is valid for C++/ObjC++ but not for C
configure:8298: $? = 0
configure:8311: result: no
configure:8675: checking for arm-elf-gcc option to produce PIC
configure:8682: result: -fPIC -DPIC
configure:8690: checking if arm-elf-gcc PIC flag -fPIC -DPIC works
configure:8708: arm-elf-gcc -c -Os -ffunction-sections -I/home/ubuntu/osmocom/osmocom-bb/src/target/firmware/include -nostartfiles -nodefaultlibs  -fPIC -DPIC -DPIC conftest.c >&5
configure:8712: $? = 0
configure:8725: result: yes
configure:8754: checking if arm-elf-gcc static flag -static works
/root/gnuarm/bin/../lib/gcc/arm-elf/4.0.2/../../../../arm-elf/bin/ld: warning: cannot find entry symbol _start; defaulting to 0000000000008000
configure:8782: result: yes
configure:8797: checking if arm-elf-gcc supports -c -o file.o
configure:8818: arm-elf-gcc -c -Os -ffunction-sections -I/home/ubuntu/osmocom/osmocom-bb/src/target/firmware/include -nostartfiles -nodefaultlibs  -o out/conftest2.o conftest.c >&5
configure:8822: $? = 0
configure:8844: result: yes
configure:8852: checking if arm-elf-gcc supports -c -o file.o
configure:8899: result: yes
configure:8932: checking whether the arm-elf-gcc linker (/root/gnuarm/arm-elf/bin/ld) supports shared libraries
configure:10195: result: yes
configure:10435: checking dynamic linker characteristics
configure:11265: result: no
configure:11387: checking how to hardcode library paths into programs
configure:11412: result: immediate
configure:11960: checking whether stripping libraries is possible
configure:11965: result: yes
configure:12000: checking if libtool supports shared libraries
configure:12002: result: no
configure:12005: checking whether to build shared libraries
configure:12030: result: no
configure:12033: checking whether to build static libraries
configure:12037: result: yes
configure:8864: checking for ANSI C header files
configure:8968: result: yes
configure:8979: checking execinfo.h usability
configure:8979: arm-elf-gcc -c -Os -ffunction-sections -I/home/ubuntu/osmocom/osmocom-bb/src/target/firmware/include -nostartfiles -nodefaultlibs  conftest.c >&5
conftest.c:55:22: error: execinfo.h: No such file or directory
configure:8979: $? = 1
configure: failed program was:
| /* confdefs.h */
| #define PACKAGE_NAME "libosmocore"
| #define PACKAGE_TARNAME "libosmocore"
| #define PACKAGE_VERSION "UNKNOWN"
| #define PACKAGE_STRING "libosmocore UNKNOWN"
| #define PACKAGE_BUGREPORT "openbsc@lists.osmocom.org"
| #define PACKAGE_URL ""
| #define PACKAGE "libosmocore"
| #define VERSION "UNKNOWN"
| #define STDC_HEADERS 1
| #define HAVE_SYS_TYPES_H 1
| #define HAVE_SYS_STAT_H 1
| #define HAVE_STDLIB_H 1
| #define HAVE_STRING_H 1
| #define HAVE_MEMORY_H 1
| #define HAVE_INTTYPES_H 1
| #define HAVE_STDINT_H 1
| #define HAVE_UNISTD_H 1
| #define LT_OBJDIR ".libs/"
| #define STDC_HEADERS 1
| /* end confdefs.h.  */
| #include <stdio.h>
| #ifdef HAVE_SYS_TYPES_H
| # include <sys/types.h>
| #endif
| #ifdef HAVE_SYS_STAT_H
| # include <sys/stat.h>
| #endif
| #ifdef STDC_HEADERS
| # include <stdlib.h>
| # include <stddef.h>
| #else
| # ifdef HAVE_STDLIB_H
| #  include <stdlib.h>
| # endif
| #endif
| #ifdef HAVE_STRING_H
| # if !defined STDC_HEADERS && defined HAVE_MEMORY_H
| #  include <memory.h>
| # endif
| # include <string.h>
| #endif
| #ifdef HAVE_STRINGS_H
| # include <strings.h>
| #endif
| #ifdef HAVE_INTTYPES_H
| # include <inttypes.h>
| #endif
| #ifdef HAVE_STDINT_H
| # include <stdint.h>
| #endif
| #ifdef HAVE_UNISTD_H
| # include <unistd.h>
| #endif
| #include <execinfo.h>
configure:8979: result: no
configure:8979: checking execinfo.h presence
configure:8979: arm-elf-gcc -E  conftest.c
conftest.c:22:22: error: execinfo.h: No such file or directory
configure:8979: $? = 1
configure: failed program was:
| /* confdefs.h */
| #define PACKAGE_NAME "libosmocore"
| #define PACKAGE_TARNAME "libosmocore"
| #define PACKAGE_VERSION "UNKNOWN"
| #define PACKAGE_STRING "libosmocore UNKNOWN"
| #define PACKAGE_BUGREPORT "openbsc@lists.osmocom.org"
| #define PACKAGE_URL ""
| #define PACKAGE "libosmocore"
| #define VERSION "UNKNOWN"
| #define STDC_HEADERS 1
| #define HAVE_SYS_TYPES_H 1
| #define HAVE_SYS_STAT_H 1
| #define HAVE_STDLIB_H 1
| #define HAVE_STRING_H 1
| #define HAVE_MEMORY_H 1
| #define HAVE_INTTYPES_H 1
| #define HAVE_STDINT_H 1
| #define HAVE_UNISTD_H 1
| #define LT_OBJDIR ".libs/"
| #define STDC_HEADERS 1
| /* end confdefs.h.  */
| #include <execinfo.h>
configure:8979: result: no
configure:8979: checking for execinfo.h
configure:8979: result: no
configure:8979: checking for sys/select.h
configure:8979: result: no
configure:8979: checking for sys/socket.h
configure:8979: result: no
configure:8979: checking syslog.h usability
configure:8979: arm-elf-gcc -c -Os -ffunction-sections -I/home/ubuntu/osmocom/osmocom-bb/src/target/firmware/include -nostartfiles -nodefaultlibs  conftest.c >&5
conftest.c:55:20: error: syslog.h: No such file or directory
configure:8979: $? = 1
configure: failed program was:
| /* confdefs.h */
| #define PACKAGE_NAME "libosmocore"
| #define PACKAGE_TARNAME "libosmocore"
| #define PACKAGE_VERSION "UNKNOWN"
| #define PACKAGE_STRING "libosmocore UNKNOWN"
| #define PACKAGE_BUGREPORT "openbsc@lists.osmocom.org"
| #define PACKAGE_URL ""
| #define PACKAGE "libosmocore"
| #define VERSION "UNKNOWN"
| #define STDC_HEADERS 1
| #define HAVE_SYS_TYPES_H 1
| #define HAVE_SYS_STAT_H 1
| #define HAVE_STDLIB_H 1
| #define HAVE_STRING_H 1
| #define HAVE_MEMORY_H 1
| #define HAVE_INTTYPES_H 1
| #define HAVE_STDINT_H 1
| #define HAVE_UNISTD_H 1
| #define LT_OBJDIR ".libs/"
| #define STDC_HEADERS 1
| /* end confdefs.h.  */
| #include <stdio.h>
| #ifdef HAVE_SYS_TYPES_H
| # include <sys/types.h>
| #endif
| #ifdef HAVE_SYS_STAT_H
| # include <sys/stat.h>
| #endif
| #ifdef STDC_HEADERS
| # include <stdlib.h>
| # include <stddef.h>
| #else
| # ifdef HAVE_STDLIB_H
| #  include <stdlib.h>
| # endif
| #endif
| #ifdef HAVE_STRING_H
| # if !defined STDC_HEADERS && defined HAVE_MEMORY_H
| #  include <memory.h>
| # endif
| # include <string.h>
| #endif
| #ifdef HAVE_STRINGS_H
| # include <strings.h>
| #endif
| #ifdef HAVE_INTTYPES_H
| # include <inttypes.h>
| #endif
| #ifdef HAVE_STDINT_H
| # include <stdint.h>
| #endif
| #ifdef HAVE_UNISTD_H
| # include <unistd.h>
| #endif
| #include <syslog.h>
configure:8979: result: no
configure:8979: checking syslog.h presence
configure:8979: arm-elf-gcc -E  conftest.c
conftest.c:22:20: error: syslog.h: No such file or directory
configure:8979: $? = 1
configure: failed program was:
| /* confdefs.h */
| #define PACKAGE_NAME "libosmocore"
| #define PACKAGE_TARNAME "libosmocore"
| #define PACKAGE_VERSION "UNKNOWN"
| #define PACKAGE_STRING "libosmocore UNKNOWN"
| #define PACKAGE_BUGREPORT "openbsc@lists.osmocom.org"
| #define PACKAGE_URL ""
| #define PACKAGE "libosmocore"
| #define VERSION "UNKNOWN"
| #define STDC_HEADERS 1
| #define HAVE_SYS_TYPES_H 1
| #define HAVE_SYS_STAT_H 1
| #define HAVE_STDLIB_H 1
| #define HAVE_STRING_H 1
| #define HAVE_MEMORY_H 1
| #define HAVE_INTTYPES_H 1
| #define HAVE_STDINT_H 1
| #define HAVE_UNISTD_H 1
| #define LT_OBJDIR ".libs/"
| #define STDC_HEADERS 1
| /* end confdefs.h.  */
| #include <syslog.h>
configure:8979: result: no
configure:8979: checking for syslog.h
configure:8979: result: no
configure:8979: checking ctype.h usability
configure:8979: arm-elf-gcc -c -Os -ffunction-sections -I/home/ubuntu/osmocom/osmocom-bb/src/target/firmware/include -nostartfiles -nodefaultlibs  conftest.c >&5
configure:8979: $? = 0
configure:8979: result: yes
configure:8979: checking ctype.h presence
configure:8979: arm-elf-gcc -E  conftest.c
configure:8979: $? = 0
configure:8979: result: yes
configure:8979: checking for ctype.h
configure:8979: result: yes
configure:8990: checking for size_t
configure:8990: arm-elf-gcc -c -Os -ffunction-sections -I/home/ubuntu/osmocom/osmocom-bb/src/target/firmware/include -nostartfiles -nodefaultlibs  conftest.c >&5
configure:8990: $? = 0
configure:8990: arm-elf-gcc -c -Os -ffunction-sections -I/home/ubuntu/osmocom/osmocom-bb/src/target/firmware/include -nostartfiles -nodefaultlibs  conftest.c >&5
conftest.c: In function 'main':
conftest.c:59: error: syntax error before ')' token
configure:8990: $? = 1
configure: failed program was:
| /* confdefs.h */
| #define PACKAGE_NAME "libosmocore"
| #define PACKAGE_TARNAME "libosmocore"
| #define PACKAGE_VERSION "UNKNOWN"
| #define PACKAGE_STRING "libosmocore UNKNOWN"
| #define PACKAGE_BUGREPORT "openbsc@lists.osmocom.org"
| #define PACKAGE_URL ""
| #define PACKAGE "libosmocore"
| #define VERSION "UNKNOWN"
| #define STDC_HEADERS 1
| #define HAVE_SYS_TYPES_H 1
| #define HAVE_SYS_STAT_H 1
| #define HAVE_STDLIB_H 1
| #define HAVE_STRING_H 1
| #define HAVE_MEMORY_H 1
| #define HAVE_INTTYPES_H 1
| #define HAVE_STDINT_H 1
| #define HAVE_UNISTD_H 1
| #define LT_OBJDIR ".libs/"
| #define STDC_HEADERS 1
| #define HAVE_CTYPE_H 1
| /* end confdefs.h.  */
| #include <stdio.h>
| #ifdef HAVE_SYS_TYPES_H
| # include <sys/types.h>
| #endif
| #ifdef HAVE_SYS_STAT_H
| # include <sys/stat.h>
| #endif
| #ifdef STDC_HEADERS
| # include <stdlib.h>
| # include <stddef.h>
| #else
| # ifdef HAVE_STDLIB_H
| #  include <stdlib.h>
| # endif
| #endif
| #ifdef HAVE_STRING_H
| # if !defined STDC_HEADERS && defined HAVE_MEMORY_H
| #  include <memory.h>
| # endif
| # include <string.h>
| #endif
| #ifdef HAVE_STRINGS_H
| # include <strings.h>
| #endif
| #ifdef HAVE_INTTYPES_H
| # include <inttypes.h>
| #endif
| #ifdef HAVE_STDINT_H
| # include <stdint.h>
| #endif
| #ifdef HAVE_UNISTD_H
| # include <unistd.h>
| #endif
| int
| main ()
| {
| if (sizeof ((size_t)))
| 	    return 0;
|   ;
|   return 0;
| }
configure:8990: result: yes
configure:9003: checking for working alloca.h
configure:9020: arm-elf-gcc -o conftest -Os -ffunction-sections -I/home/ubuntu/osmocom/osmocom-bb/src/target/firmware/include -nostartfiles -nodefaultlibs   conftest.c  >&5
/root/gnuarm/bin/../lib/gcc/arm-elf/4.0.2/../../../../arm-elf/bin/ld: warning: cannot find entry symbol _start; defaulting to 0000000000008000
configure:9020: $? = 0
configure:9028: result: yes
configure:9036: checking for alloca
configure:9073: arm-elf-gcc -o conftest -Os -ffunction-sections -I/home/ubuntu/osmocom/osmocom-bb/src/target/firmware/include -nostartfiles -nodefaultlibs   conftest.c  >&5
/root/gnuarm/bin/../lib/gcc/arm-elf/4.0.2/../../../../arm-elf/bin/ld: warning: cannot find entry symbol _start; defaulting to 0000000000008000
configure:9073: $? = 0
configure:9081: result: yes
configure:9187: checking for library containing dlopen
configure:9218: arm-elf-gcc -o conftest -Os -ffunction-sections -I/home/ubuntu/osmocom/osmocom-bb/src/target/firmware/include -nostartfiles -nodefaultlibs   conftest.c  >&5
/root/gnuarm/bin/../lib/gcc/arm-elf/4.0.2/../../../../arm-elf/bin/ld: warning: cannot find entry symbol _start; defaulting to 0000000000008000
/tmp/ccckDRIT.o: In function `main':
conftest.c:(.text.main+0x4): undefined reference to `dlopen'
collect2: ld returned 1 exit status
configure:9218: $? = 1
configure: failed program was:
| /* confdefs.h */
| #define PACKAGE_NAME "libosmocore"
| #define PACKAGE_TARNAME "libosmocore"
| #define PACKAGE_VERSION "UNKNOWN"
| #define PACKAGE_STRING "libosmocore UNKNOWN"
| #define PACKAGE_BUGREPORT "openbsc@lists.osmocom.org"
| #define PACKAGE_URL ""
| #define PACKAGE "libosmocore"
| #define VERSION "UNKNOWN"
| #define STDC_HEADERS 1
| #define HAVE_SYS_TYPES_H 1
| #define HAVE_SYS_STAT_H 1
| #define HAVE_STDLIB_H 1
| #define HAVE_STRING_H 1
| #define HAVE_MEMORY_H 1
| #define HAVE_INTTYPES_H 1
| #define HAVE_STDINT_H 1
| #define HAVE_UNISTD_H 1
| #define LT_OBJDIR ".libs/"
| #define STDC_HEADERS 1
| #define HAVE_CTYPE_H 1
| #define HAVE_ALLOCA_H 1
| #define HAVE_ALLOCA 1
| /* end confdefs.h.  */
| 
| /* Override any GCC internal prototype to avoid an error.
|    Use char because int might match the return type of a GCC
|    builtin and then its argument prototype would still apply.  */
| #ifdef __cplusplus
| extern "C"
| #endif
| char dlopen ();
| int
| main ()
| {
| return dlopen ();
|   ;
|   return 0;
| }
configure:9218: arm-elf-gcc -o conftest -Os -ffunction-sections -I/home/ubuntu/osmocom/osmocom-bb/src/target/firmware/include -nostartfiles -nodefaultlibs   conftest.c -ldl   >&5
/root/gnuarm/bin/../lib/gcc/arm-elf/4.0.2/../../../../arm-elf/bin/ld: cannot find -ldl
collect2: ld returned 1 exit status
configure:9218: $? = 1
configure: failed program was:
| /* confdefs.h */
| #define PACKAGE_NAME "libosmocore"
| #define PACKAGE_TARNAME "libosmocore"
| #define PACKAGE_VERSION "UNKNOWN"
| #define PACKAGE_STRING "libosmocore UNKNOWN"
| #define PACKAGE_BUGREPORT "openbsc@lists.osmocom.org"
| #define PACKAGE_URL ""
| #define PACKAGE "libosmocore"
| #define VERSION "UNKNOWN"
| #define STDC_HEADERS 1
| #define HAVE_SYS_TYPES_H 1
| #define HAVE_SYS_STAT_H 1
| #define HAVE_STDLIB_H 1
| #define HAVE_STRING_H 1
| #define HAVE_MEMORY_H 1
| #define HAVE_INTTYPES_H 1
| #define HAVE_STDINT_H 1
| #define HAVE_UNISTD_H 1
| #define LT_OBJDIR ".libs/"
| #define STDC_HEADERS 1
| #define HAVE_CTYPE_H 1
| #define HAVE_ALLOCA_H 1
| #define HAVE_ALLOCA 1
| /* end confdefs.h.  */
| 
| /* Override any GCC internal prototype to avoid an error.
|    Use char because int might match the return type of a GCC
|    builtin and then its argument prototype would still apply.  */
| #ifdef __cplusplus
| extern "C"
| #endif
| char dlopen ();
| int
| main ()
| {
| return dlopen ();
|   ;
|   return 0;
| }
configure:9218: arm-elf-gcc -o conftest -Os -ffunction-sections -I/home/ubuntu/osmocom/osmocom-bb/src/target/firmware/include -nostartfiles -nodefaultlibs   conftest.c -ldld   >&5
/root/gnuarm/bin/../lib/gcc/arm-elf/4.0.2/../../../../arm-elf/bin/ld: cannot find -ldld
collect2: ld returned 1 exit status
configure:9218: $? = 1
configure: failed program was:
| /* confdefs.h */
| #define PACKAGE_NAME "libosmocore"
| #define PACKAGE_TARNAME "libosmocore"
| #define PACKAGE_VERSION "UNKNOWN"
| #define PACKAGE_STRING "libosmocore UNKNOWN"
| #define PACKAGE_BUGREPORT "openbsc@lists.osmocom.org"
| #define PACKAGE_URL ""
| #define PACKAGE "libosmocore"
| #define VERSION "UNKNOWN"
| #define STDC_HEADERS 1
| #define HAVE_SYS_TYPES_H 1
| #define HAVE_SYS_STAT_H 1
| #define HAVE_STDLIB_H 1
| #define HAVE_STRING_H 1
| #define HAVE_MEMORY_H 1
| #define HAVE_INTTYPES_H 1
| #define HAVE_STDINT_H 1
| #define HAVE_UNISTD_H 1
| #define LT_OBJDIR ".libs/"
| #define STDC_HEADERS 1
| #define HAVE_CTYPE_H 1
| #define HAVE_ALLOCA_H 1
| #define HAVE_ALLOCA 1
| /* end confdefs.h.  */
| 
| /* Override any GCC internal prototype to avoid an error.
|    Use char because int might match the return type of a GCC
|    builtin and then its argument prototype would still apply.  */
| #ifdef __cplusplus
| extern "C"
| #endif
| char dlopen ();
| int
| main ()
| {
| return dlopen ();
|   ;
|   return 0;
| }
configure:9235: result: no
configure:9247: checking for doxygen
configure:9278: result: false
configure:9298: checking if arm-elf-gcc supports -fvisibility=hidden
configure:9304: arm-elf-gcc -c -Os -ffunction-sections -I/home/ubuntu/osmocom/osmocom-bb/src/target/firmware/include -nostartfiles -nodefaultlibs -fvisibility=hidden   conftest.c >&5
configure:9304: $? = 0
configure:9305: result: yes
configure:9319: checking whether struct tm has tm_gmtoff member
configure:9343: arm-elf-gcc -o conftest -Os -ffunction-sections -I/home/ubuntu/osmocom/osmocom-bb/src/target/firmware/include -nostartfiles -nodefaultlibs   conftest.c  >&5
conftest.c: In function 'main':
conftest.c:35: error: 'struct tm' has no member named 'tm_gmtoff'
configure:9343: $? = 1
configure: failed program was:
| /* confdefs.h */
| #define PACKAGE_NAME "libosmocore"
| #define PACKAGE_TARNAME "libosmocore"
| #define PACKAGE_VERSION "UNKNOWN"
| #define PACKAGE_STRING "libosmocore UNKNOWN"
| #define PACKAGE_BUGREPORT "openbsc@lists.osmocom.org"
| #define PACKAGE_URL ""
| #define PACKAGE "libosmocore"
| #define VERSION "UNKNOWN"
| #define STDC_HEADERS 1
| #define HAVE_SYS_TYPES_H 1
| #define HAVE_SYS_STAT_H 1
| #define HAVE_STDLIB_H 1
| #define HAVE_STRING_H 1
| #define HAVE_MEMORY_H 1
| #define HAVE_INTTYPES_H 1
| #define HAVE_STDINT_H 1
| #define HAVE_UNISTD_H 1
| #define LT_OBJDIR ".libs/"
| #define STDC_HEADERS 1
| #define HAVE_CTYPE_H 1
| #define HAVE_ALLOCA_H 1
| #define HAVE_ALLOCA 1
| /* end confdefs.h.  */
| 
| 
|         #include <time.h>
| 
| int
| main ()
| {
| 
|         time_t t = time(NULL);
|         struct tm* lt = localtime(&t);
|         int off = lt->tm_gmtoff;
| 
|   ;
|   return 0;
| }
| 
configure:9353: result: no
configure:9681: checking that generated files are newer than configure
configure:9687: result: done
configure:9770: creating ./config.status

## ---------------------- ##
## Running config.status. ##
## ---------------------- ##

This file was extended by libosmocore config.status UNKNOWN, which was
generated by GNU Autoconf 2.69.  Invocation command line was

  CONFIG_FILES    = 
  CONFIG_HEADERS  = 
  CONFIG_LINKS    = 
  CONFIG_COMMANDS = 
  $ ./config.status 

on ubuntu-VirtualBox

config.status:1123: creating libosmocore.pc
config.status:1123: creating libosmocodec.pc
config.status:1123: creating libosmovty.pc
config.status:1123: creating libosmogsm.pc
config.status:1123: creating libosmogb.pc
config.status:1123: creating include/Makefile
config.status:1123: creating src/Makefile
config.status:1123: creating src/vty/Makefile
config.status:1123: creating src/codec/Makefile
config.status:1123: creating src/gsm/Makefile
config.status:1123: creating src/gb/Makefile
config.status:1123: creating tests/Makefile
config.status:1123: creating utils/Makefile
config.status:1123: creating Doxyfile.core
config.status:1123: creating Doxyfile.gsm
config.status:1123: creating Doxyfile.vty
config.status:1123: creating Doxyfile.codec
config.status:1123: creating Makefile
config.status:1123: creating config.h
config.status:1337: executing tests/atconfig commands
config.status:1337: executing depfiles commands
config.status:1437: cd src       && sed -e '/# am--include-marker/d' Makefile         | make -f - am--depfiles
make[1]: Entering directory '/home/ubuntu/osmocom/osmocom-bb/src/shared/libosmocore/build-target/src'
make[1]: Nothing to be done for 'am--depfiles'.
make[1]: Leaving directory '/home/ubuntu/osmocom/osmocom-bb/src/shared/libosmocore/build-target/src'
config.status:1442: $? = 0
config.status:1437: cd src/vty       && sed -e '/# am--include-marker/d' Makefile         | make -f - am--depfiles
make[1]: Entering directory '/home/ubuntu/osmocom/osmocom-bb/src/shared/libosmocore/build-target/src/vty'
make[1]: Nothing to be done for 'am--depfiles'.
make[1]: Leaving directory '/home/ubuntu/osmocom/osmocom-bb/src/shared/libosmocore/build-target/src/vty'
config.status:1442: $? = 0
config.status:1437: cd src/codec       && sed -e '/# am--include-marker/d' Makefile         | make -f - am--depfiles
make[1]: Entering directory '/home/ubuntu/osmocom/osmocom-bb/src/shared/libosmocore/build-target/src/codec'
make[1]: Nothing to be done for 'am--depfiles'.
make[1]: Leaving directory '/home/ubuntu/osmocom/osmocom-bb/src/shared/libosmocore/build-target/src/codec'
config.status:1442: $? = 0
config.status:1437: cd src/gsm       && sed -e '/# am--include-marker/d' Makefile         | make -f - am--depfiles
make[1]: Entering directory '/home/ubuntu/osmocom/osmocom-bb/src/shared/libosmocore/build-target/src/gsm'
make[1]: Nothing to be done for 'am--depfiles'.
make[1]: Leaving directory '/home/ubuntu/osmocom/osmocom-bb/src/shared/libosmocore/build-target/src/gsm'
config.status:1442: $? = 0
config.status:1437: cd src/gb       && sed -e '/# am--include-marker/d' Makefile         | make -f - am--depfiles
make[1]: Entering directory '/home/ubuntu/osmocom/osmocom-bb/src/shared/libosmocore/build-target/src/gb'
make[1]: Nothing to be done for 'am--depfiles'.
make[1]: Leaving directory '/home/ubuntu/osmocom/osmocom-bb/src/shared/libosmocore/build-target/src/gb'
config.status:1442: $? = 0
config.status:1437: cd tests       && sed -e '/# am--include-marker/d' Makefile         | make -f - am--depfiles
make[1]: Entering directory '/home/ubuntu/osmocom/osmocom-bb/src/shared/libosmocore/build-target/tests'
make[1]: Nothing to be done for 'am--depfiles'.
make[1]: Leaving directory '/home/ubuntu/osmocom/osmocom-bb/src/shared/libosmocore/build-target/tests'
config.status:1442: $? = 0
config.status:1437: cd utils       && sed -e '/# am--include-marker/d' Makefile         | make -f - am--depfiles
make[1]: Entering directory '/home/ubuntu/osmocom/osmocom-bb/src/shared/libosmocore/build-target/utils'
make[1]: Nothing to be done for 'am--depfiles'.
make[1]: Leaving directory '/home/ubuntu/osmocom/osmocom-bb/src/shared/libosmocore/build-target/utils'
config.status:1442: $? = 0
config.status:1337: executing libtool commands
configure:11951: WARNING: unrecognized options: --disable-tests, --disable-tests

## ---------------- ##
## Cache variables. ##
## ---------------- ##

ac_cv_build=x86_64-pc-linux-gnu
ac_cv_c_compiler_gnu=yes
ac_cv_env_CC_set=
ac_cv_env_CC_value=
ac_cv_env_CFLAGS_set=set
ac_cv_env_CFLAGS_value='-Os -ffunction-sections -I/home/ubuntu/osmocom/osmocom-bb/src/target/firmware/include -nostartfiles -nodefaultlibs'
ac_cv_env_CPPFLAGS_set=
ac_cv_env_CPPFLAGS_value=
ac_cv_env_CPP_set=
ac_cv_env_CPP_value=
ac_cv_env_LDFLAGS_set=
ac_cv_env_LDFLAGS_value=
ac_cv_env_LIBS_set=
ac_cv_env_LIBS_value=
ac_cv_env_LT_SYS_LIBRARY_PATH_set=
ac_cv_env_LT_SYS_LIBRARY_PATH_value=
ac_cv_env_build_alias_set=
ac_cv_env_build_alias_value=
ac_cv_env_host_alias_set=set
ac_cv_env_host_alias_value=arm-elf
ac_cv_env_target_alias_set=
ac_cv_env_target_alias_value=
ac_cv_func_alloca_works=yes
ac_cv_header_ctype_h=yes
ac_cv_header_dlfcn_h=no
ac_cv_header_execinfo_h=no
ac_cv_header_inttypes_h=yes
ac_cv_header_memory_h=yes
ac_cv_header_stdc=yes
ac_cv_header_stdint_h=yes
ac_cv_header_stdlib_h=yes
ac_cv_header_string_h=yes
ac_cv_header_strings_h=no
ac_cv_header_sys_select_h=no
ac_cv_header_sys_socket_h=no
ac_cv_header_sys_stat_h=yes
ac_cv_header_sys_types_h=yes
ac_cv_header_syslog_h=no
ac_cv_header_unistd_h=yes
ac_cv_host=arm-unknown-elf
ac_cv_objext=o
ac_cv_path_DOXYGEN=false
ac_cv_path_EGREP='/usr/bin/grep -E'
ac_cv_path_FGREP='/usr/bin/grep -F'
ac_cv_path_GREP=/usr/bin/grep
ac_cv_path_SED=/usr/bin/sed
ac_cv_path_install='/usr/bin/install -c'
ac_cv_path_lt_DD=/usr/bin/dd
ac_cv_path_mkdir=/usr/bin/mkdir
ac_cv_prog_AR=arm-elf-ar
ac_cv_prog_AWK=mawk
ac_cv_prog_CC=arm-elf-gcc
ac_cv_prog_CPP='arm-elf-gcc -E'
ac_cv_prog_OBJDUMP=arm-elf-objdump
ac_cv_prog_RANLIB=arm-elf-ranlib
ac_cv_prog_STRIP=arm-elf-strip
ac_cv_prog_ac_ct_MANIFEST_TOOL=mt
ac_cv_prog_cc_c89=
ac_cv_prog_cc_g=yes
ac_cv_prog_make_make_set=yes
ac_cv_search_dlopen=no
ac_cv_type_size_t=yes
ac_cv_working_alloca_h=yes
am_cv_CC_dependencies_compiler_type=gcc3
am_cv_make_support_nested_variables=yes
am_cv_prog_cc_c_o=yes
lt_cv_ar_at_file=no
lt_cv_deplibs_check_method=unknown
lt_cv_file_magic_cmd='$MAGIC_CMD'
lt_cv_file_magic_test_file=
lt_cv_ld_reload_flag=-r
lt_cv_nm_interface='BSD nm'
lt_cv_objdir=.libs
lt_cv_path_LD=/root/gnuarm/arm-elf/bin/ld
lt_cv_path_NM='/root/gnuarm/bin/arm-elf-nm -B'
lt_cv_path_mainfest_tool=no
lt_cv_prog_compiler_c_o=yes
lt_cv_prog_compiler_pic='-fPIC -DPIC'
lt_cv_prog_compiler_pic_works=yes
lt_cv_prog_compiler_rtti_exceptions=no
lt_cv_prog_compiler_static_works=yes
lt_cv_prog_gnu_ld=yes
lt_cv_sharedlib_from_linklib_cmd='printf %s\n'
lt_cv_sys_global_symbol_pipe='sed -n -e '\''s/^.*[	 ]\([ABCDGIRSTW][ABCDGIRSTW]*\)[	 ][	 ]*\([_A-Za-z][_A-Za-z0-9]*\)$/\1 \2 \2/p'\'' | sed '\''/ __gnu_lto/d'\'''
lt_cv_sys_global_symbol_to_c_name_address='sed -n -e '\''s/^: \(.*\) .*$/  {"\1", (void *) 0},/p'\'' -e '\''s/^[ABCDGIRSTW][ABCDGIRSTW]* .* \(.*\)$/  {"\1", (void *) \&\1},/p'\'''
lt_cv_sys_global_symbol_to_c_name_address_lib_prefix='sed -n -e '\''s/^: \(.*\) .*$/  {"\1", (void *) 0},/p'\'' -e '\''s/^[ABCDGIRSTW][ABCDGIRSTW]* .* \(lib.*\)$/  {"\1", (void *) \&\1},/p'\'' -e '\''s/^[ABCDGIRSTW][ABCDGIRSTW]* .* \(.*\)$/  {"lib\1", (void *) \&\1},/p'\'''
lt_cv_sys_global_symbol_to_cdecl='sed -n -e '\''s/^T .* \(.*\)$/extern int \1();/p'\'' -e '\''s/^[ABCDGIRSTW][ABCDGIRSTW]* .* \(.*\)$/extern char \1;/p'\'''
lt_cv_sys_global_symbol_to_import=
lt_cv_sys_max_cmd_len=1572864
lt_cv_to_host_file_cmd=func_convert_file_noop
lt_cv_to_tool_file_cmd=func_convert_file_noop
lt_cv_truncate_bin='/usr/bin/dd bs=4096 count=1'
osmo_cv_tm_includes_tm_gmtoff=no

## ----------------- ##
## Output variables. ##
## ----------------- ##

ACLOCAL='${SHELL} /home/ubuntu/osmocom/osmocom-bb/src/shared/libosmocore/missing aclocal-1.16'
ALLOCA=''
AMDEPBACKSLASH='\'
AMDEP_FALSE='#'
AMDEP_TRUE=''
AMTAR='$${TAR-tar}'
AM_BACKSLASH='\'
AM_DEFAULT_V='$(AM_DEFAULT_VERBOSITY)'
AM_DEFAULT_VERBOSITY='0'
AM_V='$(V)'
AR='arm-elf-ar'
AUTOCONF='${SHELL} /home/ubuntu/osmocom/osmocom-bb/src/shared/libosmocore/missing autoconf'
AUTOHEADER='${SHELL} /home/ubuntu/osmocom/osmocom-bb/src/shared/libosmocore/missing autoheader'
AUTOMAKE='${SHELL} /home/ubuntu/osmocom/osmocom-bb/src/shared/libosmocore/missing automake-1.16'
AWK='mawk'
CC='arm-elf-gcc'
CCDEPMODE='depmode=gcc3'
CFLAGS='-Os -ffunction-sections -I/home/ubuntu/osmocom/osmocom-bb/src/target/firmware/include -nostartfiles -nodefaultlibs'
CPP='arm-elf-gcc -E'
CPPFLAGS=''
CYGPATH_W='echo'
DEFS='-DHAVE_CONFIG_H'
DEPDIR='.deps'
DLLTOOL='false'
DOXYGEN='false'
DSYMUTIL=''
DUMPBIN=''
ECHO_C=''
ECHO_N='-n'
ECHO_T=''
EGREP='/usr/bin/grep -E'
ENABLE_GB_FALSE=''
ENABLE_GB_TRUE='#'
ENABLE_MSGFILE_FALSE=''
ENABLE_MSGFILE_TRUE='#'
ENABLE_PLUGIN_FALSE=''
ENABLE_PLUGIN_TRUE='#'
ENABLE_SERIAL_FALSE=''
ENABLE_SERIAL_TRUE='#'
ENABLE_TALLOC_FALSE=''
ENABLE_TALLOC_TRUE='#'
ENABLE_UTILITIES_FALSE=''
ENABLE_UTILITIES_TRUE='#'
ENABLE_VTY_FALSE=''
ENABLE_VTY_TRUE='#'
EXEEXT=''
FGREP='/usr/bin/grep -F'
GREP='/usr/bin/grep'
HAVE_DOXYGEN_FALSE=''
HAVE_DOXYGEN_TRUE='#'
INSTALL_DATA='${INSTALL} -m 644'
INSTALL_PROGRAM='${INSTALL}'
INSTALL_SCRIPT='${INSTALL}'
INSTALL_STRIP_PROGRAM='$(install_sh) -c -s'
LD='/root/gnuarm/arm-elf/bin/ld'
LDFLAGS=''
LIBOBJS=''
LIBRARY_DL=''
LIBS=''
LIBTOOL='$(SHELL) $(top_builddir)/libtool'
LIPO=''
LN_S='ln -s'
LTLDFLAGS_OSMOGB='-Wl,--version-script=$(srcdir)/libosmogb.map'
LTLDFLAGS_OSMOGSM='-Wl,--version-script=$(srcdir)/libosmogsm.map'
LTLIBOBJS=''
LT_SYS_LIBRARY_PATH=''
MAKEINFO='${SHELL} /home/ubuntu/osmocom/osmocom-bb/src/shared/libosmocore/missing makeinfo'
MANIFEST_TOOL=':'
MKDIR_P='/usr/bin/mkdir -p'
NM='/root/gnuarm/bin/arm-elf-nm -B'
NMEDIT=''
OBJDUMP='arm-elf-objdump'
OBJEXT='o'
OTOOL64=''
OTOOL=''
PACKAGE='libosmocore'
PACKAGE_BUGREPORT='openbsc@lists.osmocom.org'
PACKAGE_NAME='libosmocore'
PACKAGE_STRING='libosmocore UNKNOWN'
PACKAGE_TARNAME='libosmocore'
PACKAGE_URL=''
PACKAGE_VERSION='UNKNOWN'
PATH_SEPARATOR=':'
RANLIB='arm-elf-ranlib'
SED='/usr/bin/sed'
SET_MAKE=''
SHELL='/bin/bash'
STRIP='arm-elf-strip'
SYMBOL_VISIBILITY='-fvisibility=hidden'
VERSION='UNKNOWN'
ac_ct_AR=''
ac_ct_CC=''
ac_ct_DUMPBIN=''
am__EXEEXT_FALSE=''
am__EXEEXT_TRUE='#'
am__fastdepCC_FALSE='#'
am__fastdepCC_TRUE=''
am__include='include'
am__isrc=' -I$(srcdir)'
am__leading_dot='.'
am__nodep='_no'
am__quote=''
am__tar='$${TAR-tar} chof - "$$tardir"'
am__untar='$${TAR-tar} xf -'
bindir='${exec_prefix}/bin'
build='x86_64-pc-linux-gnu'
build_alias=''
build_cpu='x86_64'
build_os='linux-gnu'
build_vendor='pc'
datadir='${datarootdir}'
datarootdir='${prefix}/share'
docdir='${datarootdir}/doc/${PACKAGE_TARNAME}'
dvidir='${docdir}'
exec_prefix='${prefix}'
host='arm-unknown-elf'
host_alias='arm-elf'
host_cpu='arm'
host_os='elf'
host_vendor='unknown'
htmldir='${docdir}'
includedir='${prefix}/include'
infodir='${datarootdir}/info'
install_sh='${SHELL} /home/ubuntu/osmocom/osmocom-bb/src/shared/libosmocore/install-sh'
libdir='${exec_prefix}/lib'
libexecdir='${exec_prefix}/libexec'
localedir='${datarootdir}/locale'
localstatedir='${prefix}/var'
mandir='${datarootdir}/man'
mkdir_p='$(MKDIR_P)'
oldincludedir='/usr/include'
pdfdir='${docdir}'
prefix='/usr/local'
program_transform_name='s,x,x,'
psdir='${docdir}'
runstatedir='${localstatedir}/run'
sbindir='${exec_prefix}/sbin'
sharedstatedir='${prefix}/com'
sysconfdir='${prefix}/etc'
target_alias=''

## ----------- ##
## confdefs.h. ##
## ----------- ##

/* confdefs.h */
#define PACKAGE_NAME "libosmocore"
#define PACKAGE_TARNAME "libosmocore"
#define PACKAGE_VERSION "UNKNOWN"
#define PACKAGE_STRING "libosmocore UNKNOWN"
#define PACKAGE_BUGREPORT "openbsc@lists.osmocom.org"
#define PACKAGE_URL ""
#define PACKAGE "libosmocore"
#define VERSION "UNKNOWN"
#define STDC_HEADERS 1
#define HAVE_SYS_TYPES_H 1
#define HAVE_SYS_STAT_H 1
#define HAVE_STDLIB_H 1
#define HAVE_STRING_H 1
#define HAVE_MEMORY_H 1
#define HAVE_INTTYPES_H 1
#define HAVE_STDINT_H 1
#define HAVE_UNISTD_H 1
#define LT_OBJDIR ".libs/"
#define STDC_HEADERS 1
#define HAVE_CTYPE_H 1
#define HAVE_ALLOCA_H 1
#define HAVE_ALLOCA 1
#define BSC_FD_CHECK 1
#define EMBEDDED 1
#define PANIC_INFLOOP 1

configure: exit 0
