   1              		.file	"prim_utils.c"
   9              	.Ltext0:
  10              		.data
  13              	ubMeas:
  14 0000 0F       		.byte	15
  15 0001 00       		.byte	0
  16 0002 01       		.byte	1
  17 0003 03       		.byte	3
  18 0004 49       		.byte	73
  19 0005 06       		.byte	6
  20 0006 15       		.byte	21
  21 0007 36       		.byte	54
  22 0008 76       		.byte	118
  23 0009 01       		.byte	1
  24 000a C0       		.byte	-64
  25 000b 00       		.byte	0
  26 000c 00       		.byte	0
  27 000d 00       		.byte	0
  28 000e 00       		.byte	0
  29 000f 00       		.byte	0
  30 0010 00       		.byte	0
  31 0011 00       		.byte	0
  32 0012 00       		.byte	0
  33 0013 00       		.byte	0
  34 0014 00       		.byte	0
  35 0015 00       		.byte	0
  36 0016 00       		.byte	0
  37              		.section	.rodata
  40              	ubUui:
  41 0000 01       		.byte	1
  42 0001 03       		.byte	3
  43 0002 01       		.byte	1
  44 0003 2B       		.byte	43
  45 0004 2B       		.byte	43
  46 0005 2B       		.byte	43
  47 0006 2B       		.byte	43
  48 0007 2B       		.byte	43
  49 0008 2B       		.byte	43
  50 0009 2B       		.byte	43
  51 000a 2B       		.byte	43
  52 000b 2B       		.byte	43
  53 000c 2B       		.byte	43
  54 000d 2B       		.byte	43
  55 000e 2B       		.byte	43
  56 000f 2B       		.byte	43
  57 0010 2B       		.byte	43
  58 0011 2B       		.byte	43
  59 0012 2B       		.byte	43
  60 0013 2B       		.byte	43
  61 0014 2B       		.byte	43
  62 0015 2B       		.byte	43
  63 0016 2B       		.byte	43
  64              		.section	.text.pu_get_idle_frame,"ax",%progbits
  65              		.align	2
  66              		.global	pu_get_idle_frame
  68              	pu_get_idle_frame:
  69              	.LFB41:
  70              		.file 1 "layer1/prim_utils.c"
   1:layer1/prim_utils.c **** /* Layer 1 Various primitive utilities */
   2:layer1/prim_utils.c **** 
   3:layer1/prim_utils.c **** /* (C) 2010 by Sylvain Munaut <tnt@246tNt.com>
   4:layer1/prim_utils.c ****  *
   5:layer1/prim_utils.c ****  * All Rights Reserved
   6:layer1/prim_utils.c ****  *
   7:layer1/prim_utils.c ****  * This program is free software; you can redistribute it and/or modify
   8:layer1/prim_utils.c ****  * it under the terms of the GNU General Public License as published by
   9:layer1/prim_utils.c ****  * the Free Software Foundation; either version 2 of the License, or
  10:layer1/prim_utils.c ****  * (at your option) any later version.
  11:layer1/prim_utils.c ****  *
  12:layer1/prim_utils.c ****  * This program is distributed in the hope that it will be useful,
  13:layer1/prim_utils.c ****  * but WITHOUT ANY WARRANTY; without even the implied warranty of
  14:layer1/prim_utils.c ****  * MERCHANTABILITY or FITNESS FOR A PARTICULAR PURPOSE.  See the
  15:layer1/prim_utils.c ****  * GNU General Public License for more details.
  16:layer1/prim_utils.c ****  *
  17:layer1/prim_utils.c ****  * You should have received a copy of the GNU General Public License along
  18:layer1/prim_utils.c ****  * with this program; if not, write to the Free Software Foundation, Inc.,
  19:layer1/prim_utils.c ****  * 51 Franklin Street, Fifth Floor, Boston, MA 02110-1301 USA.
  20:layer1/prim_utils.c ****  *
  21:layer1/prim_utils.c ****  */
  22:layer1/prim_utils.c **** 
  23:layer1/prim_utils.c **** #include <stdint.h>
  24:layer1/prim_utils.c **** 
  25:layer1/prim_utils.c **** #include <osmocom/core/msgb.h>
  26:layer1/prim_utils.c **** #include <layer1/sync.h>
  27:layer1/prim_utils.c **** 
  28:layer1/prim_utils.c **** 
  29:layer1/prim_utils.c **** static const uint8_t ubUui[23] = {
  30:layer1/prim_utils.c **** 	/* dummy lapdm header */
  31:layer1/prim_utils.c **** 	0x01, 0x03, 0x01,
  32:layer1/prim_utils.c **** 
  33:layer1/prim_utils.c **** 	/* fill bytes */
  34:layer1/prim_utils.c **** 	0x2b, 0x2b, 0x2b, 0x2b, 0x2b, 0x2b, 0x2b, 0x2b,
  35:layer1/prim_utils.c **** 	0x2b, 0x2b, 0x2b, 0x2b, 0x2b, 0x2b, 0x2b, 0x2b,
  36:layer1/prim_utils.c **** 	0x2b, 0x2b, 0x2b, 0x2b
  37:layer1/prim_utils.c **** };
  38:layer1/prim_utils.c **** 
  39:layer1/prim_utils.c **** static uint8_t ubMeas[23] = {
  40:layer1/prim_utils.c **** 	/* L1 SAACH pseudo-header */
  41:layer1/prim_utils.c **** 	0x0f, 0x00,
  42:layer1/prim_utils.c **** 
  43:layer1/prim_utils.c **** 	/* lapdm header */
  44:layer1/prim_utils.c **** 	0x01, 0x03, 0x49,
  45:layer1/prim_utils.c **** 
  46:layer1/prim_utils.c **** 	/* RR Management messages, Measurement Report */
  47:layer1/prim_utils.c **** 	0x06, 0x15,
  48:layer1/prim_utils.c **** 
  49:layer1/prim_utils.c **** 	/* Measurement results (see 3GPP TS 44.018, section 10.5.2.20):
  50:layer1/prim_utils.c **** 	 *   0... .... = BA-USED: 0
  51:layer1/prim_utils.c **** 	 *   .0.. .... = DTX-USED: DTX was not used
  52:layer1/prim_utils.c **** 	 *   ..11 0110 = RXLEV-FULL-SERVING-CELL: -57 <= x < -56 dBm (54)
  53:layer1/prim_utils.c **** 	 *   0... .... = 3G-BA-USED: 0
  54:layer1/prim_utils.c **** 	 *   .1.. .... = MEAS-VALID: The measurement results are not valid
  55:layer1/prim_utils.c **** 	 *   ..11 0110 = RXLEV-SUB-SERVING-CELL: -57 <= x < -56 dBm (54)
  56:layer1/prim_utils.c **** 	 *   0... .... = SI23_BA_USED: 0
  57:layer1/prim_utils.c **** 	 *   .000 .... = RXQUAL-FULL-SERVING-CELL: BER < 0.2%, Mean value 0.14% (0)
  58:layer1/prim_utils.c **** 	 *   .... 000. = RXQUAL-SUB-SERVING-CELL: BER < 0.2%, Mean value 0.14% (0)
  59:layer1/prim_utils.c **** 	 *   .... ...1  11.. .... = NO-NCELL-M: Neighbour cell information not available */
  60:layer1/prim_utils.c **** 	0x36, 0x76, 0x01, 0xc0, 0x00, 0x00, 0x00, 0x00,
  61:layer1/prim_utils.c **** 	0x00, 0x00, 0x00, 0x00, 0x00, 0x00, 0x00, 0x00,
  62:layer1/prim_utils.c **** };
  63:layer1/prim_utils.c **** 
  64:layer1/prim_utils.c **** 
  65:layer1/prim_utils.c **** const uint8_t *pu_get_idle_frame(void)
  66:layer1/prim_utils.c **** {
  71              		.loc 1 66 0
  72              		@ args = 0, pretend = 0, frame = 0
  73              		@ frame_needed = 0, uses_anonymous_args = 0
  74              		@ link register save eliminated.
  75              	.LVL0:
  67:layer1/prim_utils.c **** 	return ubUui;
  68:layer1/prim_utils.c **** }
  76              		.loc 1 68 0
  77 0000 00009FE5 		ldr	r0, .L3
  78              		.loc 1 66 0
  79              		@ lr needed for prologue
  80              		.loc 1 68 0
  81 0004 1EFF2FE1 		bx	lr
  82              	.L4:
  83              		.align	2
  84              	.L3:
  85 0008 00000000 		.word	ubUui
  86              	.LFE41:
  88              		.section	.text.pu_update_rx_level,"ax",%progbits
  89              		.align	2
  90              		.global	pu_update_rx_level
  92              	pu_update_rx_level:
  93              	.LFB42:
  69:layer1/prim_utils.c **** 
  70:layer1/prim_utils.c **** void pu_update_rx_level(uint8_t rx_level)
  71:layer1/prim_utils.c **** {
  94              		.loc 1 71 0
  95              		@ args = 0, pretend = 0, frame = 0
  96              		@ frame_needed = 0, uses_anonymous_args = 0
  97              		@ link register save eliminated.
  98              	.LVL1:
  72:layer1/prim_utils.c **** 	ubMeas[7] = ubMeas[8] = rx_level;
  99              		.loc 1 72 0
 100 0000 0C309FE5 		ldr	r3, .L7
 101              		.loc 1 71 0
 102 0004 FF0000E2 		and	r0, r0, #255
 103              		@ lr needed for prologue
 104              		.loc 1 72 0
 105 0008 0700C3E5 		strb	r0, [r3, #7]
 106 000c 0800C3E5 		strb	r0, [r3, #8]
  73:layer1/prim_utils.c **** }
 107              		.loc 1 73 0
 108 0010 1EFF2FE1 		bx	lr
 109              	.L8:
 110              		.align	2
 111              	.L7:
 112 0014 00000000 		.word	ubMeas
 113              	.LFE42:
 115              		.section	.text.pu_get_meas_frame,"ax",%progbits
 116              		.align	2
 117              		.global	pu_get_meas_frame
 119              	pu_get_meas_frame:
 120              	.LFB43:
  74:layer1/prim_utils.c **** 
  75:layer1/prim_utils.c **** const uint8_t *pu_get_meas_frame(void)
  76:layer1/prim_utils.c **** {
 121              		.loc 1 76 0
 122              		@ args = 0, pretend = 0, frame = 0
 123              		@ frame_needed = 0, uses_anonymous_args = 0
 124              		@ link register save eliminated.
 125              	.LVL2:
  77:layer1/prim_utils.c **** 	if (l1s.tx_meas) {
 126              		.loc 1 77 0
 127 0000 24209FE5 		ldr	r2, .L14
 128 0004 6C0A92E5 		ldr	r0, [r2, #2668]
  78:layer1/prim_utils.c **** 		return l1s.tx_meas->l3h;
  79:layer1/prim_utils.c **** 	} else {
  80:layer1/prim_utils.c **** 		/* Update L1 SAACH pseudo-header */
  81:layer1/prim_utils.c **** 		ubMeas[0] = l1s.tx_power;
 129              		.loc 1 81 0
 130 0008 20109FE5 		ldr	r1, .L14+4
 131              		.loc 1 77 0
 132 000c 000050E3 		cmp	r0, #0
  82:layer1/prim_utils.c **** 		ubMeas[1] = l1s.ta;
 133              		.loc 1 82 0
 134 0010 483AD205 		ldreqb	r3, [r2, #2632]	@ zero_extendqisi2
 135              		.loc 1 78 0
 136 0014 18009015 		ldrne	r0, [r0, #24]
 137              		.loc 1 81 0
 138 0018 492AD205 		ldreqb	r2, [r2, #2633]	@ zero_extendqisi2
 139              		.loc 1 82 0
 140 001c 0100A001 		moveq	r0, r1
 141              		.loc 1 76 0
 142              		@ lr needed for prologue
 143              		.loc 1 82 0
 144 0020 0130C105 		streqb	r3, [r1, #1]
 145              		.loc 1 81 0
 146 0024 0020C105 		streqb	r2, [r1, #0]
  83:layer1/prim_utils.c **** 
  84:layer1/prim_utils.c **** 		return ubMeas;
  85:layer1/prim_utils.c **** 	}
  86:layer1/prim_utils.c **** }
 147              		.loc 1 86 0
 148 0028 1EFF2FE1 		bx	lr
 149              	.L15:
 150              		.align	2
 151              	.L14:
 152 002c 00000000 		.word	l1s
 153 0030 00000000 		.word	ubMeas
 154              	.LFE43:
 204              	.Letext0:
DEFINED SYMBOLS
                            *ABS*:0000000000000000 prim_utils.c
     /tmp/ccTpDVj8.s:13     .data:0000000000000000 ubMeas
     /tmp/ccTpDVj8.s:40     .rodata:0000000000000000 ubUui
     /tmp/ccTpDVj8.s:68     .text.pu_get_idle_frame:0000000000000000 pu_get_idle_frame
     /tmp/ccTpDVj8.s:77     .text.pu_get_idle_frame:0000000000000000 $a
     /tmp/ccTpDVj8.s:85     .text.pu_get_idle_frame:0000000000000008 $d
     /tmp/ccTpDVj8.s:92     .text.pu_update_rx_level:0000000000000000 pu_update_rx_level
     /tmp/ccTpDVj8.s:100    .text.pu_update_rx_level:0000000000000000 $a
     /tmp/ccTpDVj8.s:112    .text.pu_update_rx_level:0000000000000014 $d
     /tmp/ccTpDVj8.s:119    .text.pu_get_meas_frame:0000000000000000 pu_get_meas_frame
     /tmp/ccTpDVj8.s:127    .text.pu_get_meas_frame:0000000000000000 $a
     /tmp/ccTpDVj8.s:152    .text.pu_get_meas_frame:000000000000002c $d

UNDEFINED SYMBOLS
l1s
