   1              		.file	"backlight.c"
   9              	.Ltext0:
  10              		.section	.text.bl_mode_pwl,"ax",%progbits
  11              		.align	2
  12              		.global	bl_mode_pwl
  14              	bl_mode_pwl:
  15              	.LFB2:
  16              		.file 1 "calypso/backlight.c"
   1:calypso/backlight.c **** /* Calypso DBB internal PWL (Pulse Width / Light) Driver */
   2:calypso/backlight.c **** 
   3:calypso/backlight.c **** /* (C) 2010 by Harald Welte <laforge@gnumonks.org>
   4:calypso/backlight.c ****  *
   5:calypso/backlight.c ****  * All Rights Reserved
   6:calypso/backlight.c ****  *
   7:calypso/backlight.c ****  * This program is free software; you can redistribute it and/or modify
   8:calypso/backlight.c ****  * it under the terms of the GNU General Public License as published by
   9:calypso/backlight.c ****  * the Free Software Foundation; either version 2 of the License, or
  10:calypso/backlight.c ****  * (at your option) any later version.
  11:calypso/backlight.c ****  *
  12:calypso/backlight.c ****  * This program is distributed in the hope that it will be useful,
  13:calypso/backlight.c ****  * but WITHOUT ANY WARRANTY; without even the implied warranty of
  14:calypso/backlight.c ****  * MERCHANTABILITY or FITNESS FOR A PARTICULAR PURPOSE.  See the
  15:calypso/backlight.c ****  * GNU General Public License for more details.
  16:calypso/backlight.c ****  *
  17:calypso/backlight.c ****  * You should have received a copy of the GNU General Public License along
  18:calypso/backlight.c ****  * with this program; if not, write to the Free Software Foundation, Inc.,
  19:calypso/backlight.c ****  * 51 Franklin Street, Fifth Floor, Boston, MA 02110-1301 USA.
  20:calypso/backlight.c ****  *
  21:calypso/backlight.c ****  */
  22:calypso/backlight.c **** 
  23:calypso/backlight.c **** #include <stdint.h>
  24:calypso/backlight.c **** #include <memory.h>
  25:calypso/backlight.c **** 
  26:calypso/backlight.c **** #define BASE_ADDR_PWL	0xfffe8000
  27:calypso/backlight.c **** #define PWL_REG(m)	(BASE_ADDR_PWL + (m))
  28:calypso/backlight.c **** 
  29:calypso/backlight.c **** #define ASIC_CONF_REG		0xfffef008
  30:calypso/backlight.c **** #define LIGHT_LEVEL_REG		0xfffe4810
  31:calypso/backlight.c **** 
  32:calypso/backlight.c **** enum pwl_reg {
  33:calypso/backlight.c **** 	PWL_LEVEL	= 0,
  34:calypso/backlight.c **** 	PWL_CTRL	= 1,
  35:calypso/backlight.c **** };
  36:calypso/backlight.c **** 
  37:calypso/backlight.c **** #define ASCONF_PWL_ENA	(1 << 4)
  38:calypso/backlight.c **** 
  39:calypso/backlight.c **** void bl_mode_pwl(int on)
  40:calypso/backlight.c **** {
  17              		.loc 1 40 0
  18              		@ args = 0, pretend = 0, frame = 0
  19              		@ frame_needed = 0, uses_anonymous_args = 0
  20              		@ link register save eliminated.
  21              	.LVL0:
  41:calypso/backlight.c **** 	uint16_t reg;
  42:calypso/backlight.c **** 
  43:calypso/backlight.c **** 	reg = readw(ASIC_CONF_REG);
  22              		.loc 1 43 0
  23 0000 30C09FE5 		ldr	ip, .L6
  44:calypso/backlight.c **** 
  45:calypso/backlight.c **** 	if (on) {
  46:calypso/backlight.c **** 		/* Enable pwl */
  47:calypso/backlight.c **** 		writeb(0x01, PWL_REG(PWL_CTRL));
  48:calypso/backlight.c **** 		/* Switch pin from LT to PWL */
  49:calypso/backlight.c **** 		reg |= ASCONF_PWL_ENA;
  50:calypso/backlight.c **** 		writew(reg, ASIC_CONF_REG);
  51:calypso/backlight.c **** 	} else {
  52:calypso/backlight.c **** 		/* Switch pin from PWL to LT */
  53:calypso/backlight.c **** 		reg &= ~ASCONF_PWL_ENA;
  24              		.loc 1 53 0
  25 0004 30209FE5 		ldr	r2, .L6+4
  26              	.LVL1:
  27              		.loc 1 43 0
  28 0008 B030DCE1 		ldrh	r3, [ip, #0]
  29              		.loc 1 45 0
  30 000c 000050E3 		cmp	r0, #0
  31              	.LVL2:
  32              		.loc 1 53 0
  33 0010 022003E0 		and	r2, r3, r2
  34              		.loc 1 49 0
  35 0014 101083E3 		orr	r1, r3, #16
  36              	.LVL3:
  37              		.loc 1 47 0
  38 0018 20309F15 		ldrne	r3, .L6+8
  39              	.LVL4:
  54:calypso/backlight.c **** 		writew(reg, ASIC_CONF_REG);
  55:calypso/backlight.c **** 		/* Disable pwl */
  56:calypso/backlight.c **** 		writeb(0x00, PWL_REG(PWL_CTRL));
  40              		.loc 1 56 0
  41 001c 1C309F05 		ldreq	r3, .L6+8
  42              		.loc 1 47 0
  43 0020 0120A013 		movne	r2, #1
  44              	.LVL5:
  45 0024 0020C315 		strneb	r2, [r3, #0]
  46              	.LVL6:
  47              		.loc 1 54 0
  48 0028 B020CC01 		streqh	r2, [ip, #0]	@ movhi
  49              		.loc 1 40 0
  50              		@ lr needed for prologue
  51              		.loc 1 50 0
  52 002c B010CC11 		strneh	r1, [ip, #0]	@ movhi
  53              		.loc 1 56 0
  54 0030 0000C305 		streqb	r0, [r3, #0]
  55 0034 1EFF2FE1 		bx	lr
  56              	.L7:
  57              		.align	2
  58              	.L6:
  59 0038 08F0FEFF 		.word	-69624
  60 003c EFFF0000 		.word	65519
  61 0040 0180FEFF 		.word	-98303
  62              	.LFE2:
  64              		.section	.text.bl_level,"ax",%progbits
  65              		.align	2
  66              		.global	bl_level
  68              	bl_level:
  69              	.LFB3:
  57:calypso/backlight.c **** 	}
  58:calypso/backlight.c **** }
  59:calypso/backlight.c **** 
  60:calypso/backlight.c **** void bl_level(uint8_t level)
  61:calypso/backlight.c **** {
  70              		.loc 1 61 0
  71              		@ args = 0, pretend = 0, frame = 0
  72              		@ frame_needed = 0, uses_anonymous_args = 0
  73              		@ link register save eliminated.
  74              	.LVL7:
  62:calypso/backlight.c **** 	if (readw(ASIC_CONF_REG) & ASCONF_PWL_ENA) {
  75              		.loc 1 62 0
  76 0000 20309FE5 		ldr	r3, .L13
  77 0004 B030D3E1 		ldrh	r3, [r3, #0]
  78 0008 100013E3 		tst	r3, #16
  79              		.loc 1 61 0
  80 000c FF0000E2 		and	r0, r0, #255
  63:calypso/backlight.c **** 		writeb(level, PWL_REG(PWL_LEVEL));
  81              		.loc 1 63 0
  82 0010 14309F15 		ldrne	r3, .L13+4
  64:calypso/backlight.c **** 	} else {
  65:calypso/backlight.c **** 		/* we need to scale the light level, as the
  66:calypso/backlight.c **** 		 * ARMIO light controller only knows 0..63 */
  67:calypso/backlight.c **** 		writeb(level>>2, LIGHT_LEVEL_REG);
  83              		.loc 1 67 0
  84 0014 14309F05 		ldreq	r3, .L13+8
  85 0018 2021A0E1 		mov	r2, r0, lsr #2
  86              		.loc 1 61 0
  87              		@ lr needed for prologue
  88              		.loc 1 63 0
  89 001c 0000C315 		strneb	r0, [r3, #0]
  90              		.loc 1 67 0
  91 0020 0020C305 		streqb	r2, [r3, #0]
  92 0024 1EFF2FE1 		bx	lr
  93              	.L14:
  94              		.align	2
  95              	.L13:
  96 0028 08F0FEFF 		.word	-69624
  97 002c 0080FEFF 		.word	-98304
  98 0030 1048FEFF 		.word	-112624
  99              	.LFE3:
 134              	.Letext0:
DEFINED SYMBOLS
                            *ABS*:0000000000000000 backlight.c
     /tmp/ccyPSonL.s:14     .text.bl_mode_pwl:0000000000000000 bl_mode_pwl
     /tmp/ccyPSonL.s:23     .text.bl_mode_pwl:0000000000000000 $a
     /tmp/ccyPSonL.s:59     .text.bl_mode_pwl:0000000000000038 $d
     /tmp/ccyPSonL.s:68     .text.bl_level:0000000000000000 bl_level
     /tmp/ccyPSonL.s:76     .text.bl_level:0000000000000000 $a
     /tmp/ccyPSonL.s:96     .text.bl_level:0000000000000028 $d

NO UNDEFINED SYMBOLS
