   1              		.file	"du.c"
   9              	.Ltext0:
  10              		.section	.text.calypso_du_init,"ax",%progbits
  11              		.align	2
  12              		.global	calypso_du_init
  14              	calypso_du_init:
  15              	.LFB2:
  16              		.file 1 "calypso/du.c"
   1:calypso/du.c  **** /* Calypso DU (Debug Unit) Driver */
   2:calypso/du.c  **** 
   3:calypso/du.c  **** /* (C) 2010 by Ingo Albrecht <prom@berlin.ccc.de>
   4:calypso/du.c  ****  *
   5:calypso/du.c  ****  * All Rights Reserved
   6:calypso/du.c  ****  *
   7:calypso/du.c  ****  * This program is free software; you can redistribute it and/or modify
   8:calypso/du.c  ****  * it under the terms of the GNU General Public License as published by
   9:calypso/du.c  ****  * the Free Software Foundation; either version 2 of the License, or
  10:calypso/du.c  ****  * (at your option) any later version.
  11:calypso/du.c  ****  *
  12:calypso/du.c  ****  * This program is distributed in the hope that it will be useful,
  13:calypso/du.c  ****  * but WITHOUT ANY WARRANTY; without even the implied warranty of
  14:calypso/du.c  ****  * MERCHANTABILITY or FITNESS FOR A PARTICULAR PURPOSE.  See the
  15:calypso/du.c  ****  * GNU General Public License for more details.
  16:calypso/du.c  ****  *
  17:calypso/du.c  ****  * You should have received a copy of the GNU General Public License along
  18:calypso/du.c  ****  * with this program; if not, write to the Free Software Foundation, Inc.,
  19:calypso/du.c  ****  * 51 Franklin Street, Fifth Floor, Boston, MA 02110-1301 USA.
  20:calypso/du.c  ****  *
  21:calypso/du.c  ****  */
  22:calypso/du.c  **** 
  23:calypso/du.c  **** #include <memory.h>
  24:calypso/du.c  **** #include <stdint.h>
  25:calypso/du.c  **** #include <stdio.h>
  26:calypso/du.c  **** 
  27:calypso/du.c  **** #include <calypso/du.h>
  28:calypso/du.c  **** 
  29:calypso/du.c  **** #define BASE_ADDR_DU	0x03c00000
  30:calypso/du.c  **** #define DU_REG(m)	(BASE_ADDR_DU+(m))
  31:calypso/du.c  **** 
  32:calypso/du.c  **** void calypso_du_init() {
  17              		.loc 1 32 0
  18              		@ args = 0, pretend = 0, frame = 0
  19              		@ frame_needed = 0, uses_anonymous_args = 0
  20              	.LVL0:
  21 0000 04E02DE5 		str	lr, [sp, #-4]!
  22              	.LCFI0:
  33:calypso/du.c  **** 	unsigned char c;
  34:calypso/du.c  **** 	calypso_debugunit(1);
  23              		.loc 1 34 0
  24 0004 0100A0E3 		mov	r0, #1
  25 0008 FEFFFFEB 		bl	calypso_debugunit
  26 000c 0010A0E3 		mov	r1, #0
  27              	.L2:
  28 0010 0128A0E1 		mov	r2, r1, asl #16
  35:calypso/du.c  **** 	for(c = 0; c < 64; c++) {
  36:calypso/du.c  **** 		writew(DU_REG(c), 0x00000000);
  29              		.loc 1 36 0
  30 0014 011081E2 		add	r1, r1, #1
  31              		.loc 1 34 0
  32 0018 2228A0E1 		mov	r2, r2, lsr #16
  33              		.loc 1 36 0
  34 001c 0030A0E3 		mov	r3, #0
  35              		.loc 1 35 0
  36 0020 400051E3 		cmp	r1, #64
  37              		.loc 1 36 0
  38 0024 B020C3E1 		strh	r2, [r3, #0]	@ movhi
  39              		.loc 1 35 0
  40 0028 0200001A 		bne	.L2
  37:calypso/du.c  **** 	}
  38:calypso/du.c  **** }
  41              		.loc 1 38 0
  42 002c 04F09DE4 		ldr	pc, [sp], #4
  43              	.LFE2:
  45              		.section	.text.calypso_du_stop,"ax",%progbits
  46              		.align	2
  47              		.global	calypso_du_stop
  49              	calypso_du_stop:
  50              	.LFB3:
  39:calypso/du.c  **** 
  40:calypso/du.c  **** void calypso_du_stop() {
  51              		.loc 1 40 0
  52              		@ args = 0, pretend = 0, frame = 0
  53              		@ frame_needed = 0, uses_anonymous_args = 0
  54              		@ link register save eliminated.
  55              	.LVL1:
  41:calypso/du.c  **** 	calypso_debugunit(0);
  56              		.loc 1 41 0
  57 0000 0000A0E3 		mov	r0, #0
  58              		.loc 1 40 0
  59              		@ lr needed for prologue
  42:calypso/du.c  **** }
  60              		.loc 1 42 0
  61              		.loc 1 41 0
  62 0004 FEFFFFEA 		b	calypso_debugunit
  63              	.LFE3:
  65              		.section	.rodata.str1.4,"aMS",%progbits,1
  66              		.align	2
  67              	.LC0:
  68 0000 44656275 		.ascii	"Debug unit traceback:\012\000"
  68      6720756E 
  68      69742074 
  68      72616365 
  68      6261636B 
  69 0017 00       		.align	2
  70              	.LC1:
  71 0018 742D2532 		.ascii	"t-%2x: 0x%8x\012\000"
  71      783A2030 
  71      78253878 
  71      0A00
  72 0026 0000     		.section	.text.calypso_du_dump,"ax",%progbits
  73              		.align	2
  74              		.global	calypso_du_dump
  76              	calypso_du_dump:
  77              	.LFB4:
  43:calypso/du.c  **** 
  44:calypso/du.c  **** void calypso_du_dump() {
  78              		.loc 1 44 0
  79              		@ args = 0, pretend = 0, frame = 0
  80              		@ frame_needed = 0, uses_anonymous_args = 0
  81              	.LVL2:
  82 0000 10402DE9 		stmfd	sp!, {r4, lr}
  83              	.LCFI1:
  45:calypso/du.c  **** 	unsigned char c;
  46:calypso/du.c  **** 	puts("Debug unit traceback:\n");
  84              		.loc 1 46 0
  85 0004 28009FE5 		ldr	r0, .L15
  86 0008 FEFFFFEB 		bl	puts
  87 000c 0040A0E3 		mov	r4, #0
  88              	.L10:
  89 0010 0F3584E2 		add	r3, r4, #62914560
  90              	.LBB2:
  47:calypso/du.c  **** 	for(c = 0; c < 64; c++) {
  48:calypso/du.c  **** 		uint32_t w = readw(DU_REG(c));
  49:calypso/du.c  **** 		printf("t-%2x: 0x%8x\n", c, (unsigned int)w);
  91              		.loc 1 49 0
  92 0014 0410A0E1 		mov	r1, r4
  93              		.loc 1 48 0
  94 0018 B020D3E1 		ldrh	r2, [r3, #0]
  95              		.loc 1 49 0
  96 001c 014084E2 		add	r4, r4, #1
  97 0020 10009FE5 		ldr	r0, .L15+4
  98 0024 FEFFFFEB 		bl	printf
  99              	.LBE2:
 100              		.loc 1 47 0
 101 0028 400054E3 		cmp	r4, #64
 102 002c 0200001A 		bne	.L10
  50:calypso/du.c  **** 	}
  51:calypso/du.c  **** }
 103              		.loc 1 51 0
 104 0030 1080BDE8 		ldmfd	sp!, {r4, pc}
 105              	.L16:
 106              		.align	2
 107              	.L15:
 108 0034 00000000 		.word	.LC0
 109 0038 18000000 		.word	.LC1
 110              	.LFE4:
 167              	.Letext0:
DEFINED SYMBOLS
                            *ABS*:0000000000000000 du.c
     /tmp/ccwIo1sg.s:14     .text.calypso_du_init:0000000000000000 calypso_du_init
     /tmp/ccwIo1sg.s:21     .text.calypso_du_init:0000000000000000 $a
     /tmp/ccwIo1sg.s:49     .text.calypso_du_stop:0000000000000000 calypso_du_stop
     /tmp/ccwIo1sg.s:57     .text.calypso_du_stop:0000000000000000 $a
     /tmp/ccwIo1sg.s:76     .text.calypso_du_dump:0000000000000000 calypso_du_dump
     /tmp/ccwIo1sg.s:82     .text.calypso_du_dump:0000000000000000 $a
     /tmp/ccwIo1sg.s:108    .text.calypso_du_dump:0000000000000034 $d

UNDEFINED SYMBOLS
calypso_debugunit
puts
printf
