   1              		.file	"rf_tables.c"
   9              	.Ltext0:
  10              		.global	rf_tx_ramps_1900
  11              		.data
  12              		.align	2
  15              	rf_tx_ramps_1900:
  16 0000 00       		.byte	0
  17 0001 00       		.byte	0
  18 0002 00       		.byte	0
  19 0003 00       		.byte	0
  20 0004 00       		.byte	0
  21 0005 00       		.byte	0
  22 0006 07       		.byte	7
  23 0007 00       		.byte	0
  24 0008 00       		.byte	0
  25 0009 10       		.byte	16
  26 000a 1F       		.byte	31
  27 000b 1F       		.byte	31
  28 000c 1F       		.byte	31
  29 000d 0C       		.byte	12
  30 000e 00       		.byte	0
  31 000f 00       		.byte	0
  32 0010 00       		.byte	0
  33 0011 0D       		.byte	13
  34 0012 1F       		.byte	31
  35 0013 1F       		.byte	31
  36 0014 1F       		.byte	31
  37 0015 12       		.byte	18
  38 0016 00       		.byte	0
  39 0017 04       		.byte	4
  40 0018 00       		.byte	0
  41 0019 00       		.byte	0
  42 001a 00       		.byte	0
  43 001b 00       		.byte	0
  44 001c 00       		.byte	0
  45 001d 00       		.byte	0
  46 001e 00       		.byte	0
  47 001f 00       		.byte	0
  48 0020 00       		.byte	0
  49 0021 00       		.byte	0
  50 0022 00       		.byte	0
  51 0023 00       		.byte	0
  52 0024 00       		.byte	0
  53 0025 00       		.byte	0
  54 0026 02       		.byte	2
  55 0027 03       		.byte	3
  56 0028 04       		.byte	4
  57 0029 11       		.byte	17
  58 002a 1E       		.byte	30
  59 002b 1F       		.byte	31
  60 002c 1F       		.byte	31
  61 002d 0A       		.byte	10
  62 002e 00       		.byte	0
  63 002f 00       		.byte	0
  64 0030 00       		.byte	0
  65 0031 0A       		.byte	10
  66 0032 1F       		.byte	31
  67 0033 1F       		.byte	31
  68 0034 1F       		.byte	31
  69 0035 0D       		.byte	13
  70 0036 09       		.byte	9
  71 0037 03       		.byte	3
  72 0038 00       		.byte	0
  73 0039 00       		.byte	0
  74 003a 00       		.byte	0
  75 003b 00       		.byte	0
  76 003c 00       		.byte	0
  77 003d 00       		.byte	0
  78 003e 00       		.byte	0
  79 003f 00       		.byte	0
  80 0040 00       		.byte	0
  81 0041 00       		.byte	0
  82 0042 00       		.byte	0
  83 0043 00       		.byte	0
  84 0044 00       		.byte	0
  85 0045 00       		.byte	0
  86 0046 04       		.byte	4
  87 0047 02       		.byte	2
  88 0048 02       		.byte	2
  89 0049 12       		.byte	18
  90 004a 1F       		.byte	31
  91 004b 1F       		.byte	31
  92 004c 1F       		.byte	31
  93 004d 09       		.byte	9
  94 004e 00       		.byte	0
  95 004f 00       		.byte	0
  96 0050 00       		.byte	0
  97 0051 0A       		.byte	10
  98 0052 1A       		.byte	26
  99 0053 1F       		.byte	31
 100 0054 1F       		.byte	31
 101 0055 10       		.byte	16
 102 0056 0A       		.byte	10
 103 0057 04       		.byte	4
 104 0058 00       		.byte	0
 105 0059 00       		.byte	0
 106 005a 00       		.byte	0
 107 005b 00       		.byte	0
 108 005c 00       		.byte	0
 109 005d 00       		.byte	0
 110 005e 00       		.byte	0
 111 005f 00       		.byte	0
 112 0060 00       		.byte	0
 113 0061 00       		.byte	0
 114 0062 00       		.byte	0
 115 0063 00       		.byte	0
 116 0064 00       		.byte	0
 117 0065 00       		.byte	0
 118 0066 03       		.byte	3
 119 0067 04       		.byte	4
 120 0068 04       		.byte	4
 121 0069 0F       		.byte	15
 122 006a 1F       		.byte	31
 123 006b 1F       		.byte	31
 124 006c 1F       		.byte	31
 125 006d 09       		.byte	9
 126 006e 00       		.byte	0
 127 006f 00       		.byte	0
 128 0070 00       		.byte	0
 129 0071 09       		.byte	9
 130 0072 1F       		.byte	31
 131 0073 1F       		.byte	31
 132 0074 1F       		.byte	31
 133 0075 0D       		.byte	13
 134 0076 06       		.byte	6
 135 0077 07       		.byte	7
 136 0078 00       		.byte	0
 137 0079 00       		.byte	0
 138 007a 00       		.byte	0
 139 007b 00       		.byte	0
 140 007c 00       		.byte	0
 141 007d 00       		.byte	0
 142 007e 00       		.byte	0
 143 007f 00       		.byte	0
 144 0080 00       		.byte	0
 145 0081 00       		.byte	0
 146 0082 00       		.byte	0
 147 0083 00       		.byte	0
 148 0084 00       		.byte	0
 149 0085 00       		.byte	0
 150 0086 04       		.byte	4
 151 0087 03       		.byte	3
 152 0088 00       		.byte	0
 153 0089 12       		.byte	18
 154 008a 1F       		.byte	31
 155 008b 1F       		.byte	31
 156 008c 1F       		.byte	31
 157 008d 0A       		.byte	10
 158 008e 00       		.byte	0
 159 008f 00       		.byte	0
 160 0090 00       		.byte	0
 161 0091 08       		.byte	8
 162 0092 1F       		.byte	31
 163 0093 1F       		.byte	31
 164 0094 1F       		.byte	31
 165 0095 0B       		.byte	11
 166 0096 09       		.byte	9
 167 0097 07       		.byte	7
 168 0098 00       		.byte	0
 169 0099 00       		.byte	0
 170 009a 00       		.byte	0
 171 009b 00       		.byte	0
 172 009c 00       		.byte	0
 173 009d 00       		.byte	0
 174 009e 00       		.byte	0
 175 009f 00       		.byte	0
 176 00a0 00       		.byte	0
 177 00a1 00       		.byte	0
 178 00a2 00       		.byte	0
 179 00a3 00       		.byte	0
 180 00a4 00       		.byte	0
 181 00a5 04       		.byte	4
 182 00a6 03       		.byte	3
 183 00a7 02       		.byte	2
 184 00a8 07       		.byte	7
 185 00a9 0E       		.byte	14
 186 00aa 19       		.byte	25
 187 00ab 1F       		.byte	31
 188 00ac 1F       		.byte	31
 189 00ad 0B       		.byte	11
 190 00ae 00       		.byte	0
 191 00af 00       		.byte	0
 192 00b0 00       		.byte	0
 193 00b1 0E       		.byte	14
 194 00b2 1F       		.byte	31
 195 00b3 1F       		.byte	31
 196 00b4 1F       		.byte	31
 197 00b5 09       		.byte	9
 198 00b6 08       		.byte	8
 199 00b7 04       		.byte	4
 200 00b8 00       		.byte	0
 201 00b9 00       		.byte	0
 202 00ba 00       		.byte	0
 203 00bb 00       		.byte	0
 204 00bc 00       		.byte	0
 205 00bd 00       		.byte	0
 206 00be 00       		.byte	0
 207 00bf 00       		.byte	0
 208 00c0 00       		.byte	0
 209 00c1 00       		.byte	0
 210 00c2 00       		.byte	0
 211 00c3 00       		.byte	0
 212 00c4 00       		.byte	0
 213 00c5 07       		.byte	7
 214 00c6 01       		.byte	1
 215 00c7 03       		.byte	3
 216 00c8 0A       		.byte	10
 217 00c9 0C       		.byte	12
 218 00ca 19       		.byte	25
 219 00cb 1F       		.byte	31
 220 00cc 1F       		.byte	31
 221 00cd 08       		.byte	8
 222 00ce 00       		.byte	0
 223 00cf 00       		.byte	0
 224 00d0 00       		.byte	0
 225 00d1 07       		.byte	7
 226 00d2 1E       		.byte	30
 227 00d3 1F       		.byte	31
 228 00d4 1F       		.byte	31
 229 00d5 0E       		.byte	14
 230 00d6 04       		.byte	4
 231 00d7 06       		.byte	6
 232 00d8 05       		.byte	5
 233 00d9 00       		.byte	0
 234 00da 00       		.byte	0
 235 00db 00       		.byte	0
 236 00dc 00       		.byte	0
 237 00dd 00       		.byte	0
 238 00de 00       		.byte	0
 239 00df 00       		.byte	0
 240 00e0 00       		.byte	0
 241 00e1 00       		.byte	0
 242 00e2 00       		.byte	0
 243 00e3 00       		.byte	0
 244 00e4 03       		.byte	3
 245 00e5 05       		.byte	5
 246 00e6 00       		.byte	0
 247 00e7 05       		.byte	5
 248 00e8 08       		.byte	8
 249 00e9 0C       		.byte	12
 250 00ea 1A       		.byte	26
 251 00eb 1F       		.byte	31
 252 00ec 1F       		.byte	31
 253 00ed 07       		.byte	7
 254 00ee 00       		.byte	0
 255 00ef 00       		.byte	0
 256 00f0 00       		.byte	0
 257 00f1 07       		.byte	7
 258 00f2 1F       		.byte	31
 259 00f3 1F       		.byte	31
 260 00f4 1F       		.byte	31
 261 00f5 0F       		.byte	15
 262 00f6 00       		.byte	0
 263 00f7 08       		.byte	8
 264 00f8 05       		.byte	5
 265 00f9 00       		.byte	0
 266 00fa 00       		.byte	0
 267 00fb 00       		.byte	0
 268 00fc 00       		.byte	0
 269 00fd 00       		.byte	0
 270 00fe 00       		.byte	0
 271 00ff 00       		.byte	0
 272 0100 00       		.byte	0
 273 0101 00       		.byte	0
 274 0102 00       		.byte	0
 275 0103 00       		.byte	0
 276 0104 00       		.byte	0
 277 0105 09       		.byte	9
 278 0106 00       		.byte	0
 279 0107 03       		.byte	3
 280 0108 0A       		.byte	10
 281 0109 10       		.byte	16
 282 010a 15       		.byte	21
 283 010b 1F       		.byte	31
 284 010c 1F       		.byte	31
 285 010d 07       		.byte	7
 286 010e 00       		.byte	0
 287 010f 00       		.byte	0
 288 0110 00       		.byte	0
 289 0111 0B       		.byte	11
 290 0112 1C       		.byte	28
 291 0113 1F       		.byte	31
 292 0114 1B       		.byte	27
 293 0115 0A       		.byte	10
 294 0116 0B       		.byte	11
 295 0117 00       		.byte	0
 296 0118 0A       		.byte	10
 297 0119 00       		.byte	0
 298 011a 00       		.byte	0
 299 011b 00       		.byte	0
 300 011c 00       		.byte	0
 301 011d 00       		.byte	0
 302 011e 00       		.byte	0
 303 011f 00       		.byte	0
 304 0120 00       		.byte	0
 305 0121 00       		.byte	0
 306 0122 00       		.byte	0
 307 0123 00       		.byte	0
 308 0124 00       		.byte	0
 309 0125 0A       		.byte	10
 310 0126 00       		.byte	0
 311 0127 06       		.byte	6
 312 0128 09       		.byte	9
 313 0129 0F       		.byte	15
 314 012a 16       		.byte	22
 315 012b 1D       		.byte	29
 316 012c 1F       		.byte	31
 317 012d 06       		.byte	6
 318 012e 00       		.byte	0
 319 012f 00       		.byte	0
 320 0130 00       		.byte	0
 321 0131 09       		.byte	9
 322 0132 16       		.byte	22
 323 0133 1F       		.byte	31
 324 0134 1F       		.byte	31
 325 0135 0C       		.byte	12
 326 0136 05       		.byte	5
 327 0137 00       		.byte	0
 328 0138 12       		.byte	18
 329 0139 00       		.byte	0
 330 013a 00       		.byte	0
 331 013b 00       		.byte	0
 332 013c 00       		.byte	0
 333 013d 00       		.byte	0
 334 013e 00       		.byte	0
 335 013f 00       		.byte	0
 336 0140 00       		.byte	0
 337 0141 00       		.byte	0
 338 0142 00       		.byte	0
 339 0143 00       		.byte	0
 340 0144 0E       		.byte	14
 341 0145 00       		.byte	0
 342 0146 00       		.byte	0
 343 0147 04       		.byte	4
 344 0148 0A       		.byte	10
 345 0149 14       		.byte	20
 346 014a 15       		.byte	21
 347 014b 1D       		.byte	29
 348 014c 18       		.byte	24
 349 014d 06       		.byte	6
 350 014e 00       		.byte	0
 351 014f 00       		.byte	0
 352 0150 00       		.byte	0
 353 0151 08       		.byte	8
 354 0152 1C       		.byte	28
 355 0153 1D       		.byte	29
 356 0154 1A       		.byte	26
 357 0155 0E       		.byte	14
 358 0156 06       		.byte	6
 359 0157 00       		.byte	0
 360 0158 11       		.byte	17
 361 0159 00       		.byte	0
 362 015a 00       		.byte	0
 363 015b 00       		.byte	0
 364 015c 00       		.byte	0
 365 015d 00       		.byte	0
 366 015e 00       		.byte	0
 367 015f 00       		.byte	0
 368 0160 00       		.byte	0
 369 0161 00       		.byte	0
 370 0162 00       		.byte	0
 371 0163 00       		.byte	0
 372 0164 10       		.byte	16
 373 0165 00       		.byte	0
 374 0166 03       		.byte	3
 375 0167 05       		.byte	5
 376 0168 08       		.byte	8
 377 0169 10       		.byte	16
 378 016a 1F       		.byte	31
 379 016b 1C       		.byte	28
 380 016c 12       		.byte	18
 381 016d 03       		.byte	3
 382 016e 00       		.byte	0
 383 016f 00       		.byte	0
 384 0170 00       		.byte	0
 385 0171 06       		.byte	6
 386 0172 12       		.byte	18
 387 0173 1A       		.byte	26
 388 0174 1F       		.byte	31
 389 0175 10       		.byte	16
 390 0176 09       		.byte	9
 391 0177 07       		.byte	7
 392 0178 00       		.byte	0
 393 0179 0F       		.byte	15
 394 017a 00       		.byte	0
 395 017b 00       		.byte	0
 396 017c 00       		.byte	0
 397 017d 00       		.byte	0
 398 017e 00       		.byte	0
 399 017f 00       		.byte	0
 400 0180 00       		.byte	0
 401 0181 00       		.byte	0
 402 0182 00       		.byte	0
 403 0183 00       		.byte	0
 404 0184 13       		.byte	19
 405 0185 00       		.byte	0
 406 0186 03       		.byte	3
 407 0187 06       		.byte	6
 408 0188 08       		.byte	8
 409 0189 15       		.byte	21
 410 018a 18       		.byte	24
 411 018b 1F       		.byte	31
 412 018c 0E       		.byte	14
 413 018d 02       		.byte	2
 414 018e 00       		.byte	0
 415 018f 00       		.byte	0
 416 0190 00       		.byte	0
 417 0191 00       		.byte	0
 418 0192 0C       		.byte	12
 419 0193 1F       		.byte	31
 420 0194 1F       		.byte	31
 421 0195 1B       		.byte	27
 422 0196 04       		.byte	4
 423 0197 00       		.byte	0
 424 0198 17       		.byte	23
 425 0199 00       		.byte	0
 426 019a 00       		.byte	0
 427 019b 00       		.byte	0
 428 019c 00       		.byte	0
 429 019d 00       		.byte	0
 430 019e 00       		.byte	0
 431 019f 00       		.byte	0
 432 01a0 00       		.byte	0
 433 01a1 00       		.byte	0
 434 01a2 00       		.byte	0
 435 01a3 00       		.byte	0
 436 01a4 00       		.byte	0
 437 01a5 0E       		.byte	14
 438 01a6 0E       		.byte	14
 439 01a7 00       		.byte	0
 440 01a8 00       		.byte	0
 441 01a9 18       		.byte	24
 442 01aa 1F       		.byte	31
 443 01ab 1F       		.byte	31
 444 01ac 0E       		.byte	14
 445 01ad 00       		.byte	0
 446 01ae 00       		.byte	0
 447 01af 00       		.byte	0
 448 01b0 00       		.byte	0
 449 01b1 00       		.byte	0
 450 01b2 0B       		.byte	11
 451 01b3 1F       		.byte	31
 452 01b4 1F       		.byte	31
 453 01b5 16       		.byte	22
 454 01b6 0B       		.byte	11
 455 01b7 03       		.byte	3
 456 01b8 13       		.byte	19
 457 01b9 00       		.byte	0
 458 01ba 00       		.byte	0
 459 01bb 00       		.byte	0
 460 01bc 00       		.byte	0
 461 01bd 00       		.byte	0
 462 01be 00       		.byte	0
 463 01bf 00       		.byte	0
 464 01c0 00       		.byte	0
 465 01c1 00       		.byte	0
 466 01c2 00       		.byte	0
 467 01c3 00       		.byte	0
 468 01c4 00       		.byte	0
 469 01c5 1E       		.byte	30
 470 01c6 01       		.byte	1
 471 01c7 04       		.byte	4
 472 01c8 08       		.byte	8
 473 01c9 12       		.byte	18
 474 01ca 1F       		.byte	31
 475 01cb 1F       		.byte	31
 476 01cc 05       		.byte	5
 477 01cd 00       		.byte	0
 478 01ce 00       		.byte	0
 479 01cf 00       		.byte	0
 480 01d0 00       		.byte	0
 481 01d1 00       		.byte	0
 482 01d2 08       		.byte	8
 483 01d3 1F       		.byte	31
 484 01d4 1F       		.byte	31
 485 01d5 16       		.byte	22
 486 01d6 05       		.byte	5
 487 01d7 00       		.byte	0
 488 01d8 1F       		.byte	31
 489 01d9 00       		.byte	0
 490 01da 00       		.byte	0
 491 01db 00       		.byte	0
 492 01dc 00       		.byte	0
 493 01dd 00       		.byte	0
 494 01de 00       		.byte	0
 495 01df 00       		.byte	0
 496 01e0 00       		.byte	0
 497 01e1 00       		.byte	0
 498 01e2 00       		.byte	0
 499 01e3 00       		.byte	0
 500 01e4 00       		.byte	0
 501 01e5 1E       		.byte	30
 502 01e6 01       		.byte	1
 503 01e7 04       		.byte	4
 504 01e8 08       		.byte	8
 505 01e9 12       		.byte	18
 506 01ea 1F       		.byte	31
 507 01eb 1F       		.byte	31
 508 01ec 05       		.byte	5
 509 01ed 00       		.byte	0
 510 01ee 00       		.byte	0
 511 01ef 00       		.byte	0
 512 01f0 00       		.byte	0
 513 01f1 00       		.byte	0
 514 01f2 08       		.byte	8
 515 01f3 1F       		.byte	31
 516 01f4 1F       		.byte	31
 517 01f5 16       		.byte	22
 518 01f6 05       		.byte	5
 519 01f7 00       		.byte	0
 520 01f8 1F       		.byte	31
 521 01f9 00       		.byte	0
 522 01fa 00       		.byte	0
 523 01fb 00       		.byte	0
 524 01fc 00       		.byte	0
 525 01fd 00       		.byte	0
 526 01fe 00       		.byte	0
 527 01ff 00       		.byte	0
 528              		.global	rf_tx_ramps_1800
 529              		.align	2
 532              	rf_tx_ramps_1800:
 533 0200 00       		.byte	0
 534 0201 00       		.byte	0
 535 0202 00       		.byte	0
 536 0203 00       		.byte	0
 537 0204 00       		.byte	0
 538 0205 00       		.byte	0
 539 0206 02       		.byte	2
 540 0207 03       		.byte	3
 541 0208 05       		.byte	5
 542 0209 10       		.byte	16
 543 020a 1F       		.byte	31
 544 020b 1F       		.byte	31
 545 020c 1F       		.byte	31
 546 020d 09       		.byte	9
 547 020e 00       		.byte	0
 548 020f 00       		.byte	0
 549 0210 00       		.byte	0
 550 0211 0B       		.byte	11
 551 0212 1F       		.byte	31
 552 0213 1F       		.byte	31
 553 0214 1F       		.byte	31
 554 0215 0A       		.byte	10
 555 0216 0B       		.byte	11
 556 0217 03       		.byte	3
 557 0218 00       		.byte	0
 558 0219 00       		.byte	0
 559 021a 00       		.byte	0
 560 021b 00       		.byte	0
 561 021c 00       		.byte	0
 562 021d 00       		.byte	0
 563 021e 00       		.byte	0
 564 021f 00       		.byte	0
 565 0220 00       		.byte	0
 566 0221 00       		.byte	0
 567 0222 00       		.byte	0
 568 0223 00       		.byte	0
 569 0224 00       		.byte	0
 570 0225 00       		.byte	0
 571 0226 02       		.byte	2
 572 0227 03       		.byte	3
 573 0228 04       		.byte	4
 574 0229 11       		.byte	17
 575 022a 1E       		.byte	30
 576 022b 1F       		.byte	31
 577 022c 1F       		.byte	31
 578 022d 0A       		.byte	10
 579 022e 00       		.byte	0
 580 022f 00       		.byte	0
 581 0230 00       		.byte	0
 582 0231 0A       		.byte	10
 583 0232 1F       		.byte	31
 584 0233 1F       		.byte	31
 585 0234 1F       		.byte	31
 586 0235 0D       		.byte	13
 587 0236 09       		.byte	9
 588 0237 03       		.byte	3
 589 0238 00       		.byte	0
 590 0239 00       		.byte	0
 591 023a 00       		.byte	0
 592 023b 00       		.byte	0
 593 023c 00       		.byte	0
 594 023d 00       		.byte	0
 595 023e 00       		.byte	0
 596 023f 00       		.byte	0
 597 0240 00       		.byte	0
 598 0241 00       		.byte	0
 599 0242 00       		.byte	0
 600 0243 00       		.byte	0
 601 0244 00       		.byte	0
 602 0245 00       		.byte	0
 603 0246 04       		.byte	4
 604 0247 02       		.byte	2
 605 0248 02       		.byte	2
 606 0249 12       		.byte	18
 607 024a 1F       		.byte	31
 608 024b 1F       		.byte	31
 609 024c 1F       		.byte	31
 610 024d 09       		.byte	9
 611 024e 00       		.byte	0
 612 024f 00       		.byte	0
 613 0250 00       		.byte	0
 614 0251 0A       		.byte	10
 615 0252 1A       		.byte	26
 616 0253 1F       		.byte	31
 617 0254 1F       		.byte	31
 618 0255 10       		.byte	16
 619 0256 0A       		.byte	10
 620 0257 04       		.byte	4
 621 0258 00       		.byte	0
 622 0259 00       		.byte	0
 623 025a 00       		.byte	0
 624 025b 00       		.byte	0
 625 025c 00       		.byte	0
 626 025d 00       		.byte	0
 627 025e 00       		.byte	0
 628 025f 00       		.byte	0
 629 0260 00       		.byte	0
 630 0261 00       		.byte	0
 631 0262 00       		.byte	0
 632 0263 00       		.byte	0
 633 0264 00       		.byte	0
 634 0265 00       		.byte	0
 635 0266 03       		.byte	3
 636 0267 04       		.byte	4
 637 0268 04       		.byte	4
 638 0269 0F       		.byte	15
 639 026a 1F       		.byte	31
 640 026b 1F       		.byte	31
 641 026c 1F       		.byte	31
 642 026d 09       		.byte	9
 643 026e 00       		.byte	0
 644 026f 00       		.byte	0
 645 0270 00       		.byte	0
 646 0271 09       		.byte	9
 647 0272 1F       		.byte	31
 648 0273 1F       		.byte	31
 649 0274 1F       		.byte	31
 650 0275 0D       		.byte	13
 651 0276 06       		.byte	6
 652 0277 07       		.byte	7
 653 0278 00       		.byte	0
 654 0279 00       		.byte	0
 655 027a 00       		.byte	0
 656 027b 00       		.byte	0
 657 027c 00       		.byte	0
 658 027d 00       		.byte	0
 659 027e 00       		.byte	0
 660 027f 00       		.byte	0
 661 0280 00       		.byte	0
 662 0281 00       		.byte	0
 663 0282 00       		.byte	0
 664 0283 00       		.byte	0
 665 0284 00       		.byte	0
 666 0285 00       		.byte	0
 667 0286 04       		.byte	4
 668 0287 03       		.byte	3
 669 0288 07       		.byte	7
 670 0289 0B       		.byte	11
 671 028a 1F       		.byte	31
 672 028b 1F       		.byte	31
 673 028c 1F       		.byte	31
 674 028d 0A       		.byte	10
 675 028e 00       		.byte	0
 676 028f 00       		.byte	0
 677 0290 00       		.byte	0
 678 0291 08       		.byte	8
 679 0292 1F       		.byte	31
 680 0293 1F       		.byte	31
 681 0294 1F       		.byte	31
 682 0295 0B       		.byte	11
 683 0296 09       		.byte	9
 684 0297 07       		.byte	7
 685 0298 00       		.byte	0
 686 0299 00       		.byte	0
 687 029a 00       		.byte	0
 688 029b 00       		.byte	0
 689 029c 00       		.byte	0
 690 029d 00       		.byte	0
 691 029e 00       		.byte	0
 692 029f 00       		.byte	0
 693 02a0 00       		.byte	0
 694 02a1 00       		.byte	0
 695 02a2 00       		.byte	0
 696 02a3 00       		.byte	0
 697 02a4 00       		.byte	0
 698 02a5 04       		.byte	4
 699 02a6 03       		.byte	3
 700 02a7 02       		.byte	2
 701 02a8 07       		.byte	7
 702 02a9 0E       		.byte	14
 703 02aa 19       		.byte	25
 704 02ab 1F       		.byte	31
 705 02ac 1F       		.byte	31
 706 02ad 0B       		.byte	11
 707 02ae 00       		.byte	0
 708 02af 00       		.byte	0
 709 02b0 00       		.byte	0
 710 02b1 0E       		.byte	14
 711 02b2 1F       		.byte	31
 712 02b3 1F       		.byte	31
 713 02b4 1F       		.byte	31
 714 02b5 09       		.byte	9
 715 02b6 08       		.byte	8
 716 02b7 04       		.byte	4
 717 02b8 00       		.byte	0
 718 02b9 00       		.byte	0
 719 02ba 00       		.byte	0
 720 02bb 00       		.byte	0
 721 02bc 00       		.byte	0
 722 02bd 00       		.byte	0
 723 02be 00       		.byte	0
 724 02bf 00       		.byte	0
 725 02c0 00       		.byte	0
 726 02c1 00       		.byte	0
 727 02c2 00       		.byte	0
 728 02c3 00       		.byte	0
 729 02c4 00       		.byte	0
 730 02c5 07       		.byte	7
 731 02c6 01       		.byte	1
 732 02c7 03       		.byte	3
 733 02c8 0A       		.byte	10
 734 02c9 0C       		.byte	12
 735 02ca 19       		.byte	25
 736 02cb 1F       		.byte	31
 737 02cc 1F       		.byte	31
 738 02cd 08       		.byte	8
 739 02ce 00       		.byte	0
 740 02cf 00       		.byte	0
 741 02d0 00       		.byte	0
 742 02d1 07       		.byte	7
 743 02d2 1E       		.byte	30
 744 02d3 1F       		.byte	31
 745 02d4 1F       		.byte	31
 746 02d5 0E       		.byte	14
 747 02d6 04       		.byte	4
 748 02d7 06       		.byte	6
 749 02d8 05       		.byte	5
 750 02d9 00       		.byte	0
 751 02da 00       		.byte	0
 752 02db 00       		.byte	0
 753 02dc 00       		.byte	0
 754 02dd 00       		.byte	0
 755 02de 00       		.byte	0
 756 02df 00       		.byte	0
 757 02e0 00       		.byte	0
 758 02e1 00       		.byte	0
 759 02e2 00       		.byte	0
 760 02e3 00       		.byte	0
 761 02e4 03       		.byte	3
 762 02e5 05       		.byte	5
 763 02e6 00       		.byte	0
 764 02e7 05       		.byte	5
 765 02e8 08       		.byte	8
 766 02e9 0C       		.byte	12
 767 02ea 1A       		.byte	26
 768 02eb 1F       		.byte	31
 769 02ec 1F       		.byte	31
 770 02ed 07       		.byte	7
 771 02ee 00       		.byte	0
 772 02ef 00       		.byte	0
 773 02f0 00       		.byte	0
 774 02f1 07       		.byte	7
 775 02f2 1F       		.byte	31
 776 02f3 1F       		.byte	31
 777 02f4 1F       		.byte	31
 778 02f5 0F       		.byte	15
 779 02f6 00       		.byte	0
 780 02f7 08       		.byte	8
 781 02f8 05       		.byte	5
 782 02f9 00       		.byte	0
 783 02fa 00       		.byte	0
 784 02fb 00       		.byte	0
 785 02fc 00       		.byte	0
 786 02fd 00       		.byte	0
 787 02fe 00       		.byte	0
 788 02ff 00       		.byte	0
 789 0300 00       		.byte	0
 790 0301 00       		.byte	0
 791 0302 00       		.byte	0
 792 0303 00       		.byte	0
 793 0304 00       		.byte	0
 794 0305 09       		.byte	9
 795 0306 00       		.byte	0
 796 0307 03       		.byte	3
 797 0308 0A       		.byte	10
 798 0309 10       		.byte	16
 799 030a 15       		.byte	21
 800 030b 1F       		.byte	31
 801 030c 1F       		.byte	31
 802 030d 07       		.byte	7
 803 030e 00       		.byte	0
 804 030f 00       		.byte	0
 805 0310 00       		.byte	0
 806 0311 0B       		.byte	11
 807 0312 1C       		.byte	28
 808 0313 1F       		.byte	31
 809 0314 1B       		.byte	27
 810 0315 0A       		.byte	10
 811 0316 0B       		.byte	11
 812 0317 00       		.byte	0
 813 0318 0A       		.byte	10
 814 0319 00       		.byte	0
 815 031a 00       		.byte	0
 816 031b 00       		.byte	0
 817 031c 00       		.byte	0
 818 031d 00       		.byte	0
 819 031e 00       		.byte	0
 820 031f 00       		.byte	0
 821 0320 00       		.byte	0
 822 0321 00       		.byte	0
 823 0322 00       		.byte	0
 824 0323 00       		.byte	0
 825 0324 00       		.byte	0
 826 0325 0A       		.byte	10
 827 0326 00       		.byte	0
 828 0327 06       		.byte	6
 829 0328 09       		.byte	9
 830 0329 0F       		.byte	15
 831 032a 16       		.byte	22
 832 032b 1D       		.byte	29
 833 032c 1F       		.byte	31
 834 032d 06       		.byte	6
 835 032e 00       		.byte	0
 836 032f 00       		.byte	0
 837 0330 00       		.byte	0
 838 0331 09       		.byte	9
 839 0332 16       		.byte	22
 840 0333 1F       		.byte	31
 841 0334 1F       		.byte	31
 842 0335 0C       		.byte	12
 843 0336 05       		.byte	5
 844 0337 00       		.byte	0
 845 0338 12       		.byte	18
 846 0339 00       		.byte	0
 847 033a 00       		.byte	0
 848 033b 00       		.byte	0
 849 033c 00       		.byte	0
 850 033d 00       		.byte	0
 851 033e 00       		.byte	0
 852 033f 00       		.byte	0
 853 0340 00       		.byte	0
 854 0341 00       		.byte	0
 855 0342 00       		.byte	0
 856 0343 00       		.byte	0
 857 0344 0E       		.byte	14
 858 0345 00       		.byte	0
 859 0346 00       		.byte	0
 860 0347 08       		.byte	8
 861 0348 06       		.byte	6
 862 0349 14       		.byte	20
 863 034a 15       		.byte	21
 864 034b 1D       		.byte	29
 865 034c 18       		.byte	24
 866 034d 06       		.byte	6
 867 034e 00       		.byte	0
 868 034f 00       		.byte	0
 869 0350 00       		.byte	0
 870 0351 08       		.byte	8
 871 0352 1C       		.byte	28
 872 0353 1D       		.byte	29
 873 0354 1A       		.byte	26
 874 0355 0E       		.byte	14
 875 0356 06       		.byte	6
 876 0357 00       		.byte	0
 877 0358 11       		.byte	17
 878 0359 00       		.byte	0
 879 035a 00       		.byte	0
 880 035b 00       		.byte	0
 881 035c 00       		.byte	0
 882 035d 00       		.byte	0
 883 035e 00       		.byte	0
 884 035f 00       		.byte	0
 885 0360 00       		.byte	0
 886 0361 00       		.byte	0
 887 0362 00       		.byte	0
 888 0363 00       		.byte	0
 889 0364 10       		.byte	16
 890 0365 00       		.byte	0
 891 0366 03       		.byte	3
 892 0367 05       		.byte	5
 893 0368 08       		.byte	8
 894 0369 10       		.byte	16
 895 036a 1F       		.byte	31
 896 036b 1C       		.byte	28
 897 036c 12       		.byte	18
 898 036d 03       		.byte	3
 899 036e 00       		.byte	0
 900 036f 00       		.byte	0
 901 0370 00       		.byte	0
 902 0371 06       		.byte	6
 903 0372 12       		.byte	18
 904 0373 1A       		.byte	26
 905 0374 1F       		.byte	31
 906 0375 10       		.byte	16
 907 0376 09       		.byte	9
 908 0377 07       		.byte	7
 909 0378 00       		.byte	0
 910 0379 0F       		.byte	15
 911 037a 00       		.byte	0
 912 037b 00       		.byte	0
 913 037c 00       		.byte	0
 914 037d 00       		.byte	0
 915 037e 00       		.byte	0
 916 037f 00       		.byte	0
 917 0380 00       		.byte	0
 918 0381 00       		.byte	0
 919 0382 00       		.byte	0
 920 0383 00       		.byte	0
 921 0384 13       		.byte	19
 922 0385 00       		.byte	0
 923 0386 03       		.byte	3
 924 0387 06       		.byte	6
 925 0388 08       		.byte	8
 926 0389 15       		.byte	21
 927 038a 18       		.byte	24
 928 038b 1F       		.byte	31
 929 038c 0E       		.byte	14
 930 038d 02       		.byte	2
 931 038e 00       		.byte	0
 932 038f 00       		.byte	0
 933 0390 00       		.byte	0
 934 0391 00       		.byte	0
 935 0392 0C       		.byte	12
 936 0393 1F       		.byte	31
 937 0394 1F       		.byte	31
 938 0395 1B       		.byte	27
 939 0396 04       		.byte	4
 940 0397 00       		.byte	0
 941 0398 17       		.byte	23
 942 0399 00       		.byte	0
 943 039a 00       		.byte	0
 944 039b 00       		.byte	0
 945 039c 00       		.byte	0
 946 039d 00       		.byte	0
 947 039e 00       		.byte	0
 948 039f 00       		.byte	0
 949 03a0 00       		.byte	0
 950 03a1 00       		.byte	0
 951 03a2 00       		.byte	0
 952 03a3 00       		.byte	0
 953 03a4 00       		.byte	0
 954 03a5 0E       		.byte	14
 955 03a6 0E       		.byte	14
 956 03a7 00       		.byte	0
 957 03a8 00       		.byte	0
 958 03a9 18       		.byte	24
 959 03aa 1F       		.byte	31
 960 03ab 1F       		.byte	31
 961 03ac 0E       		.byte	14
 962 03ad 00       		.byte	0
 963 03ae 00       		.byte	0
 964 03af 00       		.byte	0
 965 03b0 00       		.byte	0
 966 03b1 00       		.byte	0
 967 03b2 0B       		.byte	11
 968 03b3 1F       		.byte	31
 969 03b4 1F       		.byte	31
 970 03b5 16       		.byte	22
 971 03b6 0B       		.byte	11
 972 03b7 03       		.byte	3
 973 03b8 13       		.byte	19
 974 03b9 00       		.byte	0
 975 03ba 00       		.byte	0
 976 03bb 00       		.byte	0
 977 03bc 00       		.byte	0
 978 03bd 00       		.byte	0
 979 03be 00       		.byte	0
 980 03bf 00       		.byte	0
 981 03c0 00       		.byte	0
 982 03c1 00       		.byte	0
 983 03c2 00       		.byte	0
 984 03c3 00       		.byte	0
 985 03c4 00       		.byte	0
 986 03c5 1E       		.byte	30
 987 03c6 01       		.byte	1
 988 03c7 04       		.byte	4
 989 03c8 08       		.byte	8
 990 03c9 12       		.byte	18
 991 03ca 1F       		.byte	31
 992 03cb 1F       		.byte	31
 993 03cc 05       		.byte	5
 994 03cd 00       		.byte	0
 995 03ce 00       		.byte	0
 996 03cf 00       		.byte	0
 997 03d0 00       		.byte	0
 998 03d1 00       		.byte	0
 999 03d2 08       		.byte	8
 1000 03d3 1F       		.byte	31
 1001 03d4 1F       		.byte	31
 1002 03d5 16       		.byte	22
 1003 03d6 05       		.byte	5
 1004 03d7 00       		.byte	0
 1005 03d8 1F       		.byte	31
 1006 03d9 00       		.byte	0
 1007 03da 00       		.byte	0
 1008 03db 00       		.byte	0
 1009 03dc 00       		.byte	0
 1010 03dd 00       		.byte	0
 1011 03de 00       		.byte	0
 1012 03df 00       		.byte	0
 1013 03e0 00       		.byte	0
 1014 03e1 00       		.byte	0
 1015 03e2 00       		.byte	0
 1016 03e3 00       		.byte	0
 1017 03e4 00       		.byte	0
 1018 03e5 1F       		.byte	31
 1019 03e6 0D       		.byte	13
 1020 03e7 00       		.byte	0
 1021 03e8 00       		.byte	0
 1022 03e9 0E       		.byte	14
 1023 03ea 1F       		.byte	31
 1024 03eb 1F       		.byte	31
 1025 03ec 08       		.byte	8
 1026 03ed 00       		.byte	0
 1027 03ee 00       		.byte	0
 1028 03ef 00       		.byte	0
 1029 03f0 00       		.byte	0
 1030 03f1 00       		.byte	0
 1031 03f2 04       		.byte	4
 1032 03f3 1F       		.byte	31
 1033 03f4 1F       		.byte	31
 1034 03f5 19       		.byte	25
 1035 03f6 05       		.byte	5
 1036 03f7 00       		.byte	0
 1037 03f8 05       		.byte	5
 1038 03f9 1A       		.byte	26
 1039 03fa 01       		.byte	1
 1040 03fb 00       		.byte	0
 1041 03fc 00       		.byte	0
 1042 03fd 00       		.byte	0
 1043 03fe 00       		.byte	0
 1044 03ff 00       		.byte	0
 1045              		.global	rf_tx_ramps_900
 1046              		.align	2
 1049              	rf_tx_ramps_900:
 1050 0400 00       		.byte	0
 1051 0401 00       		.byte	0
 1052 0402 00       		.byte	0
 1053 0403 00       		.byte	0
 1054 0404 00       		.byte	0
 1055 0405 00       		.byte	0
 1056 0406 00       		.byte	0
 1057 0407 00       		.byte	0
 1058 0408 09       		.byte	9
 1059 0409 12       		.byte	18
 1060 040a 19       		.byte	25
 1061 040b 1F       		.byte	31
 1062 040c 1E       		.byte	30
 1063 040d 0F       		.byte	15
 1064 040e 00       		.byte	0
 1065 040f 00       		.byte	0
 1066 0410 00       		.byte	0
 1067 0411 0B       		.byte	11
 1068 0412 1F       		.byte	31
 1069 0413 1F       		.byte	31
 1070 0414 1F       		.byte	31
 1071 0415 18       		.byte	24
 1072 0416 00       		.byte	0
 1073 0417 00       		.byte	0
 1074 0418 00       		.byte	0
 1075 0419 00       		.byte	0
 1076 041a 00       		.byte	0
 1077 041b 00       		.byte	0
 1078 041c 00       		.byte	0
 1079 041d 00       		.byte	0
 1080 041e 00       		.byte	0
 1081 041f 00       		.byte	0
 1082 0420 00       		.byte	0
 1083 0421 00       		.byte	0
 1084 0422 00       		.byte	0
 1085 0423 00       		.byte	0
 1086 0424 00       		.byte	0
 1087 0425 00       		.byte	0
 1088 0426 01       		.byte	1
 1089 0427 01       		.byte	1
 1090 0428 07       		.byte	7
 1091 0429 10       		.byte	16
 1092 042a 1C       		.byte	28
 1093 042b 1F       		.byte	31
 1094 042c 1F       		.byte	31
 1095 042d 0D       		.byte	13
 1096 042e 00       		.byte	0
 1097 042f 00       		.byte	0
 1098 0430 00       		.byte	0
 1099 0431 08       		.byte	8
 1100 0432 1F       		.byte	31
 1101 0433 1F       		.byte	31
 1102 0434 1F       		.byte	31
 1103 0435 1B       		.byte	27
 1104 0436 00       		.byte	0
 1105 0437 00       		.byte	0
 1106 0438 00       		.byte	0
 1107 0439 00       		.byte	0
 1108 043a 00       		.byte	0
 1109 043b 00       		.byte	0
 1110 043c 00       		.byte	0
 1111 043d 00       		.byte	0
 1112 043e 00       		.byte	0
 1113 043f 00       		.byte	0
 1114 0440 00       		.byte	0
 1115 0441 00       		.byte	0
 1116 0442 00       		.byte	0
 1117 0443 00       		.byte	0
 1118 0444 00       		.byte	0
 1119 0445 00       		.byte	0
 1120 0446 01       		.byte	1
 1121 0447 01       		.byte	1
 1122 0448 08       		.byte	8
 1123 0449 10       		.byte	16
 1124 044a 1D       		.byte	29
 1125 044b 1F       		.byte	31
 1126 044c 1F       		.byte	31
 1127 044d 0B       		.byte	11
 1128 044e 00       		.byte	0
 1129 044f 00       		.byte	0
 1130 0450 00       		.byte	0
 1131 0451 08       		.byte	8
 1132 0452 1C       		.byte	28
 1133 0453 1F       		.byte	31
 1134 0454 1F       		.byte	31
 1135 0455 1E       		.byte	30
 1136 0456 00       		.byte	0
 1137 0457 00       		.byte	0
 1138 0458 00       		.byte	0
 1139 0459 00       		.byte	0
 1140 045a 00       		.byte	0
 1141 045b 00       		.byte	0
 1142 045c 00       		.byte	0
 1143 045d 00       		.byte	0
 1144 045e 00       		.byte	0
 1145 045f 00       		.byte	0
 1146 0460 00       		.byte	0
 1147 0461 00       		.byte	0
 1148 0462 00       		.byte	0
 1149 0463 00       		.byte	0
 1150 0464 00       		.byte	0
 1151 0465 00       		.byte	0
 1152 0466 02       		.byte	2
 1153 0467 00       		.byte	0
 1154 0468 06       		.byte	6
 1155 0469 12       		.byte	18
 1156 046a 1C       		.byte	28
 1157 046b 1F       		.byte	31
 1158 046c 1F       		.byte	31
 1159 046d 0C       		.byte	12
 1160 046e 00       		.byte	0
 1161 046f 00       		.byte	0
 1162 0470 00       		.byte	0
 1163 0471 09       		.byte	9
 1164 0472 18       		.byte	24
 1165 0473 1F       		.byte	31
 1166 0474 1F       		.byte	31
 1167 0475 1F       		.byte	31
 1168 0476 02       		.byte	2
 1169 0477 00       		.byte	0
 1170 0478 00       		.byte	0
 1171 0479 00       		.byte	0
 1172 047a 00       		.byte	0
 1173 047b 00       		.byte	0
 1174 047c 00       		.byte	0
 1175 047d 00       		.byte	0
 1176 047e 00       		.byte	0
 1177 047f 00       		.byte	0
 1178 0480 00       		.byte	0
 1179 0481 00       		.byte	0
 1180 0482 00       		.byte	0
 1181 0483 00       		.byte	0
 1182 0484 00       		.byte	0
 1183 0485 00       		.byte	0
 1184 0486 03       		.byte	3
 1185 0487 00       		.byte	0
 1186 0488 05       		.byte	5
 1187 0489 13       		.byte	19
 1188 048a 1F       		.byte	31
 1189 048b 1F       		.byte	31
 1190 048c 1F       		.byte	31
 1191 048d 08       		.byte	8
 1192 048e 00       		.byte	0
 1193 048f 00       		.byte	0
 1194 0490 00       		.byte	0
 1195 0491 07       		.byte	7
 1196 0492 1F       		.byte	31
 1197 0493 1F       		.byte	31
 1198 0494 1F       		.byte	31
 1199 0495 1C       		.byte	28
 1200 0496 00       		.byte	0
 1201 0497 00       		.byte	0
 1202 0498 00       		.byte	0
 1203 0499 00       		.byte	0
 1204 049a 00       		.byte	0
 1205 049b 00       		.byte	0
 1206 049c 00       		.byte	0
 1207 049d 00       		.byte	0
 1208 049e 00       		.byte	0
 1209 049f 00       		.byte	0
 1210 04a0 00       		.byte	0
 1211 04a1 00       		.byte	0
 1212 04a2 00       		.byte	0
 1213 04a3 00       		.byte	0
 1214 04a4 00       		.byte	0
 1215 04a5 00       		.byte	0
 1216 04a6 02       		.byte	2
 1217 04a7 00       		.byte	0
 1218 04a8 07       		.byte	7
 1219 04a9 12       		.byte	18
 1220 04aa 1F       		.byte	31
 1221 04ab 1F       		.byte	31
 1222 04ac 1F       		.byte	31
 1223 04ad 08       		.byte	8
 1224 04ae 00       		.byte	0
 1225 04af 00       		.byte	0
 1226 04b0 00       		.byte	0
 1227 04b1 07       		.byte	7
 1228 04b2 1F       		.byte	31
 1229 04b3 1F       		.byte	31
 1230 04b4 1F       		.byte	31
 1231 04b5 1C       		.byte	28
 1232 04b6 00       		.byte	0
 1233 04b7 00       		.byte	0
 1234 04b8 00       		.byte	0
 1235 04b9 00       		.byte	0
 1236 04ba 00       		.byte	0
 1237 04bb 00       		.byte	0
 1238 04bc 00       		.byte	0
 1239 04bd 00       		.byte	0
 1240 04be 00       		.byte	0
 1241 04bf 00       		.byte	0
 1242 04c0 00       		.byte	0
 1243 04c1 00       		.byte	0
 1244 04c2 00       		.byte	0
 1245 04c3 00       		.byte	0
 1246 04c4 00       		.byte	0
 1247 04c5 00       		.byte	0
 1248 04c6 03       		.byte	3
 1249 04c7 00       		.byte	0
 1250 04c8 05       		.byte	5
 1251 04c9 14       		.byte	20
 1252 04ca 1F       		.byte	31
 1253 04cb 1F       		.byte	31
 1254 04cc 1F       		.byte	31
 1255 04cd 07       		.byte	7
 1256 04ce 00       		.byte	0
 1257 04cf 00       		.byte	0
 1258 04d0 00       		.byte	0
 1259 04d1 0A       		.byte	10
 1260 04d2 15       		.byte	21
 1261 04d3 1F       		.byte	31
 1262 04d4 1F       		.byte	31
 1263 04d5 1F       		.byte	31
 1264 04d6 04       		.byte	4
 1265 04d7 00       		.byte	0
 1266 04d8 00       		.byte	0
 1267 04d9 00       		.byte	0
 1268 04da 00       		.byte	0
 1269 04db 00       		.byte	0
 1270 04dc 00       		.byte	0
 1271 04dd 00       		.byte	0
 1272 04de 00       		.byte	0
 1273 04df 00       		.byte	0
 1274 04e0 00       		.byte	0
 1275 04e1 00       		.byte	0
 1276 04e2 00       		.byte	0
 1277 04e3 00       		.byte	0
 1278 04e4 00       		.byte	0
 1279 04e5 00       		.byte	0
 1280 04e6 04       		.byte	4
 1281 04e7 00       		.byte	0
 1282 04e8 09       		.byte	9
 1283 04e9 17       		.byte	23
 1284 04ea 16       		.byte	22
 1285 04eb 1F       		.byte	31
 1286 04ec 1F       		.byte	31
 1287 04ed 08       		.byte	8
 1288 04ee 00       		.byte	0
 1289 04ef 00       		.byte	0
 1290 04f0 00       		.byte	0
 1291 04f1 09       		.byte	9
 1292 04f2 18       		.byte	24
 1293 04f3 1E       		.byte	30
 1294 04f4 1F       		.byte	31
 1295 04f5 1E       		.byte	30
 1296 04f6 04       		.byte	4
 1297 04f7 00       		.byte	0
 1298 04f8 00       		.byte	0
 1299 04f9 00       		.byte	0
 1300 04fa 00       		.byte	0
 1301 04fb 00       		.byte	0
 1302 04fc 00       		.byte	0
 1303 04fd 00       		.byte	0
 1304 04fe 00       		.byte	0
 1305 04ff 00       		.byte	0
 1306 0500 00       		.byte	0
 1307 0501 00       		.byte	0
 1308 0502 00       		.byte	0
 1309 0503 00       		.byte	0
 1310 0504 00       		.byte	0
 1311 0505 00       		.byte	0
 1312 0506 05       		.byte	5
 1313 0507 00       		.byte	0
 1314 0508 08       		.byte	8
 1315 0509 15       		.byte	21
 1316 050a 18       		.byte	24
 1317 050b 1F       		.byte	31
 1318 050c 1F       		.byte	31
 1319 050d 08       		.byte	8
 1320 050e 00       		.byte	0
 1321 050f 00       		.byte	0
 1322 0510 00       		.byte	0
 1323 0511 08       		.byte	8
 1324 0512 17       		.byte	23
 1325 0513 1F       		.byte	31
 1326 0514 1F       		.byte	31
 1327 0515 1F       		.byte	31
 1328 0516 04       		.byte	4
 1329 0517 00       		.byte	0
 1330 0518 00       		.byte	0
 1331 0519 00       		.byte	0
 1332 051a 00       		.byte	0
 1333 051b 00       		.byte	0
 1334 051c 00       		.byte	0
 1335 051d 00       		.byte	0
 1336 051e 00       		.byte	0
 1337 051f 00       		.byte	0
 1338 0520 00       		.byte	0
 1339 0521 00       		.byte	0
 1340 0522 00       		.byte	0
 1341 0523 00       		.byte	0
 1342 0524 00       		.byte	0
 1343 0525 05       		.byte	5
 1344 0526 00       		.byte	0
 1345 0527 03       		.byte	3
 1346 0528 01       		.byte	1
 1347 0529 1B       		.byte	27
 1348 052a 16       		.byte	22
 1349 052b 1F       		.byte	31
 1350 052c 1F       		.byte	31
 1351 052d 08       		.byte	8
 1352 052e 00       		.byte	0
 1353 052f 00       		.byte	0
 1354 0530 00       		.byte	0
 1355 0531 08       		.byte	8
 1356 0532 1B       		.byte	27
 1357 0533 19       		.byte	25
 1358 0534 1A       		.byte	26
 1359 0535 1F       		.byte	31
 1360 0536 0B       		.byte	11
 1361 0537 00       		.byte	0
 1362 0538 00       		.byte	0
 1363 0539 00       		.byte	0
 1364 053a 00       		.byte	0
 1365 053b 00       		.byte	0
 1366 053c 00       		.byte	0
 1367 053d 00       		.byte	0
 1368 053e 00       		.byte	0
 1369 053f 00       		.byte	0
 1370 0540 00       		.byte	0
 1371 0541 00       		.byte	0
 1372 0542 00       		.byte	0
 1373 0543 00       		.byte	0
 1374 0544 05       		.byte	5
 1375 0545 00       		.byte	0
 1376 0546 00       		.byte	0
 1377 0547 02       		.byte	2
 1378 0548 07       		.byte	7
 1379 0549 16       		.byte	22
 1380 054a 17       		.byte	23
 1381 054b 1F       		.byte	31
 1382 054c 1F       		.byte	31
 1383 054d 07       		.byte	7
 1384 054e 00       		.byte	0
 1385 054f 00       		.byte	0
 1386 0550 00       		.byte	0
 1387 0551 07       		.byte	7
 1388 0552 19       		.byte	25
 1389 0553 1E       		.byte	30
 1390 0554 1F       		.byte	31
 1391 0555 1F       		.byte	31
 1392 0556 04       		.byte	4
 1393 0557 00       		.byte	0
 1394 0558 00       		.byte	0
 1395 0559 00       		.byte	0
 1396 055a 00       		.byte	0
 1397 055b 00       		.byte	0
 1398 055c 00       		.byte	0
 1399 055d 00       		.byte	0
 1400 055e 00       		.byte	0
 1401 055f 00       		.byte	0
 1402 0560 00       		.byte	0
 1403 0561 00       		.byte	0
 1404 0562 00       		.byte	0
 1405 0563 00       		.byte	0
 1406 0564 00       		.byte	0
 1407 0565 05       		.byte	5
 1408 0566 00       		.byte	0
 1409 0567 04       		.byte	4
 1410 0568 08       		.byte	8
 1411 0569 15       		.byte	21
 1412 056a 15       		.byte	21
 1413 056b 1F       		.byte	31
 1414 056c 1F       		.byte	31
 1415 056d 07       		.byte	7
 1416 056e 00       		.byte	0
 1417 056f 00       		.byte	0
 1418 0570 00       		.byte	0
 1419 0571 08       		.byte	8
 1420 0572 15       		.byte	21
 1421 0573 1F       		.byte	31
 1422 0574 1F       		.byte	31
 1423 0575 1F       		.byte	31
 1424 0576 06       		.byte	6
 1425 0577 00       		.byte	0
 1426 0578 00       		.byte	0
 1427 0579 00       		.byte	0
 1428 057a 00       		.byte	0
 1429 057b 00       		.byte	0
 1430 057c 00       		.byte	0
 1431 057d 00       		.byte	0
 1432 057e 00       		.byte	0
 1433 057f 00       		.byte	0
 1434 0580 00       		.byte	0
 1435 0581 00       		.byte	0
 1436 0582 00       		.byte	0
 1437 0583 00       		.byte	0
 1438 0584 00       		.byte	0
 1439 0585 07       		.byte	7
 1440 0586 00       		.byte	0
 1441 0587 00       		.byte	0
 1442 0588 0C       		.byte	12
 1443 0589 16       		.byte	22
 1444 058a 19       		.byte	25
 1445 058b 1F       		.byte	31
 1446 058c 1B       		.byte	27
 1447 058d 04       		.byte	4
 1448 058e 00       		.byte	0
 1449 058f 00       		.byte	0
 1450 0590 00       		.byte	0
 1451 0591 09       		.byte	9
 1452 0592 0C       		.byte	12
 1453 0593 15       		.byte	21
 1454 0594 1F       		.byte	31
 1455 0595 1F       		.byte	31
 1456 0596 18       		.byte	24
 1457 0597 00       		.byte	0
 1458 0598 00       		.byte	0
 1459 0599 00       		.byte	0
 1460 059a 00       		.byte	0
 1461 059b 00       		.byte	0
 1462 059c 00       		.byte	0
 1463 059d 00       		.byte	0
 1464 059e 00       		.byte	0
 1465 059f 00       		.byte	0
 1466 05a0 00       		.byte	0
 1467 05a1 00       		.byte	0
 1468 05a2 00       		.byte	0
 1469 05a3 00       		.byte	0
 1470 05a4 00       		.byte	0
 1471 05a5 00       		.byte	0
 1472 05a6 07       		.byte	7
 1473 05a7 00       		.byte	0
 1474 05a8 08       		.byte	8
 1475 05a9 0F       		.byte	15
 1476 05aa 1F       		.byte	31
 1477 05ab 1F       		.byte	31
 1478 05ac 1F       		.byte	31
 1479 05ad 05       		.byte	5
 1480 05ae 00       		.byte	0
 1481 05af 00       		.byte	0
 1482 05b0 00       		.byte	0
 1483 05b1 06       		.byte	6
 1484 05b2 0E       		.byte	14
 1485 05b3 17       		.byte	23
 1486 05b4 1F       		.byte	31
 1487 05b5 1F       		.byte	31
 1488 05b6 17       		.byte	23
 1489 05b7 00       		.byte	0
 1490 05b8 00       		.byte	0
 1491 05b9 00       		.byte	0
 1492 05ba 00       		.byte	0
 1493 05bb 00       		.byte	0
 1494 05bc 00       		.byte	0
 1495 05bd 00       		.byte	0
 1496 05be 00       		.byte	0
 1497 05bf 00       		.byte	0
 1498 05c0 00       		.byte	0
 1499 05c1 00       		.byte	0
 1500 05c2 00       		.byte	0
 1501 05c3 00       		.byte	0
 1502 05c4 00       		.byte	0
 1503 05c5 14       		.byte	20
 1504 05c6 00       		.byte	0
 1505 05c7 00       		.byte	0
 1506 05c8 08       		.byte	8
 1507 05c9 0F       		.byte	15
 1508 05ca 0E       		.byte	14
 1509 05cb 1F       		.byte	31
 1510 05cc 1F       		.byte	31
 1511 05cd 09       		.byte	9
 1512 05ce 00       		.byte	0
 1513 05cf 00       		.byte	0
 1514 05d0 00       		.byte	0
 1515 05d1 07       		.byte	7
 1516 05d2 1F       		.byte	31
 1517 05d3 1F       		.byte	31
 1518 05d4 1F       		.byte	31
 1519 05d5 1C       		.byte	28
 1520 05d6 00       		.byte	0
 1521 05d7 00       		.byte	0
 1522 05d8 00       		.byte	0
 1523 05d9 00       		.byte	0
 1524 05da 00       		.byte	0
 1525 05db 00       		.byte	0
 1526 05dc 00       		.byte	0
 1527 05dd 00       		.byte	0
 1528 05de 00       		.byte	0
 1529 05df 00       		.byte	0
 1530 05e0 00       		.byte	0
 1531 05e1 00       		.byte	0
 1532 05e2 00       		.byte	0
 1533 05e3 00       		.byte	0
 1534 05e4 00       		.byte	0
 1535 05e5 00       		.byte	0
 1536 05e6 00       		.byte	0
 1537 05e7 00       		.byte	0
 1538 05e8 00       		.byte	0
 1539 05e9 00       		.byte	0
 1540 05ea 00       		.byte	0
 1541 05eb 00       		.byte	0
 1542 05ec 00       		.byte	0
 1543 05ed 00       		.byte	0
 1544 05ee 00       		.byte	0
 1545 05ef 00       		.byte	0
 1546 05f0 00       		.byte	0
 1547 05f1 00       		.byte	0
 1548 05f2 00       		.byte	0
 1549 05f3 00       		.byte	0
 1550 05f4 00       		.byte	0
 1551 05f5 00       		.byte	0
 1552 05f6 00       		.byte	0
 1553 05f7 00       		.byte	0
 1554 05f8 00       		.byte	0
 1555 05f9 00       		.byte	0
 1556 05fa 00       		.byte	0
 1557 05fb 00       		.byte	0
 1558 05fc 00       		.byte	0
 1559 05fd 00       		.byte	0
 1560 05fe 00       		.byte	0
 1561 05ff 00       		.byte	0
 1562              		.global	rf_tx_ramps_850
 1563              		.align	2
 1566              	rf_tx_ramps_850:
 1567 0600 00       		.byte	0
 1568 0601 00       		.byte	0
 1569 0602 00       		.byte	0
 1570 0603 00       		.byte	0
 1571 0604 00       		.byte	0
 1572 0605 00       		.byte	0
 1573 0606 00       		.byte	0
 1574 0607 00       		.byte	0
 1575 0608 09       		.byte	9
 1576 0609 12       		.byte	18
 1577 060a 19       		.byte	25
 1578 060b 1F       		.byte	31
 1579 060c 1E       		.byte	30
 1580 060d 0F       		.byte	15
 1581 060e 00       		.byte	0
 1582 060f 00       		.byte	0
 1583 0610 00       		.byte	0
 1584 0611 0B       		.byte	11
 1585 0612 1F       		.byte	31
 1586 0613 1F       		.byte	31
 1587 0614 1F       		.byte	31
 1588 0615 18       		.byte	24
 1589 0616 00       		.byte	0
 1590 0617 00       		.byte	0
 1591 0618 00       		.byte	0
 1592 0619 00       		.byte	0
 1593 061a 00       		.byte	0
 1594 061b 00       		.byte	0
 1595 061c 00       		.byte	0
 1596 061d 00       		.byte	0
 1597 061e 00       		.byte	0
 1598 061f 00       		.byte	0
 1599 0620 00       		.byte	0
 1600 0621 00       		.byte	0
 1601 0622 00       		.byte	0
 1602 0623 00       		.byte	0
 1603 0624 00       		.byte	0
 1604 0625 00       		.byte	0
 1605 0626 01       		.byte	1
 1606 0627 01       		.byte	1
 1607 0628 07       		.byte	7
 1608 0629 10       		.byte	16
 1609 062a 1C       		.byte	28
 1610 062b 1F       		.byte	31
 1611 062c 1F       		.byte	31
 1612 062d 0D       		.byte	13
 1613 062e 00       		.byte	0
 1614 062f 00       		.byte	0
 1615 0630 00       		.byte	0
 1616 0631 08       		.byte	8
 1617 0632 1F       		.byte	31
 1618 0633 1F       		.byte	31
 1619 0634 1F       		.byte	31
 1620 0635 1B       		.byte	27
 1621 0636 00       		.byte	0
 1622 0637 00       		.byte	0
 1623 0638 00       		.byte	0
 1624 0639 00       		.byte	0
 1625 063a 00       		.byte	0
 1626 063b 00       		.byte	0
 1627 063c 00       		.byte	0
 1628 063d 00       		.byte	0
 1629 063e 00       		.byte	0
 1630 063f 00       		.byte	0
 1631 0640 00       		.byte	0
 1632 0641 00       		.byte	0
 1633 0642 00       		.byte	0
 1634 0643 00       		.byte	0
 1635 0644 00       		.byte	0
 1636 0645 00       		.byte	0
 1637 0646 01       		.byte	1
 1638 0647 01       		.byte	1
 1639 0648 08       		.byte	8
 1640 0649 10       		.byte	16
 1641 064a 1D       		.byte	29
 1642 064b 1F       		.byte	31
 1643 064c 1F       		.byte	31
 1644 064d 0B       		.byte	11
 1645 064e 00       		.byte	0
 1646 064f 00       		.byte	0
 1647 0650 00       		.byte	0
 1648 0651 08       		.byte	8
 1649 0652 1C       		.byte	28
 1650 0653 1F       		.byte	31
 1651 0654 1F       		.byte	31
 1652 0655 1E       		.byte	30
 1653 0656 00       		.byte	0
 1654 0657 00       		.byte	0
 1655 0658 00       		.byte	0
 1656 0659 00       		.byte	0
 1657 065a 00       		.byte	0
 1658 065b 00       		.byte	0
 1659 065c 00       		.byte	0
 1660 065d 00       		.byte	0
 1661 065e 00       		.byte	0
 1662 065f 00       		.byte	0
 1663 0660 00       		.byte	0
 1664 0661 00       		.byte	0
 1665 0662 00       		.byte	0
 1666 0663 00       		.byte	0
 1667 0664 00       		.byte	0
 1668 0665 00       		.byte	0
 1669 0666 02       		.byte	2
 1670 0667 00       		.byte	0
 1671 0668 06       		.byte	6
 1672 0669 12       		.byte	18
 1673 066a 1C       		.byte	28
 1674 066b 1F       		.byte	31
 1675 066c 1F       		.byte	31
 1676 066d 0C       		.byte	12
 1677 066e 00       		.byte	0
 1678 066f 00       		.byte	0
 1679 0670 00       		.byte	0
 1680 0671 09       		.byte	9
 1681 0672 18       		.byte	24
 1682 0673 1F       		.byte	31
 1683 0674 1F       		.byte	31
 1684 0675 1F       		.byte	31
 1685 0676 02       		.byte	2
 1686 0677 00       		.byte	0
 1687 0678 00       		.byte	0
 1688 0679 00       		.byte	0
 1689 067a 00       		.byte	0
 1690 067b 00       		.byte	0
 1691 067c 00       		.byte	0
 1692 067d 00       		.byte	0
 1693 067e 00       		.byte	0
 1694 067f 00       		.byte	0
 1695 0680 00       		.byte	0
 1696 0681 00       		.byte	0
 1697 0682 00       		.byte	0
 1698 0683 00       		.byte	0
 1699 0684 00       		.byte	0
 1700 0685 00       		.byte	0
 1701 0686 03       		.byte	3
 1702 0687 00       		.byte	0
 1703 0688 05       		.byte	5
 1704 0689 13       		.byte	19
 1705 068a 1F       		.byte	31
 1706 068b 1F       		.byte	31
 1707 068c 1F       		.byte	31
 1708 068d 08       		.byte	8
 1709 068e 00       		.byte	0
 1710 068f 00       		.byte	0
 1711 0690 00       		.byte	0
 1712 0691 07       		.byte	7
 1713 0692 1F       		.byte	31
 1714 0693 1F       		.byte	31
 1715 0694 1F       		.byte	31
 1716 0695 1C       		.byte	28
 1717 0696 00       		.byte	0
 1718 0697 00       		.byte	0
 1719 0698 00       		.byte	0
 1720 0699 00       		.byte	0
 1721 069a 00       		.byte	0
 1722 069b 00       		.byte	0
 1723 069c 00       		.byte	0
 1724 069d 00       		.byte	0
 1725 069e 00       		.byte	0
 1726 069f 00       		.byte	0
 1727 06a0 00       		.byte	0
 1728 06a1 00       		.byte	0
 1729 06a2 00       		.byte	0
 1730 06a3 00       		.byte	0
 1731 06a4 00       		.byte	0
 1732 06a5 00       		.byte	0
 1733 06a6 02       		.byte	2
 1734 06a7 00       		.byte	0
 1735 06a8 07       		.byte	7
 1736 06a9 12       		.byte	18
 1737 06aa 1F       		.byte	31
 1738 06ab 1F       		.byte	31
 1739 06ac 1F       		.byte	31
 1740 06ad 08       		.byte	8
 1741 06ae 00       		.byte	0
 1742 06af 00       		.byte	0
 1743 06b0 00       		.byte	0
 1744 06b1 07       		.byte	7
 1745 06b2 1F       		.byte	31
 1746 06b3 1F       		.byte	31
 1747 06b4 1F       		.byte	31
 1748 06b5 1C       		.byte	28
 1749 06b6 00       		.byte	0
 1750 06b7 00       		.byte	0
 1751 06b8 00       		.byte	0
 1752 06b9 00       		.byte	0
 1753 06ba 00       		.byte	0
 1754 06bb 00       		.byte	0
 1755 06bc 00       		.byte	0
 1756 06bd 00       		.byte	0
 1757 06be 00       		.byte	0
 1758 06bf 00       		.byte	0
 1759 06c0 00       		.byte	0
 1760 06c1 00       		.byte	0
 1761 06c2 00       		.byte	0
 1762 06c3 00       		.byte	0
 1763 06c4 00       		.byte	0
 1764 06c5 00       		.byte	0
 1765 06c6 03       		.byte	3
 1766 06c7 00       		.byte	0
 1767 06c8 05       		.byte	5
 1768 06c9 14       		.byte	20
 1769 06ca 1F       		.byte	31
 1770 06cb 1F       		.byte	31
 1771 06cc 1F       		.byte	31
 1772 06cd 07       		.byte	7
 1773 06ce 00       		.byte	0
 1774 06cf 00       		.byte	0
 1775 06d0 00       		.byte	0
 1776 06d1 0A       		.byte	10
 1777 06d2 15       		.byte	21
 1778 06d3 1F       		.byte	31
 1779 06d4 1F       		.byte	31
 1780 06d5 1F       		.byte	31
 1781 06d6 04       		.byte	4
 1782 06d7 00       		.byte	0
 1783 06d8 00       		.byte	0
 1784 06d9 00       		.byte	0
 1785 06da 00       		.byte	0
 1786 06db 00       		.byte	0
 1787 06dc 00       		.byte	0
 1788 06dd 00       		.byte	0
 1789 06de 00       		.byte	0
 1790 06df 00       		.byte	0
 1791 06e0 00       		.byte	0
 1792 06e1 00       		.byte	0
 1793 06e2 00       		.byte	0
 1794 06e3 00       		.byte	0
 1795 06e4 00       		.byte	0
 1796 06e5 00       		.byte	0
 1797 06e6 04       		.byte	4
 1798 06e7 00       		.byte	0
 1799 06e8 09       		.byte	9
 1800 06e9 17       		.byte	23
 1801 06ea 16       		.byte	22
 1802 06eb 1F       		.byte	31
 1803 06ec 1F       		.byte	31
 1804 06ed 08       		.byte	8
 1805 06ee 00       		.byte	0
 1806 06ef 00       		.byte	0
 1807 06f0 00       		.byte	0
 1808 06f1 09       		.byte	9
 1809 06f2 18       		.byte	24
 1810 06f3 1E       		.byte	30
 1811 06f4 1F       		.byte	31
 1812 06f5 1E       		.byte	30
 1813 06f6 04       		.byte	4
 1814 06f7 00       		.byte	0
 1815 06f8 00       		.byte	0
 1816 06f9 00       		.byte	0
 1817 06fa 00       		.byte	0
 1818 06fb 00       		.byte	0
 1819 06fc 00       		.byte	0
 1820 06fd 00       		.byte	0
 1821 06fe 00       		.byte	0
 1822 06ff 00       		.byte	0
 1823 0700 00       		.byte	0
 1824 0701 00       		.byte	0
 1825 0702 00       		.byte	0
 1826 0703 00       		.byte	0
 1827 0704 00       		.byte	0
 1828 0705 00       		.byte	0
 1829 0706 05       		.byte	5
 1830 0707 00       		.byte	0
 1831 0708 08       		.byte	8
 1832 0709 15       		.byte	21
 1833 070a 18       		.byte	24
 1834 070b 1F       		.byte	31
 1835 070c 1F       		.byte	31
 1836 070d 08       		.byte	8
 1837 070e 00       		.byte	0
 1838 070f 00       		.byte	0
 1839 0710 00       		.byte	0
 1840 0711 08       		.byte	8
 1841 0712 17       		.byte	23
 1842 0713 1F       		.byte	31
 1843 0714 1F       		.byte	31
 1844 0715 1F       		.byte	31
 1845 0716 04       		.byte	4
 1846 0717 00       		.byte	0
 1847 0718 00       		.byte	0
 1848 0719 00       		.byte	0
 1849 071a 00       		.byte	0
 1850 071b 00       		.byte	0
 1851 071c 00       		.byte	0
 1852 071d 00       		.byte	0
 1853 071e 00       		.byte	0
 1854 071f 00       		.byte	0
 1855 0720 00       		.byte	0
 1856 0721 00       		.byte	0
 1857 0722 00       		.byte	0
 1858 0723 00       		.byte	0
 1859 0724 00       		.byte	0
 1860 0725 05       		.byte	5
 1861 0726 00       		.byte	0
 1862 0727 03       		.byte	3
 1863 0728 01       		.byte	1
 1864 0729 1B       		.byte	27
 1865 072a 16       		.byte	22
 1866 072b 1F       		.byte	31
 1867 072c 1F       		.byte	31
 1868 072d 08       		.byte	8
 1869 072e 00       		.byte	0
 1870 072f 00       		.byte	0
 1871 0730 00       		.byte	0
 1872 0731 08       		.byte	8
 1873 0732 1B       		.byte	27
 1874 0733 19       		.byte	25
 1875 0734 1A       		.byte	26
 1876 0735 1F       		.byte	31
 1877 0736 0B       		.byte	11
 1878 0737 00       		.byte	0
 1879 0738 00       		.byte	0
 1880 0739 00       		.byte	0
 1881 073a 00       		.byte	0
 1882 073b 00       		.byte	0
 1883 073c 00       		.byte	0
 1884 073d 00       		.byte	0
 1885 073e 00       		.byte	0
 1886 073f 00       		.byte	0
 1887 0740 00       		.byte	0
 1888 0741 00       		.byte	0
 1889 0742 00       		.byte	0
 1890 0743 00       		.byte	0
 1891 0744 05       		.byte	5
 1892 0745 00       		.byte	0
 1893 0746 00       		.byte	0
 1894 0747 02       		.byte	2
 1895 0748 07       		.byte	7
 1896 0749 16       		.byte	22
 1897 074a 17       		.byte	23
 1898 074b 1F       		.byte	31
 1899 074c 1F       		.byte	31
 1900 074d 07       		.byte	7
 1901 074e 00       		.byte	0
 1902 074f 00       		.byte	0
 1903 0750 00       		.byte	0
 1904 0751 07       		.byte	7
 1905 0752 19       		.byte	25
 1906 0753 1E       		.byte	30
 1907 0754 1F       		.byte	31
 1908 0755 1F       		.byte	31
 1909 0756 04       		.byte	4
 1910 0757 00       		.byte	0
 1911 0758 00       		.byte	0
 1912 0759 00       		.byte	0
 1913 075a 00       		.byte	0
 1914 075b 00       		.byte	0
 1915 075c 00       		.byte	0
 1916 075d 00       		.byte	0
 1917 075e 00       		.byte	0
 1918 075f 00       		.byte	0
 1919 0760 00       		.byte	0
 1920 0761 00       		.byte	0
 1921 0762 00       		.byte	0
 1922 0763 00       		.byte	0
 1923 0764 00       		.byte	0
 1924 0765 05       		.byte	5
 1925 0766 00       		.byte	0
 1926 0767 04       		.byte	4
 1927 0768 08       		.byte	8
 1928 0769 15       		.byte	21
 1929 076a 15       		.byte	21
 1930 076b 1F       		.byte	31
 1931 076c 1F       		.byte	31
 1932 076d 07       		.byte	7
 1933 076e 00       		.byte	0
 1934 076f 00       		.byte	0
 1935 0770 00       		.byte	0
 1936 0771 08       		.byte	8
 1937 0772 15       		.byte	21
 1938 0773 1F       		.byte	31
 1939 0774 1F       		.byte	31
 1940 0775 1F       		.byte	31
 1941 0776 06       		.byte	6
 1942 0777 00       		.byte	0
 1943 0778 00       		.byte	0
 1944 0779 00       		.byte	0
 1945 077a 00       		.byte	0
 1946 077b 00       		.byte	0
 1947 077c 00       		.byte	0
 1948 077d 00       		.byte	0
 1949 077e 00       		.byte	0
 1950 077f 00       		.byte	0
 1951 0780 00       		.byte	0
 1952 0781 00       		.byte	0
 1953 0782 00       		.byte	0
 1954 0783 00       		.byte	0
 1955 0784 00       		.byte	0
 1956 0785 07       		.byte	7
 1957 0786 00       		.byte	0
 1958 0787 00       		.byte	0
 1959 0788 0C       		.byte	12
 1960 0789 16       		.byte	22
 1961 078a 19       		.byte	25
 1962 078b 1F       		.byte	31
 1963 078c 1B       		.byte	27
 1964 078d 04       		.byte	4
 1965 078e 00       		.byte	0
 1966 078f 00       		.byte	0
 1967 0790 00       		.byte	0
 1968 0791 09       		.byte	9
 1969 0792 0C       		.byte	12
 1970 0793 15       		.byte	21
 1971 0794 1F       		.byte	31
 1972 0795 1F       		.byte	31
 1973 0796 18       		.byte	24
 1974 0797 00       		.byte	0
 1975 0798 00       		.byte	0
 1976 0799 00       		.byte	0
 1977 079a 00       		.byte	0
 1978 079b 00       		.byte	0
 1979 079c 00       		.byte	0
 1980 079d 00       		.byte	0
 1981 079e 00       		.byte	0
 1982 079f 00       		.byte	0
 1983 07a0 00       		.byte	0
 1984 07a1 00       		.byte	0
 1985 07a2 00       		.byte	0
 1986 07a3 00       		.byte	0
 1987 07a4 00       		.byte	0
 1988 07a5 00       		.byte	0
 1989 07a6 07       		.byte	7
 1990 07a7 00       		.byte	0
 1991 07a8 08       		.byte	8
 1992 07a9 0F       		.byte	15
 1993 07aa 1F       		.byte	31
 1994 07ab 1F       		.byte	31
 1995 07ac 1F       		.byte	31
 1996 07ad 05       		.byte	5
 1997 07ae 00       		.byte	0
 1998 07af 00       		.byte	0
 1999 07b0 00       		.byte	0
 2000 07b1 06       		.byte	6
 2001 07b2 0E       		.byte	14
 2002 07b3 17       		.byte	23
 2003 07b4 1F       		.byte	31
 2004 07b5 1F       		.byte	31
 2005 07b6 17       		.byte	23
 2006 07b7 00       		.byte	0
 2007 07b8 00       		.byte	0
 2008 07b9 00       		.byte	0
 2009 07ba 00       		.byte	0
 2010 07bb 00       		.byte	0
 2011 07bc 00       		.byte	0
 2012 07bd 00       		.byte	0
 2013 07be 00       		.byte	0
 2014 07bf 00       		.byte	0
 2015 07c0 00       		.byte	0
 2016 07c1 00       		.byte	0
 2017 07c2 00       		.byte	0
 2018 07c3 00       		.byte	0
 2019 07c4 00       		.byte	0
 2020 07c5 14       		.byte	20
 2021 07c6 00       		.byte	0
 2022 07c7 00       		.byte	0
 2023 07c8 08       		.byte	8
 2024 07c9 0F       		.byte	15
 2025 07ca 0E       		.byte	14
 2026 07cb 1F       		.byte	31
 2027 07cc 1F       		.byte	31
 2028 07cd 09       		.byte	9
 2029 07ce 00       		.byte	0
 2030 07cf 00       		.byte	0
 2031 07d0 00       		.byte	0
 2032 07d1 07       		.byte	7
 2033 07d2 1F       		.byte	31
 2034 07d3 1F       		.byte	31
 2035 07d4 1F       		.byte	31
 2036 07d5 1C       		.byte	28
 2037 07d6 00       		.byte	0
 2038 07d7 00       		.byte	0
 2039 07d8 00       		.byte	0
 2040 07d9 00       		.byte	0
 2041 07da 00       		.byte	0
 2042 07db 00       		.byte	0
 2043 07dc 00       		.byte	0
 2044 07dd 00       		.byte	0
 2045 07de 00       		.byte	0
 2046 07df 00       		.byte	0
 2047 07e0 00       		.byte	0
 2048 07e1 00       		.byte	0
 2049 07e2 00       		.byte	0
 2050 07e3 00       		.byte	0
 2051 07e4 00       		.byte	0
 2052 07e5 00       		.byte	0
 2053 07e6 00       		.byte	0
 2054 07e7 00       		.byte	0
 2055 07e8 00       		.byte	0
 2056 07e9 00       		.byte	0
 2057 07ea 00       		.byte	0
 2058 07eb 00       		.byte	0
 2059 07ec 00       		.byte	0
 2060 07ed 00       		.byte	0
 2061 07ee 00       		.byte	0
 2062 07ef 00       		.byte	0
 2063 07f0 00       		.byte	0
 2064 07f1 00       		.byte	0
 2065 07f2 00       		.byte	0
 2066 07f3 00       		.byte	0
 2067 07f4 00       		.byte	0
 2068 07f5 00       		.byte	0
 2069 07f6 00       		.byte	0
 2070 07f7 00       		.byte	0
 2071 07f8 00       		.byte	0
 2072 07f9 00       		.byte	0
 2073 07fa 00       		.byte	0
 2074 07fb 00       		.byte	0
 2075 07fc 00       		.byte	0
 2076 07fd 00       		.byte	0
 2077 07fe 00       		.byte	0
 2078 07ff 00       		.byte	0
 2079              		.global	rf_tx_levels_1900
 2080              		.align	2
 2083              	rf_tx_levels_1900:
 2084 0800 AD01     		.short	429
 2085 0802 00       		.byte	0
 2086 0803 00       		.byte	0
 2087 0804 6101     		.short	353
 2088 0806 01       		.byte	1
 2089 0807 00       		.byte	0
 2090 0808 2E01     		.short	302
 2091 080a 02       		.byte	2
 2092 080b 00       		.byte	0
 2093 080c F600     		.short	246
 2094 080e 03       		.byte	3
 2095 080f 00       		.byte	0
 2096 0810 C800     		.short	200
 2097 0812 04       		.byte	4
 2098 0813 00       		.byte	0
 2099 0814 A400     		.short	164
 2100 0816 05       		.byte	5
 2101 0817 00       		.byte	0
 2102 0818 8700     		.short	135
 2103 081a 06       		.byte	6
 2104 081b 00       		.byte	0
 2105 081c 6F00     		.short	111
 2106 081e 07       		.byte	7
 2107 081f 00       		.byte	0
 2108 0820 5B00     		.short	91
 2109 0822 08       		.byte	8
 2110 0823 00       		.byte	0
 2111 0824 4B00     		.short	75
 2112 0826 09       		.byte	9
 2113 0827 00       		.byte	0
 2114 0828 3C00     		.short	60
 2115 082a 0A       		.byte	10
 2116 082b 00       		.byte	0
 2117 082c 3100     		.short	49
 2118 082e 0B       		.byte	11
 2119 082f 00       		.byte	0
 2120 0830 2800     		.short	40
 2121 0832 0C       		.byte	12
 2122 0833 00       		.byte	0
 2123 0834 2100     		.short	33
 2124 0836 0D       		.byte	13
 2125 0837 00       		.byte	0
 2126 0838 1A00     		.short	26
 2127 083a 0E       		.byte	14
 2128 083b 00       		.byte	0
 2129 083c 1A00     		.short	26
 2130 083e 0F       		.byte	15
 2131 083f 00       		.byte	0
 2132 0840 1A00     		.short	26
 2133 0842 0F       		.byte	15
 2134 0843 00       		.byte	0
 2135 0844 1A00     		.short	26
 2136 0846 0F       		.byte	15
 2137 0847 00       		.byte	0
 2138 0848 1A00     		.short	26
 2139 084a 0F       		.byte	15
 2140 084b 00       		.byte	0
 2141 084c 1A00     		.short	26
 2142 084e 0F       		.byte	15
 2143 084f 00       		.byte	0
 2144 0850 1A00     		.short	26
 2145 0852 0F       		.byte	15
 2146 0853 00       		.byte	0
 2147 0854 1A00     		.short	26
 2148 0856 0F       		.byte	15
 2149 0857 00       		.byte	0
 2150 0858 1A00     		.short	26
 2151 085a 0F       		.byte	15
 2152 085b 00       		.byte	0
 2153 085c 1A00     		.short	26
 2154 085e 0F       		.byte	15
 2155 085f 00       		.byte	0
 2156 0860 1A00     		.short	26
 2157 0862 0F       		.byte	15
 2158 0863 00       		.byte	0
 2159 0864 1A00     		.short	26
 2160 0866 0F       		.byte	15
 2161 0867 00       		.byte	0
 2162 0868 1A00     		.short	26
 2163 086a 0F       		.byte	15
 2164 086b 00       		.byte	0
 2165 086c 1A00     		.short	26
 2166 086e 0F       		.byte	15
 2167 086f 00       		.byte	0
 2168 0870 1A00     		.short	26
 2169 0872 0F       		.byte	15
 2170 0873 00       		.byte	0
 2171 0874 1A00     		.short	26
 2172 0876 00       		.byte	0
 2173 0877 00       		.byte	0
 2174 0878 1A00     		.short	26
 2175 087a 00       		.byte	0
 2176 087b 00       		.byte	0
 2177 087c 1A00     		.short	26
 2178 087e 00       		.byte	0
 2179 087f 00       		.byte	0
 2180              		.global	rf_tx_levels_1800
 2181              		.align	2
 2184              	rf_tx_levels_1800:
 2185 0880 B401     		.short	436
 2186 0882 00       		.byte	0
 2187 0883 00       		.byte	0
 2188 0884 6B01     		.short	363
 2189 0886 01       		.byte	1
 2190 0887 00       		.byte	0
 2191 0888 3601     		.short	310
 2192 088a 02       		.byte	2
 2193 088b 00       		.byte	0
 2194 088c FD00     		.short	253
 2195 088e 03       		.byte	3
 2196 088f 00       		.byte	0
 2197 0890 CD00     		.short	205
 2198 0892 04       		.byte	4
 2199 0893 00       		.byte	0
 2200 0894 A800     		.short	168
 2201 0896 05       		.byte	5
 2202 0897 00       		.byte	0
 2203 0898 8A00     		.short	138
 2204 089a 06       		.byte	6
 2205 089b 00       		.byte	0
 2206 089c 7100     		.short	113
 2207 089e 07       		.byte	7
 2208 089f 00       		.byte	0
 2209 08a0 5D00     		.short	93
 2210 08a2 08       		.byte	8
 2211 08a3 00       		.byte	0
 2212 08a4 4C00     		.short	76
 2213 08a6 09       		.byte	9
 2214 08a7 00       		.byte	0
 2215 08a8 3D00     		.short	61
 2216 08aa 0A       		.byte	10
 2217 08ab 00       		.byte	0
 2218 08ac 3200     		.short	50
 2219 08ae 0B       		.byte	11
 2220 08af 00       		.byte	0
 2221 08b0 2800     		.short	40
 2222 08b2 0C       		.byte	12
 2223 08b3 00       		.byte	0
 2224 08b4 2000     		.short	32
 2225 08b6 0D       		.byte	13
 2226 08b7 00       		.byte	0
 2227 08b8 1A00     		.short	26
 2228 08ba 0E       		.byte	14
 2229 08bb 00       		.byte	0
 2230 08bc 1400     		.short	20
 2231 08be 0F       		.byte	15
 2232 08bf 00       		.byte	0
 2233 08c0 1400     		.short	20
 2234 08c2 0F       		.byte	15
 2235 08c3 00       		.byte	0
 2236 08c4 1400     		.short	20
 2237 08c6 0F       		.byte	15
 2238 08c7 00       		.byte	0
 2239 08c8 1400     		.short	20
 2240 08ca 0F       		.byte	15
 2241 08cb 00       		.byte	0
 2242 08cc 1400     		.short	20
 2243 08ce 0F       		.byte	15
 2244 08cf 00       		.byte	0
 2245 08d0 1400     		.short	20
 2246 08d2 0F       		.byte	15
 2247 08d3 00       		.byte	0
 2248 08d4 1400     		.short	20
 2249 08d6 0F       		.byte	15
 2250 08d7 00       		.byte	0
 2251 08d8 1400     		.short	20
 2252 08da 0F       		.byte	15
 2253 08db 00       		.byte	0
 2254 08dc 1400     		.short	20
 2255 08de 0F       		.byte	15
 2256 08df 00       		.byte	0
 2257 08e0 1400     		.short	20
 2258 08e2 0F       		.byte	15
 2259 08e3 00       		.byte	0
 2260 08e4 1400     		.short	20
 2261 08e6 0F       		.byte	15
 2262 08e7 00       		.byte	0
 2263 08e8 1400     		.short	20
 2264 08ea 0F       		.byte	15
 2265 08eb 00       		.byte	0
 2266 08ec 1400     		.short	20
 2267 08ee 0F       		.byte	15
 2268 08ef 00       		.byte	0
 2269 08f0 1400     		.short	20
 2270 08f2 0F       		.byte	15
 2271 08f3 00       		.byte	0
 2272 08f4 1400     		.short	20
 2273 08f6 00       		.byte	0
 2274 08f7 00       		.byte	0
 2275 08f8 1400     		.short	20
 2276 08fa 00       		.byte	0
 2277 08fb 00       		.byte	0
 2278 08fc 1400     		.short	20
 2279 08fe 00       		.byte	0
 2280 08ff 00       		.byte	0
 2281              		.global	rf_tx_levels_900
 2282              		.align	2
 2285              	rf_tx_levels_900:
 2286 0900 D101     		.short	465
 2287 0902 00       		.byte	0
 2288 0903 00       		.byte	0
 2289 0904 D101     		.short	465
 2290 0906 00       		.byte	0
 2291 0907 00       		.byte	0
 2292 0908 D101     		.short	465
 2293 090a 00       		.byte	0
 2294 090b 00       		.byte	0
 2295 090c D101     		.short	465
 2296 090e 00       		.byte	0
 2297 090f 00       		.byte	0
 2298 0910 D101     		.short	465
 2299 0912 00       		.byte	0
 2300 0913 00       		.byte	0
 2301 0914 D101     		.short	465
 2302 0916 00       		.byte	0
 2303 0917 00       		.byte	0
 2304 0918 8301     		.short	387
 2305 091a 01       		.byte	1
 2306 091b 00       		.byte	0
 2307 091c 4401     		.short	324
 2308 091e 02       		.byte	2
 2309 091f 00       		.byte	0
 2310 0920 0401     		.short	260
 2311 0922 03       		.byte	3
 2312 0923 00       		.byte	0
 2313 0924 D200     		.short	210
 2314 0926 04       		.byte	4
 2315 0927 00       		.byte	0
 2316 0928 AA00     		.short	170
 2317 092a 05       		.byte	5
 2318 092b 00       		.byte	0
 2319 092c 8A00     		.short	138
 2320 092e 06       		.byte	6
 2321 092f 00       		.byte	0
 2322 0930 7100     		.short	113
 2323 0932 07       		.byte	7
 2324 0933 00       		.byte	0
 2325 0934 5C00     		.short	92
 2326 0936 08       		.byte	8
 2327 0937 00       		.byte	0
 2328 0938 4C00     		.short	76
 2329 093a 09       		.byte	9
 2330 093b 00       		.byte	0
 2331 093c 3E00     		.short	62
 2332 093e 0A       		.byte	10
 2333 093f 00       		.byte	0
 2334 0940 3300     		.short	51
 2335 0942 0B       		.byte	11
 2336 0943 00       		.byte	0
 2337 0944 2A00     		.short	42
 2338 0946 0C       		.byte	12
 2339 0947 00       		.byte	0
 2340 0948 2200     		.short	34
 2341 094a 0D       		.byte	13
 2342 094b 00       		.byte	0
 2343 094c 1B00     		.short	27
 2344 094e 0E       		.byte	14
 2345 094f 00       		.byte	0
 2346 0950 1B00     		.short	27
 2347 0952 0E       		.byte	14
 2348 0953 00       		.byte	0
 2349 0954 1B00     		.short	27
 2350 0956 0E       		.byte	14
 2351 0957 00       		.byte	0
 2352 0958 1B00     		.short	27
 2353 095a 0E       		.byte	14
 2354 095b 00       		.byte	0
 2355 095c 1B00     		.short	27
 2356 095e 0E       		.byte	14
 2357 095f 00       		.byte	0
 2358 0960 1B00     		.short	27
 2359 0962 0E       		.byte	14
 2360 0963 00       		.byte	0
 2361 0964 1B00     		.short	27
 2362 0966 0E       		.byte	14
 2363 0967 00       		.byte	0
 2364 0968 1B00     		.short	27
 2365 096a 0E       		.byte	14
 2366 096b 00       		.byte	0
 2367 096c 1B00     		.short	27
 2368 096e 0E       		.byte	14
 2369 096f 00       		.byte	0
 2370 0970 1B00     		.short	27
 2371 0972 0E       		.byte	14
 2372 0973 00       		.byte	0
 2373 0974 1B00     		.short	27
 2374 0976 0E       		.byte	14
 2375 0977 00       		.byte	0
 2376 0978 1B00     		.short	27
 2377 097a 0E       		.byte	14
 2378 097b 00       		.byte	0
 2379 097c 1B00     		.short	27
 2380 097e 0E       		.byte	14
 2381 097f 00       		.byte	0
 2382              		.global	rf_tx_levels_850
 2383              		.align	2
 2386              	rf_tx_levels_850:
 2387 0980 FB01     		.short	507
 2388 0982 00       		.byte	0
 2389 0983 00       		.byte	0
 2390 0984 FB01     		.short	507
 2391 0986 00       		.byte	0
 2392 0987 00       		.byte	0
 2393 0988 FB01     		.short	507
 2394 098a 00       		.byte	0
 2395 098b 00       		.byte	0
 2396 098c FB01     		.short	507
 2397 098e 00       		.byte	0
 2398 098f 00       		.byte	0
 2399 0990 FB01     		.short	507
 2400 0992 00       		.byte	0
 2401 0993 00       		.byte	0
 2402 0994 FB01     		.short	507
 2403 0996 00       		.byte	0
 2404 0997 00       		.byte	0
 2405 0998 A101     		.short	417
 2406 099a 01       		.byte	1
 2407 099b 00       		.byte	0
 2408 099c 5E01     		.short	350
 2409 099e 02       		.byte	2
 2410 099f 00       		.byte	0
 2411 09a0 1A01     		.short	282
 2412 09a2 03       		.byte	3
 2413 09a3 00       		.byte	0
 2414 09a4 E200     		.short	226
 2415 09a6 04       		.byte	4
 2416 09a7 00       		.byte	0
 2417 09a8 B700     		.short	183
 2418 09aa 05       		.byte	5
 2419 09ab 00       		.byte	0
 2420 09ac 9400     		.short	148
 2421 09ae 06       		.byte	6
 2422 09af 00       		.byte	0
 2423 09b0 7900     		.short	121
 2424 09b2 07       		.byte	7
 2425 09b3 00       		.byte	0
 2426 09b4 6200     		.short	98
 2427 09b6 08       		.byte	8
 2428 09b7 00       		.byte	0
 2429 09b8 5000     		.short	80
 2430 09ba 09       		.byte	9
 2431 09bb 00       		.byte	0
 2432 09bc 4200     		.short	66
 2433 09be 0A       		.byte	10
 2434 09bf 00       		.byte	0
 2435 09c0 3600     		.short	54
 2436 09c2 0B       		.byte	11
 2437 09c3 00       		.byte	0
 2438 09c4 2C00     		.short	44
 2439 09c6 0C       		.byte	12
 2440 09c7 00       		.byte	0
 2441 09c8 2400     		.short	36
 2442 09ca 0D       		.byte	13
 2443 09cb 00       		.byte	0
 2444 09cc 1D00     		.short	29
 2445 09ce 0E       		.byte	14
 2446 09cf 00       		.byte	0
 2447 09d0 1D00     		.short	29
 2448 09d2 0E       		.byte	14
 2449 09d3 00       		.byte	0
 2450 09d4 1D00     		.short	29
 2451 09d6 0E       		.byte	14
 2452 09d7 00       		.byte	0
 2453 09d8 1D00     		.short	29
 2454 09da 0E       		.byte	14
 2455 09db 00       		.byte	0
 2456 09dc 1D00     		.short	29
 2457 09de 0E       		.byte	14
 2458 09df 00       		.byte	0
 2459 09e0 1D00     		.short	29
 2460 09e2 0E       		.byte	14
 2461 09e3 00       		.byte	0
 2462 09e4 1D00     		.short	29
 2463 09e6 0E       		.byte	14
 2464 09e7 00       		.byte	0
 2465 09e8 1D00     		.short	29
 2466 09ea 0E       		.byte	14
 2467 09eb 00       		.byte	0
 2468 09ec 1D00     		.short	29
 2469 09ee 0E       		.byte	14
 2470 09ef 00       		.byte	0
 2471 09f0 1D00     		.short	29
 2472 09f2 0E       		.byte	14
 2473 09f3 00       		.byte	0
 2474 09f4 1D00     		.short	29
 2475 09f6 0E       		.byte	14
 2476 09f7 00       		.byte	0
 2477 09f8 1D00     		.short	29
 2478 09fa 0E       		.byte	14
 2479 09fb 00       		.byte	0
 2480 09fc 1D00     		.short	29
 2481 09fe 0E       		.byte	14
 2482 09ff 00       		.byte	0
 2483              		.global	apc_offset
 2486              	apc_offset:
 2487 0a00 30       		.byte	48
 2488              		.file 1 "board/gta0x/rf_tables.c"
 2489              		.file 2 "include/rf/txcal.h"
 2490              		.file 3 "/root/gnuarm/bin/../lib/gcc/arm-elf/4.0.2/../../../../arm-elf/sys-include/stdint.h"
 2491 0a01 000000   		.text
 2492              	.Letext0:
DEFINED SYMBOLS
                            *ABS*:0000000000000000 rf_tables.c
     /tmp/ccrMN4za.s:15     .data:0000000000000000 rf_tx_ramps_1900
     /tmp/ccrMN4za.s:532    .data:0000000000000200 rf_tx_ramps_1800
     /tmp/ccrMN4za.s:1049   .data:0000000000000400 rf_tx_ramps_900
     /tmp/ccrMN4za.s:1566   .data:0000000000000600 rf_tx_ramps_850
     /tmp/ccrMN4za.s:2083   .data:0000000000000800 rf_tx_levels_1900
     /tmp/ccrMN4za.s:2184   .data:0000000000000880 rf_tx_levels_1800
     /tmp/ccrMN4za.s:2285   .data:0000000000000900 rf_tx_levels_900
     /tmp/ccrMN4za.s:2386   .data:0000000000000980 rf_tx_levels_850
     /tmp/ccrMN4za.s:2486   .data:0000000000000a00 apc_offset

NO UNDEFINED SYMBOLS
