   1              		.file	"main.c"
   9              	.Ltext0:
  10              		.global	hr
  11              		.section	.rodata.str1.4,"aMS",%progbits,1
  12              		.align	2
  13              	.LC0:
  14 0000 3D3D3D3D 		.ascii	"==================================================="
  14      3D3D3D3D 
  14      3D3D3D3D 
  14      3D3D3D3D 
  14      3D3D3D3D 
  15 0033 3D3D3D3D 		.ascii	"===================\012\000"
  15      3D3D3D3D 
  15      3D3D3D3D 
  15      3D3D3D3D 
  15      3D3D3D0A 
  16              		.data
  17              		.align	2
  20              	hr:
  21 0000 00000000 		.word	.LC0
  22              		.section	.text.fb_putstr,"ax",%progbits
  23              		.align	2
  25              	fb_putstr:
  26              	.LFB32:
  27              		.file 1 "include/fb/framebuffer.h"
   1:include/fb/framebuffer.h **** #ifndef _FB_FRAMEBUFFER_H
   2:include/fb/framebuffer.h **** #define _FB_FRAMEBUFFER_H
   3:include/fb/framebuffer.h **** 
   4:include/fb/framebuffer.h **** #include <fb/font.h>
   5:include/fb/framebuffer.h **** #include <stdint.h>
   6:include/fb/framebuffer.h **** 
   7:include/fb/framebuffer.h **** /* color is encoded as <special><red><green><blue> */
   8:include/fb/framebuffer.h **** /* if a color is "special", then the RGB components most likely
   9:include/fb/framebuffer.h ****    don't make sense. Use "special" colours when you have to
  10:include/fb/framebuffer.h ****    mask out bits with transparency or you have to encode
  11:include/fb/framebuffer.h ****    colours in a fixed color palette ... */
  12:include/fb/framebuffer.h **** 
  13:include/fb/framebuffer.h **** #define FB_COLOR_WHITE		0x00ffffffU
  14:include/fb/framebuffer.h **** #define FB_COLOR_BLACK		0x00000000U
  15:include/fb/framebuffer.h **** #define FB_COLOR_TRANSP		0x01ffffffU
  16:include/fb/framebuffer.h **** 
  17:include/fb/framebuffer.h **** #define FB_COLOR_RGB(r,g,b) ((((r) & 0xff)<<16)|(((g)&0xff)<<8)|((b)&0xff))
  18:include/fb/framebuffer.h **** #define FB_COLOR_RED		FB_COLOR_RGB(0xff,0x00,0x00)
  19:include/fb/framebuffer.h **** #define FB_COLOR_GREEN		FB_COLOR_RGB(0x00,0xff,0x00)
  20:include/fb/framebuffer.h **** #define FB_COLOR_BLUE		FB_COLOR_RGB(0x00,0x00,0xff)
  21:include/fb/framebuffer.h **** 
  22:include/fb/framebuffer.h **** /* encode */
  23:include/fb/framebuffer.h **** 
  24:include/fb/framebuffer.h **** /* decode */
  25:include/fb/framebuffer.h **** #define FB_COLOR_IS_SPECIAL(v)     (!!((v) & 0xff000000U))
  26:include/fb/framebuffer.h **** #define FB_COLOR_TO_R(v)		(((v)>>16) & 0xff)
  27:include/fb/framebuffer.h **** #define FB_COLOR_TO_G(v)		(((v)>> 8) & 0xff)
  28:include/fb/framebuffer.h **** #define FB_COLOR_TO_B(v)		( (v)      & 0xff)
  29:include/fb/framebuffer.h **** 
  30:include/fb/framebuffer.h **** struct framebuffer {
  31:include/fb/framebuffer.h **** 	char name[8];				// keep it short!
  32:include/fb/framebuffer.h **** 	void (*init)();				// (re)initialize
  33:include/fb/framebuffer.h **** 	void (*clear)();			// clear display
  34:include/fb/framebuffer.h **** 	void (*set_p)(uint16_t x,uint16_t y);	// set pixel to fg color
  35:include/fb/framebuffer.h **** 	void (*boxto)(uint16_t x,uint16_t y);	// draw box to xy
  36:include/fb/framebuffer.h **** 	void (*lineto)(uint16_t x,uint16_t y);	// draw line to xy
  37:include/fb/framebuffer.h **** 	int (*putstr)(char *c,int maxwidth);	// put text in current font to fb
  38:include/fb/framebuffer.h **** 	void (*flush)();			// flush changes
  39:include/fb/framebuffer.h **** 
  40:include/fb/framebuffer.h **** 	uint16_t width,height;			// width/height of fb
  41:include/fb/framebuffer.h **** 	uint16_t cursor_x,cursor_y;		// current cursor
  42:include/fb/framebuffer.h **** 	uint32_t fg_color,bg_color;		// current fg/bg color
  43:include/fb/framebuffer.h **** 	enum fb_font_id font;			// current font
  44:include/fb/framebuffer.h **** };
  45:include/fb/framebuffer.h **** 
  46:include/fb/framebuffer.h **** /* there is a single framebuffer, the specific driver defines
  47:include/fb/framebuffer.h ****    the "framebuffer" symbol */
  48:include/fb/framebuffer.h **** extern struct framebuffer *framebuffer;
  49:include/fb/framebuffer.h **** 
  50:include/fb/framebuffer.h **** static inline void
  51:include/fb/framebuffer.h **** fb_init(){
  52:include/fb/framebuffer.h **** 	framebuffer->init();
  53:include/fb/framebuffer.h **** }
  54:include/fb/framebuffer.h **** 
  55:include/fb/framebuffer.h **** static inline void
  56:include/fb/framebuffer.h **** fb_clear(){
  57:include/fb/framebuffer.h **** 	framebuffer->clear();
  58:include/fb/framebuffer.h **** }
  59:include/fb/framebuffer.h **** 
  60:include/fb/framebuffer.h **** static inline void
  61:include/fb/framebuffer.h **** fb_boxto(uint16_t x,uint16_t y){
  62:include/fb/framebuffer.h **** 	framebuffer->boxto(x,y);
  63:include/fb/framebuffer.h **** }
  64:include/fb/framebuffer.h **** 
  65:include/fb/framebuffer.h **** static inline void
  66:include/fb/framebuffer.h **** fb_lineto(uint16_t x,uint16_t y){
  67:include/fb/framebuffer.h **** 	framebuffer->lineto(x,y);
  68:include/fb/framebuffer.h **** }
  69:include/fb/framebuffer.h **** 
  70:include/fb/framebuffer.h **** static inline void
  71:include/fb/framebuffer.h **** fb_set_p(uint16_t x,uint16_t y){
  72:include/fb/framebuffer.h **** 	framebuffer->set_p(x,y);
  73:include/fb/framebuffer.h **** }
  74:include/fb/framebuffer.h **** 
  75:include/fb/framebuffer.h **** static inline int
  76:include/fb/framebuffer.h **** fb_putstr(char *str,int maxwidth){
  28              		.loc 1 76 0
  29              		@ args = 0, pretend = 0, frame = 0
  30              		@ frame_needed = 0, uses_anonymous_args = 0
  31              	.LVL0:
  32 0000 04E02DE5 		str	lr, [sp, #-4]!
  33              	.LCFI0:
  77:include/fb/framebuffer.h **** 	return framebuffer->putstr(str,maxwidth);
  34              		.loc 1 77 0
  35 0004 0C309FE5 		ldr	r3, .L3
  36 0008 003093E5 		ldr	r3, [r3, #0]
  37 000c 0FE0A0E1 		mov	lr, pc
  38 0010 1CF093E5 		ldr	pc, [r3, #28]
  39              	.LVL1:
  78:include/fb/framebuffer.h **** }
  40              		.loc 1 78 0
  41 0014 04F09DE4 		ldr	pc, [sp], #4
  42              	.L4:
  43              		.align	2
  44              	.L3:
  45 0018 00000000 		.word	framebuffer
  46              	.LFE32:
  48              		.section	.rodata.str1.4
  49              		.align	2
  50              	.LC1:
  51 0048 0A0A4F73 		.ascii	"\012\012OsmocomBB Compal DSP Dumper (revision osmoc"
  51      6D6F636F 
  51      6D424220 
  51      436F6D70 
  51      616C2044 
  52 0075 6F6E5F76 		.ascii	"on_v0.0.0-2613-g2308b582)\012\000"
  52      302E302E 
  52      302D3236 
  52      31332D67 
  52      32333038 
  53              		.align	2
  54              	.LC2:
  55 0090 44535020 		.ascii	"DSP Dump\000"
  55      44756D70 
  55      00
  56 0099 000000   		.align	2
  57              	.LC3:
  58 009c 6F736D6F 		.ascii	"osmocom-bb\000"
  58      636F6D2D 
  58      626200
  59 00a7 00       		.section	.text.main,"ax",%progbits
  60              		.align	2
  61              		.global	main
  63              	main:
  64              	.LFB40:
  65              		.file 2 "apps/compal_dsp_dump/main.c"
   1:apps/compal_dsp_dump/main.c **** /* main program of Free Software for Calypso Phone */
   2:apps/compal_dsp_dump/main.c **** 
   3:apps/compal_dsp_dump/main.c **** /* (C) 2010 Harald Welte <laforge@gnumonks.org>
   4:apps/compal_dsp_dump/main.c ****  * (C) 2010 Sylvain Munaut <tnt@246tNt.com>
   5:apps/compal_dsp_dump/main.c ****  *
   6:apps/compal_dsp_dump/main.c ****  * All Rights Reserved
   7:apps/compal_dsp_dump/main.c ****  *
   8:apps/compal_dsp_dump/main.c ****  * This program is free software; you can redistribute it and/or modify
   9:apps/compal_dsp_dump/main.c ****  * it under the terms of the GNU General Public License as published by
  10:apps/compal_dsp_dump/main.c ****  * the Free Software Foundation; either version 2 of the License, or
  11:apps/compal_dsp_dump/main.c ****  * (at your option) any later version.
  12:apps/compal_dsp_dump/main.c ****  *
  13:apps/compal_dsp_dump/main.c ****  * This program is distributed in the hope that it will be useful,
  14:apps/compal_dsp_dump/main.c ****  * but WITHOUT ANY WARRANTY; without even the implied warranty of
  15:apps/compal_dsp_dump/main.c ****  * MERCHANTABILITY or FITNESS FOR A PARTICULAR PURPOSE.  See the
  16:apps/compal_dsp_dump/main.c ****  * GNU General Public License for more details.
  17:apps/compal_dsp_dump/main.c ****  *
  18:apps/compal_dsp_dump/main.c ****  * You should have received a copy of the GNU General Public License along
  19:apps/compal_dsp_dump/main.c ****  * with this program; if not, write to the Free Software Foundation, Inc.,
  20:apps/compal_dsp_dump/main.c ****  * 51 Franklin Street, Fifth Floor, Boston, MA 02110-1301 USA.
  21:apps/compal_dsp_dump/main.c ****  *
  22:apps/compal_dsp_dump/main.c ****  */
  23:apps/compal_dsp_dump/main.c **** 
  24:apps/compal_dsp_dump/main.c **** #include <memory.h>
  25:apps/compal_dsp_dump/main.c **** #include <delay.h>
  26:apps/compal_dsp_dump/main.c **** #include <stdio.h>
  27:apps/compal_dsp_dump/main.c **** #include <stdint.h>
  28:apps/compal_dsp_dump/main.c **** #include <rffe.h>
  29:apps/compal_dsp_dump/main.c **** #include <keypad.h>
  30:apps/compal_dsp_dump/main.c **** #include <board.h>
  31:apps/compal_dsp_dump/main.c **** #include <abb/twl3025.h>
  32:apps/compal_dsp_dump/main.c **** #include <rf/trf6151.h>
  33:apps/compal_dsp_dump/main.c **** #include <calypso/clock.h>
  34:apps/compal_dsp_dump/main.c **** #include <calypso/tpu.h>
  35:apps/compal_dsp_dump/main.c **** #include <calypso/tsp.h>
  36:apps/compal_dsp_dump/main.c **** #include <calypso/dsp.h>
  37:apps/compal_dsp_dump/main.c **** #include <calypso/irq.h>
  38:apps/compal_dsp_dump/main.c **** #include <calypso/misc.h>
  39:apps/compal_dsp_dump/main.c **** #include <comm/timer.h>
  40:apps/compal_dsp_dump/main.c **** #include <fb/framebuffer.h>
  41:apps/compal_dsp_dump/main.c **** 
  42:apps/compal_dsp_dump/main.c **** /* Main Program */
  43:apps/compal_dsp_dump/main.c **** const char *hr = "======================================================================\n";
  44:apps/compal_dsp_dump/main.c **** 
  45:apps/compal_dsp_dump/main.c **** int main(void)
  46:apps/compal_dsp_dump/main.c **** {
  66              		.loc 2 46 0
  67              		@ args = 0, pretend = 0, frame = 0
  68              		@ frame_needed = 0, uses_anonymous_args = 0
  69              	.LVL2:
  70 0000 70402DE9 		stmfd	sp!, {r4, r5, r6, lr}
  71              	.LCFI1:
  47:apps/compal_dsp_dump/main.c **** 	board_init(1);
  72              		.loc 2 47 0
  73 0004 0100A0E3 		mov	r0, #1
  48:apps/compal_dsp_dump/main.c **** 
  49:apps/compal_dsp_dump/main.c **** 	puts("\n\nOsmocomBB Compal DSP Dumper (revision " GIT_REVISION ")\n");
  50:apps/compal_dsp_dump/main.c **** 	puts(hr);
  74              		.loc 2 50 0
  75 0008 EC409FE5 		ldr	r4, .L8
  76              		.loc 2 47 0
  77 000c FEFFFFEB 		bl	board_init
  78              		.loc 2 49 0
  79 0010 E8009FE5 		ldr	r0, .L8+4
  80 0014 FEFFFFEB 		bl	puts
  81              	.LBB2:
  82              	.LBB3:
  83              		.loc 1 57 0
  84 0018 E4509FE5 		ldr	r5, .L8+8
  85              	.LBE3:
  86              	.LBE2:
  87              		.loc 2 50 0
  88 001c 000094E5 		ldr	r0, [r4, #0]
  89 0020 FEFFFFEB 		bl	puts
  51:apps/compal_dsp_dump/main.c **** 
  52:apps/compal_dsp_dump/main.c **** 	/* Dump device identification */
  53:apps/compal_dsp_dump/main.c **** 	dump_dev_id();
  90              		.loc 2 53 0
  91 0024 FEFFFFEB 		bl	dump_dev_id
  54:apps/compal_dsp_dump/main.c **** 	puts(hr);
  92              		.loc 2 54 0
  93 0028 000094E5 		ldr	r0, [r4, #0]
  94 002c FEFFFFEB 		bl	puts
  95              	.LBB4:
  96              	.LBB5:
  97              		.loc 1 57 0
  98 0030 003095E5 		ldr	r3, [r5, #0]
  99 0034 0FE0A0E1 		mov	lr, pc
 100 0038 0CF093E5 		ldr	pc, [r3, #12]
 101              	.LBE5:
 102              	.LBE4:
 103              	.LBB6:
 104              	.LBB7:
  79:include/fb/framebuffer.h **** 
  80:include/fb/framebuffer.h **** static inline void
  81:include/fb/framebuffer.h **** fb_flush(){
  82:include/fb/framebuffer.h **** 	framebuffer->flush();
  83:include/fb/framebuffer.h **** }
  84:include/fb/framebuffer.h **** 
  85:include/fb/framebuffer.h **** static inline void
  86:include/fb/framebuffer.h **** fb_gotoxy(uint16_t x,uint16_t y){
  87:include/fb/framebuffer.h **** 	framebuffer->cursor_x = x;
  88:include/fb/framebuffer.h **** 	framebuffer->cursor_y = y;
  89:include/fb/framebuffer.h **** }
  90:include/fb/framebuffer.h **** 
  91:include/fb/framebuffer.h **** static inline void
  92:include/fb/framebuffer.h **** fb_setfg(uint32_t color){
  93:include/fb/framebuffer.h **** 	framebuffer->fg_color = color;
 105              		.loc 1 93 0
 106 003c 002095E5 		ldr	r2, [r5, #0]
 107              	.LBE7:
 108              	.LBE6:
 109              	.LBB8:
 110              	.LBB9:
  94:include/fb/framebuffer.h **** }
  95:include/fb/framebuffer.h **** 
  96:include/fb/framebuffer.h **** static inline void
  97:include/fb/framebuffer.h **** fb_setbg(uint32_t color){
  98:include/fb/framebuffer.h **** 	framebuffer->bg_color = color;
  99:include/fb/framebuffer.h **** }
 100:include/fb/framebuffer.h **** 
 101:include/fb/framebuffer.h **** static inline void
 102:include/fb/framebuffer.h **** fb_setfont(enum fb_font_id fid){
 103:include/fb/framebuffer.h **** 	framebuffer->font = fid;
 111              		.loc 1 103 0
 112 0040 0130A0E3 		mov	r3, #1
 113              	.LBE9:
 114              	.LBE8:
  55:apps/compal_dsp_dump/main.c **** 
  56:apps/compal_dsp_dump/main.c **** 	fb_clear();
  57:apps/compal_dsp_dump/main.c **** 
  58:apps/compal_dsp_dump/main.c **** 	fb_setfg(FB_COLOR_BLACK);
  59:apps/compal_dsp_dump/main.c **** 	fb_setbg(FB_COLOR_WHITE);
  60:apps/compal_dsp_dump/main.c **** 	fb_setfont(FB_FONT_HELVB14);
  61:apps/compal_dsp_dump/main.c **** 
  62:apps/compal_dsp_dump/main.c **** 	fb_gotoxy(2,20);
  63:apps/compal_dsp_dump/main.c **** 	fb_putstr("DSP Dump",framebuffer->width-4);
 115              		.loc 2 63 0
 116 0044 B412D2E1 		ldrh	r1, [r2, #36]
 117              	.LBB10:
 118              	.LBB11:
 119              		.loc 1 103 0
 120 0048 343082E5 		str	r3, [r2, #52]
 121              	.LBE11:
 122              	.LBE10:
 123              	.LBB12:
 124              	.LBB13:
 125              		.loc 1 87 0
 126 004c 0230A0E3 		mov	r3, #2	@ movhi
 127 0050 B832C2E1 		strh	r3, [r2, #40]	@ movhi
 128              	.LBE13:
 129              	.LBE12:
 130              	.LBB14:
 131              	.LBB15:
 132              		.loc 1 93 0
 133 0054 0060A0E3 		mov	r6, #0
 134              	.LBE15:
 135              	.LBE14:
 136              	.LBB16:
 137              	.LBB17:
 138              		.loc 1 88 0
 139 0058 1430A0E3 		mov	r3, #20	@ movhi
 140              	.LBE17:
 141              	.LBE16:
 142              	.LBB18:
 143              	.LBB19:
 144              		.loc 1 98 0
 145 005c FF44E0E3 		mvn	r4, #-16777216
 146              	.LBE19:
 147              	.LBE18:
 148              	.LBB20:
 149              	.LBB21:
 150              		.loc 1 88 0
 151 0060 BA32C2E1 		strh	r3, [r2, #42]	@ movhi
 152              	.LBE21:
 153              	.LBE20:
 154              		.loc 2 63 0
 155 0064 041041E2 		sub	r1, r1, #4
 156              	.LBB22:
 157              	.LBB23:
 158              		.loc 1 93 0
 159 0068 2C6082E5 		str	r6, [r2, #44]
 160              	.LBE23:
 161              	.LBE22:
 162              	.LBB24:
 163              	.LBB25:
 164              		.loc 1 98 0
 165 006c 304082E5 		str	r4, [r2, #48]
 166              	.LBE25:
 167              	.LBE24:
 168              		.loc 2 63 0
 169 0070 90009FE5 		ldr	r0, .L8+12
 170 0074 FEFFFFEB 		bl	fb_putstr
 171              	.LBB26:
 172              	.LBB27:
 173              		.loc 1 93 0
 174 0078 002095E5 		ldr	r2, [r5, #0]
 175 007c FF38A0E3 		mov	r3, #16711680
 176              	.LBE27:
 177              	.LBE26:
 178              	.LBB28:
 179              	.LBB29:
 180              		.loc 1 62 0
 181 0080 B402D2E1 		ldrh	r0, [r2, #36]
 182              	.LBE29:
 183              	.LBE28:
 184              	.LBB30:
 185              	.LBB31:
 186              		.loc 1 93 0
 187 0084 2C3082E5 		str	r3, [r2, #44]
 188              	.LBE31:
 189              	.LBE30:
 190              	.LBB32:
 191              	.LBB33:
 192              		.loc 1 98 0
 193 0088 FF30A0E3 		mov	r3, #255
 194 008c 303082E5 		str	r3, [r2, #48]
 195              	.LBE33:
 196              	.LBE32:
 197              	.LBB34:
 198              	.LBB35:
 199              		.loc 1 62 0
 200 0090 030040E2 		sub	r0, r0, #3
 201              	.LBE35:
 202              	.LBE34:
 203              	.LBB36:
 204              	.LBB37:
 205              		.loc 1 87 0
 206 0094 0230A0E3 		mov	r3, #2	@ movhi
 207 0098 B832C2E1 		strh	r3, [r2, #40]	@ movhi
 208              	.LBE37:
 209              	.LBE36:
 210              	.LBB38:
 211              	.LBB39:
 212              		.loc 1 62 0
 213 009c 0008A0E1 		mov	r0, r0, asl #16
 214              	.LBE39:
 215              	.LBE38:
 216              	.LBB40:
 217              	.LBB41:
 218              		.loc 1 88 0
 219 00a0 1930A0E3 		mov	r3, #25	@ movhi
 220 00a4 BA32C2E1 		strh	r3, [r2, #42]	@ movhi
 221              	.LBE41:
 222              	.LBE40:
 223              	.LBB42:
 224              	.LBB43:
 225              		.loc 1 62 0
 226 00a8 2008A0E1 		mov	r0, r0, lsr #16
 227 00ac 2610A0E3 		mov	r1, #38
 228 00b0 0FE0A0E1 		mov	lr, pc
 229 00b4 14F092E5 		ldr	pc, [r2, #20]
 230              	.LBE43:
 231              	.LBE42:
 232              	.LBB44:
 233              	.LBB45:
 234              		.loc 1 93 0
 235 00b8 003095E5 		ldr	r3, [r5, #0]
 236              	.LBE45:
 237              	.LBE44:
 238              	.LBB46:
 239              	.LBB47:
 240              		.loc 1 87 0
 241 00bc 0820A0E3 		mov	r2, #8	@ movhi
 242              	.LBE47:
 243              	.LBE46:
  64:apps/compal_dsp_dump/main.c **** 
  65:apps/compal_dsp_dump/main.c **** 	fb_setfg(FB_COLOR_RED);
  66:apps/compal_dsp_dump/main.c **** 	fb_setbg(FB_COLOR_BLUE);
  67:apps/compal_dsp_dump/main.c **** 
  68:apps/compal_dsp_dump/main.c **** 	fb_gotoxy(2,25);
  69:apps/compal_dsp_dump/main.c **** 	fb_boxto(framebuffer->width-3,38);
  70:apps/compal_dsp_dump/main.c **** 
  71:apps/compal_dsp_dump/main.c **** 	fb_setfg(FB_COLOR_WHITE);
  72:apps/compal_dsp_dump/main.c **** 	fb_setfont(FB_FONT_HELVR08);
  73:apps/compal_dsp_dump/main.c **** 	fb_gotoxy(8,33);
  74:apps/compal_dsp_dump/main.c **** 	fb_putstr("osmocom-bb",framebuffer->width-4);
 244              		.loc 2 74 0
 245 00c0 B412D3E1 		ldrh	r1, [r3, #36]
 246              	.LBB48:
 247              	.LBB49:
 248              		.loc 1 87 0
 249 00c4 B822C3E1 		strh	r2, [r3, #40]	@ movhi
 250              		.loc 1 88 0
 251 00c8 2120A0E3 		mov	r2, #33	@ movhi
 252 00cc BA22C3E1 		strh	r2, [r3, #42]	@ movhi
 253              	.LBE49:
 254              	.LBE48:
 255              	.LBB50:
 256              	.LBB51:
 257              		.loc 1 93 0
 258 00d0 2C4083E5 		str	r4, [r3, #44]
 259              	.LBE51:
 260              	.LBE50:
 261              	.LBB52:
 262              	.LBB53:
 263              		.loc 1 103 0
 264 00d4 346083E5 		str	r6, [r3, #52]
 265              	.LBE53:
 266              	.LBE52:
 267              		.loc 2 74 0
 268 00d8 041041E2 		sub	r1, r1, #4
 269 00dc 28009FE5 		ldr	r0, .L8+16
 270 00e0 FEFFFFEB 		bl	fb_putstr
 271              	.LBB54:
 272              	.LBB55:
 273              		.loc 1 82 0
 274 00e4 003095E5 		ldr	r3, [r5, #0]
 275 00e8 0FE0A0E1 		mov	lr, pc
 276 00ec 20F093E5 		ldr	pc, [r3, #32]
 277              	.LBE55:
 278              	.LBE54:
  75:apps/compal_dsp_dump/main.c **** 
  76:apps/compal_dsp_dump/main.c **** 	fb_flush();
  77:apps/compal_dsp_dump/main.c **** 
  78:apps/compal_dsp_dump/main.c **** 	/* Dump DSP content */
  79:apps/compal_dsp_dump/main.c **** 	dsp_dump();
 279              		.loc 2 79 0
 280 00f0 FEFFFFEB 		bl	dsp_dump
 281              	.L6:
  80:apps/compal_dsp_dump/main.c **** 
  81:apps/compal_dsp_dump/main.c **** 	while (1) {
  82:apps/compal_dsp_dump/main.c **** 		osmo_timers_update();
 282              		.loc 2 82 0
 283 00f4 FEFFFFEB 		bl	osmo_timers_update
 284 00f8 3B0000EA 		b	.L6
 285              	.L9:
 286              		.align	2
 287              	.L8:
 288 00fc 00000000 		.word	hr
 289 0100 48000000 		.word	.LC1
 290 0104 00000000 		.word	framebuffer
 291 0108 90000000 		.word	.LC2
 292 010c 9C000000 		.word	.LC3
 293              	.LFE40:
 347              	.Letext0:
DEFINED SYMBOLS
                            *ABS*:0000000000000000 main.c
     /tmp/ccI97WdN.s:20     .data:0000000000000000 hr
     /tmp/ccI97WdN.s:21     .data:0000000000000000 $d
     /tmp/ccI97WdN.s:25     .text.fb_putstr:0000000000000000 fb_putstr
     /tmp/ccI97WdN.s:32     .text.fb_putstr:0000000000000000 $a
     /tmp/ccI97WdN.s:45     .text.fb_putstr:0000000000000018 $d
     /tmp/ccI97WdN.s:63     .text.main:0000000000000000 main
     /tmp/ccI97WdN.s:70     .text.main:0000000000000000 $a
     /tmp/ccI97WdN.s:288    .text.main:00000000000000fc $d

UNDEFINED SYMBOLS
framebuffer
board_init
puts
dump_dev_id
dsp_dump
osmo_timers_update
