   1              		.file	"tx_ramps.c"
   9              	.Ltext0:
  10              		.global	rf_tx_ramps_1900
  11              		.data
  12              		.align	2
  15              	rf_tx_ramps_1900:
  16 0000 0A       		.byte	10
  17 0001 00       		.byte	0
  18 0002 00       		.byte	0
  19 0003 00       		.byte	0
  20 0004 00       		.byte	0
  21 0005 00       		.byte	0
  22 0006 00       		.byte	0
  23 0007 00       		.byte	0
  24 0008 06       		.byte	6
  25 0009 0F       		.byte	15
  26 000a 1F       		.byte	31
  27 000b 1F       		.byte	31
  28 000c 17       		.byte	23
  29 000d 0C       		.byte	12
  30 000e 00       		.byte	0
  31 000f 00       		.byte	0
  32 0010 1F       		.byte	31
  33 0011 1F       		.byte	31
  34 0012 1B       		.byte	27
  35 0013 1B       		.byte	27
  36 0014 0C       		.byte	12
  37 0015 00       		.byte	0
  38 0016 00       		.byte	0
  39 0017 00       		.byte	0
  40 0018 00       		.byte	0
  41 0019 00       		.byte	0
  42 001a 00       		.byte	0
  43 001b 00       		.byte	0
  44 001c 00       		.byte	0
  45 001d 00       		.byte	0
  46 001e 00       		.byte	0
  47 001f 00       		.byte	0
  48 0020 0A       		.byte	10
  49 0021 00       		.byte	0
  50 0022 00       		.byte	0
  51 0023 00       		.byte	0
  52 0024 00       		.byte	0
  53 0025 00       		.byte	0
  54 0026 00       		.byte	0
  55 0027 00       		.byte	0
  56 0028 06       		.byte	6
  57 0029 0F       		.byte	15
  58 002a 1F       		.byte	31
  59 002b 1F       		.byte	31
  60 002c 17       		.byte	23
  61 002d 0C       		.byte	12
  62 002e 00       		.byte	0
  63 002f 00       		.byte	0
  64 0030 1F       		.byte	31
  65 0031 1F       		.byte	31
  66 0032 1B       		.byte	27
  67 0033 1B       		.byte	27
  68 0034 0C       		.byte	12
  69 0035 00       		.byte	0
  70 0036 00       		.byte	0
  71 0037 00       		.byte	0
  72 0038 00       		.byte	0
  73 0039 00       		.byte	0
  74 003a 00       		.byte	0
  75 003b 00       		.byte	0
  76 003c 00       		.byte	0
  77 003d 00       		.byte	0
  78 003e 00       		.byte	0
  79 003f 00       		.byte	0
  80 0040 0A       		.byte	10
  81 0041 00       		.byte	0
  82 0042 00       		.byte	0
  83 0043 00       		.byte	0
  84 0044 00       		.byte	0
  85 0045 00       		.byte	0
  86 0046 00       		.byte	0
  87 0047 00       		.byte	0
  88 0048 06       		.byte	6
  89 0049 0F       		.byte	15
  90 004a 1F       		.byte	31
  91 004b 1F       		.byte	31
  92 004c 17       		.byte	23
  93 004d 0C       		.byte	12
  94 004e 00       		.byte	0
  95 004f 00       		.byte	0
  96 0050 1F       		.byte	31
  97 0051 1F       		.byte	31
  98 0052 1B       		.byte	27
  99 0053 1B       		.byte	27
 100 0054 0C       		.byte	12
 101 0055 00       		.byte	0
 102 0056 00       		.byte	0
 103 0057 00       		.byte	0
 104 0058 00       		.byte	0
 105 0059 00       		.byte	0
 106 005a 00       		.byte	0
 107 005b 00       		.byte	0
 108 005c 00       		.byte	0
 109 005d 00       		.byte	0
 110 005e 00       		.byte	0
 111 005f 00       		.byte	0
 112 0060 0A       		.byte	10
 113 0061 00       		.byte	0
 114 0062 00       		.byte	0
 115 0063 00       		.byte	0
 116 0064 00       		.byte	0
 117 0065 00       		.byte	0
 118 0066 00       		.byte	0
 119 0067 00       		.byte	0
 120 0068 06       		.byte	6
 121 0069 0F       		.byte	15
 122 006a 1F       		.byte	31
 123 006b 1F       		.byte	31
 124 006c 17       		.byte	23
 125 006d 0C       		.byte	12
 126 006e 00       		.byte	0
 127 006f 00       		.byte	0
 128 0070 1F       		.byte	31
 129 0071 1F       		.byte	31
 130 0072 1B       		.byte	27
 131 0073 1B       		.byte	27
 132 0074 0C       		.byte	12
 133 0075 00       		.byte	0
 134 0076 00       		.byte	0
 135 0077 00       		.byte	0
 136 0078 00       		.byte	0
 137 0079 00       		.byte	0
 138 007a 00       		.byte	0
 139 007b 00       		.byte	0
 140 007c 00       		.byte	0
 141 007d 00       		.byte	0
 142 007e 00       		.byte	0
 143 007f 00       		.byte	0
 144 0080 0A       		.byte	10
 145 0081 00       		.byte	0
 146 0082 00       		.byte	0
 147 0083 00       		.byte	0
 148 0084 00       		.byte	0
 149 0085 00       		.byte	0
 150 0086 00       		.byte	0
 151 0087 00       		.byte	0
 152 0088 06       		.byte	6
 153 0089 0F       		.byte	15
 154 008a 1F       		.byte	31
 155 008b 1F       		.byte	31
 156 008c 17       		.byte	23
 157 008d 0C       		.byte	12
 158 008e 00       		.byte	0
 159 008f 00       		.byte	0
 160 0090 1F       		.byte	31
 161 0091 1F       		.byte	31
 162 0092 1B       		.byte	27
 163 0093 1B       		.byte	27
 164 0094 0C       		.byte	12
 165 0095 00       		.byte	0
 166 0096 00       		.byte	0
 167 0097 00       		.byte	0
 168 0098 00       		.byte	0
 169 0099 00       		.byte	0
 170 009a 00       		.byte	0
 171 009b 00       		.byte	0
 172 009c 00       		.byte	0
 173 009d 00       		.byte	0
 174 009e 00       		.byte	0
 175 009f 00       		.byte	0
 176 00a0 0B       		.byte	11
 177 00a1 00       		.byte	0
 178 00a2 00       		.byte	0
 179 00a3 00       		.byte	0
 180 00a4 00       		.byte	0
 181 00a5 00       		.byte	0
 182 00a6 00       		.byte	0
 183 00a7 00       		.byte	0
 184 00a8 00       		.byte	0
 185 00a9 0F       		.byte	15
 186 00aa 19       		.byte	25
 187 00ab 1A       		.byte	26
 188 00ac 1F       		.byte	31
 189 00ad 0A       		.byte	10
 190 00ae 00       		.byte	0
 191 00af 00       		.byte	0
 192 00b0 1F       		.byte	31
 193 00b1 1F       		.byte	31
 194 00b2 1F       		.byte	31
 195 00b3 1F       		.byte	31
 196 00b4 04       		.byte	4
 197 00b5 00       		.byte	0
 198 00b6 00       		.byte	0
 199 00b7 00       		.byte	0
 200 00b8 00       		.byte	0
 201 00b9 00       		.byte	0
 202 00ba 00       		.byte	0
 203 00bb 00       		.byte	0
 204 00bc 00       		.byte	0
 205 00bd 00       		.byte	0
 206 00be 00       		.byte	0
 207 00bf 00       		.byte	0
 208 00c0 0B       		.byte	11
 209 00c1 00       		.byte	0
 210 00c2 00       		.byte	0
 211 00c3 00       		.byte	0
 212 00c4 00       		.byte	0
 213 00c5 00       		.byte	0
 214 00c6 00       		.byte	0
 215 00c7 00       		.byte	0
 216 00c8 00       		.byte	0
 217 00c9 0F       		.byte	15
 218 00ca 19       		.byte	25
 219 00cb 1A       		.byte	26
 220 00cc 1F       		.byte	31
 221 00cd 0A       		.byte	10
 222 00ce 00       		.byte	0
 223 00cf 00       		.byte	0
 224 00d0 1F       		.byte	31
 225 00d1 1F       		.byte	31
 226 00d2 1F       		.byte	31
 227 00d3 1F       		.byte	31
 228 00d4 04       		.byte	4
 229 00d5 00       		.byte	0
 230 00d6 00       		.byte	0
 231 00d7 00       		.byte	0
 232 00d8 00       		.byte	0
 233 00d9 00       		.byte	0
 234 00da 00       		.byte	0
 235 00db 00       		.byte	0
 236 00dc 00       		.byte	0
 237 00dd 00       		.byte	0
 238 00de 00       		.byte	0
 239 00df 00       		.byte	0
 240 00e0 0B       		.byte	11
 241 00e1 00       		.byte	0
 242 00e2 00       		.byte	0
 243 00e3 00       		.byte	0
 244 00e4 00       		.byte	0
 245 00e5 00       		.byte	0
 246 00e6 00       		.byte	0
 247 00e7 00       		.byte	0
 248 00e8 00       		.byte	0
 249 00e9 0F       		.byte	15
 250 00ea 19       		.byte	25
 251 00eb 1A       		.byte	26
 252 00ec 1F       		.byte	31
 253 00ed 0A       		.byte	10
 254 00ee 00       		.byte	0
 255 00ef 00       		.byte	0
 256 00f0 1F       		.byte	31
 257 00f1 1F       		.byte	31
 258 00f2 1F       		.byte	31
 259 00f3 1F       		.byte	31
 260 00f4 04       		.byte	4
 261 00f5 00       		.byte	0
 262 00f6 00       		.byte	0
 263 00f7 00       		.byte	0
 264 00f8 00       		.byte	0
 265 00f9 00       		.byte	0
 266 00fa 00       		.byte	0
 267 00fb 00       		.byte	0
 268 00fc 00       		.byte	0
 269 00fd 00       		.byte	0
 270 00fe 00       		.byte	0
 271 00ff 00       		.byte	0
 272 0100 0B       		.byte	11
 273 0101 00       		.byte	0
 274 0102 00       		.byte	0
 275 0103 00       		.byte	0
 276 0104 00       		.byte	0
 277 0105 00       		.byte	0
 278 0106 00       		.byte	0
 279 0107 00       		.byte	0
 280 0108 00       		.byte	0
 281 0109 0F       		.byte	15
 282 010a 19       		.byte	25
 283 010b 1A       		.byte	26
 284 010c 1F       		.byte	31
 285 010d 0A       		.byte	10
 286 010e 00       		.byte	0
 287 010f 00       		.byte	0
 288 0110 1F       		.byte	31
 289 0111 1F       		.byte	31
 290 0112 1F       		.byte	31
 291 0113 1F       		.byte	31
 292 0114 04       		.byte	4
 293 0115 00       		.byte	0
 294 0116 00       		.byte	0
 295 0117 00       		.byte	0
 296 0118 00       		.byte	0
 297 0119 00       		.byte	0
 298 011a 00       		.byte	0
 299 011b 00       		.byte	0
 300 011c 00       		.byte	0
 301 011d 00       		.byte	0
 302 011e 00       		.byte	0
 303 011f 00       		.byte	0
 304 0120 0B       		.byte	11
 305 0121 00       		.byte	0
 306 0122 00       		.byte	0
 307 0123 00       		.byte	0
 308 0124 00       		.byte	0
 309 0125 00       		.byte	0
 310 0126 00       		.byte	0
 311 0127 00       		.byte	0
 312 0128 00       		.byte	0
 313 0129 0F       		.byte	15
 314 012a 19       		.byte	25
 315 012b 1A       		.byte	26
 316 012c 1F       		.byte	31
 317 012d 0A       		.byte	10
 318 012e 00       		.byte	0
 319 012f 00       		.byte	0
 320 0130 1F       		.byte	31
 321 0131 1F       		.byte	31
 322 0132 1F       		.byte	31
 323 0133 1F       		.byte	31
 324 0134 04       		.byte	4
 325 0135 00       		.byte	0
 326 0136 00       		.byte	0
 327 0137 00       		.byte	0
 328 0138 00       		.byte	0
 329 0139 00       		.byte	0
 330 013a 00       		.byte	0
 331 013b 00       		.byte	0
 332 013c 00       		.byte	0
 333 013d 00       		.byte	0
 334 013e 00       		.byte	0
 335 013f 00       		.byte	0
 336 0140 0B       		.byte	11
 337 0141 00       		.byte	0
 338 0142 00       		.byte	0
 339 0143 00       		.byte	0
 340 0144 00       		.byte	0
 341 0145 00       		.byte	0
 342 0146 00       		.byte	0
 343 0147 00       		.byte	0
 344 0148 00       		.byte	0
 345 0149 0F       		.byte	15
 346 014a 19       		.byte	25
 347 014b 1A       		.byte	26
 348 014c 1F       		.byte	31
 349 014d 0A       		.byte	10
 350 014e 00       		.byte	0
 351 014f 00       		.byte	0
 352 0150 1F       		.byte	31
 353 0151 1F       		.byte	31
 354 0152 1F       		.byte	31
 355 0153 1F       		.byte	31
 356 0154 04       		.byte	4
 357 0155 00       		.byte	0
 358 0156 00       		.byte	0
 359 0157 00       		.byte	0
 360 0158 00       		.byte	0
 361 0159 00       		.byte	0
 362 015a 00       		.byte	0
 363 015b 00       		.byte	0
 364 015c 00       		.byte	0
 365 015d 00       		.byte	0
 366 015e 00       		.byte	0
 367 015f 00       		.byte	0
 368 0160 10       		.byte	16
 369 0161 00       		.byte	0
 370 0162 00       		.byte	0
 371 0163 00       		.byte	0
 372 0164 00       		.byte	0
 373 0165 00       		.byte	0
 374 0166 00       		.byte	0
 375 0167 00       		.byte	0
 376 0168 00       		.byte	0
 377 0169 0A       		.byte	10
 378 016a 1E       		.byte	30
 379 016b 1F       		.byte	31
 380 016c 1F       		.byte	31
 381 016d 0A       		.byte	10
 382 016e 00       		.byte	0
 383 016f 00       		.byte	0
 384 0170 1F       		.byte	31
 385 0171 1F       		.byte	31
 386 0172 1F       		.byte	31
 387 0173 1F       		.byte	31
 388 0174 04       		.byte	4
 389 0175 00       		.byte	0
 390 0176 00       		.byte	0
 391 0177 00       		.byte	0
 392 0178 00       		.byte	0
 393 0179 00       		.byte	0
 394 017a 00       		.byte	0
 395 017b 00       		.byte	0
 396 017c 00       		.byte	0
 397 017d 00       		.byte	0
 398 017e 00       		.byte	0
 399 017f 00       		.byte	0
 400 0180 10       		.byte	16
 401 0181 00       		.byte	0
 402 0182 00       		.byte	0
 403 0183 00       		.byte	0
 404 0184 00       		.byte	0
 405 0185 00       		.byte	0
 406 0186 00       		.byte	0
 407 0187 00       		.byte	0
 408 0188 00       		.byte	0
 409 0189 0A       		.byte	10
 410 018a 1E       		.byte	30
 411 018b 1F       		.byte	31
 412 018c 1F       		.byte	31
 413 018d 0A       		.byte	10
 414 018e 00       		.byte	0
 415 018f 00       		.byte	0
 416 0190 1F       		.byte	31
 417 0191 1F       		.byte	31
 418 0192 1F       		.byte	31
 419 0193 1F       		.byte	31
 420 0194 04       		.byte	4
 421 0195 00       		.byte	0
 422 0196 00       		.byte	0
 423 0197 00       		.byte	0
 424 0198 00       		.byte	0
 425 0199 00       		.byte	0
 426 019a 00       		.byte	0
 427 019b 00       		.byte	0
 428 019c 00       		.byte	0
 429 019d 00       		.byte	0
 430 019e 00       		.byte	0
 431 019f 00       		.byte	0
 432 01a0 13       		.byte	19
 433 01a1 00       		.byte	0
 434 01a2 00       		.byte	0
 435 01a3 00       		.byte	0
 436 01a4 00       		.byte	0
 437 01a5 00       		.byte	0
 438 01a6 00       		.byte	0
 439 01a7 00       		.byte	0
 440 01a8 00       		.byte	0
 441 01a9 09       		.byte	9
 442 01aa 1F       		.byte	31
 443 01ab 1F       		.byte	31
 444 01ac 1F       		.byte	31
 445 01ad 07       		.byte	7
 446 01ae 00       		.byte	0
 447 01af 00       		.byte	0
 448 01b0 1F       		.byte	31
 449 01b1 1F       		.byte	31
 450 01b2 1F       		.byte	31
 451 01b3 1F       		.byte	31
 452 01b4 04       		.byte	4
 453 01b5 00       		.byte	0
 454 01b6 00       		.byte	0
 455 01b7 00       		.byte	0
 456 01b8 00       		.byte	0
 457 01b9 00       		.byte	0
 458 01ba 00       		.byte	0
 459 01bb 00       		.byte	0
 460 01bc 00       		.byte	0
 461 01bd 00       		.byte	0
 462 01be 00       		.byte	0
 463 01bf 00       		.byte	0
 464 01c0 17       		.byte	23
 465 01c1 00       		.byte	0
 466 01c2 00       		.byte	0
 467 01c3 00       		.byte	0
 468 01c4 00       		.byte	0
 469 01c5 00       		.byte	0
 470 01c6 00       		.byte	0
 471 01c7 00       		.byte	0
 472 01c8 00       		.byte	0
 473 01c9 19       		.byte	25
 474 01ca 1F       		.byte	31
 475 01cb 1F       		.byte	31
 476 01cc 1F       		.byte	31
 477 01cd 07       		.byte	7
 478 01ce 00       		.byte	0
 479 01cf 00       		.byte	0
 480 01d0 1F       		.byte	31
 481 01d1 1F       		.byte	31
 482 01d2 1F       		.byte	31
 483 01d3 1F       		.byte	31
 484 01d4 04       		.byte	4
 485 01d5 00       		.byte	0
 486 01d6 00       		.byte	0
 487 01d7 00       		.byte	0
 488 01d8 00       		.byte	0
 489 01d9 00       		.byte	0
 490 01da 00       		.byte	0
 491 01db 00       		.byte	0
 492 01dc 00       		.byte	0
 493 01dd 00       		.byte	0
 494 01de 00       		.byte	0
 495 01df 00       		.byte	0
 496 01e0 17       		.byte	23
 497 01e1 00       		.byte	0
 498 01e2 00       		.byte	0
 499 01e3 00       		.byte	0
 500 01e4 00       		.byte	0
 501 01e5 00       		.byte	0
 502 01e6 00       		.byte	0
 503 01e7 00       		.byte	0
 504 01e8 00       		.byte	0
 505 01e9 19       		.byte	25
 506 01ea 1F       		.byte	31
 507 01eb 1F       		.byte	31
 508 01ec 1F       		.byte	31
 509 01ed 07       		.byte	7
 510 01ee 00       		.byte	0
 511 01ef 00       		.byte	0
 512 01f0 1F       		.byte	31
 513 01f1 1F       		.byte	31
 514 01f2 1F       		.byte	31
 515 01f3 1F       		.byte	31
 516 01f4 04       		.byte	4
 517 01f5 00       		.byte	0
 518 01f6 00       		.byte	0
 519 01f7 00       		.byte	0
 520 01f8 00       		.byte	0
 521 01f9 00       		.byte	0
 522 01fa 00       		.byte	0
 523 01fb 00       		.byte	0
 524 01fc 00       		.byte	0
 525 01fd 00       		.byte	0
 526 01fe 00       		.byte	0
 527 01ff 00       		.byte	0
 528              		.global	rf_tx_ramps_1800
 529              		.align	2
 532              	rf_tx_ramps_1800:
 533 0200 06       		.byte	6
 534 0201 00       		.byte	0
 535 0202 00       		.byte	0
 536 0203 00       		.byte	0
 537 0204 00       		.byte	0
 538 0205 00       		.byte	0
 539 0206 00       		.byte	0
 540 0207 00       		.byte	0
 541 0208 00       		.byte	0
 542 0209 1A       		.byte	26
 543 020a 1A       		.byte	26
 544 020b 1E       		.byte	30
 545 020c 1E       		.byte	30
 546 020d 0A       		.byte	10
 547 020e 00       		.byte	0
 548 020f 00       		.byte	0
 549 0210 1F       		.byte	31
 550 0211 1F       		.byte	31
 551 0212 1F       		.byte	31
 552 0213 1F       		.byte	31
 553 0214 04       		.byte	4
 554 0215 00       		.byte	0
 555 0216 00       		.byte	0
 556 0217 00       		.byte	0
 557 0218 00       		.byte	0
 558 0219 00       		.byte	0
 559 021a 00       		.byte	0
 560 021b 00       		.byte	0
 561 021c 00       		.byte	0
 562 021d 00       		.byte	0
 563 021e 00       		.byte	0
 564 021f 00       		.byte	0
 565 0220 06       		.byte	6
 566 0221 00       		.byte	0
 567 0222 00       		.byte	0
 568 0223 00       		.byte	0
 569 0224 00       		.byte	0
 570 0225 00       		.byte	0
 571 0226 00       		.byte	0
 572 0227 00       		.byte	0
 573 0228 00       		.byte	0
 574 0229 1A       		.byte	26
 575 022a 1A       		.byte	26
 576 022b 1E       		.byte	30
 577 022c 1E       		.byte	30
 578 022d 0A       		.byte	10
 579 022e 00       		.byte	0
 580 022f 00       		.byte	0
 581 0230 1F       		.byte	31
 582 0231 1F       		.byte	31
 583 0232 1F       		.byte	31
 584 0233 1F       		.byte	31
 585 0234 04       		.byte	4
 586 0235 00       		.byte	0
 587 0236 00       		.byte	0
 588 0237 00       		.byte	0
 589 0238 00       		.byte	0
 590 0239 00       		.byte	0
 591 023a 00       		.byte	0
 592 023b 00       		.byte	0
 593 023c 00       		.byte	0
 594 023d 00       		.byte	0
 595 023e 00       		.byte	0
 596 023f 00       		.byte	0
 597 0240 06       		.byte	6
 598 0241 00       		.byte	0
 599 0242 00       		.byte	0
 600 0243 00       		.byte	0
 601 0244 00       		.byte	0
 602 0245 00       		.byte	0
 603 0246 00       		.byte	0
 604 0247 00       		.byte	0
 605 0248 00       		.byte	0
 606 0249 1A       		.byte	26
 607 024a 1A       		.byte	26
 608 024b 1E       		.byte	30
 609 024c 1E       		.byte	30
 610 024d 0A       		.byte	10
 611 024e 00       		.byte	0
 612 024f 00       		.byte	0
 613 0250 1F       		.byte	31
 614 0251 1F       		.byte	31
 615 0252 1F       		.byte	31
 616 0253 1F       		.byte	31
 617 0254 04       		.byte	4
 618 0255 00       		.byte	0
 619 0256 00       		.byte	0
 620 0257 00       		.byte	0
 621 0258 00       		.byte	0
 622 0259 00       		.byte	0
 623 025a 00       		.byte	0
 624 025b 00       		.byte	0
 625 025c 00       		.byte	0
 626 025d 00       		.byte	0
 627 025e 00       		.byte	0
 628 025f 00       		.byte	0
 629 0260 06       		.byte	6
 630 0261 00       		.byte	0
 631 0262 00       		.byte	0
 632 0263 00       		.byte	0
 633 0264 00       		.byte	0
 634 0265 00       		.byte	0
 635 0266 00       		.byte	0
 636 0267 00       		.byte	0
 637 0268 00       		.byte	0
 638 0269 1E       		.byte	30
 639 026a 1E       		.byte	30
 640 026b 1E       		.byte	30
 641 026c 1E       		.byte	30
 642 026d 02       		.byte	2
 643 026e 00       		.byte	0
 644 026f 00       		.byte	0
 645 0270 1F       		.byte	31
 646 0271 1F       		.byte	31
 647 0272 1F       		.byte	31
 648 0273 1F       		.byte	31
 649 0274 04       		.byte	4
 650 0275 00       		.byte	0
 651 0276 00       		.byte	0
 652 0277 00       		.byte	0
 653 0278 00       		.byte	0
 654 0279 00       		.byte	0
 655 027a 00       		.byte	0
 656 027b 00       		.byte	0
 657 027c 00       		.byte	0
 658 027d 00       		.byte	0
 659 027e 00       		.byte	0
 660 027f 00       		.byte	0
 661 0280 06       		.byte	6
 662 0281 00       		.byte	0
 663 0282 00       		.byte	0
 664 0283 00       		.byte	0
 665 0284 00       		.byte	0
 666 0285 00       		.byte	0
 667 0286 00       		.byte	0
 668 0287 00       		.byte	0
 669 0288 00       		.byte	0
 670 0289 1E       		.byte	30
 671 028a 1E       		.byte	30
 672 028b 1E       		.byte	30
 673 028c 1E       		.byte	30
 674 028d 02       		.byte	2
 675 028e 00       		.byte	0
 676 028f 00       		.byte	0
 677 0290 1F       		.byte	31
 678 0291 1F       		.byte	31
 679 0292 1F       		.byte	31
 680 0293 1F       		.byte	31
 681 0294 04       		.byte	4
 682 0295 00       		.byte	0
 683 0296 00       		.byte	0
 684 0297 00       		.byte	0
 685 0298 00       		.byte	0
 686 0299 00       		.byte	0
 687 029a 00       		.byte	0
 688 029b 00       		.byte	0
 689 029c 00       		.byte	0
 690 029d 00       		.byte	0
 691 029e 00       		.byte	0
 692 029f 00       		.byte	0
 693 02a0 0B       		.byte	11
 694 02a1 00       		.byte	0
 695 02a2 00       		.byte	0
 696 02a3 00       		.byte	0
 697 02a4 00       		.byte	0
 698 02a5 00       		.byte	0
 699 02a6 00       		.byte	0
 700 02a7 00       		.byte	0
 701 02a8 00       		.byte	0
 702 02a9 0F       		.byte	15
 703 02aa 19       		.byte	25
 704 02ab 1A       		.byte	26
 705 02ac 1F       		.byte	31
 706 02ad 0A       		.byte	10
 707 02ae 00       		.byte	0
 708 02af 00       		.byte	0
 709 02b0 1F       		.byte	31
 710 02b1 1F       		.byte	31
 711 02b2 1F       		.byte	31
 712 02b3 1F       		.byte	31
 713 02b4 04       		.byte	4
 714 02b5 00       		.byte	0
 715 02b6 00       		.byte	0
 716 02b7 00       		.byte	0
 717 02b8 00       		.byte	0
 718 02b9 00       		.byte	0
 719 02ba 00       		.byte	0
 720 02bb 00       		.byte	0
 721 02bc 00       		.byte	0
 722 02bd 00       		.byte	0
 723 02be 00       		.byte	0
 724 02bf 00       		.byte	0
 725 02c0 0B       		.byte	11
 726 02c1 00       		.byte	0
 727 02c2 00       		.byte	0
 728 02c3 00       		.byte	0
 729 02c4 00       		.byte	0
 730 02c5 00       		.byte	0
 731 02c6 00       		.byte	0
 732 02c7 00       		.byte	0
 733 02c8 00       		.byte	0
 734 02c9 0F       		.byte	15
 735 02ca 19       		.byte	25
 736 02cb 1A       		.byte	26
 737 02cc 1F       		.byte	31
 738 02cd 0A       		.byte	10
 739 02ce 00       		.byte	0
 740 02cf 00       		.byte	0
 741 02d0 1F       		.byte	31
 742 02d1 1F       		.byte	31
 743 02d2 1F       		.byte	31
 744 02d3 1F       		.byte	31
 745 02d4 04       		.byte	4
 746 02d5 00       		.byte	0
 747 02d6 00       		.byte	0
 748 02d7 00       		.byte	0
 749 02d8 00       		.byte	0
 750 02d9 00       		.byte	0
 751 02da 00       		.byte	0
 752 02db 00       		.byte	0
 753 02dc 00       		.byte	0
 754 02dd 00       		.byte	0
 755 02de 00       		.byte	0
 756 02df 00       		.byte	0
 757 02e0 0B       		.byte	11
 758 02e1 00       		.byte	0
 759 02e2 00       		.byte	0
 760 02e3 00       		.byte	0
 761 02e4 00       		.byte	0
 762 02e5 00       		.byte	0
 763 02e6 00       		.byte	0
 764 02e7 00       		.byte	0
 765 02e8 00       		.byte	0
 766 02e9 0F       		.byte	15
 767 02ea 19       		.byte	25
 768 02eb 1A       		.byte	26
 769 02ec 1F       		.byte	31
 770 02ed 0A       		.byte	10
 771 02ee 00       		.byte	0
 772 02ef 00       		.byte	0
 773 02f0 1F       		.byte	31
 774 02f1 1F       		.byte	31
 775 02f2 1F       		.byte	31
 776 02f3 1F       		.byte	31
 777 02f4 04       		.byte	4
 778 02f5 00       		.byte	0
 779 02f6 00       		.byte	0
 780 02f7 00       		.byte	0
 781 02f8 00       		.byte	0
 782 02f9 00       		.byte	0
 783 02fa 00       		.byte	0
 784 02fb 00       		.byte	0
 785 02fc 00       		.byte	0
 786 02fd 00       		.byte	0
 787 02fe 00       		.byte	0
 788 02ff 00       		.byte	0
 789 0300 0B       		.byte	11
 790 0301 00       		.byte	0
 791 0302 00       		.byte	0
 792 0303 00       		.byte	0
 793 0304 00       		.byte	0
 794 0305 00       		.byte	0
 795 0306 00       		.byte	0
 796 0307 00       		.byte	0
 797 0308 00       		.byte	0
 798 0309 0F       		.byte	15
 799 030a 19       		.byte	25
 800 030b 1A       		.byte	26
 801 030c 1F       		.byte	31
 802 030d 0A       		.byte	10
 803 030e 00       		.byte	0
 804 030f 00       		.byte	0
 805 0310 1F       		.byte	31
 806 0311 1F       		.byte	31
 807 0312 1F       		.byte	31
 808 0313 1F       		.byte	31
 809 0314 04       		.byte	4
 810 0315 00       		.byte	0
 811 0316 00       		.byte	0
 812 0317 00       		.byte	0
 813 0318 00       		.byte	0
 814 0319 00       		.byte	0
 815 031a 00       		.byte	0
 816 031b 00       		.byte	0
 817 031c 00       		.byte	0
 818 031d 00       		.byte	0
 819 031e 00       		.byte	0
 820 031f 00       		.byte	0
 821 0320 0B       		.byte	11
 822 0321 00       		.byte	0
 823 0322 00       		.byte	0
 824 0323 00       		.byte	0
 825 0324 00       		.byte	0
 826 0325 00       		.byte	0
 827 0326 00       		.byte	0
 828 0327 00       		.byte	0
 829 0328 00       		.byte	0
 830 0329 0F       		.byte	15
 831 032a 19       		.byte	25
 832 032b 1A       		.byte	26
 833 032c 1F       		.byte	31
 834 032d 0A       		.byte	10
 835 032e 00       		.byte	0
 836 032f 00       		.byte	0
 837 0330 1F       		.byte	31
 838 0331 1F       		.byte	31
 839 0332 1F       		.byte	31
 840 0333 1F       		.byte	31
 841 0334 04       		.byte	4
 842 0335 00       		.byte	0
 843 0336 00       		.byte	0
 844 0337 00       		.byte	0
 845 0338 00       		.byte	0
 846 0339 00       		.byte	0
 847 033a 00       		.byte	0
 848 033b 00       		.byte	0
 849 033c 00       		.byte	0
 850 033d 00       		.byte	0
 851 033e 00       		.byte	0
 852 033f 00       		.byte	0
 853 0340 14       		.byte	20
 854 0341 00       		.byte	0
 855 0342 00       		.byte	0
 856 0343 00       		.byte	0
 857 0344 00       		.byte	0
 858 0345 00       		.byte	0
 859 0346 00       		.byte	0
 860 0347 00       		.byte	0
 861 0348 00       		.byte	0
 862 0349 00       		.byte	0
 863 034a 1E       		.byte	30
 864 034b 1E       		.byte	30
 865 034c 1E       		.byte	30
 866 034d 12       		.byte	18
 867 034e 00       		.byte	0
 868 034f 00       		.byte	0
 869 0350 1F       		.byte	31
 870 0351 1F       		.byte	31
 871 0352 1F       		.byte	31
 872 0353 1F       		.byte	31
 873 0354 04       		.byte	4
 874 0355 00       		.byte	0
 875 0356 00       		.byte	0
 876 0357 00       		.byte	0
 877 0358 00       		.byte	0
 878 0359 00       		.byte	0
 879 035a 00       		.byte	0
 880 035b 00       		.byte	0
 881 035c 00       		.byte	0
 882 035d 00       		.byte	0
 883 035e 00       		.byte	0
 884 035f 00       		.byte	0
 885 0360 14       		.byte	20
 886 0361 00       		.byte	0
 887 0362 00       		.byte	0
 888 0363 00       		.byte	0
 889 0364 00       		.byte	0
 890 0365 00       		.byte	0
 891 0366 00       		.byte	0
 892 0367 00       		.byte	0
 893 0368 00       		.byte	0
 894 0369 00       		.byte	0
 895 036a 1E       		.byte	30
 896 036b 1E       		.byte	30
 897 036c 1E       		.byte	30
 898 036d 12       		.byte	18
 899 036e 00       		.byte	0
 900 036f 00       		.byte	0
 901 0370 1F       		.byte	31
 902 0371 1F       		.byte	31
 903 0372 1F       		.byte	31
 904 0373 1F       		.byte	31
 905 0374 04       		.byte	4
 906 0375 00       		.byte	0
 907 0376 00       		.byte	0
 908 0377 00       		.byte	0
 909 0378 00       		.byte	0
 910 0379 00       		.byte	0
 911 037a 00       		.byte	0
 912 037b 00       		.byte	0
 913 037c 00       		.byte	0
 914 037d 00       		.byte	0
 915 037e 00       		.byte	0
 916 037f 00       		.byte	0
 917 0380 17       		.byte	23
 918 0381 00       		.byte	0
 919 0382 00       		.byte	0
 920 0383 00       		.byte	0
 921 0384 00       		.byte	0
 922 0385 00       		.byte	0
 923 0386 00       		.byte	0
 924 0387 00       		.byte	0
 925 0388 00       		.byte	0
 926 0389 00       		.byte	0
 927 038a 1E       		.byte	30
 928 038b 1E       		.byte	30
 929 038c 1E       		.byte	30
 930 038d 0F       		.byte	15
 931 038e 00       		.byte	0
 932 038f 00       		.byte	0
 933 0390 1F       		.byte	31
 934 0391 1F       		.byte	31
 935 0392 1F       		.byte	31
 936 0393 1F       		.byte	31
 937 0394 04       		.byte	4
 938 0395 00       		.byte	0
 939 0396 00       		.byte	0
 940 0397 00       		.byte	0
 941 0398 00       		.byte	0
 942 0399 00       		.byte	0
 943 039a 00       		.byte	0
 944 039b 00       		.byte	0
 945 039c 00       		.byte	0
 946 039d 00       		.byte	0
 947 039e 00       		.byte	0
 948 039f 00       		.byte	0
 949 03a0 1C       		.byte	28
 950 03a1 00       		.byte	0
 951 03a2 00       		.byte	0
 952 03a3 00       		.byte	0
 953 03a4 00       		.byte	0
 954 03a5 00       		.byte	0
 955 03a6 00       		.byte	0
 956 03a7 00       		.byte	0
 957 03a8 00       		.byte	0
 958 03a9 00       		.byte	0
 959 03aa 1E       		.byte	30
 960 03ab 1E       		.byte	30
 961 03ac 1E       		.byte	30
 962 03ad 0A       		.byte	10
 963 03ae 00       		.byte	0
 964 03af 00       		.byte	0
 965 03b0 1F       		.byte	31
 966 03b1 1F       		.byte	31
 967 03b2 1F       		.byte	31
 968 03b3 1F       		.byte	31
 969 03b4 04       		.byte	4
 970 03b5 00       		.byte	0
 971 03b6 00       		.byte	0
 972 03b7 00       		.byte	0
 973 03b8 00       		.byte	0
 974 03b9 00       		.byte	0
 975 03ba 00       		.byte	0
 976 03bb 00       		.byte	0
 977 03bc 00       		.byte	0
 978 03bd 00       		.byte	0
 979 03be 00       		.byte	0
 980 03bf 00       		.byte	0
 981 03c0 1F       		.byte	31
 982 03c1 00       		.byte	0
 983 03c2 00       		.byte	0
 984 03c3 00       		.byte	0
 985 03c4 00       		.byte	0
 986 03c5 00       		.byte	0
 987 03c6 00       		.byte	0
 988 03c7 00       		.byte	0
 989 03c8 00       		.byte	0
 990 03c9 00       		.byte	0
 991 03ca 1E       		.byte	30
 992 03cb 1E       		.byte	30
 993 03cc 1E       		.byte	30
 994 03cd 07       		.byte	7
 995 03ce 00       		.byte	0
 996 03cf 00       		.byte	0
 997 03d0 1F       		.byte	31
 998 03d1 1F       		.byte	31
 999 03d2 1F       		.byte	31
 1000 03d3 1F       		.byte	31
 1001 03d4 04       		.byte	4
 1002 03d5 00       		.byte	0
 1003 03d6 00       		.byte	0
 1004 03d7 00       		.byte	0
 1005 03d8 00       		.byte	0
 1006 03d9 00       		.byte	0
 1007 03da 00       		.byte	0
 1008 03db 00       		.byte	0
 1009 03dc 00       		.byte	0
 1010 03dd 00       		.byte	0
 1011 03de 00       		.byte	0
 1012 03df 00       		.byte	0
 1013 03e0 1F       		.byte	31
 1014 03e1 00       		.byte	0
 1015 03e2 00       		.byte	0
 1016 03e3 00       		.byte	0
 1017 03e4 00       		.byte	0
 1018 03e5 00       		.byte	0
 1019 03e6 00       		.byte	0
 1020 03e7 00       		.byte	0
 1021 03e8 00       		.byte	0
 1022 03e9 00       		.byte	0
 1023 03ea 1E       		.byte	30
 1024 03eb 1E       		.byte	30
 1025 03ec 1E       		.byte	30
 1026 03ed 07       		.byte	7
 1027 03ee 00       		.byte	0
 1028 03ef 00       		.byte	0
 1029 03f0 1F       		.byte	31
 1030 03f1 1F       		.byte	31
 1031 03f2 1F       		.byte	31
 1032 03f3 1F       		.byte	31
 1033 03f4 04       		.byte	4
 1034 03f5 00       		.byte	0
 1035 03f6 00       		.byte	0
 1036 03f7 00       		.byte	0
 1037 03f8 00       		.byte	0
 1038 03f9 00       		.byte	0
 1039 03fa 00       		.byte	0
 1040 03fb 00       		.byte	0
 1041 03fc 00       		.byte	0
 1042 03fd 00       		.byte	0
 1043 03fe 00       		.byte	0
 1044 03ff 00       		.byte	0
 1045              		.global	rf_tx_ramps_900
 1046              		.align	2
 1049              	rf_tx_ramps_900:
 1050 0400 00       		.byte	0
 1051 0401 00       		.byte	0
 1052 0402 02       		.byte	2
 1053 0403 00       		.byte	0
 1054 0404 00       		.byte	0
 1055 0405 00       		.byte	0
 1056 0406 00       		.byte	0
 1057 0407 00       		.byte	0
 1058 0408 0D       		.byte	13
 1059 0409 18       		.byte	24
 1060 040a 18       		.byte	24
 1061 040b 19       		.byte	25
 1062 040c 1A       		.byte	26
 1063 040d 0E       		.byte	14
 1064 040e 00       		.byte	0
 1065 040f 00       		.byte	0
 1066 0410 1F       		.byte	31
 1067 0411 1F       		.byte	31
 1068 0412 1F       		.byte	31
 1069 0413 1F       		.byte	31
 1070 0414 04       		.byte	4
 1071 0415 00       		.byte	0
 1072 0416 00       		.byte	0
 1073 0417 00       		.byte	0
 1074 0418 00       		.byte	0
 1075 0419 00       		.byte	0
 1076 041a 00       		.byte	0
 1077 041b 00       		.byte	0
 1078 041c 00       		.byte	0
 1079 041d 00       		.byte	0
 1080 041e 00       		.byte	0
 1081 041f 00       		.byte	0
 1082 0420 00       		.byte	0
 1083 0421 00       		.byte	0
 1084 0422 03       		.byte	3
 1085 0423 00       		.byte	0
 1086 0424 00       		.byte	0
 1087 0425 00       		.byte	0
 1088 0426 00       		.byte	0
 1089 0427 00       		.byte	0
 1090 0428 10       		.byte	16
 1091 0429 18       		.byte	24
 1092 042a 18       		.byte	24
 1093 042b 1E       		.byte	30
 1094 042c 1F       		.byte	31
 1095 042d 00       		.byte	0
 1096 042e 00       		.byte	0
 1097 042f 00       		.byte	0
 1098 0430 1F       		.byte	31
 1099 0431 1F       		.byte	31
 1100 0432 1F       		.byte	31
 1101 0433 1F       		.byte	31
 1102 0434 04       		.byte	4
 1103 0435 00       		.byte	0
 1104 0436 00       		.byte	0
 1105 0437 00       		.byte	0
 1106 0438 00       		.byte	0
 1107 0439 00       		.byte	0
 1108 043a 00       		.byte	0
 1109 043b 00       		.byte	0
 1110 043c 00       		.byte	0
 1111 043d 00       		.byte	0
 1112 043e 00       		.byte	0
 1113 043f 00       		.byte	0
 1114 0440 00       		.byte	0
 1115 0441 00       		.byte	0
 1116 0442 03       		.byte	3
 1117 0443 00       		.byte	0
 1118 0444 00       		.byte	0
 1119 0445 00       		.byte	0
 1120 0446 00       		.byte	0
 1121 0447 00       		.byte	0
 1122 0448 10       		.byte	16
 1123 0449 18       		.byte	24
 1124 044a 18       		.byte	24
 1125 044b 1E       		.byte	30
 1126 044c 1F       		.byte	31
 1127 044d 00       		.byte	0
 1128 044e 00       		.byte	0
 1129 044f 00       		.byte	0
 1130 0450 1F       		.byte	31
 1131 0451 1F       		.byte	31
 1132 0452 1F       		.byte	31
 1133 0453 1F       		.byte	31
 1134 0454 04       		.byte	4
 1135 0455 00       		.byte	0
 1136 0456 00       		.byte	0
 1137 0457 00       		.byte	0
 1138 0458 00       		.byte	0
 1139 0459 00       		.byte	0
 1140 045a 00       		.byte	0
 1141 045b 00       		.byte	0
 1142 045c 00       		.byte	0
 1143 045d 00       		.byte	0
 1144 045e 00       		.byte	0
 1145 045f 00       		.byte	0
 1146 0460 00       		.byte	0
 1147 0461 00       		.byte	0
 1148 0462 00       		.byte	0
 1149 0463 04       		.byte	4
 1150 0464 00       		.byte	0
 1151 0465 00       		.byte	0
 1152 0466 00       		.byte	0
 1153 0467 00       		.byte	0
 1154 0468 00       		.byte	0
 1155 0469 1F       		.byte	31
 1156 046a 1F       		.byte	31
 1157 046b 1E       		.byte	30
 1158 046c 1E       		.byte	30
 1159 046d 02       		.byte	2
 1160 046e 00       		.byte	0
 1161 046f 00       		.byte	0
 1162 0470 1F       		.byte	31
 1163 0471 1F       		.byte	31
 1164 0472 1F       		.byte	31
 1165 0473 1F       		.byte	31
 1166 0474 04       		.byte	4
 1167 0475 00       		.byte	0
 1168 0476 00       		.byte	0
 1169 0477 00       		.byte	0
 1170 0478 00       		.byte	0
 1171 0479 00       		.byte	0
 1172 047a 00       		.byte	0
 1173 047b 00       		.byte	0
 1174 047c 00       		.byte	0
 1175 047d 00       		.byte	0
 1176 047e 00       		.byte	0
 1177 047f 00       		.byte	0
 1178 0480 00       		.byte	0
 1179 0481 00       		.byte	0
 1180 0482 00       		.byte	0
 1181 0483 04       		.byte	4
 1182 0484 00       		.byte	0
 1183 0485 00       		.byte	0
 1184 0486 00       		.byte	0
 1185 0487 00       		.byte	0
 1186 0488 00       		.byte	0
 1187 0489 1F       		.byte	31
 1188 048a 1F       		.byte	31
 1189 048b 1E       		.byte	30
 1190 048c 1E       		.byte	30
 1191 048d 02       		.byte	2
 1192 048e 00       		.byte	0
 1193 048f 00       		.byte	0
 1194 0490 1F       		.byte	31
 1195 0491 1F       		.byte	31
 1196 0492 1F       		.byte	31
 1197 0493 1F       		.byte	31
 1198 0494 04       		.byte	4
 1199 0495 00       		.byte	0
 1200 0496 00       		.byte	0
 1201 0497 00       		.byte	0
 1202 0498 00       		.byte	0
 1203 0499 00       		.byte	0
 1204 049a 00       		.byte	0
 1205 049b 00       		.byte	0
 1206 049c 00       		.byte	0
 1207 049d 00       		.byte	0
 1208 049e 00       		.byte	0
 1209 049f 00       		.byte	0
 1210 04a0 00       		.byte	0
 1211 04a1 00       		.byte	0
 1212 04a2 00       		.byte	0
 1213 04a3 00       		.byte	0
 1214 04a4 0F       		.byte	15
 1215 04a5 00       		.byte	0
 1216 04a6 00       		.byte	0
 1217 04a7 00       		.byte	0
 1218 04a8 00       		.byte	0
 1219 04a9 00       		.byte	0
 1220 04aa 1F       		.byte	31
 1221 04ab 1F       		.byte	31
 1222 04ac 1F       		.byte	31
 1223 04ad 14       		.byte	20
 1224 04ae 00       		.byte	0
 1225 04af 00       		.byte	0
 1226 04b0 1F       		.byte	31
 1227 04b1 1F       		.byte	31
 1228 04b2 1F       		.byte	31
 1229 04b3 1F       		.byte	31
 1230 04b4 04       		.byte	4
 1231 04b5 00       		.byte	0
 1232 04b6 00       		.byte	0
 1233 04b7 00       		.byte	0
 1234 04b8 00       		.byte	0
 1235 04b9 00       		.byte	0
 1236 04ba 00       		.byte	0
 1237 04bb 00       		.byte	0
 1238 04bc 00       		.byte	0
 1239 04bd 00       		.byte	0
 1240 04be 00       		.byte	0
 1241 04bf 00       		.byte	0
 1242 04c0 00       		.byte	0
 1243 04c1 00       		.byte	0
 1244 04c2 00       		.byte	0
 1245 04c3 00       		.byte	0
 1246 04c4 0F       		.byte	15
 1247 04c5 00       		.byte	0
 1248 04c6 00       		.byte	0
 1249 04c7 00       		.byte	0
 1250 04c8 00       		.byte	0
 1251 04c9 00       		.byte	0
 1252 04ca 1F       		.byte	31
 1253 04cb 1F       		.byte	31
 1254 04cc 1F       		.byte	31
 1255 04cd 14       		.byte	20
 1256 04ce 00       		.byte	0
 1257 04cf 00       		.byte	0
 1258 04d0 1F       		.byte	31
 1259 04d1 1F       		.byte	31
 1260 04d2 1F       		.byte	31
 1261 04d3 1F       		.byte	31
 1262 04d4 04       		.byte	4
 1263 04d5 00       		.byte	0
 1264 04d6 00       		.byte	0
 1265 04d7 00       		.byte	0
 1266 04d8 00       		.byte	0
 1267 04d9 00       		.byte	0
 1268 04da 00       		.byte	0
 1269 04db 00       		.byte	0
 1270 04dc 00       		.byte	0
 1271 04dd 00       		.byte	0
 1272 04de 00       		.byte	0
 1273 04df 00       		.byte	0
 1274 04e0 00       		.byte	0
 1275 04e1 00       		.byte	0
 1276 04e2 00       		.byte	0
 1277 04e3 00       		.byte	0
 1278 04e4 0F       		.byte	15
 1279 04e5 00       		.byte	0
 1280 04e6 00       		.byte	0
 1281 04e7 00       		.byte	0
 1282 04e8 00       		.byte	0
 1283 04e9 00       		.byte	0
 1284 04ea 1F       		.byte	31
 1285 04eb 1F       		.byte	31
 1286 04ec 1F       		.byte	31
 1287 04ed 14       		.byte	20
 1288 04ee 00       		.byte	0
 1289 04ef 00       		.byte	0
 1290 04f0 1F       		.byte	31
 1291 04f1 1F       		.byte	31
 1292 04f2 1F       		.byte	31
 1293 04f3 1F       		.byte	31
 1294 04f4 04       		.byte	4
 1295 04f5 00       		.byte	0
 1296 04f6 00       		.byte	0
 1297 04f7 00       		.byte	0
 1298 04f8 00       		.byte	0
 1299 04f9 00       		.byte	0
 1300 04fa 00       		.byte	0
 1301 04fb 00       		.byte	0
 1302 04fc 00       		.byte	0
 1303 04fd 00       		.byte	0
 1304 04fe 00       		.byte	0
 1305 04ff 00       		.byte	0
 1306 0500 00       		.byte	0
 1307 0501 00       		.byte	0
 1308 0502 00       		.byte	0
 1309 0503 00       		.byte	0
 1310 0504 0F       		.byte	15
 1311 0505 00       		.byte	0
 1312 0506 00       		.byte	0
 1313 0507 00       		.byte	0
 1314 0508 00       		.byte	0
 1315 0509 00       		.byte	0
 1316 050a 1F       		.byte	31
 1317 050b 1F       		.byte	31
 1318 050c 1F       		.byte	31
 1319 050d 14       		.byte	20
 1320 050e 00       		.byte	0
 1321 050f 00       		.byte	0
 1322 0510 1F       		.byte	31
 1323 0511 1F       		.byte	31
 1324 0512 1F       		.byte	31
 1325 0513 1F       		.byte	31
 1326 0514 04       		.byte	4
 1327 0515 00       		.byte	0
 1328 0516 00       		.byte	0
 1329 0517 00       		.byte	0
 1330 0518 00       		.byte	0
 1331 0519 00       		.byte	0
 1332 051a 00       		.byte	0
 1333 051b 00       		.byte	0
 1334 051c 00       		.byte	0
 1335 051d 00       		.byte	0
 1336 051e 00       		.byte	0
 1337 051f 00       		.byte	0
 1338 0520 00       		.byte	0
 1339 0521 00       		.byte	0
 1340 0522 00       		.byte	0
 1341 0523 00       		.byte	0
 1342 0524 12       		.byte	18
 1343 0525 00       		.byte	0
 1344 0526 00       		.byte	0
 1345 0527 00       		.byte	0
 1346 0528 00       		.byte	0
 1347 0529 00       		.byte	0
 1348 052a 1F       		.byte	31
 1349 052b 1F       		.byte	31
 1350 052c 1F       		.byte	31
 1351 052d 11       		.byte	17
 1352 052e 00       		.byte	0
 1353 052f 00       		.byte	0
 1354 0530 1F       		.byte	31
 1355 0531 1F       		.byte	31
 1356 0532 1F       		.byte	31
 1357 0533 1F       		.byte	31
 1358 0534 04       		.byte	4
 1359 0535 00       		.byte	0
 1360 0536 00       		.byte	0
 1361 0537 00       		.byte	0
 1362 0538 00       		.byte	0
 1363 0539 00       		.byte	0
 1364 053a 00       		.byte	0
 1365 053b 00       		.byte	0
 1366 053c 00       		.byte	0
 1367 053d 00       		.byte	0
 1368 053e 00       		.byte	0
 1369 053f 00       		.byte	0
 1370 0540 00       		.byte	0
 1371 0541 00       		.byte	0
 1372 0542 00       		.byte	0
 1373 0543 00       		.byte	0
 1374 0544 14       		.byte	20
 1375 0545 00       		.byte	0
 1376 0546 00       		.byte	0
 1377 0547 00       		.byte	0
 1378 0548 00       		.byte	0
 1379 0549 00       		.byte	0
 1380 054a 1F       		.byte	31
 1381 054b 1F       		.byte	31
 1382 054c 1F       		.byte	31
 1383 054d 0F       		.byte	15
 1384 054e 00       		.byte	0
 1385 054f 00       		.byte	0
 1386 0550 1F       		.byte	31
 1387 0551 1F       		.byte	31
 1388 0552 1F       		.byte	31
 1389 0553 1F       		.byte	31
 1390 0554 04       		.byte	4
 1391 0555 00       		.byte	0
 1392 0556 00       		.byte	0
 1393 0557 00       		.byte	0
 1394 0558 00       		.byte	0
 1395 0559 00       		.byte	0
 1396 055a 00       		.byte	0
 1397 055b 00       		.byte	0
 1398 055c 00       		.byte	0
 1399 055d 00       		.byte	0
 1400 055e 00       		.byte	0
 1401 055f 00       		.byte	0
 1402 0560 00       		.byte	0
 1403 0561 00       		.byte	0
 1404 0562 00       		.byte	0
 1405 0563 00       		.byte	0
 1406 0564 19       		.byte	25
 1407 0565 00       		.byte	0
 1408 0566 00       		.byte	0
 1409 0567 00       		.byte	0
 1410 0568 00       		.byte	0
 1411 0569 00       		.byte	0
 1412 056a 1F       		.byte	31
 1413 056b 1F       		.byte	31
 1414 056c 1F       		.byte	31
 1415 056d 0A       		.byte	10
 1416 056e 00       		.byte	0
 1417 056f 00       		.byte	0
 1418 0570 1F       		.byte	31
 1419 0571 1F       		.byte	31
 1420 0572 1F       		.byte	31
 1421 0573 1F       		.byte	31
 1422 0574 04       		.byte	4
 1423 0575 00       		.byte	0
 1424 0576 00       		.byte	0
 1425 0577 00       		.byte	0
 1426 0578 00       		.byte	0
 1427 0579 00       		.byte	0
 1428 057a 00       		.byte	0
 1429 057b 00       		.byte	0
 1430 057c 00       		.byte	0
 1431 057d 00       		.byte	0
 1432 057e 00       		.byte	0
 1433 057f 00       		.byte	0
 1434 0580 00       		.byte	0
 1435 0581 00       		.byte	0
 1436 0582 00       		.byte	0
 1437 0583 00       		.byte	0
 1438 0584 19       		.byte	25
 1439 0585 00       		.byte	0
 1440 0586 00       		.byte	0
 1441 0587 00       		.byte	0
 1442 0588 00       		.byte	0
 1443 0589 00       		.byte	0
 1444 058a 1F       		.byte	31
 1445 058b 1F       		.byte	31
 1446 058c 1F       		.byte	31
 1447 058d 0A       		.byte	10
 1448 058e 00       		.byte	0
 1449 058f 00       		.byte	0
 1450 0590 1F       		.byte	31
 1451 0591 1F       		.byte	31
 1452 0592 1F       		.byte	31
 1453 0593 1F       		.byte	31
 1454 0594 04       		.byte	4
 1455 0595 00       		.byte	0
 1456 0596 00       		.byte	0
 1457 0597 00       		.byte	0
 1458 0598 00       		.byte	0
 1459 0599 00       		.byte	0
 1460 059a 00       		.byte	0
 1461 059b 00       		.byte	0
 1462 059c 00       		.byte	0
 1463 059d 00       		.byte	0
 1464 059e 00       		.byte	0
 1465 059f 00       		.byte	0
 1466 05a0 00       		.byte	0
 1467 05a1 00       		.byte	0
 1468 05a2 00       		.byte	0
 1469 05a3 00       		.byte	0
 1470 05a4 19       		.byte	25
 1471 05a5 00       		.byte	0
 1472 05a6 00       		.byte	0
 1473 05a7 00       		.byte	0
 1474 05a8 00       		.byte	0
 1475 05a9 00       		.byte	0
 1476 05aa 1F       		.byte	31
 1477 05ab 1F       		.byte	31
 1478 05ac 1F       		.byte	31
 1479 05ad 0A       		.byte	10
 1480 05ae 00       		.byte	0
 1481 05af 00       		.byte	0
 1482 05b0 1F       		.byte	31
 1483 05b1 1F       		.byte	31
 1484 05b2 1F       		.byte	31
 1485 05b3 1F       		.byte	31
 1486 05b4 04       		.byte	4
 1487 05b5 00       		.byte	0
 1488 05b6 00       		.byte	0
 1489 05b7 00       		.byte	0
 1490 05b8 00       		.byte	0
 1491 05b9 00       		.byte	0
 1492 05ba 00       		.byte	0
 1493 05bb 00       		.byte	0
 1494 05bc 00       		.byte	0
 1495 05bd 00       		.byte	0
 1496 05be 00       		.byte	0
 1497 05bf 00       		.byte	0
 1498 05c0 00       		.byte	0
 1499 05c1 00       		.byte	0
 1500 05c2 00       		.byte	0
 1501 05c3 00       		.byte	0
 1502 05c4 1E       		.byte	30
 1503 05c5 00       		.byte	0
 1504 05c6 00       		.byte	0
 1505 05c7 00       		.byte	0
 1506 05c8 00       		.byte	0
 1507 05c9 00       		.byte	0
 1508 05ca 1F       		.byte	31
 1509 05cb 1F       		.byte	31
 1510 05cc 1F       		.byte	31
 1511 05cd 05       		.byte	5
 1512 05ce 00       		.byte	0
 1513 05cf 00       		.byte	0
 1514 05d0 1F       		.byte	31
 1515 05d1 1F       		.byte	31
 1516 05d2 1F       		.byte	31
 1517 05d3 1F       		.byte	31
 1518 05d4 04       		.byte	4
 1519 05d5 00       		.byte	0
 1520 05d6 00       		.byte	0
 1521 05d7 00       		.byte	0
 1522 05d8 00       		.byte	0
 1523 05d9 00       		.byte	0
 1524 05da 00       		.byte	0
 1525 05db 00       		.byte	0
 1526 05dc 00       		.byte	0
 1527 05dd 00       		.byte	0
 1528 05de 00       		.byte	0
 1529 05df 00       		.byte	0
 1530 05e0 00       		.byte	0
 1531 05e1 00       		.byte	0
 1532 05e2 00       		.byte	0
 1533 05e3 00       		.byte	0
 1534 05e4 1E       		.byte	30
 1535 05e5 00       		.byte	0
 1536 05e6 00       		.byte	0
 1537 05e7 00       		.byte	0
 1538 05e8 00       		.byte	0
 1539 05e9 00       		.byte	0
 1540 05ea 1F       		.byte	31
 1541 05eb 1F       		.byte	31
 1542 05ec 1F       		.byte	31
 1543 05ed 05       		.byte	5
 1544 05ee 00       		.byte	0
 1545 05ef 00       		.byte	0
 1546 05f0 1F       		.byte	31
 1547 05f1 1F       		.byte	31
 1548 05f2 1F       		.byte	31
 1549 05f3 1F       		.byte	31
 1550 05f4 04       		.byte	4
 1551 05f5 00       		.byte	0
 1552 05f6 00       		.byte	0
 1553 05f7 00       		.byte	0
 1554 05f8 00       		.byte	0
 1555 05f9 00       		.byte	0
 1556 05fa 00       		.byte	0
 1557 05fb 00       		.byte	0
 1558 05fc 00       		.byte	0
 1559 05fd 00       		.byte	0
 1560 05fe 00       		.byte	0
 1561 05ff 00       		.byte	0
 1562              		.global	rf_tx_ramps_850
 1563              		.align	2
 1566              	rf_tx_ramps_850:
 1567 0600 00       		.byte	0
 1568 0601 00       		.byte	0
 1569 0602 03       		.byte	3
 1570 0603 00       		.byte	0
 1571 0604 00       		.byte	0
 1572 0605 00       		.byte	0
 1573 0606 00       		.byte	0
 1574 0607 00       		.byte	0
 1575 0608 02       		.byte	2
 1576 0609 1F       		.byte	31
 1577 060a 1E       		.byte	30
 1578 060b 1F       		.byte	31
 1579 060c 1F       		.byte	31
 1580 060d 00       		.byte	0
 1581 060e 00       		.byte	0
 1582 060f 00       		.byte	0
 1583 0610 14       		.byte	20
 1584 0611 15       		.byte	21
 1585 0612 1F       		.byte	31
 1586 0613 1A       		.byte	26
 1587 0614 0A       		.byte	10
 1588 0615 0A       		.byte	10
 1589 0616 0A       		.byte	10
 1590 0617 00       		.byte	0
 1591 0618 00       		.byte	0
 1592 0619 00       		.byte	0
 1593 061a 00       		.byte	0
 1594 061b 00       		.byte	0
 1595 061c 00       		.byte	0
 1596 061d 00       		.byte	0
 1597 061e 00       		.byte	0
 1598 061f 00       		.byte	0
 1599 0620 00       		.byte	0
 1600 0621 00       		.byte	0
 1601 0622 05       		.byte	5
 1602 0623 00       		.byte	0
 1603 0624 00       		.byte	0
 1604 0625 00       		.byte	0
 1605 0626 00       		.byte	0
 1606 0627 00       		.byte	0
 1607 0628 00       		.byte	0
 1608 0629 1F       		.byte	31
 1609 062a 1E       		.byte	30
 1610 062b 1F       		.byte	31
 1611 062c 1F       		.byte	31
 1612 062d 00       		.byte	0
 1613 062e 00       		.byte	0
 1614 062f 00       		.byte	0
 1615 0630 1F       		.byte	31
 1616 0631 1F       		.byte	31
 1617 0632 1F       		.byte	31
 1618 0633 1F       		.byte	31
 1619 0634 04       		.byte	4
 1620 0635 00       		.byte	0
 1621 0636 00       		.byte	0
 1622 0637 00       		.byte	0
 1623 0638 00       		.byte	0
 1624 0639 00       		.byte	0
 1625 063a 00       		.byte	0
 1626 063b 00       		.byte	0
 1627 063c 00       		.byte	0
 1628 063d 00       		.byte	0
 1629 063e 00       		.byte	0
 1630 063f 00       		.byte	0
 1631 0640 00       		.byte	0
 1632 0641 00       		.byte	0
 1633 0642 05       		.byte	5
 1634 0643 00       		.byte	0
 1635 0644 00       		.byte	0
 1636 0645 00       		.byte	0
 1637 0646 00       		.byte	0
 1638 0647 00       		.byte	0
 1639 0648 00       		.byte	0
 1640 0649 1F       		.byte	31
 1641 064a 1E       		.byte	30
 1642 064b 1F       		.byte	31
 1643 064c 1F       		.byte	31
 1644 064d 00       		.byte	0
 1645 064e 00       		.byte	0
 1646 064f 00       		.byte	0
 1647 0650 1F       		.byte	31
 1648 0651 1F       		.byte	31
 1649 0652 1F       		.byte	31
 1650 0653 1F       		.byte	31
 1651 0654 04       		.byte	4
 1652 0655 00       		.byte	0
 1653 0656 00       		.byte	0
 1654 0657 00       		.byte	0
 1655 0658 00       		.byte	0
 1656 0659 00       		.byte	0
 1657 065a 00       		.byte	0
 1658 065b 00       		.byte	0
 1659 065c 00       		.byte	0
 1660 065d 00       		.byte	0
 1661 065e 00       		.byte	0
 1662 065f 00       		.byte	0
 1663 0660 00       		.byte	0
 1664 0661 00       		.byte	0
 1665 0662 00       		.byte	0
 1666 0663 05       		.byte	5
 1667 0664 00       		.byte	0
 1668 0665 00       		.byte	0
 1669 0666 00       		.byte	0
 1670 0667 00       		.byte	0
 1671 0668 00       		.byte	0
 1672 0669 1F       		.byte	31
 1673 066a 1E       		.byte	30
 1674 066b 1F       		.byte	31
 1675 066c 1F       		.byte	31
 1676 066d 00       		.byte	0
 1677 066e 00       		.byte	0
 1678 066f 00       		.byte	0
 1679 0670 1F       		.byte	31
 1680 0671 1F       		.byte	31
 1681 0672 1F       		.byte	31
 1682 0673 1F       		.byte	31
 1683 0674 04       		.byte	4
 1684 0675 00       		.byte	0
 1685 0676 00       		.byte	0
 1686 0677 00       		.byte	0
 1687 0678 00       		.byte	0
 1688 0679 00       		.byte	0
 1689 067a 00       		.byte	0
 1690 067b 00       		.byte	0
 1691 067c 00       		.byte	0
 1692 067d 00       		.byte	0
 1693 067e 00       		.byte	0
 1694 067f 00       		.byte	0
 1695 0680 00       		.byte	0
 1696 0681 00       		.byte	0
 1697 0682 00       		.byte	0
 1698 0683 05       		.byte	5
 1699 0684 00       		.byte	0
 1700 0685 00       		.byte	0
 1701 0686 00       		.byte	0
 1702 0687 00       		.byte	0
 1703 0688 00       		.byte	0
 1704 0689 1F       		.byte	31
 1705 068a 1E       		.byte	30
 1706 068b 1F       		.byte	31
 1707 068c 1F       		.byte	31
 1708 068d 00       		.byte	0
 1709 068e 00       		.byte	0
 1710 068f 00       		.byte	0
 1711 0690 1F       		.byte	31
 1712 0691 1F       		.byte	31
 1713 0692 1F       		.byte	31
 1714 0693 1F       		.byte	31
 1715 0694 04       		.byte	4
 1716 0695 00       		.byte	0
 1717 0696 00       		.byte	0
 1718 0697 00       		.byte	0
 1719 0698 00       		.byte	0
 1720 0699 00       		.byte	0
 1721 069a 00       		.byte	0
 1722 069b 00       		.byte	0
 1723 069c 00       		.byte	0
 1724 069d 00       		.byte	0
 1725 069e 00       		.byte	0
 1726 069f 00       		.byte	0
 1727 06a0 00       		.byte	0
 1728 06a1 00       		.byte	0
 1729 06a2 00       		.byte	0
 1730 06a3 08       		.byte	8
 1731 06a4 00       		.byte	0
 1732 06a5 00       		.byte	0
 1733 06a6 00       		.byte	0
 1734 06a7 00       		.byte	0
 1735 06a8 00       		.byte	0
 1736 06a9 1C       		.byte	28
 1737 06aa 1E       		.byte	30
 1738 06ab 1F       		.byte	31
 1739 06ac 1F       		.byte	31
 1740 06ad 00       		.byte	0
 1741 06ae 00       		.byte	0
 1742 06af 00       		.byte	0
 1743 06b0 1F       		.byte	31
 1744 06b1 1F       		.byte	31
 1745 06b2 1F       		.byte	31
 1746 06b3 1F       		.byte	31
 1747 06b4 04       		.byte	4
 1748 06b5 00       		.byte	0
 1749 06b6 00       		.byte	0
 1750 06b7 00       		.byte	0
 1751 06b8 00       		.byte	0
 1752 06b9 00       		.byte	0
 1753 06ba 00       		.byte	0
 1754 06bb 00       		.byte	0
 1755 06bc 00       		.byte	0
 1756 06bd 00       		.byte	0
 1757 06be 00       		.byte	0
 1758 06bf 00       		.byte	0
 1759 06c0 00       		.byte	0
 1760 06c1 00       		.byte	0
 1761 06c2 00       		.byte	0
 1762 06c3 08       		.byte	8
 1763 06c4 00       		.byte	0
 1764 06c5 00       		.byte	0
 1765 06c6 00       		.byte	0
 1766 06c7 00       		.byte	0
 1767 06c8 00       		.byte	0
 1768 06c9 1C       		.byte	28
 1769 06ca 1E       		.byte	30
 1770 06cb 1F       		.byte	31
 1771 06cc 1F       		.byte	31
 1772 06cd 00       		.byte	0
 1773 06ce 00       		.byte	0
 1774 06cf 00       		.byte	0
 1775 06d0 1F       		.byte	31
 1776 06d1 1F       		.byte	31
 1777 06d2 1F       		.byte	31
 1778 06d3 1F       		.byte	31
 1779 06d4 04       		.byte	4
 1780 06d5 00       		.byte	0
 1781 06d6 00       		.byte	0
 1782 06d7 00       		.byte	0
 1783 06d8 00       		.byte	0
 1784 06d9 00       		.byte	0
 1785 06da 00       		.byte	0
 1786 06db 00       		.byte	0
 1787 06dc 00       		.byte	0
 1788 06dd 00       		.byte	0
 1789 06de 00       		.byte	0
 1790 06df 00       		.byte	0
 1791 06e0 00       		.byte	0
 1792 06e1 00       		.byte	0
 1793 06e2 00       		.byte	0
 1794 06e3 0C       		.byte	12
 1795 06e4 00       		.byte	0
 1796 06e5 00       		.byte	0
 1797 06e6 00       		.byte	0
 1798 06e7 00       		.byte	0
 1799 06e8 00       		.byte	0
 1800 06e9 14       		.byte	20
 1801 06ea 1E       		.byte	30
 1802 06eb 1F       		.byte	31
 1803 06ec 1F       		.byte	31
 1804 06ed 04       		.byte	4
 1805 06ee 00       		.byte	0
 1806 06ef 00       		.byte	0
 1807 06f0 1F       		.byte	31
 1808 06f1 1F       		.byte	31
 1809 06f2 1F       		.byte	31
 1810 06f3 1F       		.byte	31
 1811 06f4 04       		.byte	4
 1812 06f5 00       		.byte	0
 1813 06f6 00       		.byte	0
 1814 06f7 00       		.byte	0
 1815 06f8 00       		.byte	0
 1816 06f9 00       		.byte	0
 1817 06fa 00       		.byte	0
 1818 06fb 00       		.byte	0
 1819 06fc 00       		.byte	0
 1820 06fd 00       		.byte	0
 1821 06fe 00       		.byte	0
 1822 06ff 00       		.byte	0
 1823 0700 00       		.byte	0
 1824 0701 00       		.byte	0
 1825 0702 00       		.byte	0
 1826 0703 0C       		.byte	12
 1827 0704 00       		.byte	0
 1828 0705 00       		.byte	0
 1829 0706 00       		.byte	0
 1830 0707 00       		.byte	0
 1831 0708 00       		.byte	0
 1832 0709 14       		.byte	20
 1833 070a 1E       		.byte	30
 1834 070b 1F       		.byte	31
 1835 070c 1F       		.byte	31
 1836 070d 04       		.byte	4
 1837 070e 00       		.byte	0
 1838 070f 00       		.byte	0
 1839 0710 1F       		.byte	31
 1840 0711 1F       		.byte	31
 1841 0712 1F       		.byte	31
 1842 0713 1F       		.byte	31
 1843 0714 04       		.byte	4
 1844 0715 00       		.byte	0
 1845 0716 00       		.byte	0
 1846 0717 00       		.byte	0
 1847 0718 00       		.byte	0
 1848 0719 00       		.byte	0
 1849 071a 00       		.byte	0
 1850 071b 00       		.byte	0
 1851 071c 00       		.byte	0
 1852 071d 00       		.byte	0
 1853 071e 00       		.byte	0
 1854 071f 00       		.byte	0
 1855 0720 00       		.byte	0
 1856 0721 00       		.byte	0
 1857 0722 00       		.byte	0
 1858 0723 11       		.byte	17
 1859 0724 00       		.byte	0
 1860 0725 00       		.byte	0
 1861 0726 00       		.byte	0
 1862 0727 00       		.byte	0
 1863 0728 00       		.byte	0
 1864 0729 19       		.byte	25
 1865 072a 18       		.byte	24
 1866 072b 1F       		.byte	31
 1867 072c 1F       		.byte	31
 1868 072d 00       		.byte	0
 1869 072e 00       		.byte	0
 1870 072f 00       		.byte	0
 1871 0730 1F       		.byte	31
 1872 0731 1F       		.byte	31
 1873 0732 1F       		.byte	31
 1874 0733 1F       		.byte	31
 1875 0734 04       		.byte	4
 1876 0735 00       		.byte	0
 1877 0736 00       		.byte	0
 1878 0737 00       		.byte	0
 1879 0738 00       		.byte	0
 1880 0739 00       		.byte	0
 1881 073a 00       		.byte	0
 1882 073b 00       		.byte	0
 1883 073c 00       		.byte	0
 1884 073d 00       		.byte	0
 1885 073e 00       		.byte	0
 1886 073f 00       		.byte	0
 1887 0740 00       		.byte	0
 1888 0741 00       		.byte	0
 1889 0742 00       		.byte	0
 1890 0743 11       		.byte	17
 1891 0744 00       		.byte	0
 1892 0745 00       		.byte	0
 1893 0746 00       		.byte	0
 1894 0747 00       		.byte	0
 1895 0748 00       		.byte	0
 1896 0749 19       		.byte	25
 1897 074a 18       		.byte	24
 1898 074b 1F       		.byte	31
 1899 074c 1F       		.byte	31
 1900 074d 00       		.byte	0
 1901 074e 00       		.byte	0
 1902 074f 00       		.byte	0
 1903 0750 1F       		.byte	31
 1904 0751 1F       		.byte	31
 1905 0752 1F       		.byte	31
 1906 0753 1F       		.byte	31
 1907 0754 04       		.byte	4
 1908 0755 00       		.byte	0
 1909 0756 00       		.byte	0
 1910 0757 00       		.byte	0
 1911 0758 00       		.byte	0
 1912 0759 00       		.byte	0
 1913 075a 00       		.byte	0
 1914 075b 00       		.byte	0
 1915 075c 00       		.byte	0
 1916 075d 00       		.byte	0
 1917 075e 00       		.byte	0
 1918 075f 00       		.byte	0
 1919 0760 00       		.byte	0
 1920 0761 00       		.byte	0
 1921 0762 00       		.byte	0
 1922 0763 11       		.byte	17
 1923 0764 00       		.byte	0
 1924 0765 00       		.byte	0
 1925 0766 00       		.byte	0
 1926 0767 00       		.byte	0
 1927 0768 00       		.byte	0
 1928 0769 0E       		.byte	14
 1929 076a 1E       		.byte	30
 1930 076b 1F       		.byte	31
 1931 076c 1F       		.byte	31
 1932 076d 05       		.byte	5
 1933 076e 00       		.byte	0
 1934 076f 00       		.byte	0
 1935 0770 1F       		.byte	31
 1936 0771 1F       		.byte	31
 1937 0772 1F       		.byte	31
 1938 0773 1F       		.byte	31
 1939 0774 04       		.byte	4
 1940 0775 00       		.byte	0
 1941 0776 00       		.byte	0
 1942 0777 00       		.byte	0
 1943 0778 00       		.byte	0
 1944 0779 00       		.byte	0
 1945 077a 00       		.byte	0
 1946 077b 00       		.byte	0
 1947 077c 00       		.byte	0
 1948 077d 00       		.byte	0
 1949 077e 00       		.byte	0
 1950 077f 00       		.byte	0
 1951 0780 00       		.byte	0
 1952 0781 00       		.byte	0
 1953 0782 00       		.byte	0
 1954 0783 11       		.byte	17
 1955 0784 00       		.byte	0
 1956 0785 00       		.byte	0
 1957 0786 00       		.byte	0
 1958 0787 00       		.byte	0
 1959 0788 00       		.byte	0
 1960 0789 0E       		.byte	14
 1961 078a 1E       		.byte	30
 1962 078b 1F       		.byte	31
 1963 078c 1F       		.byte	31
 1964 078d 05       		.byte	5
 1965 078e 00       		.byte	0
 1966 078f 00       		.byte	0
 1967 0790 1F       		.byte	31
 1968 0791 1F       		.byte	31
 1969 0792 1F       		.byte	31
 1970 0793 1F       		.byte	31
 1971 0794 04       		.byte	4
 1972 0795 00       		.byte	0
 1973 0796 00       		.byte	0
 1974 0797 00       		.byte	0
 1975 0798 00       		.byte	0
 1976 0799 00       		.byte	0
 1977 079a 00       		.byte	0
 1978 079b 00       		.byte	0
 1979 079c 00       		.byte	0
 1980 079d 00       		.byte	0
 1981 079e 00       		.byte	0
 1982 079f 00       		.byte	0
 1983 07a0 00       		.byte	0
 1984 07a1 00       		.byte	0
 1985 07a2 00       		.byte	0
 1986 07a3 1C       		.byte	28
 1987 07a4 00       		.byte	0
 1988 07a5 00       		.byte	0
 1989 07a6 00       		.byte	0
 1990 07a7 00       		.byte	0
 1991 07a8 00       		.byte	0
 1992 07a9 00       		.byte	0
 1993 07aa 1F       		.byte	31
 1994 07ab 1F       		.byte	31
 1995 07ac 1F       		.byte	31
 1996 07ad 07       		.byte	7
 1997 07ae 00       		.byte	0
 1998 07af 00       		.byte	0
 1999 07b0 1F       		.byte	31
 2000 07b1 1F       		.byte	31
 2001 07b2 1F       		.byte	31
 2002 07b3 1F       		.byte	31
 2003 07b4 04       		.byte	4
 2004 07b5 00       		.byte	0
 2005 07b6 00       		.byte	0
 2006 07b7 00       		.byte	0
 2007 07b8 00       		.byte	0
 2008 07b9 00       		.byte	0
 2009 07ba 00       		.byte	0
 2010 07bb 00       		.byte	0
 2011 07bc 00       		.byte	0
 2012 07bd 00       		.byte	0
 2013 07be 00       		.byte	0
 2014 07bf 00       		.byte	0
 2015 07c0 00       		.byte	0
 2016 07c1 00       		.byte	0
 2017 07c2 00       		.byte	0
 2018 07c3 1C       		.byte	28
 2019 07c4 00       		.byte	0
 2020 07c5 00       		.byte	0
 2021 07c6 00       		.byte	0
 2022 07c7 00       		.byte	0
 2023 07c8 00       		.byte	0
 2024 07c9 00       		.byte	0
 2025 07ca 1F       		.byte	31
 2026 07cb 1F       		.byte	31
 2027 07cc 1F       		.byte	31
 2028 07cd 07       		.byte	7
 2029 07ce 00       		.byte	0
 2030 07cf 00       		.byte	0
 2031 07d0 1F       		.byte	31
 2032 07d1 1F       		.byte	31
 2033 07d2 1F       		.byte	31
 2034 07d3 1F       		.byte	31
 2035 07d4 04       		.byte	4
 2036 07d5 00       		.byte	0
 2037 07d6 00       		.byte	0
 2038 07d7 00       		.byte	0
 2039 07d8 00       		.byte	0
 2040 07d9 00       		.byte	0
 2041 07da 00       		.byte	0
 2042 07db 00       		.byte	0
 2043 07dc 00       		.byte	0
 2044 07dd 00       		.byte	0
 2045 07de 00       		.byte	0
 2046 07df 00       		.byte	0
 2047 07e0 00       		.byte	0
 2048 07e1 00       		.byte	0
 2049 07e2 00       		.byte	0
 2050 07e3 1C       		.byte	28
 2051 07e4 00       		.byte	0
 2052 07e5 00       		.byte	0
 2053 07e6 00       		.byte	0
 2054 07e7 00       		.byte	0
 2055 07e8 00       		.byte	0
 2056 07e9 00       		.byte	0
 2057 07ea 1F       		.byte	31
 2058 07eb 1F       		.byte	31
 2059 07ec 1F       		.byte	31
 2060 07ed 07       		.byte	7
 2061 07ee 00       		.byte	0
 2062 07ef 00       		.byte	0
 2063 07f0 1F       		.byte	31
 2064 07f1 1F       		.byte	31
 2065 07f2 1F       		.byte	31
 2066 07f3 1F       		.byte	31
 2067 07f4 04       		.byte	4
 2068 07f5 00       		.byte	0
 2069 07f6 00       		.byte	0
 2070 07f7 00       		.byte	0
 2071 07f8 00       		.byte	0
 2072 07f9 00       		.byte	0
 2073 07fa 00       		.byte	0
 2074 07fb 00       		.byte	0
 2075 07fc 00       		.byte	0
 2076 07fd 00       		.byte	0
 2077 07fe 00       		.byte	0
 2078 07ff 00       		.byte	0
 2079              		.global	apc_offset
 2082              	apc_offset:
 2083 0800 20       		.byte	32
 2084              		.file 1 "board/compal_e86/tx_ramps.c"
 2085              		.file 2 "include/rf/txcal.h"
 2086              		.file 3 "/root/gnuarm/bin/../lib/gcc/arm-elf/4.0.2/../../../../arm-elf/sys-include/stdint.h"
 2087 0801 000000   		.text
 2088              	.Letext0:
DEFINED SYMBOLS
                            *ABS*:0000000000000000 tx_ramps.c
     /tmp/ccBHsMul.s:15     .data:0000000000000000 rf_tx_ramps_1900
     /tmp/ccBHsMul.s:532    .data:0000000000000200 rf_tx_ramps_1800
     /tmp/ccBHsMul.s:1049   .data:0000000000000400 rf_tx_ramps_900
     /tmp/ccBHsMul.s:1566   .data:0000000000000600 rf_tx_ramps_850
     /tmp/ccBHsMul.s:2082   .data:0000000000000800 apc_offset

NO UNDEFINED SYMBOLS
