   1              		.file	"tx_ramps.c"
   9              	.Ltext0:
  10              		.global	rf_tx_ramps_1900
  11              		.data
  12              		.align	2
  15              	rf_tx_ramps_1900:
  16 0000 1F       		.byte	31
  17 0001 04       		.byte	4
  18 0002 00       		.byte	0
  19 0003 00       		.byte	0
  20 0004 00       		.byte	0
  21 0005 00       		.byte	0
  22 0006 00       		.byte	0
  23 0007 00       		.byte	0
  24 0008 00       		.byte	0
  25 0009 00       		.byte	0
  26 000a 0E       		.byte	14
  27 000b 1F       		.byte	31
  28 000c 1F       		.byte	31
  29 000d 11       		.byte	17
  30 000e 00       		.byte	0
  31 000f 00       		.byte	0
  32 0010 1F       		.byte	31
  33 0011 1F       		.byte	31
  34 0012 0F       		.byte	15
  35 0013 19       		.byte	25
  36 0014 08       		.byte	8
  37 0015 0A       		.byte	10
  38 0016 04       		.byte	4
  39 0017 04       		.byte	4
  40 0018 00       		.byte	0
  41 0019 00       		.byte	0
  42 001a 00       		.byte	0
  43 001b 00       		.byte	0
  44 001c 00       		.byte	0
  45 001d 00       		.byte	0
  46 001e 00       		.byte	0
  47 001f 00       		.byte	0
  48 0020 1F       		.byte	31
  49 0021 08       		.byte	8
  50 0022 00       		.byte	0
  51 0023 00       		.byte	0
  52 0024 00       		.byte	0
  53 0025 00       		.byte	0
  54 0026 00       		.byte	0
  55 0027 00       		.byte	0
  56 0028 00       		.byte	0
  57 0029 00       		.byte	0
  58 002a 05       		.byte	5
  59 002b 1F       		.byte	31
  60 002c 1F       		.byte	31
  61 002d 16       		.byte	22
  62 002e 00       		.byte	0
  63 002f 00       		.byte	0
  64 0030 1F       		.byte	31
  65 0031 15       		.byte	21
  66 0032 1F       		.byte	31
  67 0033 14       		.byte	20
  68 0034 04       		.byte	4
  69 0035 00       		.byte	0
  70 0036 15       		.byte	21
  71 0037 00       		.byte	0
  72 0038 00       		.byte	0
  73 0039 00       		.byte	0
  74 003a 00       		.byte	0
  75 003b 00       		.byte	0
  76 003c 00       		.byte	0
  77 003d 00       		.byte	0
  78 003e 00       		.byte	0
  79 003f 00       		.byte	0
  80 0040 1F       		.byte	31
  81 0041 10       		.byte	16
  82 0042 00       		.byte	0
  83 0043 00       		.byte	0
  84 0044 00       		.byte	0
  85 0045 00       		.byte	0
  86 0046 00       		.byte	0
  87 0047 00       		.byte	0
  88 0048 00       		.byte	0
  89 0049 00       		.byte	0
  90 004a 06       		.byte	6
  91 004b 1F       		.byte	31
  92 004c 1F       		.byte	31
  93 004d 0D       		.byte	13
  94 004e 00       		.byte	0
  95 004f 00       		.byte	0
  96 0050 1E       		.byte	30
  97 0051 1F       		.byte	31
  98 0052 18       		.byte	24
  99 0053 1F       		.byte	31
 100 0054 0A       		.byte	10
 101 0055 02       		.byte	2
 102 0056 00       		.byte	0
 103 0057 00       		.byte	0
 104 0058 00       		.byte	0
 105 0059 00       		.byte	0
 106 005a 00       		.byte	0
 107 005b 00       		.byte	0
 108 005c 00       		.byte	0
 109 005d 00       		.byte	0
 110 005e 00       		.byte	0
 111 005f 00       		.byte	0
 112 0060 1F       		.byte	31
 113 0061 18       		.byte	24
 114 0062 00       		.byte	0
 115 0063 00       		.byte	0
 116 0064 00       		.byte	0
 117 0065 00       		.byte	0
 118 0066 00       		.byte	0
 119 0067 00       		.byte	0
 120 0068 00       		.byte	0
 121 0069 00       		.byte	0
 122 006a 03       		.byte	3
 123 006b 1F       		.byte	31
 124 006c 1F       		.byte	31
 125 006d 08       		.byte	8
 126 006e 00       		.byte	0
 127 006f 00       		.byte	0
 128 0070 1F       		.byte	31
 129 0071 1F       		.byte	31
 130 0072 13       		.byte	19
 131 0073 17       		.byte	23
 132 0074 18       		.byte	24
 133 0075 00       		.byte	0
 134 0076 00       		.byte	0
 135 0077 00       		.byte	0
 136 0078 00       		.byte	0
 137 0079 00       		.byte	0
 138 007a 00       		.byte	0
 139 007b 00       		.byte	0
 140 007c 00       		.byte	0
 141 007d 00       		.byte	0
 142 007e 00       		.byte	0
 143 007f 00       		.byte	0
 144 0080 1F       		.byte	31
 145 0081 1F       		.byte	31
 146 0082 02       		.byte	2
 147 0083 00       		.byte	0
 148 0084 00       		.byte	0
 149 0085 00       		.byte	0
 150 0086 00       		.byte	0
 151 0087 00       		.byte	0
 152 0088 00       		.byte	0
 153 0089 00       		.byte	0
 154 008a 06       		.byte	6
 155 008b 1F       		.byte	31
 156 008c 16       		.byte	22
 157 008d 05       		.byte	5
 158 008e 00       		.byte	0
 159 008f 00       		.byte	0
 160 0090 1F       		.byte	31
 161 0091 1F       		.byte	31
 162 0092 0E       		.byte	14
 163 0093 18       		.byte	24
 164 0094 05       		.byte	5
 165 0095 0D       		.byte	13
 166 0096 0A       		.byte	10
 167 0097 00       		.byte	0
 168 0098 00       		.byte	0
 169 0099 00       		.byte	0
 170 009a 00       		.byte	0
 171 009b 00       		.byte	0
 172 009c 00       		.byte	0
 173 009d 00       		.byte	0
 174 009e 00       		.byte	0
 175 009f 00       		.byte	0
 176 00a0 1F       		.byte	31
 177 00a1 1F       		.byte	31
 178 00a2 0A       		.byte	10
 179 00a3 00       		.byte	0
 180 00a4 00       		.byte	0
 181 00a5 00       		.byte	0
 182 00a6 00       		.byte	0
 183 00a7 00       		.byte	0
 184 00a8 00       		.byte	0
 185 00a9 00       		.byte	0
 186 00aa 00       		.byte	0
 187 00ab 1F       		.byte	31
 188 00ac 19       		.byte	25
 189 00ad 00       		.byte	0
 190 00ae 00       		.byte	0
 191 00af 00       		.byte	0
 192 00b0 1F       		.byte	31
 193 00b1 13       		.byte	19
 194 00b2 14       		.byte	20
 195 00b3 08       		.byte	8
 196 00b4 18       		.byte	24
 197 00b5 11       		.byte	17
 198 00b6 05       		.byte	5
 199 00b7 04       		.byte	4
 200 00b8 00       		.byte	0
 201 00b9 00       		.byte	0
 202 00ba 00       		.byte	0
 203 00bb 00       		.byte	0
 204 00bc 00       		.byte	0
 205 00bd 00       		.byte	0
 206 00be 00       		.byte	0
 207 00bf 00       		.byte	0
 208 00c0 1F       		.byte	31
 209 00c1 1E       		.byte	30
 210 00c2 13       		.byte	19
 211 00c3 00       		.byte	0
 212 00c4 00       		.byte	0
 213 00c5 00       		.byte	0
 214 00c6 00       		.byte	0
 215 00c7 00       		.byte	0
 216 00c8 00       		.byte	0
 217 00c9 00       		.byte	0
 218 00ca 00       		.byte	0
 219 00cb 1F       		.byte	31
 220 00cc 11       		.byte	17
 221 00cd 00       		.byte	0
 222 00ce 00       		.byte	0
 223 00cf 00       		.byte	0
 224 00d0 02       		.byte	2
 225 00d1 1F       		.byte	31
 226 00d2 1F       		.byte	31
 227 00d3 19       		.byte	25
 228 00d4 11       		.byte	17
 229 00d5 16       		.byte	22
 230 00d6 00       		.byte	0
 231 00d7 00       		.byte	0
 232 00d8 00       		.byte	0
 233 00d9 00       		.byte	0
 234 00da 00       		.byte	0
 235 00db 00       		.byte	0
 236 00dc 00       		.byte	0
 237 00dd 00       		.byte	0
 238 00de 00       		.byte	0
 239 00df 00       		.byte	0
 240 00e0 1F       		.byte	31
 241 00e1 1F       		.byte	31
 242 00e2 1A       		.byte	26
 243 00e3 00       		.byte	0
 244 00e4 00       		.byte	0
 245 00e5 00       		.byte	0
 246 00e6 00       		.byte	0
 247 00e7 00       		.byte	0
 248 00e8 00       		.byte	0
 249 00e9 00       		.byte	0
 250 00ea 00       		.byte	0
 251 00eb 1F       		.byte	31
 252 00ec 09       		.byte	9
 253 00ed 00       		.byte	0
 254 00ee 00       		.byte	0
 255 00ef 00       		.byte	0
 256 00f0 0E       		.byte	14
 257 00f1 18       		.byte	24
 258 00f2 19       		.byte	25
 259 00f3 1E       		.byte	30
 260 00f4 18       		.byte	24
 261 00f5 0B       		.byte	11
 262 00f6 00       		.byte	0
 263 00f7 00       		.byte	0
 264 00f8 00       		.byte	0
 265 00f9 00       		.byte	0
 266 00fa 00       		.byte	0
 267 00fb 00       		.byte	0
 268 00fc 00       		.byte	0
 269 00fd 00       		.byte	0
 270 00fe 00       		.byte	0
 271 00ff 00       		.byte	0
 272 0100 1F       		.byte	31
 273 0101 1F       		.byte	31
 274 0102 1F       		.byte	31
 275 0103 02       		.byte	2
 276 0104 00       		.byte	0
 277 0105 00       		.byte	0
 278 0106 00       		.byte	0
 279 0107 00       		.byte	0
 280 0108 00       		.byte	0
 281 0109 00       		.byte	0
 282 010a 00       		.byte	0
 283 010b 1F       		.byte	31
 284 010c 02       		.byte	2
 285 010d 00       		.byte	0
 286 010e 00       		.byte	0
 287 010f 00       		.byte	0
 288 0110 0C       		.byte	12
 289 0111 11       		.byte	17
 290 0112 1B       		.byte	27
 291 0113 1F       		.byte	31
 292 0114 18       		.byte	24
 293 0115 0D       		.byte	13
 294 0116 04       		.byte	4
 295 0117 00       		.byte	0
 296 0118 00       		.byte	0
 297 0119 00       		.byte	0
 298 011a 00       		.byte	0
 299 011b 00       		.byte	0
 300 011c 00       		.byte	0
 301 011d 00       		.byte	0
 302 011e 00       		.byte	0
 303 011f 00       		.byte	0
 304 0120 1F       		.byte	31
 305 0121 1F       		.byte	31
 306 0122 1E       		.byte	30
 307 0123 0A       		.byte	10
 308 0124 00       		.byte	0
 309 0125 00       		.byte	0
 310 0126 00       		.byte	0
 311 0127 00       		.byte	0
 312 0128 00       		.byte	0
 313 0129 00       		.byte	0
 314 012a 00       		.byte	0
 315 012b 19       		.byte	25
 316 012c 01       		.byte	1
 317 012d 00       		.byte	0
 318 012e 00       		.byte	0
 319 012f 00       		.byte	0
 320 0130 15       		.byte	21
 321 0131 1F       		.byte	31
 322 0132 1F       		.byte	31
 323 0133 1A       		.byte	26
 324 0134 0D       		.byte	13
 325 0135 04       		.byte	4
 326 0136 02       		.byte	2
 327 0137 00       		.byte	0
 328 0138 00       		.byte	0
 329 0139 00       		.byte	0
 330 013a 00       		.byte	0
 331 013b 00       		.byte	0
 332 013c 00       		.byte	0
 333 013d 00       		.byte	0
 334 013e 00       		.byte	0
 335 013f 00       		.byte	0
 336 0140 1F       		.byte	31
 337 0141 1F       		.byte	31
 338 0142 1F       		.byte	31
 339 0143 0B       		.byte	11
 340 0144 00       		.byte	0
 341 0145 00       		.byte	0
 342 0146 00       		.byte	0
 343 0147 00       		.byte	0
 344 0148 00       		.byte	0
 345 0149 00       		.byte	0
 346 014a 00       		.byte	0
 347 014b 18       		.byte	24
 348 014c 00       		.byte	0
 349 014d 00       		.byte	0
 350 014e 00       		.byte	0
 351 014f 00       		.byte	0
 352 0150 0E       		.byte	14
 353 0151 1F       		.byte	31
 354 0152 1F       		.byte	31
 355 0153 1C       		.byte	28
 356 0154 0D       		.byte	13
 357 0155 05       		.byte	5
 358 0156 04       		.byte	4
 359 0157 02       		.byte	2
 360 0158 00       		.byte	0
 361 0159 00       		.byte	0
 362 015a 00       		.byte	0
 363 015b 00       		.byte	0
 364 015c 00       		.byte	0
 365 015d 00       		.byte	0
 366 015e 00       		.byte	0
 367 015f 00       		.byte	0
 368 0160 1F       		.byte	31
 369 0161 1F       		.byte	31
 370 0162 1F       		.byte	31
 371 0163 13       		.byte	19
 372 0164 00       		.byte	0
 373 0165 00       		.byte	0
 374 0166 00       		.byte	0
 375 0167 00       		.byte	0
 376 0168 00       		.byte	0
 377 0169 00       		.byte	0
 378 016a 00       		.byte	0
 379 016b 00       		.byte	0
 380 016c 10       		.byte	16
 381 016d 00       		.byte	0
 382 016e 00       		.byte	0
 383 016f 00       		.byte	0
 384 0170 06       		.byte	6
 385 0171 0E       		.byte	14
 386 0172 1F       		.byte	31
 387 0173 1F       		.byte	31
 388 0174 18       		.byte	24
 389 0175 0D       		.byte	13
 390 0176 05       		.byte	5
 391 0177 04       		.byte	4
 392 0178 00       		.byte	0
 393 0179 00       		.byte	0
 394 017a 00       		.byte	0
 395 017b 00       		.byte	0
 396 017c 00       		.byte	0
 397 017d 00       		.byte	0
 398 017e 00       		.byte	0
 399 017f 00       		.byte	0
 400 0180 1F       		.byte	31
 401 0181 1F       		.byte	31
 402 0182 1F       		.byte	31
 403 0183 19       		.byte	25
 404 0184 00       		.byte	0
 405 0185 00       		.byte	0
 406 0186 00       		.byte	0
 407 0187 00       		.byte	0
 408 0188 00       		.byte	0
 409 0189 00       		.byte	0
 410 018a 00       		.byte	0
 411 018b 00       		.byte	0
 412 018c 0A       		.byte	10
 413 018d 00       		.byte	0
 414 018e 00       		.byte	0
 415 018f 00       		.byte	0
 416 0190 06       		.byte	6
 417 0191 0E       		.byte	14
 418 0192 1F       		.byte	31
 419 0193 1F       		.byte	31
 420 0194 18       		.byte	24
 421 0195 0D       		.byte	13
 422 0196 05       		.byte	5
 423 0197 04       		.byte	4
 424 0198 00       		.byte	0
 425 0199 00       		.byte	0
 426 019a 00       		.byte	0
 427 019b 00       		.byte	0
 428 019c 00       		.byte	0
 429 019d 00       		.byte	0
 430 019e 00       		.byte	0
 431 019f 00       		.byte	0
 432 01a0 1F       		.byte	31
 433 01a1 1F       		.byte	31
 434 01a2 1F       		.byte	31
 435 01a3 1D       		.byte	29
 436 01a4 00       		.byte	0
 437 01a5 00       		.byte	0
 438 01a6 00       		.byte	0
 439 01a7 00       		.byte	0
 440 01a8 00       		.byte	0
 441 01a9 00       		.byte	0
 442 01aa 00       		.byte	0
 443 01ab 00       		.byte	0
 444 01ac 06       		.byte	6
 445 01ad 00       		.byte	0
 446 01ae 00       		.byte	0
 447 01af 00       		.byte	0
 448 01b0 06       		.byte	6
 449 01b1 0E       		.byte	14
 450 01b2 1F       		.byte	31
 451 01b3 1F       		.byte	31
 452 01b4 18       		.byte	24
 453 01b5 0D       		.byte	13
 454 01b6 05       		.byte	5
 455 01b7 04       		.byte	4
 456 01b8 00       		.byte	0
 457 01b9 00       		.byte	0
 458 01ba 00       		.byte	0
 459 01bb 00       		.byte	0
 460 01bc 00       		.byte	0
 461 01bd 00       		.byte	0
 462 01be 00       		.byte	0
 463 01bf 00       		.byte	0
 464 01c0 1F       		.byte	31
 465 01c1 1F       		.byte	31
 466 01c2 1F       		.byte	31
 467 01c3 1F       		.byte	31
 468 01c4 01       		.byte	1
 469 01c5 00       		.byte	0
 470 01c6 00       		.byte	0
 471 01c7 00       		.byte	0
 472 01c8 00       		.byte	0
 473 01c9 00       		.byte	0
 474 01ca 00       		.byte	0
 475 01cb 00       		.byte	0
 476 01cc 03       		.byte	3
 477 01cd 00       		.byte	0
 478 01ce 00       		.byte	0
 479 01cf 00       		.byte	0
 480 01d0 03       		.byte	3
 481 01d1 10       		.byte	16
 482 01d2 1F       		.byte	31
 483 01d3 1F       		.byte	31
 484 01d4 18       		.byte	24
 485 01d5 0E       		.byte	14
 486 01d6 05       		.byte	5
 487 01d7 04       		.byte	4
 488 01d8 00       		.byte	0
 489 01d9 00       		.byte	0
 490 01da 00       		.byte	0
 491 01db 00       		.byte	0
 492 01dc 00       		.byte	0
 493 01dd 00       		.byte	0
 494 01de 00       		.byte	0
 495 01df 00       		.byte	0
 496 01e0 1F       		.byte	31
 497 01e1 1F       		.byte	31
 498 01e2 1F       		.byte	31
 499 01e3 1F       		.byte	31
 500 01e4 04       		.byte	4
 501 01e5 00       		.byte	0
 502 01e6 00       		.byte	0
 503 01e7 00       		.byte	0
 504 01e8 00       		.byte	0
 505 01e9 00       		.byte	0
 506 01ea 00       		.byte	0
 507 01eb 00       		.byte	0
 508 01ec 00       		.byte	0
 509 01ed 00       		.byte	0
 510 01ee 00       		.byte	0
 511 01ef 00       		.byte	0
 512 01f0 04       		.byte	4
 513 01f1 06       		.byte	6
 514 01f2 15       		.byte	21
 515 01f3 15       		.byte	21
 516 01f4 15       		.byte	21
 517 01f5 15       		.byte	21
 518 01f6 0F       		.byte	15
 519 01f7 0F       		.byte	15
 520 01f8 04       		.byte	4
 521 01f9 00       		.byte	0
 522 01fa 00       		.byte	0
 523 01fb 00       		.byte	0
 524 01fc 00       		.byte	0
 525 01fd 00       		.byte	0
 526 01fe 00       		.byte	0
 527 01ff 00       		.byte	0
 528              		.global	rf_tx_ramps_1800
 529              		.align	2
 532              	rf_tx_ramps_1800:
 533 0200 1F       		.byte	31
 534 0201 04       		.byte	4
 535 0202 00       		.byte	0
 536 0203 00       		.byte	0
 537 0204 00       		.byte	0
 538 0205 00       		.byte	0
 539 0206 00       		.byte	0
 540 0207 00       		.byte	0
 541 0208 00       		.byte	0
 542 0209 00       		.byte	0
 543 020a 00       		.byte	0
 544 020b 1F       		.byte	31
 545 020c 1F       		.byte	31
 546 020d 1B       		.byte	27
 547 020e 04       		.byte	4
 548 020f 00       		.byte	0
 549 0210 1C       		.byte	28
 550 0211 1F       		.byte	31
 551 0212 12       		.byte	18
 552 0213 08       		.byte	8
 553 0214 08       		.byte	8
 554 0215 0D       		.byte	13
 555 0216 09       		.byte	9
 556 0217 0D       		.byte	13
 557 0218 00       		.byte	0
 558 0219 00       		.byte	0
 559 021a 00       		.byte	0
 560 021b 00       		.byte	0
 561 021c 00       		.byte	0
 562 021d 00       		.byte	0
 563 021e 00       		.byte	0
 564 021f 00       		.byte	0
 565 0220 1F       		.byte	31
 566 0221 0B       		.byte	11
 567 0222 00       		.byte	0
 568 0223 00       		.byte	0
 569 0224 00       		.byte	0
 570 0225 00       		.byte	0
 571 0226 00       		.byte	0
 572 0227 00       		.byte	0
 573 0228 00       		.byte	0
 574 0229 00       		.byte	0
 575 022a 00       		.byte	0
 576 022b 1F       		.byte	31
 577 022c 1F       		.byte	31
 578 022d 18       		.byte	24
 579 022e 00       		.byte	0
 580 022f 00       		.byte	0
 581 0230 0A       		.byte	10
 582 0231 1E       		.byte	30
 583 0232 1E       		.byte	30
 584 0233 14       		.byte	20
 585 0234 08       		.byte	8
 586 0235 1E       		.byte	30
 587 0236 00       		.byte	0
 588 0237 00       		.byte	0
 589 0238 00       		.byte	0
 590 0239 00       		.byte	0
 591 023a 00       		.byte	0
 592 023b 00       		.byte	0
 593 023c 00       		.byte	0
 594 023d 00       		.byte	0
 595 023e 00       		.byte	0
 596 023f 00       		.byte	0
 597 0240 1F       		.byte	31
 598 0241 13       		.byte	19
 599 0242 00       		.byte	0
 600 0243 00       		.byte	0
 601 0244 00       		.byte	0
 602 0245 00       		.byte	0
 603 0246 00       		.byte	0
 604 0247 00       		.byte	0
 605 0248 00       		.byte	0
 606 0249 00       		.byte	0
 607 024a 00       		.byte	0
 608 024b 1F       		.byte	31
 609 024c 1F       		.byte	31
 610 024d 10       		.byte	16
 611 024e 00       		.byte	0
 612 024f 00       		.byte	0
 613 0250 0A       		.byte	10
 614 0251 1E       		.byte	30
 615 0252 1F       		.byte	31
 616 0253 18       		.byte	24
 617 0254 1F       		.byte	31
 618 0255 02       		.byte	2
 619 0256 00       		.byte	0
 620 0257 00       		.byte	0
 621 0258 00       		.byte	0
 622 0259 00       		.byte	0
 623 025a 00       		.byte	0
 624 025b 00       		.byte	0
 625 025c 00       		.byte	0
 626 025d 00       		.byte	0
 627 025e 00       		.byte	0
 628 025f 00       		.byte	0
 629 0260 1F       		.byte	31
 630 0261 1B       		.byte	27
 631 0262 00       		.byte	0
 632 0263 00       		.byte	0
 633 0264 00       		.byte	0
 634 0265 00       		.byte	0
 635 0266 00       		.byte	0
 636 0267 00       		.byte	0
 637 0268 00       		.byte	0
 638 0269 00       		.byte	0
 639 026a 00       		.byte	0
 640 026b 1C       		.byte	28
 641 026c 17       		.byte	23
 642 026d 13       		.byte	19
 643 026e 00       		.byte	0
 644 026f 00       		.byte	0
 645 0270 1F       		.byte	31
 646 0271 0E       		.byte	14
 647 0272 1F       		.byte	31
 648 0273 05       		.byte	5
 649 0274 18       		.byte	24
 650 0275 0D       		.byte	13
 651 0276 0A       		.byte	10
 652 0277 00       		.byte	0
 653 0278 00       		.byte	0
 654 0279 00       		.byte	0
 655 027a 00       		.byte	0
 656 027b 00       		.byte	0
 657 027c 00       		.byte	0
 658 027d 00       		.byte	0
 659 027e 00       		.byte	0
 660 027f 00       		.byte	0
 661 0280 1F       		.byte	31
 662 0281 1F       		.byte	31
 663 0282 04       		.byte	4
 664 0283 00       		.byte	0
 665 0284 00       		.byte	0
 666 0285 00       		.byte	0
 667 0286 00       		.byte	0
 668 0287 00       		.byte	0
 669 0288 00       		.byte	0
 670 0289 00       		.byte	0
 671 028a 00       		.byte	0
 672 028b 0A       		.byte	10
 673 028c 15       		.byte	21
 674 028d 1F       		.byte	31
 675 028e 00       		.byte	0
 676 028f 00       		.byte	0
 677 0290 14       		.byte	20
 678 0291 16       		.byte	22
 679 0292 1F       		.byte	31
 680 0293 0A       		.byte	10
 681 0294 16       		.byte	22
 682 0295 0D       		.byte	13
 683 0296 0A       		.byte	10
 684 0297 00       		.byte	0
 685 0298 00       		.byte	0
 686 0299 00       		.byte	0
 687 029a 00       		.byte	0
 688 029b 00       		.byte	0
 689 029c 00       		.byte	0
 690 029d 00       		.byte	0
 691 029e 00       		.byte	0
 692 029f 00       		.byte	0
 693 02a0 1F       		.byte	31
 694 02a1 1F       		.byte	31
 695 02a2 0D       		.byte	13
 696 02a3 00       		.byte	0
 697 02a4 00       		.byte	0
 698 02a5 00       		.byte	0
 699 02a6 00       		.byte	0
 700 02a7 00       		.byte	0
 701 02a8 00       		.byte	0
 702 02a9 00       		.byte	0
 703 02aa 00       		.byte	0
 704 02ab 1F       		.byte	31
 705 02ac 16       		.byte	22
 706 02ad 00       		.byte	0
 707 02ae 00       		.byte	0
 708 02af 00       		.byte	0
 709 02b0 16       		.byte	22
 710 02b1 0E       		.byte	14
 711 02b2 1A       		.byte	26
 712 02b3 16       		.byte	22
 713 02b4 16       		.byte	22
 714 02b5 11       		.byte	17
 715 02b6 05       		.byte	5
 716 02b7 00       		.byte	0
 717 02b8 00       		.byte	0
 718 02b9 00       		.byte	0
 719 02ba 00       		.byte	0
 720 02bb 00       		.byte	0
 721 02bc 00       		.byte	0
 722 02bd 00       		.byte	0
 723 02be 00       		.byte	0
 724 02bf 00       		.byte	0
 725 02c0 1F       		.byte	31
 726 02c1 1F       		.byte	31
 727 02c2 15       		.byte	21
 728 02c3 00       		.byte	0
 729 02c4 00       		.byte	0
 730 02c5 00       		.byte	0
 731 02c6 00       		.byte	0
 732 02c7 00       		.byte	0
 733 02c8 00       		.byte	0
 734 02c9 00       		.byte	0
 735 02ca 00       		.byte	0
 736 02cb 18       		.byte	24
 737 02cc 15       		.byte	21
 738 02cd 00       		.byte	0
 739 02ce 00       		.byte	0
 740 02cf 00       		.byte	0
 741 02d0 0A       		.byte	10
 742 02d1 1F       		.byte	31
 743 02d2 1F       		.byte	31
 744 02d3 19       		.byte	25
 745 02d4 11       		.byte	17
 746 02d5 0E       		.byte	14
 747 02d6 00       		.byte	0
 748 02d7 00       		.byte	0
 749 02d8 00       		.byte	0
 750 02d9 00       		.byte	0
 751 02da 00       		.byte	0
 752 02db 00       		.byte	0
 753 02dc 00       		.byte	0
 754 02dd 00       		.byte	0
 755 02de 00       		.byte	0
 756 02df 00       		.byte	0
 757 02e0 1F       		.byte	31
 758 02e1 1F       		.byte	31
 759 02e2 1C       		.byte	28
 760 02e3 00       		.byte	0
 761 02e4 00       		.byte	0
 762 02e5 00       		.byte	0
 763 02e6 00       		.byte	0
 764 02e7 00       		.byte	0
 765 02e8 00       		.byte	0
 766 02e9 00       		.byte	0
 767 02ea 00       		.byte	0
 768 02eb 1C       		.byte	28
 769 02ec 0A       		.byte	10
 770 02ed 00       		.byte	0
 771 02ee 00       		.byte	0
 772 02ef 00       		.byte	0
 773 02f0 11       		.byte	17
 774 02f1 18       		.byte	24
 775 02f2 1C       		.byte	28
 776 02f3 15       		.byte	21
 777 02f4 18       		.byte	24
 778 02f5 0E       		.byte	14
 779 02f6 00       		.byte	0
 780 02f7 00       		.byte	0
 781 02f8 00       		.byte	0
 782 02f9 00       		.byte	0
 783 02fa 00       		.byte	0
 784 02fb 00       		.byte	0
 785 02fc 00       		.byte	0
 786 02fd 00       		.byte	0
 787 02fe 00       		.byte	0
 788 02ff 00       		.byte	0
 789 0300 1F       		.byte	31
 790 0301 1F       		.byte	31
 791 0302 1F       		.byte	31
 792 0303 04       		.byte	4
 793 0304 00       		.byte	0
 794 0305 00       		.byte	0
 795 0306 00       		.byte	0
 796 0307 00       		.byte	0
 797 0308 00       		.byte	0
 798 0309 00       		.byte	0
 799 030a 00       		.byte	0
 800 030b 1B       		.byte	27
 801 030c 04       		.byte	4
 802 030d 00       		.byte	0
 803 030e 00       		.byte	0
 804 030f 00       		.byte	0
 805 0310 09       		.byte	9
 806 0311 17       		.byte	23
 807 0312 1F       		.byte	31
 808 0313 18       		.byte	24
 809 0314 18       		.byte	24
 810 0315 0D       		.byte	13
 811 0316 04       		.byte	4
 812 0317 00       		.byte	0
 813 0318 00       		.byte	0
 814 0319 00       		.byte	0
 815 031a 00       		.byte	0
 816 031b 00       		.byte	0
 817 031c 00       		.byte	0
 818 031d 00       		.byte	0
 819 031e 00       		.byte	0
 820 031f 00       		.byte	0
 821 0320 1F       		.byte	31
 822 0321 1F       		.byte	31
 823 0322 1F       		.byte	31
 824 0323 0C       		.byte	12
 825 0324 00       		.byte	0
 826 0325 00       		.byte	0
 827 0326 00       		.byte	0
 828 0327 00       		.byte	0
 829 0328 00       		.byte	0
 830 0329 00       		.byte	0
 831 032a 00       		.byte	0
 832 032b 00       		.byte	0
 833 032c 0D       		.byte	13
 834 032d 0A       		.byte	10
 835 032e 00       		.byte	0
 836 032f 00       		.byte	0
 837 0330 09       		.byte	9
 838 0331 17       		.byte	23
 839 0332 1F       		.byte	31
 840 0333 18       		.byte	24
 841 0334 18       		.byte	24
 842 0335 0D       		.byte	13
 843 0336 04       		.byte	4
 844 0337 00       		.byte	0
 845 0338 00       		.byte	0
 846 0339 00       		.byte	0
 847 033a 00       		.byte	0
 848 033b 00       		.byte	0
 849 033c 00       		.byte	0
 850 033d 00       		.byte	0
 851 033e 00       		.byte	0
 852 033f 00       		.byte	0
 853 0340 1F       		.byte	31
 854 0341 1F       		.byte	31
 855 0342 1F       		.byte	31
 856 0343 11       		.byte	17
 857 0344 00       		.byte	0
 858 0345 00       		.byte	0
 859 0346 00       		.byte	0
 860 0347 00       		.byte	0
 861 0348 00       		.byte	0
 862 0349 00       		.byte	0
 863 034a 00       		.byte	0
 864 034b 00       		.byte	0
 865 034c 0C       		.byte	12
 866 034d 06       		.byte	6
 867 034e 00       		.byte	0
 868 034f 00       		.byte	0
 869 0350 0A       		.byte	10
 870 0351 0A       		.byte	10
 871 0352 1F       		.byte	31
 872 0353 1F       		.byte	31
 873 0354 18       		.byte	24
 874 0355 0D       		.byte	13
 875 0356 05       		.byte	5
 876 0357 04       		.byte	4
 877 0358 00       		.byte	0
 878 0359 00       		.byte	0
 879 035a 00       		.byte	0
 880 035b 00       		.byte	0
 881 035c 00       		.byte	0
 882 035d 00       		.byte	0
 883 035e 00       		.byte	0
 884 035f 00       		.byte	0
 885 0360 1F       		.byte	31
 886 0361 1F       		.byte	31
 887 0362 1F       		.byte	31
 888 0363 15       		.byte	21
 889 0364 00       		.byte	0
 890 0365 00       		.byte	0
 891 0366 00       		.byte	0
 892 0367 00       		.byte	0
 893 0368 00       		.byte	0
 894 0369 00       		.byte	0
 895 036a 00       		.byte	0
 896 036b 00       		.byte	0
 897 036c 0E       		.byte	14
 898 036d 00       		.byte	0
 899 036e 00       		.byte	0
 900 036f 00       		.byte	0
 901 0370 04       		.byte	4
 902 0371 0E       		.byte	14
 903 0372 1F       		.byte	31
 904 0373 1F       		.byte	31
 905 0374 1A       		.byte	26
 906 0375 0D       		.byte	13
 907 0376 05       		.byte	5
 908 0377 04       		.byte	4
 909 0378 00       		.byte	0
 910 0379 00       		.byte	0
 911 037a 00       		.byte	0
 912 037b 00       		.byte	0
 913 037c 00       		.byte	0
 914 037d 00       		.byte	0
 915 037e 00       		.byte	0
 916 037f 00       		.byte	0
 917 0380 1F       		.byte	31
 918 0381 1F       		.byte	31
 919 0382 1F       		.byte	31
 920 0383 1B       		.byte	27
 921 0384 00       		.byte	0
 922 0385 00       		.byte	0
 923 0386 00       		.byte	0
 924 0387 00       		.byte	0
 925 0388 00       		.byte	0
 926 0389 00       		.byte	0
 927 038a 00       		.byte	0
 928 038b 00       		.byte	0
 929 038c 08       		.byte	8
 930 038d 00       		.byte	0
 931 038e 00       		.byte	0
 932 038f 00       		.byte	0
 933 0390 02       		.byte	2
 934 0391 0E       		.byte	14
 935 0392 1F       		.byte	31
 936 0393 1F       		.byte	31
 937 0394 1C       		.byte	28
 938 0395 0D       		.byte	13
 939 0396 05       		.byte	5
 940 0397 04       		.byte	4
 941 0398 00       		.byte	0
 942 0399 00       		.byte	0
 943 039a 00       		.byte	0
 944 039b 00       		.byte	0
 945 039c 00       		.byte	0
 946 039d 00       		.byte	0
 947 039e 00       		.byte	0
 948 039f 00       		.byte	0
 949 03a0 1F       		.byte	31
 950 03a1 1F       		.byte	31
 951 03a2 1F       		.byte	31
 952 03a3 1D       		.byte	29
 953 03a4 00       		.byte	0
 954 03a5 00       		.byte	0
 955 03a6 00       		.byte	0
 956 03a7 00       		.byte	0
 957 03a8 00       		.byte	0
 958 03a9 00       		.byte	0
 959 03aa 00       		.byte	0
 960 03ab 00       		.byte	0
 961 03ac 06       		.byte	6
 962 03ad 00       		.byte	0
 963 03ae 00       		.byte	0
 964 03af 00       		.byte	0
 965 03b0 00       		.byte	0
 966 03b1 06       		.byte	6
 967 03b2 0E       		.byte	14
 968 03b3 1F       		.byte	31
 969 03b4 1F       		.byte	31
 970 03b5 18       		.byte	24
 971 03b6 0D       		.byte	13
 972 03b7 05       		.byte	5
 973 03b8 04       		.byte	4
 974 03b9 00       		.byte	0
 975 03ba 00       		.byte	0
 976 03bb 00       		.byte	0
 977 03bc 00       		.byte	0
 978 03bd 00       		.byte	0
 979 03be 00       		.byte	0
 980 03bf 00       		.byte	0
 981 03c0 1F       		.byte	31
 982 03c1 1F       		.byte	31
 983 03c2 1F       		.byte	31
 984 03c3 1F       		.byte	31
 985 03c4 01       		.byte	1
 986 03c5 00       		.byte	0
 987 03c6 00       		.byte	0
 988 03c7 00       		.byte	0
 989 03c8 00       		.byte	0
 990 03c9 00       		.byte	0
 991 03ca 00       		.byte	0
 992 03cb 00       		.byte	0
 993 03cc 03       		.byte	3
 994 03cd 00       		.byte	0
 995 03ce 00       		.byte	0
 996 03cf 00       		.byte	0
 997 03d0 02       		.byte	2
 998 03d1 04       		.byte	4
 999 03d2 04       		.byte	4
 1000 03d3 12       		.byte	18
 1001 03d4 1F       		.byte	31
 1002 03d5 1F       		.byte	31
 1003 03d6 18       		.byte	24
 1004 03d7 05       		.byte	5
 1005 03d8 05       		.byte	5
 1006 03d9 04       		.byte	4
 1007 03da 00       		.byte	0
 1008 03db 00       		.byte	0
 1009 03dc 00       		.byte	0
 1010 03dd 00       		.byte	0
 1011 03de 00       		.byte	0
 1012 03df 00       		.byte	0
 1013 03e0 1F       		.byte	31
 1014 03e1 1F       		.byte	31
 1015 03e2 1F       		.byte	31
 1016 03e3 1F       		.byte	31
 1017 03e4 00       		.byte	0
 1018 03e5 04       		.byte	4
 1019 03e6 00       		.byte	0
 1020 03e7 00       		.byte	0
 1021 03e8 00       		.byte	0
 1022 03e9 00       		.byte	0
 1023 03ea 00       		.byte	0
 1024 03eb 00       		.byte	0
 1025 03ec 00       		.byte	0
 1026 03ed 00       		.byte	0
 1027 03ee 00       		.byte	0
 1028 03ef 00       		.byte	0
 1029 03f0 03       		.byte	3
 1030 03f1 02       		.byte	2
 1031 03f2 02       		.byte	2
 1032 03f3 16       		.byte	22
 1033 03f4 16       		.byte	22
 1034 03f5 15       		.byte	21
 1035 03f6 15       		.byte	21
 1036 03f7 15       		.byte	21
 1037 03f8 09       		.byte	9
 1038 03f9 05       		.byte	5
 1039 03fa 00       		.byte	0
 1040 03fb 00       		.byte	0
 1041 03fc 00       		.byte	0
 1042 03fd 00       		.byte	0
 1043 03fe 00       		.byte	0
 1044 03ff 00       		.byte	0
 1045              		.global	rf_tx_ramps_900
 1046              		.align	2
 1049              	rf_tx_ramps_900:
 1050 0400 1E       		.byte	30
 1051 0401 00       		.byte	0
 1052 0402 00       		.byte	0
 1053 0403 00       		.byte	0
 1054 0404 00       		.byte	0
 1055 0405 00       		.byte	0
 1056 0406 00       		.byte	0
 1057 0407 00       		.byte	0
 1058 0408 00       		.byte	0
 1059 0409 00       		.byte	0
 1060 040a 00       		.byte	0
 1061 040b 1F       		.byte	31
 1062 040c 1F       		.byte	31
 1063 040d 1F       		.byte	31
 1064 040e 05       		.byte	5
 1065 040f 00       		.byte	0
 1066 0410 1F       		.byte	31
 1067 0411 1F       		.byte	31
 1068 0412 1C       		.byte	28
 1069 0413 0F       		.byte	15
 1070 0414 02       		.byte	2
 1071 0415 00       		.byte	0
 1072 0416 13       		.byte	19
 1073 0417 02       		.byte	2
 1074 0418 00       		.byte	0
 1075 0419 00       		.byte	0
 1076 041a 00       		.byte	0
 1077 041b 00       		.byte	0
 1078 041c 00       		.byte	0
 1079 041d 00       		.byte	0
 1080 041e 00       		.byte	0
 1081 041f 00       		.byte	0
 1082 0420 1F       		.byte	31
 1083 0421 04       		.byte	4
 1084 0422 00       		.byte	0
 1085 0423 00       		.byte	0
 1086 0424 00       		.byte	0
 1087 0425 00       		.byte	0
 1088 0426 00       		.byte	0
 1089 0427 00       		.byte	0
 1090 0428 00       		.byte	0
 1091 0429 00       		.byte	0
 1092 042a 00       		.byte	0
 1093 042b 1E       		.byte	30
 1094 042c 1A       		.byte	26
 1095 042d 1D       		.byte	29
 1096 042e 08       		.byte	8
 1097 042f 00       		.byte	0
 1098 0430 1F       		.byte	31
 1099 0431 1F       		.byte	31
 1100 0432 1D       		.byte	29
 1101 0433 0E       		.byte	14
 1102 0434 02       		.byte	2
 1103 0435 01       		.byte	1
 1104 0436 0F       		.byte	15
 1105 0437 02       		.byte	2
 1106 0438 03       		.byte	3
 1107 0439 00       		.byte	0
 1108 043a 00       		.byte	0
 1109 043b 00       		.byte	0
 1110 043c 00       		.byte	0
 1111 043d 00       		.byte	0
 1112 043e 00       		.byte	0
 1113 043f 00       		.byte	0
 1114 0440 1F       		.byte	31
 1115 0441 0E       		.byte	14
 1116 0442 00       		.byte	0
 1117 0443 00       		.byte	0
 1118 0444 00       		.byte	0
 1119 0445 00       		.byte	0
 1120 0446 00       		.byte	0
 1121 0447 00       		.byte	0
 1122 0448 00       		.byte	0
 1123 0449 00       		.byte	0
 1124 044a 00       		.byte	0
 1125 044b 1F       		.byte	31
 1126 044c 1B       		.byte	27
 1127 044d 18       		.byte	24
 1128 044e 01       		.byte	1
 1129 044f 00       		.byte	0
 1130 0450 1E       		.byte	30
 1131 0451 1F       		.byte	31
 1132 0452 19       		.byte	25
 1133 0453 0E       		.byte	14
 1134 0454 02       		.byte	2
 1135 0455 02       		.byte	2
 1136 0456 0F       		.byte	15
 1137 0457 07       		.byte	7
 1138 0458 02       		.byte	2
 1139 0459 00       		.byte	0
 1140 045a 00       		.byte	0
 1141 045b 00       		.byte	0
 1142 045c 00       		.byte	0
 1143 045d 00       		.byte	0
 1144 045e 00       		.byte	0
 1145 045f 00       		.byte	0
 1146 0460 1F       		.byte	31
 1147 0461 16       		.byte	22
 1148 0462 00       		.byte	0
 1149 0463 00       		.byte	0
 1150 0464 00       		.byte	0
 1151 0465 00       		.byte	0
 1152 0466 00       		.byte	0
 1153 0467 00       		.byte	0
 1154 0468 00       		.byte	0
 1155 0469 00       		.byte	0
 1156 046a 00       		.byte	0
 1157 046b 1F       		.byte	31
 1158 046c 0E       		.byte	14
 1159 046d 1D       		.byte	29
 1160 046e 01       		.byte	1
 1161 046f 00       		.byte	0
 1162 0470 1F       		.byte	31
 1163 0471 1D       		.byte	29
 1164 0472 1F       		.byte	31
 1165 0473 0D       		.byte	13
 1166 0474 02       		.byte	2
 1167 0475 02       		.byte	2
 1168 0476 0F       		.byte	15
 1169 0477 02       		.byte	2
 1170 0478 03       		.byte	3
 1171 0479 00       		.byte	0
 1172 047a 00       		.byte	0
 1173 047b 00       		.byte	0
 1174 047c 00       		.byte	0
 1175 047d 00       		.byte	0
 1176 047e 00       		.byte	0
 1177 047f 00       		.byte	0
 1178 0480 1F       		.byte	31
 1179 0481 1E       		.byte	30
 1180 0482 00       		.byte	0
 1181 0483 00       		.byte	0
 1182 0484 00       		.byte	0
 1183 0485 00       		.byte	0
 1184 0486 00       		.byte	0
 1185 0487 00       		.byte	0
 1186 0488 00       		.byte	0
 1187 0489 00       		.byte	0
 1188 048a 00       		.byte	0
 1189 048b 1F       		.byte	31
 1190 048c 11       		.byte	17
 1191 048d 13       		.byte	19
 1192 048e 00       		.byte	0
 1193 048f 00       		.byte	0
 1194 0490 1F       		.byte	31
 1195 0491 1E       		.byte	30
 1196 0492 1E       		.byte	30
 1197 0493 0F       		.byte	15
 1198 0494 01       		.byte	1
 1199 0495 02       		.byte	2
 1200 0496 11       		.byte	17
 1201 0497 02       		.byte	2
 1202 0498 00       		.byte	0
 1203 0499 00       		.byte	0
 1204 049a 00       		.byte	0
 1205 049b 00       		.byte	0
 1206 049c 00       		.byte	0
 1207 049d 00       		.byte	0
 1208 049e 00       		.byte	0
 1209 049f 00       		.byte	0
 1210 04a0 1F       		.byte	31
 1211 04a1 1F       		.byte	31
 1212 04a2 07       		.byte	7
 1213 04a3 00       		.byte	0
 1214 04a4 00       		.byte	0
 1215 04a5 00       		.byte	0
 1216 04a6 00       		.byte	0
 1217 04a7 00       		.byte	0
 1218 04a8 00       		.byte	0
 1219 04a9 00       		.byte	0
 1220 04aa 00       		.byte	0
 1221 04ab 1F       		.byte	31
 1222 04ac 13       		.byte	19
 1223 04ad 07       		.byte	7
 1224 04ae 02       		.byte	2
 1225 04af 00       		.byte	0
 1226 04b0 1D       		.byte	29
 1227 04b1 1F       		.byte	31
 1228 04b2 1D       		.byte	29
 1229 04b3 10       		.byte	16
 1230 04b4 04       		.byte	4
 1231 04b5 00       		.byte	0
 1232 04b6 0E       		.byte	14
 1233 04b7 02       		.byte	2
 1234 04b8 01       		.byte	1
 1235 04b9 02       		.byte	2
 1236 04ba 00       		.byte	0
 1237 04bb 00       		.byte	0
 1238 04bc 00       		.byte	0
 1239 04bd 00       		.byte	0
 1240 04be 00       		.byte	0
 1241 04bf 00       		.byte	0
 1242 04c0 1F       		.byte	31
 1243 04c1 1F       		.byte	31
 1244 04c2 10       		.byte	16
 1245 04c3 00       		.byte	0
 1246 04c4 00       		.byte	0
 1247 04c5 00       		.byte	0
 1248 04c6 00       		.byte	0
 1249 04c7 00       		.byte	0
 1250 04c8 00       		.byte	0
 1251 04c9 00       		.byte	0
 1252 04ca 00       		.byte	0
 1253 04cb 1E       		.byte	30
 1254 04cc 00       		.byte	0
 1255 04cd 14       		.byte	20
 1256 04ce 00       		.byte	0
 1257 04cf 00       		.byte	0
 1258 04d0 13       		.byte	19
 1259 04d1 1A       		.byte	26
 1260 04d2 1A       		.byte	26
 1261 04d3 1C       		.byte	28
 1262 04d4 0A       		.byte	10
 1263 04d5 00       		.byte	0
 1264 04d6 13       		.byte	19
 1265 04d7 00       		.byte	0
 1266 04d8 00       		.byte	0
 1267 04d9 00       		.byte	0
 1268 04da 00       		.byte	0
 1269 04db 00       		.byte	0
 1270 04dc 00       		.byte	0
 1271 04dd 00       		.byte	0
 1272 04de 00       		.byte	0
 1273 04df 00       		.byte	0
 1274 04e0 1F       		.byte	31
 1275 04e1 1F       		.byte	31
 1276 04e2 19       		.byte	25
 1277 04e3 00       		.byte	0
 1278 04e4 00       		.byte	0
 1279 04e5 00       		.byte	0
 1280 04e6 00       		.byte	0
 1281 04e7 00       		.byte	0
 1282 04e8 00       		.byte	0
 1283 04e9 00       		.byte	0
 1284 04ea 00       		.byte	0
 1285 04eb 1F       		.byte	31
 1286 04ec 00       		.byte	0
 1287 04ed 08       		.byte	8
 1288 04ee 02       		.byte	2
 1289 04ef 00       		.byte	0
 1290 04f0 13       		.byte	19
 1291 04f1 1C       		.byte	28
 1292 04f2 1F       		.byte	31
 1293 04f3 18       		.byte	24
 1294 04f4 04       		.byte	4
 1295 04f5 00       		.byte	0
 1296 04f6 13       		.byte	19
 1297 04f7 03       		.byte	3
 1298 04f8 00       		.byte	0
 1299 04f9 00       		.byte	0
 1300 04fa 00       		.byte	0
 1301 04fb 00       		.byte	0
 1302 04fc 00       		.byte	0
 1303 04fd 00       		.byte	0
 1304 04fe 00       		.byte	0
 1305 04ff 00       		.byte	0
 1306 0500 1F       		.byte	31
 1307 0501 1F       		.byte	31
 1308 0502 1F       		.byte	31
 1309 0503 02       		.byte	2
 1310 0504 00       		.byte	0
 1311 0505 00       		.byte	0
 1312 0506 00       		.byte	0
 1313 0507 00       		.byte	0
 1314 0508 00       		.byte	0
 1315 0509 00       		.byte	0
 1316 050a 00       		.byte	0
 1317 050b 1F       		.byte	31
 1318 050c 02       		.byte	2
 1319 050d 00       		.byte	0
 1320 050e 00       		.byte	0
 1321 050f 00       		.byte	0
 1322 0510 13       		.byte	19
 1323 0511 1C       		.byte	28
 1324 0512 1F       		.byte	31
 1325 0513 18       		.byte	24
 1326 0514 04       		.byte	4
 1327 0515 00       		.byte	0
 1328 0516 11       		.byte	17
 1329 0517 05       		.byte	5
 1330 0518 00       		.byte	0
 1331 0519 00       		.byte	0
 1332 051a 00       		.byte	0
 1333 051b 00       		.byte	0
 1334 051c 00       		.byte	0
 1335 051d 00       		.byte	0
 1336 051e 00       		.byte	0
 1337 051f 00       		.byte	0
 1338 0520 1F       		.byte	31
 1339 0521 1F       		.byte	31
 1340 0522 1F       		.byte	31
 1341 0523 09       		.byte	9
 1342 0524 00       		.byte	0
 1343 0525 00       		.byte	0
 1344 0526 00       		.byte	0
 1345 0527 00       		.byte	0
 1346 0528 00       		.byte	0
 1347 0529 00       		.byte	0
 1348 052a 00       		.byte	0
 1349 052b 1A       		.byte	26
 1350 052c 00       		.byte	0
 1351 052d 00       		.byte	0
 1352 052e 00       		.byte	0
 1353 052f 00       		.byte	0
 1354 0530 12       		.byte	18
 1355 0531 19       		.byte	25
 1356 0532 1C       		.byte	28
 1357 0533 1F       		.byte	31
 1358 0534 02       		.byte	2
 1359 0535 02       		.byte	2
 1360 0536 13       		.byte	19
 1361 0537 03       		.byte	3
 1362 0538 00       		.byte	0
 1363 0539 00       		.byte	0
 1364 053a 00       		.byte	0
 1365 053b 00       		.byte	0
 1366 053c 00       		.byte	0
 1367 053d 00       		.byte	0
 1368 053e 00       		.byte	0
 1369 053f 00       		.byte	0
 1370 0540 1F       		.byte	31
 1371 0541 1F       		.byte	31
 1372 0542 1F       		.byte	31
 1373 0543 10       		.byte	16
 1374 0544 00       		.byte	0
 1375 0545 00       		.byte	0
 1376 0546 00       		.byte	0
 1377 0547 00       		.byte	0
 1378 0548 00       		.byte	0
 1379 0549 00       		.byte	0
 1380 054a 00       		.byte	0
 1381 054b 00       		.byte	0
 1382 054c 13       		.byte	19
 1383 054d 00       		.byte	0
 1384 054e 00       		.byte	0
 1385 054f 00       		.byte	0
 1386 0550 0E       		.byte	14
 1387 0551 15       		.byte	21
 1388 0552 18       		.byte	24
 1389 0553 1D       		.byte	29
 1390 0554 06       		.byte	6
 1391 0555 02       		.byte	2
 1392 0556 17       		.byte	23
 1393 0557 05       		.byte	5
 1394 0558 04       		.byte	4
 1395 0559 00       		.byte	0
 1396 055a 00       		.byte	0
 1397 055b 00       		.byte	0
 1398 055c 00       		.byte	0
 1399 055d 00       		.byte	0
 1400 055e 00       		.byte	0
 1401 055f 00       		.byte	0
 1402 0560 1F       		.byte	31
 1403 0561 1F       		.byte	31
 1404 0562 1F       		.byte	31
 1405 0563 16       		.byte	22
 1406 0564 00       		.byte	0
 1407 0565 00       		.byte	0
 1408 0566 00       		.byte	0
 1409 0567 00       		.byte	0
 1410 0568 00       		.byte	0
 1411 0569 00       		.byte	0
 1412 056a 00       		.byte	0
 1413 056b 00       		.byte	0
 1414 056c 0C       		.byte	12
 1415 056d 00       		.byte	0
 1416 056e 01       		.byte	1
 1417 056f 00       		.byte	0
 1418 0570 08       		.byte	8
 1419 0571 1A       		.byte	26
 1420 0572 1A       		.byte	26
 1421 0573 1C       		.byte	28
 1422 0574 0C       		.byte	12
 1423 0575 0C       		.byte	12
 1424 0576 05       		.byte	5
 1425 0577 05       		.byte	5
 1426 0578 00       		.byte	0
 1427 0579 06       		.byte	6
 1428 057a 00       		.byte	0
 1429 057b 00       		.byte	0
 1430 057c 00       		.byte	0
 1431 057d 00       		.byte	0
 1432 057e 00       		.byte	0
 1433 057f 00       		.byte	0
 1434 0580 1F       		.byte	31
 1435 0581 1F       		.byte	31
 1436 0582 1F       		.byte	31
 1437 0583 1B       		.byte	27
 1438 0584 00       		.byte	0
 1439 0585 00       		.byte	0
 1440 0586 00       		.byte	0
 1441 0587 00       		.byte	0
 1442 0588 00       		.byte	0
 1443 0589 00       		.byte	0
 1444 058a 00       		.byte	0
 1445 058b 00       		.byte	0
 1446 058c 08       		.byte	8
 1447 058d 00       		.byte	0
 1448 058e 00       		.byte	0
 1449 058f 00       		.byte	0
 1450 0590 08       		.byte	8
 1451 0591 0E       		.byte	14
 1452 0592 1B       		.byte	27
 1453 0593 1E       		.byte	30
 1454 0594 14       		.byte	20
 1455 0595 13       		.byte	19
 1456 0596 0A       		.byte	10
 1457 0597 00       		.byte	0
 1458 0598 00       		.byte	0
 1459 0599 00       		.byte	0
 1460 059a 00       		.byte	0
 1461 059b 00       		.byte	0
 1462 059c 00       		.byte	0
 1463 059d 00       		.byte	0
 1464 059e 00       		.byte	0
 1465 059f 00       		.byte	0
 1466 05a0 1F       		.byte	31
 1467 05a1 1F       		.byte	31
 1468 05a2 1F       		.byte	31
 1469 05a3 1F       		.byte	31
 1470 05a4 00       		.byte	0
 1471 05a5 00       		.byte	0
 1472 05a6 00       		.byte	0
 1473 05a7 00       		.byte	0
 1474 05a8 00       		.byte	0
 1475 05a9 00       		.byte	0
 1476 05aa 00       		.byte	0
 1477 05ab 00       		.byte	0
 1478 05ac 03       		.byte	3
 1479 05ad 00       		.byte	0
 1480 05ae 01       		.byte	1
 1481 05af 00       		.byte	0
 1482 05b0 09       		.byte	9
 1483 05b1 0A       		.byte	10
 1484 05b2 0F       		.byte	15
 1485 05b3 1A       		.byte	26
 1486 05b4 19       		.byte	25
 1487 05b5 0A       		.byte	10
 1488 05b6 11       		.byte	17
 1489 05b7 0D       		.byte	13
 1490 05b8 03       		.byte	3
 1491 05b9 00       		.byte	0
 1492 05ba 00       		.byte	0
 1493 05bb 00       		.byte	0
 1494 05bc 00       		.byte	0
 1495 05bd 00       		.byte	0
 1496 05be 00       		.byte	0
 1497 05bf 00       		.byte	0
 1498 05c0 1F       		.byte	31
 1499 05c1 1F       		.byte	31
 1500 05c2 1E       		.byte	30
 1501 05c3 1E       		.byte	30
 1502 05c4 01       		.byte	1
 1503 05c5 05       		.byte	5
 1504 05c6 00       		.byte	0
 1505 05c7 00       		.byte	0
 1506 05c8 00       		.byte	0
 1507 05c9 00       		.byte	0
 1508 05ca 00       		.byte	0
 1509 05cb 00       		.byte	0
 1510 05cc 00       		.byte	0
 1511 05cd 00       		.byte	0
 1512 05ce 00       		.byte	0
 1513 05cf 00       		.byte	0
 1514 05d0 00       		.byte	0
 1515 05d1 04       		.byte	4
 1516 05d2 0F       		.byte	15
 1517 05d3 15       		.byte	21
 1518 05d4 15       		.byte	21
 1519 05d5 15       		.byte	21
 1520 05d6 15       		.byte	21
 1521 05d7 0F       		.byte	15
 1522 05d8 0A       		.byte	10
 1523 05d9 00       		.byte	0
 1524 05da 00       		.byte	0
 1525 05db 00       		.byte	0
 1526 05dc 00       		.byte	0
 1527 05dd 00       		.byte	0
 1528 05de 00       		.byte	0
 1529 05df 00       		.byte	0
 1530 05e0 1F       		.byte	31
 1531 05e1 1F       		.byte	31
 1532 05e2 1E       		.byte	30
 1533 05e3 1E       		.byte	30
 1534 05e4 01       		.byte	1
 1535 05e5 05       		.byte	5
 1536 05e6 00       		.byte	0
 1537 05e7 00       		.byte	0
 1538 05e8 00       		.byte	0
 1539 05e9 00       		.byte	0
 1540 05ea 00       		.byte	0
 1541 05eb 00       		.byte	0
 1542 05ec 00       		.byte	0
 1543 05ed 00       		.byte	0
 1544 05ee 00       		.byte	0
 1545 05ef 00       		.byte	0
 1546 05f0 00       		.byte	0
 1547 05f1 04       		.byte	4
 1548 05f2 0F       		.byte	15
 1549 05f3 15       		.byte	21
 1550 05f4 15       		.byte	21
 1551 05f5 15       		.byte	21
 1552 05f6 15       		.byte	21
 1553 05f7 0F       		.byte	15
 1554 05f8 0A       		.byte	10
 1555 05f9 00       		.byte	0
 1556 05fa 00       		.byte	0
 1557 05fb 00       		.byte	0
 1558 05fc 00       		.byte	0
 1559 05fd 00       		.byte	0
 1560 05fe 00       		.byte	0
 1561 05ff 00       		.byte	0
 1562              		.global	rf_tx_ramps_850
 1563              		.align	2
 1566              	rf_tx_ramps_850:
 1567 0600 1C       		.byte	28
 1568 0601 00       		.byte	0
 1569 0602 00       		.byte	0
 1570 0603 00       		.byte	0
 1571 0604 00       		.byte	0
 1572 0605 00       		.byte	0
 1573 0606 00       		.byte	0
 1574 0607 00       		.byte	0
 1575 0608 00       		.byte	0
 1576 0609 00       		.byte	0
 1577 060a 04       		.byte	4
 1578 060b 1F       		.byte	31
 1579 060c 1F       		.byte	31
 1580 060d 1F       		.byte	31
 1581 060e 03       		.byte	3
 1582 060f 00       		.byte	0
 1583 0610 1F       		.byte	31
 1584 0611 1F       		.byte	31
 1585 0612 12       		.byte	18
 1586 0613 16       		.byte	22
 1587 0614 06       		.byte	6
 1588 0615 0A       		.byte	10
 1589 0616 02       		.byte	2
 1590 0617 01       		.byte	1
 1591 0618 01       		.byte	1
 1592 0619 03       		.byte	3
 1593 061a 03       		.byte	3
 1594 061b 00       		.byte	0
 1595 061c 00       		.byte	0
 1596 061d 00       		.byte	0
 1597 061e 00       		.byte	0
 1598 061f 00       		.byte	0
 1599 0620 1F       		.byte	31
 1600 0621 01       		.byte	1
 1601 0622 00       		.byte	0
 1602 0623 00       		.byte	0
 1603 0624 00       		.byte	0
 1604 0625 00       		.byte	0
 1605 0626 00       		.byte	0
 1606 0627 00       		.byte	0
 1607 0628 00       		.byte	0
 1608 0629 00       		.byte	0
 1609 062a 03       		.byte	3
 1610 062b 1F       		.byte	31
 1611 062c 1F       		.byte	31
 1612 062d 1F       		.byte	31
 1613 062e 00       		.byte	0
 1614 062f 00       		.byte	0
 1615 0630 1F       		.byte	31
 1616 0631 1F       		.byte	31
 1617 0632 1F       		.byte	31
 1618 0633 06       		.byte	6
 1619 0634 08       		.byte	8
 1620 0635 08       		.byte	8
 1621 0636 09       		.byte	9
 1622 0637 04       		.byte	4
 1623 0638 00       		.byte	0
 1624 0639 00       		.byte	0
 1625 063a 00       		.byte	0
 1626 063b 00       		.byte	0
 1627 063c 00       		.byte	0
 1628 063d 00       		.byte	0
 1629 063e 00       		.byte	0
 1630 063f 00       		.byte	0
 1631 0640 1F       		.byte	31
 1632 0641 06       		.byte	6
 1633 0642 00       		.byte	0
 1634 0643 00       		.byte	0
 1635 0644 00       		.byte	0
 1636 0645 00       		.byte	0
 1637 0646 00       		.byte	0
 1638 0647 00       		.byte	0
 1639 0648 00       		.byte	0
 1640 0649 00       		.byte	0
 1641 064a 00       		.byte	0
 1642 064b 1F       		.byte	31
 1643 064c 1F       		.byte	31
 1644 064d 1D       		.byte	29
 1645 064e 00       		.byte	0
 1646 064f 00       		.byte	0
 1647 0650 1F       		.byte	31
 1648 0651 19       		.byte	25
 1649 0652 15       		.byte	21
 1650 0653 14       		.byte	20
 1651 0654 0D       		.byte	13
 1652 0655 0E       		.byte	14
 1653 0656 04       		.byte	4
 1654 0657 00       		.byte	0
 1655 0658 00       		.byte	0
 1656 0659 00       		.byte	0
 1657 065a 00       		.byte	0
 1658 065b 00       		.byte	0
 1659 065c 00       		.byte	0
 1660 065d 00       		.byte	0
 1661 065e 00       		.byte	0
 1662 065f 00       		.byte	0
 1663 0660 1F       		.byte	31
 1664 0661 0D       		.byte	13
 1665 0662 00       		.byte	0
 1666 0663 00       		.byte	0
 1667 0664 00       		.byte	0
 1668 0665 00       		.byte	0
 1669 0666 00       		.byte	0
 1670 0667 00       		.byte	0
 1671 0668 00       		.byte	0
 1672 0669 00       		.byte	0
 1673 066a 00       		.byte	0
 1674 066b 1F       		.byte	31
 1675 066c 1F       		.byte	31
 1676 066d 16       		.byte	22
 1677 066e 00       		.byte	0
 1678 066f 00       		.byte	0
 1679 0670 1B       		.byte	27
 1680 0671 1C       		.byte	28
 1681 0672 17       		.byte	23
 1682 0673 13       		.byte	19
 1683 0674 0D       		.byte	13
 1684 0675 0E       		.byte	14
 1685 0676 04       		.byte	4
 1686 0677 00       		.byte	0
 1687 0678 00       		.byte	0
 1688 0679 00       		.byte	0
 1689 067a 00       		.byte	0
 1690 067b 00       		.byte	0
 1691 067c 00       		.byte	0
 1692 067d 00       		.byte	0
 1693 067e 00       		.byte	0
 1694 067f 00       		.byte	0
 1695 0680 1F       		.byte	31
 1696 0681 15       		.byte	21
 1697 0682 00       		.byte	0
 1698 0683 00       		.byte	0
 1699 0684 00       		.byte	0
 1700 0685 00       		.byte	0
 1701 0686 00       		.byte	0
 1702 0687 00       		.byte	0
 1703 0688 00       		.byte	0
 1704 0689 00       		.byte	0
 1705 068a 00       		.byte	0
 1706 068b 1F       		.byte	31
 1707 068c 1F       		.byte	31
 1708 068d 0E       		.byte	14
 1709 068e 00       		.byte	0
 1710 068f 00       		.byte	0
 1711 0690 1F       		.byte	31
 1712 0691 15       		.byte	21
 1713 0692 1F       		.byte	31
 1714 0693 02       		.byte	2
 1715 0694 1F       		.byte	31
 1716 0695 04       		.byte	4
 1717 0696 08       		.byte	8
 1718 0697 00       		.byte	0
 1719 0698 00       		.byte	0
 1720 0699 00       		.byte	0
 1721 069a 00       		.byte	0
 1722 069b 00       		.byte	0
 1723 069c 00       		.byte	0
 1724 069d 00       		.byte	0
 1725 069e 00       		.byte	0
 1726 069f 00       		.byte	0
 1727 06a0 1F       		.byte	31
 1728 06a1 1E       		.byte	30
 1729 06a2 00       		.byte	0
 1730 06a3 00       		.byte	0
 1731 06a4 00       		.byte	0
 1732 06a5 00       		.byte	0
 1733 06a6 00       		.byte	0
 1734 06a7 00       		.byte	0
 1735 06a8 00       		.byte	0
 1736 06a9 00       		.byte	0
 1737 06aa 00       		.byte	0
 1738 06ab 1F       		.byte	31
 1739 06ac 1F       		.byte	31
 1740 06ad 05       		.byte	5
 1741 06ae 00       		.byte	0
 1742 06af 00       		.byte	0
 1743 06b0 15       		.byte	21
 1744 06b1 1F       		.byte	31
 1745 06b2 1F       		.byte	31
 1746 06b3 02       		.byte	2
 1747 06b4 1F       		.byte	31
 1748 06b5 04       		.byte	4
 1749 06b6 08       		.byte	8
 1750 06b7 00       		.byte	0
 1751 06b8 00       		.byte	0
 1752 06b9 00       		.byte	0
 1753 06ba 00       		.byte	0
 1754 06bb 00       		.byte	0
 1755 06bc 00       		.byte	0
 1756 06bd 00       		.byte	0
 1757 06be 00       		.byte	0
 1758 06bf 00       		.byte	0
 1759 06c0 1F       		.byte	31
 1760 06c1 1F       		.byte	31
 1761 06c2 07       		.byte	7
 1762 06c3 00       		.byte	0
 1763 06c4 00       		.byte	0
 1764 06c5 00       		.byte	0
 1765 06c6 00       		.byte	0
 1766 06c7 00       		.byte	0
 1767 06c8 00       		.byte	0
 1768 06c9 00       		.byte	0
 1769 06ca 00       		.byte	0
 1770 06cb 1F       		.byte	31
 1771 06cc 1C       		.byte	28
 1772 06cd 00       		.byte	0
 1773 06ce 00       		.byte	0
 1774 06cf 00       		.byte	0
 1775 06d0 1F       		.byte	31
 1776 06d1 1F       		.byte	31
 1777 06d2 1C       		.byte	28
 1778 06d3 0E       		.byte	14
 1779 06d4 03       		.byte	3
 1780 06d5 15       		.byte	21
 1781 06d6 00       		.byte	0
 1782 06d7 00       		.byte	0
 1783 06d8 00       		.byte	0
 1784 06d9 00       		.byte	0
 1785 06da 00       		.byte	0
 1786 06db 00       		.byte	0
 1787 06dc 00       		.byte	0
 1788 06dd 00       		.byte	0
 1789 06de 00       		.byte	0
 1790 06df 00       		.byte	0
 1791 06e0 1F       		.byte	31
 1792 06e1 1F       		.byte	31
 1793 06e2 10       		.byte	16
 1794 06e3 00       		.byte	0
 1795 06e4 00       		.byte	0
 1796 06e5 00       		.byte	0
 1797 06e6 00       		.byte	0
 1798 06e7 00       		.byte	0
 1799 06e8 00       		.byte	0
 1800 06e9 00       		.byte	0
 1801 06ea 00       		.byte	0
 1802 06eb 1F       		.byte	31
 1803 06ec 13       		.byte	19
 1804 06ed 00       		.byte	0
 1805 06ee 00       		.byte	0
 1806 06ef 00       		.byte	0
 1807 06f0 14       		.byte	20
 1808 06f1 1E       		.byte	30
 1809 06f2 1E       		.byte	30
 1810 06f3 0A       		.byte	10
 1811 06f4 1C       		.byte	28
 1812 06f5 0A       		.byte	10
 1813 06f6 0A       		.byte	10
 1814 06f7 00       		.byte	0
 1815 06f8 00       		.byte	0
 1816 06f9 00       		.byte	0
 1817 06fa 00       		.byte	0
 1818 06fb 00       		.byte	0
 1819 06fc 00       		.byte	0
 1820 06fd 00       		.byte	0
 1821 06fe 00       		.byte	0
 1822 06ff 00       		.byte	0
 1823 0700 1F       		.byte	31
 1824 0701 1F       		.byte	31
 1825 0702 1A       		.byte	26
 1826 0703 00       		.byte	0
 1827 0704 00       		.byte	0
 1828 0705 00       		.byte	0
 1829 0706 00       		.byte	0
 1830 0707 00       		.byte	0
 1831 0708 00       		.byte	0
 1832 0709 00       		.byte	0
 1833 070a 00       		.byte	0
 1834 070b 1F       		.byte	31
 1835 070c 09       		.byte	9
 1836 070d 00       		.byte	0
 1837 070e 00       		.byte	0
 1838 070f 00       		.byte	0
 1839 0710 14       		.byte	20
 1840 0711 1A       		.byte	26
 1841 0712 1A       		.byte	26
 1842 0713 12       		.byte	18
 1843 0714 12       		.byte	18
 1844 0715 14       		.byte	20
 1845 0716 00       		.byte	0
 1846 0717 00       		.byte	0
 1847 0718 00       		.byte	0
 1848 0719 00       		.byte	0
 1849 071a 00       		.byte	0
 1850 071b 00       		.byte	0
 1851 071c 00       		.byte	0
 1852 071d 00       		.byte	0
 1853 071e 00       		.byte	0
 1854 071f 00       		.byte	0
 1855 0720 1F       		.byte	31
 1856 0721 1F       		.byte	31
 1857 0722 1F       		.byte	31
 1858 0723 02       		.byte	2
 1859 0724 00       		.byte	0
 1860 0725 00       		.byte	0
 1861 0726 00       		.byte	0
 1862 0727 00       		.byte	0
 1863 0728 00       		.byte	0
 1864 0729 00       		.byte	0
 1865 072a 00       		.byte	0
 1866 072b 1F       		.byte	31
 1867 072c 02       		.byte	2
 1868 072d 00       		.byte	0
 1869 072e 00       		.byte	0
 1870 072f 00       		.byte	0
 1871 0730 10       		.byte	16
 1872 0731 10       		.byte	16
 1873 0732 1A       		.byte	26
 1874 0733 1A       		.byte	26
 1875 0734 1A       		.byte	26
 1876 0735 00       		.byte	0
 1877 0736 00       		.byte	0
 1878 0737 12       		.byte	18
 1879 0738 00       		.byte	0
 1880 0739 00       		.byte	0
 1881 073a 00       		.byte	0
 1882 073b 00       		.byte	0
 1883 073c 00       		.byte	0
 1884 073d 00       		.byte	0
 1885 073e 00       		.byte	0
 1886 073f 00       		.byte	0
 1887 0740 1F       		.byte	31
 1888 0741 1F       		.byte	31
 1889 0742 1F       		.byte	31
 1890 0743 0B       		.byte	11
 1891 0744 00       		.byte	0
 1892 0745 00       		.byte	0
 1893 0746 00       		.byte	0
 1894 0747 00       		.byte	0
 1895 0748 00       		.byte	0
 1896 0749 00       		.byte	0
 1897 074a 00       		.byte	0
 1898 074b 00       		.byte	0
 1899 074c 18       		.byte	24
 1900 074d 00       		.byte	0
 1901 074e 00       		.byte	0
 1902 074f 00       		.byte	0
 1903 0750 0A       		.byte	10
 1904 0751 0C       		.byte	12
 1905 0752 1F       		.byte	31
 1906 0753 1A       		.byte	26
 1907 0754 1D       		.byte	29
 1908 0755 14       		.byte	20
 1909 0756 00       		.byte	0
 1910 0757 00       		.byte	0
 1911 0758 00       		.byte	0
 1912 0759 00       		.byte	0
 1913 075a 00       		.byte	0
 1914 075b 00       		.byte	0
 1915 075c 00       		.byte	0
 1916 075d 00       		.byte	0
 1917 075e 00       		.byte	0
 1918 075f 00       		.byte	0
 1919 0760 1F       		.byte	31
 1920 0761 1F       		.byte	31
 1921 0762 1F       		.byte	31
 1922 0763 12       		.byte	18
 1923 0764 00       		.byte	0
 1924 0765 00       		.byte	0
 1925 0766 00       		.byte	0
 1926 0767 00       		.byte	0
 1927 0768 00       		.byte	0
 1928 0769 00       		.byte	0
 1929 076a 00       		.byte	0
 1930 076b 00       		.byte	0
 1931 076c 11       		.byte	17
 1932 076d 00       		.byte	0
 1933 076e 00       		.byte	0
 1934 076f 00       		.byte	0
 1935 0770 02       		.byte	2
 1936 0771 14       		.byte	20
 1937 0772 1F       		.byte	31
 1938 0773 1A       		.byte	26
 1939 0774 1F       		.byte	31
 1940 0775 00       		.byte	0
 1941 0776 00       		.byte	0
 1942 0777 12       		.byte	18
 1943 0778 00       		.byte	0
 1944 0779 00       		.byte	0
 1945 077a 00       		.byte	0
 1946 077b 00       		.byte	0
 1947 077c 00       		.byte	0
 1948 077d 00       		.byte	0
 1949 077e 00       		.byte	0
 1950 077f 00       		.byte	0
 1951 0780 1F       		.byte	31
 1952 0781 1F       		.byte	31
 1953 0782 1F       		.byte	31
 1954 0783 19       		.byte	25
 1955 0784 00       		.byte	0
 1956 0785 00       		.byte	0
 1957 0786 00       		.byte	0
 1958 0787 00       		.byte	0
 1959 0788 00       		.byte	0
 1960 0789 00       		.byte	0
 1961 078a 00       		.byte	0
 1962 078b 00       		.byte	0
 1963 078c 0A       		.byte	10
 1964 078d 00       		.byte	0
 1965 078e 00       		.byte	0
 1966 078f 00       		.byte	0
 1967 0790 02       		.byte	2
 1968 0791 14       		.byte	20
 1969 0792 1F       		.byte	31
 1970 0793 1A       		.byte	26
 1971 0794 1F       		.byte	31
 1972 0795 00       		.byte	0
 1973 0796 00       		.byte	0
 1974 0797 00       		.byte	0
 1975 0798 12       		.byte	18
 1976 0799 00       		.byte	0
 1977 079a 00       		.byte	0
 1978 079b 00       		.byte	0
 1979 079c 00       		.byte	0
 1980 079d 00       		.byte	0
 1981 079e 00       		.byte	0
 1982 079f 00       		.byte	0
 1983 07a0 1F       		.byte	31
 1984 07a1 1F       		.byte	31
 1985 07a2 1F       		.byte	31
 1986 07a3 1E       		.byte	30
 1987 07a4 00       		.byte	0
 1988 07a5 00       		.byte	0
 1989 07a6 00       		.byte	0
 1990 07a7 00       		.byte	0
 1991 07a8 00       		.byte	0
 1992 07a9 00       		.byte	0
 1993 07aa 00       		.byte	0
 1994 07ab 00       		.byte	0
 1995 07ac 05       		.byte	5
 1996 07ad 00       		.byte	0
 1997 07ae 00       		.byte	0
 1998 07af 00       		.byte	0
 1999 07b0 01       		.byte	1
 2000 07b1 10       		.byte	16
 2001 07b2 1F       		.byte	31
 2002 07b3 1F       		.byte	31
 2003 07b4 1F       		.byte	31
 2004 07b5 00       		.byte	0
 2005 07b6 12       		.byte	18
 2006 07b7 00       		.byte	0
 2007 07b8 00       		.byte	0
 2008 07b9 00       		.byte	0
 2009 07ba 00       		.byte	0
 2010 07bb 00       		.byte	0
 2011 07bc 00       		.byte	0
 2012 07bd 00       		.byte	0
 2013 07be 00       		.byte	0
 2014 07bf 00       		.byte	0
 2015 07c0 1F       		.byte	31
 2016 07c1 1F       		.byte	31
 2017 07c2 1F       		.byte	31
 2018 07c3 1F       		.byte	31
 2019 07c4 00       		.byte	0
 2020 07c5 00       		.byte	0
 2021 07c6 00       		.byte	0
 2022 07c7 00       		.byte	0
 2023 07c8 00       		.byte	0
 2024 07c9 00       		.byte	0
 2025 07ca 00       		.byte	0
 2026 07cb 04       		.byte	4
 2027 07cc 00       		.byte	0
 2028 07cd 00       		.byte	0
 2029 07ce 00       		.byte	0
 2030 07cf 00       		.byte	0
 2031 07d0 04       		.byte	4
 2032 07d1 08       		.byte	8
 2033 07d2 0A       		.byte	10
 2034 07d3 14       		.byte	20
 2035 07d4 1F       		.byte	31
 2036 07d5 1F       		.byte	31
 2037 07d6 14       		.byte	20
 2038 07d7 04       		.byte	4
 2039 07d8 00       		.byte	0
 2040 07d9 00       		.byte	0
 2041 07da 00       		.byte	0
 2042 07db 00       		.byte	0
 2043 07dc 00       		.byte	0
 2044 07dd 00       		.byte	0
 2045 07de 00       		.byte	0
 2046 07df 00       		.byte	0
 2047 07e0 1F       		.byte	31
 2048 07e1 1F       		.byte	31
 2049 07e2 1F       		.byte	31
 2050 07e3 1F       		.byte	31
 2051 07e4 00       		.byte	0
 2052 07e5 00       		.byte	0
 2053 07e6 00       		.byte	0
 2054 07e7 00       		.byte	0
 2055 07e8 00       		.byte	0
 2056 07e9 00       		.byte	0
 2057 07ea 00       		.byte	0
 2058 07eb 04       		.byte	4
 2059 07ec 00       		.byte	0
 2060 07ed 00       		.byte	0
 2061 07ee 00       		.byte	0
 2062 07ef 00       		.byte	0
 2063 07f0 04       		.byte	4
 2064 07f1 08       		.byte	8
 2065 07f2 0A       		.byte	10
 2066 07f3 14       		.byte	20
 2067 07f4 1F       		.byte	31
 2068 07f5 1F       		.byte	31
 2069 07f6 14       		.byte	20
 2070 07f7 04       		.byte	4
 2071 07f8 00       		.byte	0
 2072 07f9 00       		.byte	0
 2073 07fa 00       		.byte	0
 2074 07fb 00       		.byte	0
 2075 07fc 00       		.byte	0
 2076 07fd 00       		.byte	0
 2077 07fe 00       		.byte	0
 2078 07ff 00       		.byte	0
 2079              		.global	apc_offset
 2082              	apc_offset:
 2083 0800 20       		.byte	32
 2084              		.file 1 "board/compal_e88/tx_ramps.c"
 2085              		.file 2 "include/rf/txcal.h"
 2086              		.file 3 "/root/gnuarm/bin/../lib/gcc/arm-elf/4.0.2/../../../../arm-elf/sys-include/stdint.h"
 2087 0801 000000   		.text
 2088              	.Letext0:
DEFINED SYMBOLS
                            *ABS*:0000000000000000 tx_ramps.c
     /tmp/ccFuSLdz.s:15     .data:0000000000000000 rf_tx_ramps_1900
     /tmp/ccFuSLdz.s:532    .data:0000000000000200 rf_tx_ramps_1800
     /tmp/ccFuSLdz.s:1049   .data:0000000000000400 rf_tx_ramps_900
     /tmp/ccFuSLdz.s:1566   .data:0000000000000600 rf_tx_ramps_850
     /tmp/ccFuSLdz.s:2082   .data:0000000000000800 apc_offset

NO UNDEFINED SYMBOLS
