   1              		.file	"fb_dummy.c"
   9              	.Ltext0:
  10              		.global	framebuffer
  11              		.data
  12              		.align	2
  15              	framebuffer:
  16 0000 00000000 		.word	fb_dummy_framebuffer
  17              		.global	fb_dummy_framebuffer
  18              		.align	2
  21              	fb_dummy_framebuffer:
  22 0004 64756D6D 		.ascii	"dummyfb\000"
  22      79666200 
  23 000c 00000000 		.word	fb_dummy_init
  24 0010 00000000 		.word	fb_dummy_clear
  25 0014 00000000 		.space	4
  26 0018 00000000 		.word	fb_dummy_boxto
  27 001c 00000000 		.word	fb_dummy_lineto
  28 0020 00000000 		.word	fb_dummy_putstr
  29 0024 00000000 		.word	fb_dummy_flush
  30 0028 8000     		.short	128
  31 002a 4000     		.short	64
  32 002c 00000000 		.space	16
  32      00000000 
  32      00000000 
  32      00000000 
  33              		.section	.text.fb_dummy_init,"ax",%progbits
  34              		.align	2
  36              	fb_dummy_init:
  37              	.LFB15:
  38              		.file 1 "fb/fb_dummy.c"
   1:fb/fb_dummy.c **** /*
   2:fb/fb_dummy.c ****     "hardware" driver for a dummy framebuffer. Used when no
   3:fb/fb_dummy.c ****     display hardware is supported
   4:fb/fb_dummy.c ****  */
   5:fb/fb_dummy.c **** 
   6:fb/fb_dummy.c **** /* (C) 2010 by Christian Vogel <vogelchr@vogel.cx>
   7:fb/fb_dummy.c ****  *
   8:fb/fb_dummy.c ****  * All Rights Reserved
   9:fb/fb_dummy.c ****  *
  10:fb/fb_dummy.c ****  * This program is free software; you can redistribute it and/or modify
  11:fb/fb_dummy.c ****  * it under the terms of the GNU General Public License as published by
  12:fb/fb_dummy.c ****  * the Free Software Foundation; either version 2 of the License, or
  13:fb/fb_dummy.c ****  * (at your option) any later version.
  14:fb/fb_dummy.c ****  *
  15:fb/fb_dummy.c ****  * This program is distributed in the hope that it will be useful,
  16:fb/fb_dummy.c ****  * but WITHOUT ANY WARRANTY; without even the implied warranty of
  17:fb/fb_dummy.c ****  * MERCHANTABILITY or FITNESS FOR A PARTICULAR PURPOSE.  See the
  18:fb/fb_dummy.c ****  * GNU General Public License for more details.
  19:fb/fb_dummy.c ****  *
  20:fb/fb_dummy.c ****  * You should have received a copy of the GNU General Public License along
  21:fb/fb_dummy.c ****  * with this program; if not, write to the Free Software Foundation, Inc.,
  22:fb/fb_dummy.c ****  * 51 Franklin Street, Fifth Floor, Boston, MA 02110-1301 USA.
  23:fb/fb_dummy.c ****  *
  24:fb/fb_dummy.c ****  */
  25:fb/fb_dummy.c **** 
  26:fb/fb_dummy.c **** #include <fb/framebuffer.h>
  27:fb/fb_dummy.c **** #include <defines.h>
  28:fb/fb_dummy.c **** 
  29:fb/fb_dummy.c **** static void
  30:fb/fb_dummy.c **** fb_dummy_init(){
  39              		.loc 1 30 0
  40              		@ args = 0, pretend = 0, frame = 0
  41              		@ frame_needed = 0, uses_anonymous_args = 0
  42              		@ link register save eliminated.
  43              	.LVL0:
  44              		@ lr needed for prologue
  31:fb/fb_dummy.c **** }
  45              		.loc 1 31 0
  46 0000 1EFF2FE1 		bx	lr
  47              	.LFE15:
  49              		.section	.text.fb_dummy_clear,"ax",%progbits
  50              		.align	2
  52              	fb_dummy_clear:
  53              	.LFB16:
  32:fb/fb_dummy.c **** 
  33:fb/fb_dummy.c **** static void
  34:fb/fb_dummy.c **** fb_dummy_clear(){
  54              		.loc 1 34 0
  55              		@ args = 0, pretend = 0, frame = 0
  56              		@ frame_needed = 0, uses_anonymous_args = 0
  57              		@ link register save eliminated.
  58              	.LVL1:
  59              		@ lr needed for prologue
  35:fb/fb_dummy.c **** }
  60              		.loc 1 35 0
  61 0000 1EFF2FE1 		bx	lr
  62              	.LFE16:
  64              		.section	.text.fb_dummy_boxto,"ax",%progbits
  65              		.align	2
  67              	fb_dummy_boxto:
  68              	.LFB17:
  36:fb/fb_dummy.c **** 
  37:fb/fb_dummy.c **** static void
  38:fb/fb_dummy.c **** fb_dummy_boxto(uint16_t x,uint16_t y){
  69              		.loc 1 38 0
  70              		@ args = 0, pretend = 0, frame = 0
  71              		@ frame_needed = 0, uses_anonymous_args = 0
  72              		@ link register save eliminated.
  73              	.LVL2:
  39:fb/fb_dummy.c **** 	framebuffer->cursor_x = x;
  74              		.loc 1 39 0
  75 0000 0C309FE5 		ldr	r3, .L7
  76 0004 003093E5 		ldr	r3, [r3, #0]
  77              		.loc 1 38 0
  78              		@ lr needed for prologue
  40:fb/fb_dummy.c **** 	framebuffer->cursor_y = y;
  79              		.loc 1 40 0
  80 0008 BA12C3E1 		strh	r1, [r3, #42]	@ movhi
  81              		.loc 1 39 0
  82 000c B802C3E1 		strh	r0, [r3, #40]	@ movhi
  41:fb/fb_dummy.c **** }
  83              		.loc 1 41 0
  84 0010 1EFF2FE1 		bx	lr
  85              	.L8:
  86              		.align	2
  87              	.L7:
  88 0014 00000000 		.word	framebuffer
  89              	.LFE17:
  91              		.section	.text.fb_dummy_lineto,"ax",%progbits
  92              		.align	2
  94              	fb_dummy_lineto:
  95              	.LFB18:
  42:fb/fb_dummy.c **** 
  43:fb/fb_dummy.c **** static void
  44:fb/fb_dummy.c **** fb_dummy_lineto(uint16_t x,uint16_t y){
  96              		.loc 1 44 0
  97              		@ args = 0, pretend = 0, frame = 0
  98              		@ frame_needed = 0, uses_anonymous_args = 0
  99              		@ link register save eliminated.
 100              	.LVL3:
  45:fb/fb_dummy.c **** 	framebuffer->cursor_x = x;
 101              		.loc 1 45 0
 102 0000 0C309FE5 		ldr	r3, .L11
 103 0004 003093E5 		ldr	r3, [r3, #0]
 104              		.loc 1 44 0
 105              		@ lr needed for prologue
  46:fb/fb_dummy.c **** 	framebuffer->cursor_y = y;
 106              		.loc 1 46 0
 107 0008 BA12C3E1 		strh	r1, [r3, #42]	@ movhi
 108              		.loc 1 45 0
 109 000c B802C3E1 		strh	r0, [r3, #40]	@ movhi
  47:fb/fb_dummy.c **** }
 110              		.loc 1 47 0
 111 0010 1EFF2FE1 		bx	lr
 112              	.L12:
 113              		.align	2
 114              	.L11:
 115 0014 00000000 		.word	framebuffer
 116              	.LFE18:
 118              		.section	.text.fb_dummy_putstr,"ax",%progbits
 119              		.align	2
 121              	fb_dummy_putstr:
 122              	.LFB19:
  48:fb/fb_dummy.c **** 
  49:fb/fb_dummy.c **** static int
  50:fb/fb_dummy.c **** fb_dummy_putstr(__unused char *c, __unused int maxwidth){
 123              		.loc 1 50 0
 124              		@ args = 0, pretend = 0, frame = 0
 125              		@ frame_needed = 0, uses_anonymous_args = 0
 126              		@ link register save eliminated.
 127              	.LVL4:
  51:fb/fb_dummy.c **** 	return 0;
  52:fb/fb_dummy.c **** }
 128              		.loc 1 52 0
 129 0000 0000A0E3 		mov	r0, #0
 130              	.LVL5:
 131              		.loc 1 50 0
 132              		@ lr needed for prologue
 133              		.loc 1 52 0
 134 0004 1EFF2FE1 		bx	lr
 135              	.LFE19:
 137              		.section	.text.fb_dummy_flush,"ax",%progbits
 138              		.align	2
 140              	fb_dummy_flush:
 141              	.LFB20:
  53:fb/fb_dummy.c **** 
  54:fb/fb_dummy.c **** static void
  55:fb/fb_dummy.c **** fb_dummy_flush(){
 142              		.loc 1 55 0
 143              		@ args = 0, pretend = 0, frame = 0
 144              		@ frame_needed = 0, uses_anonymous_args = 0
 145              		@ link register save eliminated.
 146              	.LVL6:
 147              		@ lr needed for prologue
  56:fb/fb_dummy.c **** }
 148              		.loc 1 56 0
 149 0000 1EFF2FE1 		bx	lr
 150              	.LFE20:
 219              	.Letext0:
DEFINED SYMBOLS
                            *ABS*:0000000000000000 fb_dummy.c
     /tmp/cczkwgph.s:15     .data:0000000000000000 framebuffer
     /tmp/cczkwgph.s:16     .data:0000000000000000 $d
     /tmp/cczkwgph.s:21     .data:0000000000000004 fb_dummy_framebuffer
     /tmp/cczkwgph.s:36     .text.fb_dummy_init:0000000000000000 fb_dummy_init
     /tmp/cczkwgph.s:52     .text.fb_dummy_clear:0000000000000000 fb_dummy_clear
     /tmp/cczkwgph.s:67     .text.fb_dummy_boxto:0000000000000000 fb_dummy_boxto
     /tmp/cczkwgph.s:94     .text.fb_dummy_lineto:0000000000000000 fb_dummy_lineto
     /tmp/cczkwgph.s:121    .text.fb_dummy_putstr:0000000000000000 fb_dummy_putstr
     /tmp/cczkwgph.s:140    .text.fb_dummy_flush:0000000000000000 fb_dummy_flush
     /tmp/cczkwgph.s:46     .text.fb_dummy_init:0000000000000000 $a
     /tmp/cczkwgph.s:61     .text.fb_dummy_clear:0000000000000000 $a
     /tmp/cczkwgph.s:75     .text.fb_dummy_boxto:0000000000000000 $a
     /tmp/cczkwgph.s:88     .text.fb_dummy_boxto:0000000000000014 $d
     /tmp/cczkwgph.s:102    .text.fb_dummy_lineto:0000000000000000 $a
     /tmp/cczkwgph.s:115    .text.fb_dummy_lineto:0000000000000014 $d
     /tmp/cczkwgph.s:129    .text.fb_dummy_putstr:0000000000000000 $a
     /tmp/cczkwgph.s:149    .text.fb_dummy_flush:0000000000000000 $a

NO UNDEFINED SYMBOLS
