   1              		.file	"font.c"
   9              	.Ltext0:
  10              		.global	fb_fonts
  11              		.data
  12              		.align	2
  15              	fb_fonts:
  16 0000 00000000 		.word	font_helvR08
  17 0004 00000000 		.word	font_helvB14
  18 0008 00000000 		.word	font_c64
  19 000c 00000000 		.word	font_symbols
  20              		.section	.text.fb_font_get_char,"ax",%progbits
  21              		.align	2
  22              		.global	fb_font_get_char
  24              	fb_font_get_char:
  25              	.LFB2:
  26              		.file 1 "fb/font.c"
   1:fb/font.c     **** /* Font Handling - Utility Functions */
   2:fb/font.c     **** 
   3:fb/font.c     **** /* (C) 2010 by Christian Vogel <vogelchr@vogel.cx>
   4:fb/font.c     ****  *
   5:fb/font.c     ****  * All Rights Reserved
   6:fb/font.c     ****  *
   7:fb/font.c     ****  * This program is free software; you can redistribute it and/or modify
   8:fb/font.c     ****  * it under the terms of the GNU General Public License as published by
   9:fb/font.c     ****  * the Free Software Foundation; either version 2 of the License, or
  10:fb/font.c     ****  * (at your option) any later version.
  11:fb/font.c     ****  *
  12:fb/font.c     ****  * This program is distributed in the hope that it will be useful,
  13:fb/font.c     ****  * but WITHOUT ANY WARRANTY; without even the implied warranty of
  14:fb/font.c     ****  * MERCHANTABILITY or FITNESS FOR A PARTICULAR PURPOSE.  See the
  15:fb/font.c     ****  * GNU General Public License for more details.
  16:fb/font.c     ****  *
  17:fb/font.c     ****  * You should have received a copy of the GNU General Public License along
  18:fb/font.c     ****  * with this program; if not, write to the Free Software Foundation, Inc.,
  19:fb/font.c     ****  * 51 Franklin Street, Fifth Floor, Boston, MA 02110-1301 USA.
  20:fb/font.c     ****  *
  21:fb/font.c     ****  */
  22:fb/font.c     **** 
  23:fb/font.c     **** #include <fb/font.h>
  24:fb/font.c     **** 
  25:fb/font.c     **** /* what fonts are linked in? */
  26:fb/font.c     **** extern const struct fb_font font_4x6;
  27:fb/font.c     **** extern const struct fb_font font_5x8;
  28:fb/font.c     **** extern const struct fb_font font_helvR08;
  29:fb/font.c     **** extern const struct fb_font font_helvR14;
  30:fb/font.c     **** //extern const struct fb_font font_helvR24;
  31:fb/font.c     **** //extern const struct fb_font font_helvB08;
  32:fb/font.c     **** extern const struct fb_font font_helvB14;
  33:fb/font.c     **** // extern const struct fb_font font_helvB24;
  34:fb/font.c     **** extern const struct fb_font font_c64;
  35:fb/font.c     **** extern const struct fb_font font_symbols;
  36:fb/font.c     **** 
  37:fb/font.c     **** const struct fb_font *fb_fonts[]={
  38:fb/font.c     **** //	&font_4x6,
  39:fb/font.c     **** //	&font_5x8,
  40:fb/font.c     **** 	&font_helvR08,
  41:fb/font.c     **** //	&font_helvR14,
  42:fb/font.c     **** //	&font_helvR24,
  43:fb/font.c     **** //	&font_helvB08,
  44:fb/font.c     **** 	&font_helvB14,
  45:fb/font.c     **** //	&font_helvB24,
  46:fb/font.c     **** 	&font_c64,
  47:fb/font.c     **** 	&font_symbols,
  48:fb/font.c     **** };
  49:fb/font.c     **** 
  50:fb/font.c     **** const struct fb_char *
  51:fb/font.c     **** fb_font_get_char(const struct fb_font *fnt,unsigned char c){
  27              		.loc 1 51 0
  28              		@ args = 0, pretend = 0, frame = 0
  29              		@ frame_needed = 0, uses_anonymous_args = 0
  30              		@ link register save eliminated.
  31              	.LVL0:
  52:fb/font.c     **** 	if(c < fnt->firstchar || c > fnt->lastchar)
  32              		.loc 1 52 0
  33 0000 0230D0E5 		ldrb	r3, [r0, #2]	@ zero_extendqisi2
  34              		.loc 1 51 0
  35 0004 FF1001E2 		and	r1, r1, #255
  36              		.loc 1 52 0
  37 0008 030051E1 		cmp	r1, r3
  38              		.loc 1 51 0
  39              		@ lr needed for prologue
  40              		.loc 1 51 0
  41 000c 0020A0E1 		mov	r2, r0
  42              		.loc 1 52 0
  43 0010 0F00003A 		bcc	.L2
  44              	.LVL1:
  53:fb/font.c     **** 		return NULL;
  54:fb/font.c     **** 	uint16_t offs = fnt->charoffs[c-fnt->firstchar];
  45              		.loc 1 54 0
  46 0014 013063E0 		rsb	r3, r3, r1
  47 0018 8300A0E1 		mov	r0, r3, asl #1
  48              		.loc 1 52 0
  49 001c 0330D2E5 		ldrb	r3, [r2, #3]	@ zero_extendqisi2
  50 0020 010053E1 		cmp	r3, r1
  51 0024 0F00003A 		bcc	.L2
  52              		.loc 1 54 0
  53 0028 083092E5 		ldr	r3, [r2, #8]
  54 002c B30090E1 		ldrh	r0, [r0, r3]
  55              	.LVL2:
  55:fb/font.c     **** 	if(offs == FB_FONT_NOCHAR)
  56              		.loc 1 55 0
  57 0030 14309FE5 		ldr	r3, .L8
  58 0034 030050E1 		cmp	r0, r3
  56:fb/font.c     **** 		return NULL;
  57:fb/font.c     **** 	return (struct fb_char *)(fnt->chardata + offs);
  59              		.loc 1 57 0
  60 0038 04309215 		ldrne	r3, [r2, #4]
  61 003c 00008310 		addne	r0, r3, r0
  62              	.LVL3:
  63              		.loc 1 55 0
  64 0040 1EFF2F11 		bxne	lr
  65              	.LVL4:
  66              	.L2:
  67              		.loc 1 57 0
  68 0044 0000A0E3 		mov	r0, #0
  58:fb/font.c     **** }
  69              		.loc 1 58 0
  70 0048 1EFF2FE1 		bx	lr
  71              	.L9:
  72              		.align	2
  73              	.L8:
  74 004c FFFF0000 		.word	65535
  75              	.LFE2:
 103              	.Letext0:
DEFINED SYMBOLS
                            *ABS*:0000000000000000 font.c
     /tmp/ccZW6XjI.s:15     .data:0000000000000000 fb_fonts
     /tmp/ccZW6XjI.s:16     .data:0000000000000000 $d
     /tmp/ccZW6XjI.s:24     .text.fb_font_get_char:0000000000000000 fb_font_get_char
     /tmp/ccZW6XjI.s:33     .text.fb_font_get_char:0000000000000000 $a
     /tmp/ccZW6XjI.s:74     .text.fb_font_get_char:000000000000004c $d

UNDEFINED SYMBOLS
font_helvR08
font_helvB14
font_c64
font_symbols
