   1              		.file	"helvB14.c"
   9              	.Ltext0:
  10              		.global	font_helvB14
  11              		.section	.rodata
  12              		.align	2
  15              	font_helvB14:
  16 0000 10       		.byte	16
  17 0001 0D       		.byte	13
  18 0002 20       		.byte	32
  19 0003 7F       		.byte	127
  20 0004 D0000000 		.word	font_helvB14_data
  21 0008 10000000 		.word	font_helvB14_offsets
  22 000c 00000000 		.space	4
  23              		.align	1
  26              	font_helvB14_offsets:
  27 0010 0000     		.short	0
  28 0012 0600     		.short	6
  29 0014 1600     		.short	22
  30 0016 1E00     		.short	30
  31 0018 3700     		.short	55
  32 001a 4900     		.short	73
  33 001c 6200     		.short	98
  34 001e 7B00     		.short	123
  35 0020 8300     		.short	131
  36 0022 9600     		.short	150
  37 0024 A900     		.short	169
  38 0026 B200     		.short	178
  39 0028 BE00     		.short	190
  40 002a C600     		.short	198
  41 002c CC00     		.short	204
  42 002e D300     		.short	211
  43 0030 E300     		.short	227
  44 0032 F200     		.short	242
  45 0034 0101     		.short	257
  46 0036 1001     		.short	272
  47 0038 1F01     		.short	287
  48 003a 2E01     		.short	302
  49 003c 3D01     		.short	317
  50 003e 4C01     		.short	332
  51 0040 5B01     		.short	347
  52 0042 6A01     		.short	362
  53 0044 7901     		.short	377
  54 0046 8601     		.short	390
  55 0048 9401     		.short	404
  56 004a 9E01     		.short	414
  57 004c A601     		.short	422
  58 004e B001     		.short	432
  59 0050 C001     		.short	448
  60 0052 DD01     		.short	477
  61 0054 F801     		.short	504
  62 0056 0802     		.short	520
  63 0058 2302     		.short	547
  64 005a 3E02     		.short	574
  65 005c 4E02     		.short	590
  66 005e 5E02     		.short	606
  67 0060 7902     		.short	633
  68 0062 8902     		.short	649
  69 0064 9902     		.short	665
  70 0066 A902     		.short	681
  71 0068 C402     		.short	708
  72 006a D402     		.short	724
  73 006c EF02     		.short	751
  74 006e 0A03     		.short	778
  75 0070 2503     		.short	805
  76 0072 3503     		.short	821
  77 0074 5003     		.short	848
  78 0076 6B03     		.short	875
  79 0078 7B03     		.short	891
  80 007a 8B03     		.short	907
  81 007c A603     		.short	934
  82 007e C103     		.short	961
  83 0080 DC03     		.short	988
  84 0082 F703     		.short	1015
  85 0084 1204     		.short	1042
  86 0086 2204     		.short	1058
  87 0088 3504     		.short	1077
  88 008a 4504     		.short	1093
  89 008c 5804     		.short	1112
  90 008e 6104     		.short	1121
  91 0090 6704     		.short	1127
  92 0092 6E04     		.short	1134
  93 0094 7B04     		.short	1147
  94 0096 8B04     		.short	1163
  95 0098 9804     		.short	1176
  96 009a A804     		.short	1192
  97 009c B504     		.short	1205
  98 009e C504     		.short	1221
  99 00a0 D504     		.short	1237
 100 00a2 E504     		.short	1253
 101 00a4 F504     		.short	1269
 102 00a6 0805     		.short	1288
 103 00a8 1805     		.short	1304
 104 00aa 2805     		.short	1320
 105 00ac 3D05     		.short	1341
 106 00ae 4A05     		.short	1354
 107 00b0 5705     		.short	1367
 108 00b2 6705     		.short	1383
 109 00b4 7705     		.short	1399
 110 00b6 8405     		.short	1412
 111 00b8 9105     		.short	1425
 112 00ba A005     		.short	1440
 113 00bc AD05     		.short	1453
 114 00be BA05     		.short	1466
 115 00c0 CF05     		.short	1487
 116 00c2 DC05     		.short	1500
 117 00c4 EC05     		.short	1516
 118 00c6 F905     		.short	1529
 119 00c8 0C06     		.short	1548
 120 00ca 1F06     		.short	1567
 121 00cc 3206     		.short	1586
 122 00ce FFFF     		.short	-1
 125              	font_helvB14_data:
 126 00d0 04       		.byte	4
 127 00d1 01       		.byte	1
 128 00d2 01       		.byte	1
 129 00d3 00       		.byte	0
 130 00d4 00       		.byte	0
 131 00d5 00       		.byte	0
 132 00d6 04       		.byte	4
 133 00d7 02       		.byte	2
 134 00d8 0B       		.byte	11
 135 00d9 01       		.byte	1
 136 00da 00       		.byte	0
 137 00db C0       		.byte	-64
 138 00dc C0       		.byte	-64
 139 00dd C0       		.byte	-64
 140 00de C0       		.byte	-64
 141 00df C0       		.byte	-64
 142 00e0 C0       		.byte	-64
 143 00e1 80       		.byte	-128
 144 00e2 80       		.byte	-128
 145 00e3 00       		.byte	0
 146 00e4 C0       		.byte	-64
 147 00e5 C0       		.byte	-64
 148 00e6 07       		.byte	7
 149 00e7 05       		.byte	5
 150 00e8 03       		.byte	3
 151 00e9 01       		.byte	1
 152 00ea 08       		.byte	8
 153 00eb D8       		.byte	-40
 154 00ec D8       		.byte	-40
 155 00ed 90       		.byte	-112
 156 00ee 09       		.byte	9
 157 00ef 09       		.byte	9
 158 00f0 0A       		.byte	10
 159 00f1 00       		.byte	0
 160 00f2 00       		.byte	0
 161 00f3 1B       		.byte	27
 162 00f4 00       		.byte	0
 163 00f5 1B       		.byte	27
 164 00f6 00       		.byte	0
 165 00f7 1B       		.byte	27
 166 00f8 00       		.byte	0
 167 00f9 7F       		.byte	127
 168 00fa 80       		.byte	-128
 169 00fb 36       		.byte	54
 170 00fc 00       		.byte	0
 171 00fd 36       		.byte	54
 172 00fe 00       		.byte	0
 173 00ff FF       		.byte	-1
 174 0100 00       		.byte	0
 175 0101 6C       		.byte	108
 176 0102 00       		.byte	0
 177 0103 6C       		.byte	108
 178 0104 00       		.byte	0
 179 0105 6C       		.byte	108
 180 0106 00       		.byte	0
 181 0107 08       		.byte	8
 182 0108 07       		.byte	7
 183 0109 0D       		.byte	13
 184 010a 00       		.byte	0
 185 010b FE       		.byte	-2
 186 010c 10       		.byte	16
 187 010d 7C       		.byte	124
 188 010e D6       		.byte	-42
 189 010f D6       		.byte	-42
 190 0110 F0       		.byte	-16
 191 0111 78       		.byte	120
 192 0112 1C       		.byte	28
 193 0113 16       		.byte	22
 194 0114 D6       		.byte	-42
 195 0115 D6       		.byte	-42
 196 0116 7C       		.byte	124
 197 0117 10       		.byte	16
 198 0118 10       		.byte	16
 199 0119 0D       		.byte	13
 200 011a 0C       		.byte	12
 201 011b 0A       		.byte	10
 202 011c 00       		.byte	0
 203 011d 00       		.byte	0
 204 011e 78       		.byte	120
 205 011f 80       		.byte	-128
 206 0120 CD       		.byte	-51
 207 0121 80       		.byte	-128
 208 0122 CD       		.byte	-51
 209 0123 00       		.byte	0
 210 0124 7B       		.byte	123
 211 0125 00       		.byte	0
 212 0126 06       		.byte	6
 213 0127 00       		.byte	0
 214 0128 04       		.byte	4
 215 0129 00       		.byte	0
 216 012a 0D       		.byte	13
 217 012b E0       		.byte	-32
 218 012c 0B       		.byte	11
 219 012d 30       		.byte	48
 220 012e 1B       		.byte	27
 221 012f 30       		.byte	48
 222 0130 11       		.byte	17
 223 0131 E0       		.byte	-32
 224 0132 0B       		.byte	11
 225 0133 09       		.byte	9
 226 0134 0A       		.byte	10
 227 0135 01       		.byte	1
 228 0136 00       		.byte	0
 229 0137 38       		.byte	56
 230 0138 00       		.byte	0
 231 0139 6C       		.byte	108
 232 013a 00       		.byte	0
 233 013b 6C       		.byte	108
 234 013c 00       		.byte	0
 235 013d 38       		.byte	56
 236 013e 00       		.byte	0
 237 013f 73       		.byte	115
 238 0140 00       		.byte	0
 239 0141 FB       		.byte	-5
 240 0142 00       		.byte	0
 241 0143 CE       		.byte	-50
 242 0144 00       		.byte	0
 243 0145 C6       		.byte	-58
 244 0146 00       		.byte	0
 245 0147 CF       		.byte	-49
 246 0148 00       		.byte	0
 247 0149 7D       		.byte	125
 248 014a 80       		.byte	-128
 249 014b 04       		.byte	4
 250 014c 02       		.byte	2
 251 014d 03       		.byte	3
 252 014e 01       		.byte	1
 253 014f 08       		.byte	8
 254 0150 C0       		.byte	-64
 255 0151 C0       		.byte	-64
 256 0152 80       		.byte	-128
 257 0153 05       		.byte	5
 258 0154 04       		.byte	4
 259 0155 0E       		.byte	14
 260 0156 00       		.byte	0
 261 0157 FD       		.byte	-3
 262 0158 30       		.byte	48
 263 0159 60       		.byte	96
 264 015a 60       		.byte	96
 265 015b C0       		.byte	-64
 266 015c C0       		.byte	-64
 267 015d C0       		.byte	-64
 268 015e C0       		.byte	-64
 269 015f C0       		.byte	-64
 270 0160 C0       		.byte	-64
 271 0161 C0       		.byte	-64
 272 0162 C0       		.byte	-64
 273 0163 60       		.byte	96
 274 0164 60       		.byte	96
 275 0165 30       		.byte	48
 276 0166 05       		.byte	5
 277 0167 04       		.byte	4
 278 0168 0E       		.byte	14
 279 0169 01       		.byte	1
 280 016a FD       		.byte	-3
 281 016b C0       		.byte	-64
 282 016c 60       		.byte	96
 283 016d 60       		.byte	96
 284 016e 30       		.byte	48
 285 016f 30       		.byte	48
 286 0170 30       		.byte	48
 287 0171 30       		.byte	48
 288 0172 30       		.byte	48
 289 0173 30       		.byte	48
 290 0174 30       		.byte	48
 291 0175 30       		.byte	48
 292 0176 60       		.byte	96
 293 0177 60       		.byte	96
 294 0178 C0       		.byte	-64
 295 0179 06       		.byte	6
 296 017a 05       		.byte	5
 297 017b 04       		.byte	4
 298 017c 00       		.byte	0
 299 017d 07       		.byte	7
 300 017e 20       		.byte	32
 301 017f F8       		.byte	-8
 302 0180 70       		.byte	112
 303 0181 D8       		.byte	-40
 304 0182 09       		.byte	9
 305 0183 08       		.byte	8
 306 0184 07       		.byte	7
 307 0185 00       		.byte	0
 308 0186 01       		.byte	1
 309 0187 18       		.byte	24
 310 0188 18       		.byte	24
 311 0189 18       		.byte	24
 312 018a FF       		.byte	-1
 313 018b 18       		.byte	24
 314 018c 18       		.byte	24
 315 018d 18       		.byte	24
 316 018e 04       		.byte	4
 317 018f 03       		.byte	3
 318 0190 03       		.byte	3
 319 0191 00       		.byte	0
 320 0192 FF       		.byte	-1
 321 0193 60       		.byte	96
 322 0194 60       		.byte	96
 323 0195 C0       		.byte	-64
 324 0196 05       		.byte	5
 325 0197 05       		.byte	5
 326 0198 01       		.byte	1
 327 0199 00       		.byte	0
 328 019a 04       		.byte	4
 329 019b F8       		.byte	-8
 330 019c 04       		.byte	4
 331 019d 02       		.byte	2
 332 019e 02       		.byte	2
 333 019f 01       		.byte	1
 334 01a0 00       		.byte	0
 335 01a1 C0       		.byte	-64
 336 01a2 C0       		.byte	-64
 337 01a3 04       		.byte	4
 338 01a4 04       		.byte	4
 339 01a5 0B       		.byte	11
 340 01a6 00       		.byte	0
 341 01a7 00       		.byte	0
 342 01a8 30       		.byte	48
 343 01a9 30       		.byte	48
 344 01aa 20       		.byte	32
 345 01ab 20       		.byte	32
 346 01ac 60       		.byte	96
 347 01ad 60       		.byte	96
 348 01ae 60       		.byte	96
 349 01af 40       		.byte	64
 350 01b0 40       		.byte	64
 351 01b1 C0       		.byte	-64
 352 01b2 C0       		.byte	-64
 353 01b3 08       		.byte	8
 354 01b4 07       		.byte	7
 355 01b5 0A       		.byte	10
 356 01b6 00       		.byte	0
 357 01b7 00       		.byte	0
 358 01b8 38       		.byte	56
 359 01b9 6C       		.byte	108
 360 01ba C6       		.byte	-58
 361 01bb C6       		.byte	-58
 362 01bc C6       		.byte	-58
 363 01bd C6       		.byte	-58
 364 01be C6       		.byte	-58
 365 01bf C6       		.byte	-58
 366 01c0 6C       		.byte	108
 367 01c1 38       		.byte	56
 368 01c2 08       		.byte	8
 369 01c3 04       		.byte	4
 370 01c4 0A       		.byte	10
 371 01c5 01       		.byte	1
 372 01c6 00       		.byte	0
 373 01c7 30       		.byte	48
 374 01c8 F0       		.byte	-16
 375 01c9 30       		.byte	48
 376 01ca 30       		.byte	48
 377 01cb 30       		.byte	48
 378 01cc 30       		.byte	48
 379 01cd 30       		.byte	48
 380 01ce 30       		.byte	48
 381 01cf 30       		.byte	48
 382 01d0 30       		.byte	48
 383 01d1 08       		.byte	8
 384 01d2 07       		.byte	7
 385 01d3 0A       		.byte	10
 386 01d4 00       		.byte	0
 387 01d5 00       		.byte	0
 388 01d6 7C       		.byte	124
 389 01d7 E6       		.byte	-26
 390 01d8 C6       		.byte	-58
 391 01d9 0E       		.byte	14
 392 01da 0C       		.byte	12
 393 01db 38       		.byte	56
 394 01dc 70       		.byte	112
 395 01dd E0       		.byte	-32
 396 01de C0       		.byte	-64
 397 01df FE       		.byte	-2
 398 01e0 08       		.byte	8
 399 01e1 07       		.byte	7
 400 01e2 0A       		.byte	10
 401 01e3 00       		.byte	0
 402 01e4 00       		.byte	0
 403 01e5 7C       		.byte	124
 404 01e6 CE       		.byte	-50
 405 01e7 C6       		.byte	-58
 406 01e8 06       		.byte	6
 407 01e9 3C       		.byte	60
 408 01ea 06       		.byte	6
 409 01eb 06       		.byte	6
 410 01ec C6       		.byte	-58
 411 01ed CE       		.byte	-50
 412 01ee 7C       		.byte	124
 413 01ef 08       		.byte	8
 414 01f0 08       		.byte	8
 415 01f1 0A       		.byte	10
 416 01f2 00       		.byte	0
 417 01f3 00       		.byte	0
 418 01f4 0E       		.byte	14
 419 01f5 1E       		.byte	30
 420 01f6 36       		.byte	54
 421 01f7 66       		.byte	102
 422 01f8 C6       		.byte	-58
 423 01f9 C6       		.byte	-58
 424 01fa FF       		.byte	-1
 425 01fb 06       		.byte	6
 426 01fc 06       		.byte	6
 427 01fd 06       		.byte	6
 428 01fe 08       		.byte	8
 429 01ff 07       		.byte	7
 430 0200 0A       		.byte	10
 431 0201 00       		.byte	0
 432 0202 00       		.byte	0
 433 0203 7E       		.byte	126
 434 0204 60       		.byte	96
 435 0205 C0       		.byte	-64
 436 0206 F8       		.byte	-8
 437 0207 1C       		.byte	28
 438 0208 06       		.byte	6
 439 0209 06       		.byte	6
 440 020a C6       		.byte	-58
 441 020b EC       		.byte	-20
 442 020c 78       		.byte	120
 443 020d 08       		.byte	8
 444 020e 07       		.byte	7
 445 020f 0A       		.byte	10
 446 0210 00       		.byte	0
 447 0211 00       		.byte	0
 448 0212 3C       		.byte	60
 449 0213 76       		.byte	118
 450 0214 66       		.byte	102
 451 0215 C0       		.byte	-64
 452 0216 DC       		.byte	-36
 453 0217 F6       		.byte	-10
 454 0218 C6       		.byte	-58
 455 0219 C6       		.byte	-58
 456 021a 6E       		.byte	110
 457 021b 3C       		.byte	60
 458 021c 08       		.byte	8
 459 021d 07       		.byte	7
 460 021e 0A       		.byte	10
 461 021f 00       		.byte	0
 462 0220 00       		.byte	0
 463 0221 FE       		.byte	-2
 464 0222 06       		.byte	6
 465 0223 0C       		.byte	12
 466 0224 0C       		.byte	12
 467 0225 18       		.byte	24
 468 0226 18       		.byte	24
 469 0227 30       		.byte	48
 470 0228 30       		.byte	48
 471 0229 60       		.byte	96
 472 022a 60       		.byte	96
 473 022b 08       		.byte	8
 474 022c 07       		.byte	7
 475 022d 0A       		.byte	10
 476 022e 00       		.byte	0
 477 022f 00       		.byte	0
 478 0230 7C       		.byte	124
 479 0231 EE       		.byte	-18
 480 0232 C6       		.byte	-58
 481 0233 C6       		.byte	-58
 482 0234 7C       		.byte	124
 483 0235 EE       		.byte	-18
 484 0236 C6       		.byte	-58
 485 0237 C6       		.byte	-58
 486 0238 C6       		.byte	-58
 487 0239 7C       		.byte	124
 488 023a 08       		.byte	8
 489 023b 07       		.byte	7
 490 023c 0A       		.byte	10
 491 023d 00       		.byte	0
 492 023e 00       		.byte	0
 493 023f 7C       		.byte	124
 494 0240 EE       		.byte	-18
 495 0241 C6       		.byte	-58
 496 0242 C6       		.byte	-58
 497 0243 E6       		.byte	-26
 498 0244 7E       		.byte	126
 499 0245 06       		.byte	6
 500 0246 C6       		.byte	-58
 501 0247 CE       		.byte	-50
 502 0248 7C       		.byte	124
 503 0249 05       		.byte	5
 504 024a 02       		.byte	2
 505 024b 08       		.byte	8
 506 024c 02       		.byte	2
 507 024d 00       		.byte	0
 508 024e C0       		.byte	-64
 509 024f C0       		.byte	-64
 510 0250 00       		.byte	0
 511 0251 00       		.byte	0
 512 0252 00       		.byte	0
 513 0253 00       		.byte	0
 514 0254 C0       		.byte	-64
 515 0255 C0       		.byte	-64
 516 0256 05       		.byte	5
 517 0257 03       		.byte	3
 518 0258 09       		.byte	9
 519 0259 01       		.byte	1
 520 025a FF       		.byte	-1
 521 025b 60       		.byte	96
 522 025c 60       		.byte	96
 523 025d 00       		.byte	0
 524 025e 00       		.byte	0
 525 025f 00       		.byte	0
 526 0260 00       		.byte	0
 527 0261 60       		.byte	96
 528 0262 60       		.byte	96
 529 0263 C0       		.byte	-64
 530 0264 08       		.byte	8
 531 0265 06       		.byte	6
 532 0266 05       		.byte	5
 533 0267 01       		.byte	1
 534 0268 02       		.byte	2
 535 0269 1C       		.byte	28
 536 026a 70       		.byte	112
 537 026b C0       		.byte	-64
 538 026c 70       		.byte	112
 539 026d 1C       		.byte	28
 540 026e 09       		.byte	9
 541 026f 07       		.byte	7
 542 0270 03       		.byte	3
 543 0271 01       		.byte	1
 544 0272 03       		.byte	3
 545 0273 FE       		.byte	-2
 546 0274 00       		.byte	0
 547 0275 FE       		.byte	-2
 548 0276 08       		.byte	8
 549 0277 06       		.byte	6
 550 0278 05       		.byte	5
 551 0279 01       		.byte	1
 552 027a 02       		.byte	2
 553 027b E0       		.byte	-32
 554 027c 38       		.byte	56
 555 027d 0C       		.byte	12
 556 027e 38       		.byte	56
 557 027f E0       		.byte	-32
 558 0280 09       		.byte	9
 559 0281 07       		.byte	7
 560 0282 0B       		.byte	11
 561 0283 01       		.byte	1
 562 0284 00       		.byte	0
 563 0285 7C       		.byte	124
 564 0286 C6       		.byte	-58
 565 0287 C6       		.byte	-58
 566 0288 06       		.byte	6
 567 0289 0C       		.byte	12
 568 028a 18       		.byte	24
 569 028b 30       		.byte	48
 570 028c 30       		.byte	48
 571 028d 00       		.byte	0
 572 028e 30       		.byte	48
 573 028f 30       		.byte	48
 574 0290 0E       		.byte	14
 575 0291 0D       		.byte	13
 576 0292 0C       		.byte	12
 577 0293 00       		.byte	0
 578 0294 FF       		.byte	-1
 579 0295 0F       		.byte	15
 580 0296 80       		.byte	-128
 581 0297 38       		.byte	56
 582 0298 E0       		.byte	-32
 583 0299 70       		.byte	112
 584 029a 70       		.byte	112
 585 029b 66       		.byte	102
 586 029c B0       		.byte	-80
 587 029d CD       		.byte	-51
 588 029e 98       		.byte	-104
 589 029f D9       		.byte	-39
 590 02a0 98       		.byte	-104
 591 02a1 DB       		.byte	-37
 592 02a2 18       		.byte	24
 593 02a3 DB       		.byte	-37
 594 02a4 30       		.byte	48
 595 02a5 CE       		.byte	-50
 596 02a6 E0       		.byte	-32
 597 02a7 60       		.byte	96
 598 02a8 00       		.byte	0
 599 02a9 31       		.byte	49
 600 02aa 80       		.byte	-128
 601 02ab 1F       		.byte	31
 602 02ac 00       		.byte	0
 603 02ad 0A       		.byte	10
 604 02ae 0A       		.byte	10
 605 02af 0B       		.byte	11
 606 02b0 00       		.byte	0
 607 02b1 00       		.byte	0
 608 02b2 0C       		.byte	12
 609 02b3 00       		.byte	0
 610 02b4 0C       		.byte	12
 611 02b5 00       		.byte	0
 612 02b6 1E       		.byte	30
 613 02b7 00       		.byte	0
 614 02b8 12       		.byte	18
 615 02b9 00       		.byte	0
 616 02ba 33       		.byte	51
 617 02bb 00       		.byte	0
 618 02bc 33       		.byte	51
 619 02bd 00       		.byte	0
 620 02be 61       		.byte	97
 621 02bf 80       		.byte	-128
 622 02c0 7F       		.byte	127
 623 02c1 80       		.byte	-128
 624 02c2 61       		.byte	97
 625 02c3 80       		.byte	-128
 626 02c4 C0       		.byte	-64
 627 02c5 C0       		.byte	-64
 628 02c6 C0       		.byte	-64
 629 02c7 C0       		.byte	-64
 630 02c8 0A       		.byte	10
 631 02c9 08       		.byte	8
 632 02ca 0B       		.byte	11
 633 02cb 01       		.byte	1
 634 02cc 00       		.byte	0
 635 02cd FE       		.byte	-2
 636 02ce C7       		.byte	-57
 637 02cf C3       		.byte	-61
 638 02d0 C3       		.byte	-61
 639 02d1 C6       		.byte	-58
 640 02d2 FC       		.byte	-4
 641 02d3 C6       		.byte	-58
 642 02d4 C3       		.byte	-61
 643 02d5 C3       		.byte	-61
 644 02d6 C7       		.byte	-57
 645 02d7 FE       		.byte	-2
 646 02d8 0B       		.byte	11
 647 02d9 09       		.byte	9
 648 02da 0B       		.byte	11
 649 02db 01       		.byte	1
 650 02dc 00       		.byte	0
 651 02dd 1F       		.byte	31
 652 02de 00       		.byte	0
 653 02df 7B       		.byte	123
 654 02e0 80       		.byte	-128
 655 02e1 60       		.byte	96
 656 02e2 80       		.byte	-128
 657 02e3 C0       		.byte	-64
 658 02e4 00       		.byte	0
 659 02e5 C0       		.byte	-64
 660 02e6 00       		.byte	0
 661 02e7 C0       		.byte	-64
 662 02e8 00       		.byte	0
 663 02e9 C0       		.byte	-64
 664 02ea 00       		.byte	0
 665 02eb C0       		.byte	-64
 666 02ec 00       		.byte	0
 667 02ed 60       		.byte	96
 668 02ee 80       		.byte	-128
 669 02ef 7B       		.byte	123
 670 02f0 80       		.byte	-128
 671 02f1 1F       		.byte	31
 672 02f2 00       		.byte	0
 673 02f3 0B       		.byte	11
 674 02f4 09       		.byte	9
 675 02f5 0B       		.byte	11
 676 02f6 01       		.byte	1
 677 02f7 00       		.byte	0
 678 02f8 FC       		.byte	-4
 679 02f9 00       		.byte	0
 680 02fa C7       		.byte	-57
 681 02fb 00       		.byte	0
 682 02fc C3       		.byte	-61
 683 02fd 00       		.byte	0
 684 02fe C1       		.byte	-63
 685 02ff 80       		.byte	-128
 686 0300 C1       		.byte	-63
 687 0301 80       		.byte	-128
 688 0302 C1       		.byte	-63
 689 0303 80       		.byte	-128
 690 0304 C1       		.byte	-63
 691 0305 80       		.byte	-128
 692 0306 C1       		.byte	-63
 693 0307 80       		.byte	-128
 694 0308 C3       		.byte	-61
 695 0309 00       		.byte	0
 696 030a C7       		.byte	-57
 697 030b 00       		.byte	0
 698 030c FC       		.byte	-4
 699 030d 00       		.byte	0
 700 030e 09       		.byte	9
 701 030f 07       		.byte	7
 702 0310 0B       		.byte	11
 703 0311 01       		.byte	1
 704 0312 00       		.byte	0
 705 0313 FE       		.byte	-2
 706 0314 C0       		.byte	-64
 707 0315 C0       		.byte	-64
 708 0316 C0       		.byte	-64
 709 0317 C0       		.byte	-64
 710 0318 FE       		.byte	-2
 711 0319 C0       		.byte	-64
 712 031a C0       		.byte	-64
 713 031b C0       		.byte	-64
 714 031c C0       		.byte	-64
 715 031d FE       		.byte	-2
 716 031e 09       		.byte	9
 717 031f 07       		.byte	7
 718 0320 0B       		.byte	11
 719 0321 01       		.byte	1
 720 0322 00       		.byte	0
 721 0323 FE       		.byte	-2
 722 0324 C0       		.byte	-64
 723 0325 C0       		.byte	-64
 724 0326 C0       		.byte	-64
 725 0327 C0       		.byte	-64
 726 0328 FC       		.byte	-4
 727 0329 C0       		.byte	-64
 728 032a C0       		.byte	-64
 729 032b C0       		.byte	-64
 730 032c C0       		.byte	-64
 731 032d C0       		.byte	-64
 732 032e 0B       		.byte	11
 733 032f 09       		.byte	9
 734 0330 0B       		.byte	11
 735 0331 01       		.byte	1
 736 0332 00       		.byte	0
 737 0333 1F       		.byte	31
 738 0334 00       		.byte	0
 739 0335 7B       		.byte	123
 740 0336 80       		.byte	-128
 741 0337 60       		.byte	96
 742 0338 80       		.byte	-128
 743 0339 C0       		.byte	-64
 744 033a 00       		.byte	0
 745 033b C0       		.byte	-64
 746 033c 00       		.byte	0
 747 033d C7       		.byte	-57
 748 033e 80       		.byte	-128
 749 033f C1       		.byte	-63
 750 0340 80       		.byte	-128
 751 0341 C1       		.byte	-63
 752 0342 80       		.byte	-128
 753 0343 61       		.byte	97
 754 0344 80       		.byte	-128
 755 0345 7B       		.byte	123
 756 0346 80       		.byte	-128
 757 0347 1E       		.byte	30
 758 0348 80       		.byte	-128
 759 0349 0A       		.byte	10
 760 034a 08       		.byte	8
 761 034b 0B       		.byte	11
 762 034c 01       		.byte	1
 763 034d 00       		.byte	0
 764 034e C3       		.byte	-61
 765 034f C3       		.byte	-61
 766 0350 C3       		.byte	-61
 767 0351 C3       		.byte	-61
 768 0352 C3       		.byte	-61
 769 0353 FF       		.byte	-1
 770 0354 C3       		.byte	-61
 771 0355 C3       		.byte	-61
 772 0356 C3       		.byte	-61
 773 0357 C3       		.byte	-61
 774 0358 C3       		.byte	-61
 775 0359 04       		.byte	4
 776 035a 02       		.byte	2
 777 035b 0B       		.byte	11
 778 035c 01       		.byte	1
 779 035d 00       		.byte	0
 780 035e C0       		.byte	-64
 781 035f C0       		.byte	-64
 782 0360 C0       		.byte	-64
 783 0361 C0       		.byte	-64
 784 0362 C0       		.byte	-64
 785 0363 C0       		.byte	-64
 786 0364 C0       		.byte	-64
 787 0365 C0       		.byte	-64
 788 0366 C0       		.byte	-64
 789 0367 C0       		.byte	-64
 790 0368 C0       		.byte	-64
 791 0369 08       		.byte	8
 792 036a 07       		.byte	7
 793 036b 0B       		.byte	11
 794 036c 00       		.byte	0
 795 036d 00       		.byte	0
 796 036e 06       		.byte	6
 797 036f 06       		.byte	6
 798 0370 06       		.byte	6
 799 0371 06       		.byte	6
 800 0372 06       		.byte	6
 801 0373 06       		.byte	6
 802 0374 06       		.byte	6
 803 0375 C6       		.byte	-58
 804 0376 C6       		.byte	-58
 805 0377 EE       		.byte	-18
 806 0378 7C       		.byte	124
 807 0379 0A       		.byte	10
 808 037a 09       		.byte	9
 809 037b 0B       		.byte	11
 810 037c 01       		.byte	1
 811 037d 00       		.byte	0
 812 037e C3       		.byte	-61
 813 037f 00       		.byte	0
 814 0380 C6       		.byte	-58
 815 0381 00       		.byte	0
 816 0382 CC       		.byte	-52
 817 0383 00       		.byte	0
 818 0384 D8       		.byte	-40
 819 0385 00       		.byte	0
 820 0386 F0       		.byte	-16
 821 0387 00       		.byte	0
 822 0388 F0       		.byte	-16
 823 0389 00       		.byte	0
 824 038a D8       		.byte	-40
 825 038b 00       		.byte	0
 826 038c CC       		.byte	-52
 827 038d 00       		.byte	0
 828 038e C6       		.byte	-58
 829 038f 00       		.byte	0
 830 0390 C3       		.byte	-61
 831 0391 00       		.byte	0
 832 0392 C1       		.byte	-63
 833 0393 80       		.byte	-128
 834 0394 08       		.byte	8
 835 0395 07       		.byte	7
 836 0396 0B       		.byte	11
 837 0397 01       		.byte	1
 838 0398 00       		.byte	0
 839 0399 C0       		.byte	-64
 840 039a C0       		.byte	-64
 841 039b C0       		.byte	-64
 842 039c C0       		.byte	-64
 843 039d C0       		.byte	-64
 844 039e C0       		.byte	-64
 845 039f C0       		.byte	-64
 846 03a0 C0       		.byte	-64
 847 03a1 C0       		.byte	-64
 848 03a2 C0       		.byte	-64
 849 03a3 FE       		.byte	-2
 850 03a4 0D       		.byte	13
 851 03a5 0B       		.byte	11
 852 03a6 0B       		.byte	11
 853 03a7 01       		.byte	1
 854 03a8 00       		.byte	0
 855 03a9 C0       		.byte	-64
 856 03aa 60       		.byte	96
 857 03ab C0       		.byte	-64
 858 03ac 60       		.byte	96
 859 03ad E0       		.byte	-32
 860 03ae E0       		.byte	-32
 861 03af E0       		.byte	-32
 862 03b0 E0       		.byte	-32
 863 03b1 F1       		.byte	-15
 864 03b2 E0       		.byte	-32
 865 03b3 D1       		.byte	-47
 866 03b4 60       		.byte	96
 867 03b5 D1       		.byte	-47
 868 03b6 60       		.byte	96
 869 03b7 DB       		.byte	-37
 870 03b8 60       		.byte	96
 871 03b9 CA       		.byte	-54
 872 03ba 60       		.byte	96
 873 03bb CE       		.byte	-50
 874 03bc 60       		.byte	96
 875 03bd C4       		.byte	-60
 876 03be 60       		.byte	96
 877 03bf 0B       		.byte	11
 878 03c0 09       		.byte	9
 879 03c1 0B       		.byte	11
 880 03c2 01       		.byte	1
 881 03c3 00       		.byte	0
 882 03c4 C1       		.byte	-63
 883 03c5 80       		.byte	-128
 884 03c6 E1       		.byte	-31
 885 03c7 80       		.byte	-128
 886 03c8 E1       		.byte	-31
 887 03c9 80       		.byte	-128
 888 03ca D1       		.byte	-47
 889 03cb 80       		.byte	-128
 890 03cc D9       		.byte	-39
 891 03cd 80       		.byte	-128
 892 03ce C9       		.byte	-55
 893 03cf 80       		.byte	-128
 894 03d0 CD       		.byte	-51
 895 03d1 80       		.byte	-128
 896 03d2 C5       		.byte	-59
 897 03d3 80       		.byte	-128
 898 03d4 C3       		.byte	-61
 899 03d5 80       		.byte	-128
 900 03d6 C3       		.byte	-61
 901 03d7 80       		.byte	-128
 902 03d8 C1       		.byte	-63
 903 03d9 80       		.byte	-128
 904 03da 0C       		.byte	12
 905 03db 0A       		.byte	10
 906 03dc 0B       		.byte	11
 907 03dd 01       		.byte	1
 908 03de 00       		.byte	0
 909 03df 1E       		.byte	30
 910 03e0 00       		.byte	0
 911 03e1 73       		.byte	115
 912 03e2 80       		.byte	-128
 913 03e3 61       		.byte	97
 914 03e4 80       		.byte	-128
 915 03e5 C0       		.byte	-64
 916 03e6 C0       		.byte	-64
 917 03e7 C0       		.byte	-64
 918 03e8 C0       		.byte	-64
 919 03e9 C0       		.byte	-64
 920 03ea C0       		.byte	-64
 921 03eb C0       		.byte	-64
 922 03ec C0       		.byte	-64
 923 03ed C0       		.byte	-64
 924 03ee C0       		.byte	-64
 925 03ef 61       		.byte	97
 926 03f0 80       		.byte	-128
 927 03f1 73       		.byte	115
 928 03f2 80       		.byte	-128
 929 03f3 1E       		.byte	30
 930 03f4 00       		.byte	0
 931 03f5 0A       		.byte	10
 932 03f6 08       		.byte	8
 933 03f7 0B       		.byte	11
 934 03f8 01       		.byte	1
 935 03f9 00       		.byte	0
 936 03fa FE       		.byte	-2
 937 03fb C7       		.byte	-57
 938 03fc C3       		.byte	-61
 939 03fd C3       		.byte	-61
 940 03fe C7       		.byte	-57
 941 03ff FE       		.byte	-2
 942 0400 C0       		.byte	-64
 943 0401 C0       		.byte	-64
 944 0402 C0       		.byte	-64
 945 0403 C0       		.byte	-64
 946 0404 C0       		.byte	-64
 947 0405 0C       		.byte	12
 948 0406 0A       		.byte	10
 949 0407 0B       		.byte	11
 950 0408 01       		.byte	1
 951 0409 00       		.byte	0
 952 040a 1E       		.byte	30
 953 040b 00       		.byte	0
 954 040c 73       		.byte	115
 955 040d 80       		.byte	-128
 956 040e 61       		.byte	97
 957 040f 80       		.byte	-128
 958 0410 C0       		.byte	-64
 959 0411 C0       		.byte	-64
 960 0412 C0       		.byte	-64
 961 0413 C0       		.byte	-64
 962 0414 C0       		.byte	-64
 963 0415 C0       		.byte	-64
 964 0416 C0       		.byte	-64
 965 0417 C0       		.byte	-64
 966 0418 C6       		.byte	-58
 967 0419 C0       		.byte	-64
 968 041a 63       		.byte	99
 969 041b 80       		.byte	-128
 970 041c 73       		.byte	115
 971 041d 80       		.byte	-128
 972 041e 1E       		.byte	30
 973 041f C0       		.byte	-64
 974 0420 0B       		.byte	11
 975 0421 09       		.byte	9
 976 0422 0B       		.byte	11
 977 0423 01       		.byte	1
 978 0424 00       		.byte	0
 979 0425 FE       		.byte	-2
 980 0426 00       		.byte	0
 981 0427 C7       		.byte	-57
 982 0428 00       		.byte	0
 983 0429 C3       		.byte	-61
 984 042a 00       		.byte	0
 985 042b C3       		.byte	-61
 986 042c 00       		.byte	0
 987 042d C7       		.byte	-57
 988 042e 00       		.byte	0
 989 042f FE       		.byte	-2
 990 0430 00       		.byte	0
 991 0431 C3       		.byte	-61
 992 0432 00       		.byte	0
 993 0433 C3       		.byte	-61
 994 0434 00       		.byte	0
 995 0435 C3       		.byte	-61
 996 0436 00       		.byte	0
 997 0437 C3       		.byte	-61
 998 0438 00       		.byte	0
 999 0439 C1       		.byte	-63
 1000 043a 80       		.byte	-128
 1001 043b 0A       		.byte	10
 1002 043c 08       		.byte	8
 1003 043d 0B       		.byte	11
 1004 043e 01       		.byte	1
 1005 043f 00       		.byte	0
 1006 0440 7E       		.byte	126
 1007 0441 E7       		.byte	-25
 1008 0442 C3       		.byte	-61
 1009 0443 E0       		.byte	-32
 1010 0444 78       		.byte	120
 1011 0445 1E       		.byte	30
 1012 0446 07       		.byte	7
 1013 0447 03       		.byte	3
 1014 0448 C3       		.byte	-61
 1015 0449 EE       		.byte	-18
 1016 044a 7C       		.byte	124
 1017 044b 08       		.byte	8
 1018 044c 08       		.byte	8
 1019 044d 0B       		.byte	11
 1020 044e 00       		.byte	0
 1021 044f 00       		.byte	0
 1022 0450 FF       		.byte	-1
 1023 0451 18       		.byte	24
 1024 0452 18       		.byte	24
 1025 0453 18       		.byte	24
 1026 0454 18       		.byte	24
 1027 0455 18       		.byte	24
 1028 0456 18       		.byte	24
 1029 0457 18       		.byte	24
 1030 0458 18       		.byte	24
 1031 0459 18       		.byte	24
 1032 045a 18       		.byte	24
 1033 045b 0B       		.byte	11
 1034 045c 09       		.byte	9
 1035 045d 0B       		.byte	11
 1036 045e 01       		.byte	1
 1037 045f 00       		.byte	0
 1038 0460 C1       		.byte	-63
 1039 0461 80       		.byte	-128
 1040 0462 C1       		.byte	-63
 1041 0463 80       		.byte	-128
 1042 0464 C1       		.byte	-63
 1043 0465 80       		.byte	-128
 1044 0466 C1       		.byte	-63
 1045 0467 80       		.byte	-128
 1046 0468 C1       		.byte	-63
 1047 0469 80       		.byte	-128
 1048 046a C1       		.byte	-63
 1049 046b 80       		.byte	-128
 1050 046c C1       		.byte	-63
 1051 046d 80       		.byte	-128
 1052 046e C1       		.byte	-63
 1053 046f 80       		.byte	-128
 1054 0470 C1       		.byte	-63
 1055 0471 80       		.byte	-128
 1056 0472 63       		.byte	99
 1057 0473 00       		.byte	0
 1058 0474 3E       		.byte	62
 1059 0475 00       		.byte	0
 1060 0476 0A       		.byte	10
 1061 0477 0A       		.byte	10
 1062 0478 0B       		.byte	11
 1063 0479 00       		.byte	0
 1064 047a 00       		.byte	0
 1065 047b C0       		.byte	-64
 1066 047c C0       		.byte	-64
 1067 047d C0       		.byte	-64
 1068 047e C0       		.byte	-64
 1069 047f 61       		.byte	97
 1070 0480 80       		.byte	-128
 1071 0481 61       		.byte	97
 1072 0482 80       		.byte	-128
 1073 0483 73       		.byte	115
 1074 0484 80       		.byte	-128
 1075 0485 33       		.byte	51
 1076 0486 00       		.byte	0
 1077 0487 33       		.byte	51
 1078 0488 00       		.byte	0
 1079 0489 1E       		.byte	30
 1080 048a 00       		.byte	0
 1081 048b 1E       		.byte	30
 1082 048c 00       		.byte	0
 1083 048d 0C       		.byte	12
 1084 048e 00       		.byte	0
 1085 048f 0C       		.byte	12
 1086 0490 00       		.byte	0
 1087 0491 0E       		.byte	14
 1088 0492 0E       		.byte	14
 1089 0493 0B       		.byte	11
 1090 0494 00       		.byte	0
 1091 0495 00       		.byte	0
 1092 0496 C3       		.byte	-61
 1093 0497 0C       		.byte	12
 1094 0498 C3       		.byte	-61
 1095 0499 0C       		.byte	12
 1096 049a C3       		.byte	-61
 1097 049b 0C       		.byte	12
 1098 049c 67       		.byte	103
 1099 049d 98       		.byte	-104
 1100 049e 64       		.byte	100
 1101 049f 98       		.byte	-104
 1102 04a0 64       		.byte	100
 1103 04a1 98       		.byte	-104
 1104 04a2 6C       		.byte	108
 1105 04a3 D8       		.byte	-40
 1106 04a4 2C       		.byte	44
 1107 04a5 D0       		.byte	-48
 1108 04a6 38       		.byte	56
 1109 04a7 70       		.byte	112
 1110 04a8 18       		.byte	24
 1111 04a9 60       		.byte	96
 1112 04aa 18       		.byte	24
 1113 04ab 60       		.byte	96
 1114 04ac 09       		.byte	9
 1115 04ad 09       		.byte	9
 1116 04ae 0B       		.byte	11
 1117 04af 00       		.byte	0
 1118 04b0 00       		.byte	0
 1119 04b1 C1       		.byte	-63
 1120 04b2 80       		.byte	-128
 1121 04b3 C1       		.byte	-63
 1122 04b4 80       		.byte	-128
 1123 04b5 63       		.byte	99
 1124 04b6 00       		.byte	0
 1125 04b7 36       		.byte	54
 1126 04b8 00       		.byte	0
 1127 04b9 1C       		.byte	28
 1128 04ba 00       		.byte	0
 1129 04bb 1C       		.byte	28
 1130 04bc 00       		.byte	0
 1131 04bd 36       		.byte	54
 1132 04be 00       		.byte	0
 1133 04bf 63       		.byte	99
 1134 04c0 00       		.byte	0
 1135 04c1 63       		.byte	99
 1136 04c2 00       		.byte	0
 1137 04c3 C1       		.byte	-63
 1138 04c4 80       		.byte	-128
 1139 04c5 C1       		.byte	-63
 1140 04c6 80       		.byte	-128
 1141 04c7 0A       		.byte	10
 1142 04c8 0A       		.byte	10
 1143 04c9 0B       		.byte	11
 1144 04ca 00       		.byte	0
 1145 04cb 00       		.byte	0
 1146 04cc C0       		.byte	-64
 1147 04cd C0       		.byte	-64
 1148 04ce 61       		.byte	97
 1149 04cf 80       		.byte	-128
 1150 04d0 61       		.byte	97
 1151 04d1 80       		.byte	-128
 1152 04d2 33       		.byte	51
 1153 04d3 00       		.byte	0
 1154 04d4 33       		.byte	51
 1155 04d5 00       		.byte	0
 1156 04d6 1E       		.byte	30
 1157 04d7 00       		.byte	0
 1158 04d8 1E       		.byte	30
 1159 04d9 00       		.byte	0
 1160 04da 0C       		.byte	12
 1161 04db 00       		.byte	0
 1162 04dc 0C       		.byte	12
 1163 04dd 00       		.byte	0
 1164 04de 0C       		.byte	12
 1165 04df 00       		.byte	0
 1166 04e0 0C       		.byte	12
 1167 04e1 00       		.byte	0
 1168 04e2 09       		.byte	9
 1169 04e3 08       		.byte	8
 1170 04e4 0B       		.byte	11
 1171 04e5 00       		.byte	0
 1172 04e6 00       		.byte	0
 1173 04e7 FF       		.byte	-1
 1174 04e8 03       		.byte	3
 1175 04e9 06       		.byte	6
 1176 04ea 0C       		.byte	12
 1177 04eb 1C       		.byte	28
 1178 04ec 18       		.byte	24
 1179 04ed 30       		.byte	48
 1180 04ee 70       		.byte	112
 1181 04ef 60       		.byte	96
 1182 04f0 C0       		.byte	-64
 1183 04f1 FF       		.byte	-1
 1184 04f2 05       		.byte	5
 1185 04f3 04       		.byte	4
 1186 04f4 0E       		.byte	14
 1187 04f5 01       		.byte	1
 1188 04f6 FD       		.byte	-3
 1189 04f7 F0       		.byte	-16
 1190 04f8 C0       		.byte	-64
 1191 04f9 C0       		.byte	-64
 1192 04fa C0       		.byte	-64
 1193 04fb C0       		.byte	-64
 1194 04fc C0       		.byte	-64
 1195 04fd C0       		.byte	-64
 1196 04fe C0       		.byte	-64
 1197 04ff C0       		.byte	-64
 1198 0500 C0       		.byte	-64
 1199 0501 C0       		.byte	-64
 1200 0502 C0       		.byte	-64
 1201 0503 C0       		.byte	-64
 1202 0504 F0       		.byte	-16
 1203 0505 04       		.byte	4
 1204 0506 04       		.byte	4
 1205 0507 0B       		.byte	11
 1206 0508 00       		.byte	0
 1207 0509 00       		.byte	0
 1208 050a C0       		.byte	-64
 1209 050b C0       		.byte	-64
 1210 050c C0       		.byte	-64
 1211 050d 40       		.byte	64
 1212 050e 60       		.byte	96
 1213 050f 60       		.byte	96
 1214 0510 60       		.byte	96
 1215 0511 20       		.byte	32
 1216 0512 30       		.byte	48
 1217 0513 30       		.byte	48
 1218 0514 30       		.byte	48
 1219 0515 05       		.byte	5
 1220 0516 04       		.byte	4
 1221 0517 0E       		.byte	14
 1222 0518 00       		.byte	0
 1223 0519 FD       		.byte	-3
 1224 051a F0       		.byte	-16
 1225 051b 30       		.byte	48
 1226 051c 30       		.byte	48
 1227 051d 30       		.byte	48
 1228 051e 30       		.byte	48
 1229 051f 30       		.byte	48
 1230 0520 30       		.byte	48
 1231 0521 30       		.byte	48
 1232 0522 30       		.byte	48
 1233 0523 30       		.byte	48
 1234 0524 30       		.byte	48
 1235 0525 30       		.byte	48
 1236 0526 30       		.byte	48
 1237 0527 F0       		.byte	-16
 1238 0528 08       		.byte	8
 1239 0529 06       		.byte	6
 1240 052a 04       		.byte	4
 1241 052b 01       		.byte	1
 1242 052c 07       		.byte	7
 1243 052d 30       		.byte	48
 1244 052e 78       		.byte	120
 1245 052f CC       		.byte	-52
 1246 0530 84       		.byte	-124
 1247 0531 08       		.byte	8
 1248 0532 08       		.byte	8
 1249 0533 01       		.byte	1
 1250 0534 00       		.byte	0
 1251 0535 FD       		.byte	-3
 1252 0536 FF       		.byte	-1
 1253 0537 05       		.byte	5
 1254 0538 03       		.byte	3
 1255 0539 02       		.byte	2
 1256 053a 01       		.byte	1
 1257 053b 09       		.byte	9
 1258 053c C0       		.byte	-64
 1259 053d 60       		.byte	96
 1260 053e 08       		.byte	8
 1261 053f 07       		.byte	7
 1262 0540 08       		.byte	8
 1263 0541 01       		.byte	1
 1264 0542 00       		.byte	0
 1265 0543 78       		.byte	120
 1266 0544 CC       		.byte	-52
 1267 0545 0C       		.byte	12
 1268 0546 7C       		.byte	124
 1269 0547 CC       		.byte	-52
 1270 0548 CC       		.byte	-52
 1271 0549 FC       		.byte	-4
 1272 054a 76       		.byte	118
 1273 054b 09       		.byte	9
 1274 054c 07       		.byte	7
 1275 054d 0B       		.byte	11
 1276 054e 01       		.byte	1
 1277 054f 00       		.byte	0
 1278 0550 C0       		.byte	-64
 1279 0551 C0       		.byte	-64
 1280 0552 C0       		.byte	-64
 1281 0553 F8       		.byte	-8
 1282 0554 EC       		.byte	-20
 1283 0555 C6       		.byte	-58
 1284 0556 C6       		.byte	-58
 1285 0557 C6       		.byte	-58
 1286 0558 C6       		.byte	-58
 1287 0559 EC       		.byte	-20
 1288 055a D8       		.byte	-40
 1289 055b 08       		.byte	8
 1290 055c 06       		.byte	6
 1291 055d 08       		.byte	8
 1292 055e 01       		.byte	1
 1293 055f 00       		.byte	0
 1294 0560 38       		.byte	56
 1295 0561 7C       		.byte	124
 1296 0562 C4       		.byte	-60
 1297 0563 C0       		.byte	-64
 1298 0564 C0       		.byte	-64
 1299 0565 C4       		.byte	-60
 1300 0566 7C       		.byte	124
 1301 0567 38       		.byte	56
 1302 0568 09       		.byte	9
 1303 0569 07       		.byte	7
 1304 056a 0B       		.byte	11
 1305 056b 01       		.byte	1
 1306 056c 00       		.byte	0
 1307 056d 06       		.byte	6
 1308 056e 06       		.byte	6
 1309 056f 06       		.byte	6
 1310 0570 3E       		.byte	62
 1311 0571 6E       		.byte	110
 1312 0572 C6       		.byte	-58
 1313 0573 C6       		.byte	-58
 1314 0574 C6       		.byte	-58
 1315 0575 C6       		.byte	-58
 1316 0576 6E       		.byte	110
 1317 0577 36       		.byte	54
 1318 0578 08       		.byte	8
 1319 0579 06       		.byte	6
 1320 057a 08       		.byte	8
 1321 057b 01       		.byte	1
 1322 057c 00       		.byte	0
 1323 057d 78       		.byte	120
 1324 057e CC       		.byte	-52
 1325 057f CC       		.byte	-52
 1326 0580 FC       		.byte	-4
 1327 0581 C0       		.byte	-64
 1328 0582 C0       		.byte	-64
 1329 0583 EC       		.byte	-20
 1330 0584 78       		.byte	120
 1331 0585 04       		.byte	4
 1332 0586 05       		.byte	5
 1333 0587 0B       		.byte	11
 1334 0588 00       		.byte	0
 1335 0589 00       		.byte	0
 1336 058a 38       		.byte	56
 1337 058b 60       		.byte	96
 1338 058c 60       		.byte	96
 1339 058d F0       		.byte	-16
 1340 058e 60       		.byte	96
 1341 058f 60       		.byte	96
 1342 0590 60       		.byte	96
 1343 0591 60       		.byte	96
 1344 0592 60       		.byte	96
 1345 0593 60       		.byte	96
 1346 0594 60       		.byte	96
 1347 0595 09       		.byte	9
 1348 0596 07       		.byte	7
 1349 0597 0B       		.byte	11
 1350 0598 01       		.byte	1
 1351 0599 FD       		.byte	-3
 1352 059a 3A       		.byte	58
 1353 059b 6E       		.byte	110
 1354 059c C6       		.byte	-58
 1355 059d C6       		.byte	-58
 1356 059e C6       		.byte	-58
 1357 059f C6       		.byte	-58
 1358 05a0 6E       		.byte	110
 1359 05a1 3E       		.byte	62
 1360 05a2 06       		.byte	6
 1361 05a3 CE       		.byte	-50
 1362 05a4 7C       		.byte	124
 1363 05a5 09       		.byte	9
 1364 05a6 07       		.byte	7
 1365 05a7 0B       		.byte	11
 1366 05a8 01       		.byte	1
 1367 05a9 00       		.byte	0
 1368 05aa C0       		.byte	-64
 1369 05ab C0       		.byte	-64
 1370 05ac C0       		.byte	-64
 1371 05ad DC       		.byte	-36
 1372 05ae EE       		.byte	-18
 1373 05af C6       		.byte	-58
 1374 05b0 C6       		.byte	-58
 1375 05b1 C6       		.byte	-58
 1376 05b2 C6       		.byte	-58
 1377 05b3 C6       		.byte	-58
 1378 05b4 C6       		.byte	-58
 1379 05b5 04       		.byte	4
 1380 05b6 02       		.byte	2
 1381 05b7 0B       		.byte	11
 1382 05b8 01       		.byte	1
 1383 05b9 00       		.byte	0
 1384 05ba C0       		.byte	-64
 1385 05bb C0       		.byte	-64
 1386 05bc 00       		.byte	0
 1387 05bd C0       		.byte	-64
 1388 05be C0       		.byte	-64
 1389 05bf C0       		.byte	-64
 1390 05c0 C0       		.byte	-64
 1391 05c1 C0       		.byte	-64
 1392 05c2 C0       		.byte	-64
 1393 05c3 C0       		.byte	-64
 1394 05c4 C0       		.byte	-64
 1395 05c5 04       		.byte	4
 1396 05c6 03       		.byte	3
 1397 05c7 0E       		.byte	14
 1398 05c8 00       		.byte	0
 1399 05c9 FD       		.byte	-3
 1400 05ca 60       		.byte	96
 1401 05cb 60       		.byte	96
 1402 05cc 00       		.byte	0
 1403 05cd 60       		.byte	96
 1404 05ce 60       		.byte	96
 1405 05cf 60       		.byte	96
 1406 05d0 60       		.byte	96
 1407 05d1 60       		.byte	96
 1408 05d2 60       		.byte	96
 1409 05d3 60       		.byte	96
 1410 05d4 60       		.byte	96
 1411 05d5 60       		.byte	96
 1412 05d6 E0       		.byte	-32
 1413 05d7 C0       		.byte	-64
 1414 05d8 08       		.byte	8
 1415 05d9 06       		.byte	6
 1416 05da 0B       		.byte	11
 1417 05db 01       		.byte	1
 1418 05dc 00       		.byte	0
 1419 05dd C0       		.byte	-64
 1420 05de C0       		.byte	-64
 1421 05df C0       		.byte	-64
 1422 05e0 CC       		.byte	-52
 1423 05e1 D8       		.byte	-40
 1424 05e2 F0       		.byte	-16
 1425 05e3 F0       		.byte	-16
 1426 05e4 D8       		.byte	-40
 1427 05e5 D8       		.byte	-40
 1428 05e6 CC       		.byte	-52
 1429 05e7 CC       		.byte	-52
 1430 05e8 04       		.byte	4
 1431 05e9 02       		.byte	2
 1432 05ea 0B       		.byte	11
 1433 05eb 01       		.byte	1
 1434 05ec 00       		.byte	0
 1435 05ed C0       		.byte	-64
 1436 05ee C0       		.byte	-64
 1437 05ef C0       		.byte	-64
 1438 05f0 C0       		.byte	-64
 1439 05f1 C0       		.byte	-64
 1440 05f2 C0       		.byte	-64
 1441 05f3 C0       		.byte	-64
 1442 05f4 C0       		.byte	-64
 1443 05f5 C0       		.byte	-64
 1444 05f6 C0       		.byte	-64
 1445 05f7 C0       		.byte	-64
 1446 05f8 0C       		.byte	12
 1447 05f9 0A       		.byte	10
 1448 05fa 08       		.byte	8
 1449 05fb 01       		.byte	1
 1450 05fc 00       		.byte	0
 1451 05fd DB       		.byte	-37
 1452 05fe 80       		.byte	-128
 1453 05ff EE       		.byte	-18
 1454 0600 C0       		.byte	-64
 1455 0601 CC       		.byte	-52
 1456 0602 C0       		.byte	-64
 1457 0603 CC       		.byte	-52
 1458 0604 C0       		.byte	-64
 1459 0605 CC       		.byte	-52
 1460 0606 C0       		.byte	-64
 1461 0607 CC       		.byte	-52
 1462 0608 C0       		.byte	-64
 1463 0609 CC       		.byte	-52
 1464 060a C0       		.byte	-64
 1465 060b CC       		.byte	-52
 1466 060c C0       		.byte	-64
 1467 060d 09       		.byte	9
 1468 060e 07       		.byte	7
 1469 060f 08       		.byte	8
 1470 0610 01       		.byte	1
 1471 0611 00       		.byte	0
 1472 0612 DC       		.byte	-36
 1473 0613 EE       		.byte	-18
 1474 0614 C6       		.byte	-58
 1475 0615 C6       		.byte	-58
 1476 0616 C6       		.byte	-58
 1477 0617 C6       		.byte	-58
 1478 0618 C6       		.byte	-58
 1479 0619 C6       		.byte	-58
 1480 061a 09       		.byte	9
 1481 061b 07       		.byte	7
 1482 061c 08       		.byte	8
 1483 061d 01       		.byte	1
 1484 061e 00       		.byte	0
 1485 061f 38       		.byte	56
 1486 0620 6C       		.byte	108
 1487 0621 C6       		.byte	-58
 1488 0622 C6       		.byte	-58
 1489 0623 C6       		.byte	-58
 1490 0624 C6       		.byte	-58
 1491 0625 6C       		.byte	108
 1492 0626 38       		.byte	56
 1493 0627 09       		.byte	9
 1494 0628 07       		.byte	7
 1495 0629 0B       		.byte	11
 1496 062a 01       		.byte	1
 1497 062b FD       		.byte	-3
 1498 062c D8       		.byte	-40
 1499 062d EC       		.byte	-20
 1500 062e C6       		.byte	-58
 1501 062f C6       		.byte	-58
 1502 0630 C6       		.byte	-58
 1503 0631 C6       		.byte	-58
 1504 0632 EC       		.byte	-20
 1505 0633 F8       		.byte	-8
 1506 0634 C0       		.byte	-64
 1507 0635 C0       		.byte	-64
 1508 0636 C0       		.byte	-64
 1509 0637 09       		.byte	9
 1510 0638 07       		.byte	7
 1511 0639 0B       		.byte	11
 1512 063a 01       		.byte	1
 1513 063b FD       		.byte	-3
 1514 063c 36       		.byte	54
 1515 063d 6E       		.byte	110
 1516 063e C6       		.byte	-58
 1517 063f C6       		.byte	-58
 1518 0640 C6       		.byte	-58
 1519 0641 C6       		.byte	-58
 1520 0642 6E       		.byte	110
 1521 0643 3E       		.byte	62
 1522 0644 06       		.byte	6
 1523 0645 06       		.byte	6
 1524 0646 06       		.byte	6
 1525 0647 06       		.byte	6
 1526 0648 05       		.byte	5
 1527 0649 08       		.byte	8
 1528 064a 01       		.byte	1
 1529 064b 00       		.byte	0
 1530 064c D8       		.byte	-40
 1531 064d F8       		.byte	-8
 1532 064e C0       		.byte	-64
 1533 064f C0       		.byte	-64
 1534 0650 C0       		.byte	-64
 1535 0651 C0       		.byte	-64
 1536 0652 C0       		.byte	-64
 1537 0653 C0       		.byte	-64
 1538 0654 08       		.byte	8
 1539 0655 06       		.byte	6
 1540 0656 08       		.byte	8
 1541 0657 01       		.byte	1
 1542 0658 00       		.byte	0
 1543 0659 78       		.byte	120
 1544 065a EC       		.byte	-20
 1545 065b C0       		.byte	-64
 1546 065c 78       		.byte	120
 1547 065d 1C       		.byte	28
 1548 065e 0C       		.byte	12
 1549 065f EC       		.byte	-20
 1550 0660 78       		.byte	120
 1551 0661 05       		.byte	5
 1552 0662 05       		.byte	5
 1553 0663 0A       		.byte	10
 1554 0664 00       		.byte	0
 1555 0665 00       		.byte	0
 1556 0666 60       		.byte	96
 1557 0667 60       		.byte	96
 1558 0668 F8       		.byte	-8
 1559 0669 60       		.byte	96
 1560 066a 60       		.byte	96
 1561 066b 60       		.byte	96
 1562 066c 60       		.byte	96
 1563 066d 60       		.byte	96
 1564 066e 68       		.byte	104
 1565 066f 30       		.byte	48
 1566 0670 09       		.byte	9
 1567 0671 07       		.byte	7
 1568 0672 08       		.byte	8
 1569 0673 01       		.byte	1
 1570 0674 00       		.byte	0
 1571 0675 C6       		.byte	-58
 1572 0676 C6       		.byte	-58
 1573 0677 C6       		.byte	-58
 1574 0678 C6       		.byte	-58
 1575 0679 C6       		.byte	-58
 1576 067a C6       		.byte	-58
 1577 067b EE       		.byte	-18
 1578 067c 76       		.byte	118
 1579 067d 08       		.byte	8
 1580 067e 08       		.byte	8
 1581 067f 08       		.byte	8
 1582 0680 00       		.byte	0
 1583 0681 00       		.byte	0
 1584 0682 C3       		.byte	-61
 1585 0683 C3       		.byte	-61
 1586 0684 66       		.byte	102
 1587 0685 66       		.byte	102
 1588 0686 24       		.byte	36
 1589 0687 3C       		.byte	60
 1590 0688 18       		.byte	24
 1591 0689 18       		.byte	24
 1592 068a 0A       		.byte	10
 1593 068b 0A       		.byte	10
 1594 068c 08       		.byte	8
 1595 068d 00       		.byte	0
 1596 068e 00       		.byte	0
 1597 068f CC       		.byte	-52
 1598 0690 C0       		.byte	-64
 1599 0691 CC       		.byte	-52
 1600 0692 C0       		.byte	-64
 1601 0693 CC       		.byte	-52
 1602 0694 C0       		.byte	-64
 1603 0695 6D       		.byte	109
 1604 0696 80       		.byte	-128
 1605 0697 6D       		.byte	109
 1606 0698 80       		.byte	-128
 1607 0699 33       		.byte	51
 1608 069a 00       		.byte	0
 1609 069b 33       		.byte	51
 1610 069c 00       		.byte	0
 1611 069d 33       		.byte	51
 1612 069e 00       		.byte	0
 1613 069f 07       		.byte	7
 1614 06a0 07       		.byte	7
 1615 06a1 08       		.byte	8
 1616 06a2 00       		.byte	0
 1617 06a3 00       		.byte	0
 1618 06a4 C6       		.byte	-58
 1619 06a5 C6       		.byte	-58
 1620 06a6 6C       		.byte	108
 1621 06a7 38       		.byte	56
 1622 06a8 38       		.byte	56
 1623 06a9 6C       		.byte	108
 1624 06aa C6       		.byte	-58
 1625 06ab C6       		.byte	-58
 1626 06ac 08       		.byte	8
 1627 06ad 08       		.byte	8
 1628 06ae 0B       		.byte	11
 1629 06af 00       		.byte	0
 1630 06b0 FD       		.byte	-3
 1631 06b1 C3       		.byte	-61
 1632 06b2 C3       		.byte	-61
 1633 06b3 66       		.byte	102
 1634 06b4 66       		.byte	102
 1635 06b5 24       		.byte	36
 1636 06b6 3C       		.byte	60
 1637 06b7 18       		.byte	24
 1638 06b8 18       		.byte	24
 1639 06b9 18       		.byte	24
 1640 06ba 30       		.byte	48
 1641 06bb 70       		.byte	112
 1642 06bc 06       		.byte	6
 1643 06bd 06       		.byte	6
 1644 06be 08       		.byte	8
 1645 06bf 00       		.byte	0
 1646 06c0 00       		.byte	0
 1647 06c1 FC       		.byte	-4
 1648 06c2 0C       		.byte	12
 1649 06c3 18       		.byte	24
 1650 06c4 30       		.byte	48
 1651 06c5 30       		.byte	48
 1652 06c6 60       		.byte	96
 1653 06c7 C0       		.byte	-64
 1654 06c8 FC       		.byte	-4
 1655 06c9 06       		.byte	6
 1656 06ca 05       		.byte	5
 1657 06cb 0E       		.byte	14
 1658 06cc 00       		.byte	0
 1659 06cd FD       		.byte	-3
 1660 06ce 18       		.byte	24
 1661 06cf 30       		.byte	48
 1662 06d0 30       		.byte	48
 1663 06d1 30       		.byte	48
 1664 06d2 30       		.byte	48
 1665 06d3 60       		.byte	96
 1666 06d4 C0       		.byte	-64
 1667 06d5 60       		.byte	96
 1668 06d6 30       		.byte	48
 1669 06d7 30       		.byte	48
 1670 06d8 30       		.byte	48
 1671 06d9 30       		.byte	48
 1672 06da 30       		.byte	48
 1673 06db 18       		.byte	24
 1674 06dc 04       		.byte	4
 1675 06dd 02       		.byte	2
 1676 06de 0E       		.byte	14
 1677 06df 01       		.byte	1
 1678 06e0 FD       		.byte	-3
 1679 06e1 C0       		.byte	-64
 1680 06e2 C0       		.byte	-64
 1681 06e3 C0       		.byte	-64
 1682 06e4 C0       		.byte	-64
 1683 06e5 C0       		.byte	-64
 1684 06e6 C0       		.byte	-64
 1685 06e7 C0       		.byte	-64
 1686 06e8 C0       		.byte	-64
 1687 06e9 C0       		.byte	-64
 1688 06ea C0       		.byte	-64
 1689 06eb C0       		.byte	-64
 1690 06ec C0       		.byte	-64
 1691 06ed C0       		.byte	-64
 1692 06ee C0       		.byte	-64
 1693 06ef 06       		.byte	6
 1694 06f0 05       		.byte	5
 1695 06f1 0E       		.byte	14
 1696 06f2 01       		.byte	1
 1697 06f3 FD       		.byte	-3
 1698 06f4 C0       		.byte	-64
 1699 06f5 60       		.byte	96
 1700 06f6 60       		.byte	96
 1701 06f7 60       		.byte	96
 1702 06f8 60       		.byte	96
 1703 06f9 30       		.byte	48
 1704 06fa 18       		.byte	24
 1705 06fb 30       		.byte	48
 1706 06fc 60       		.byte	96
 1707 06fd 60       		.byte	96
 1708 06fe 60       		.byte	96
 1709 06ff 60       		.byte	96
 1710 0700 60       		.byte	96
 1711 0701 C0       		.byte	-64
 1712 0702 09       		.byte	9
 1713 0703 07       		.byte	7
 1714 0704 03       		.byte	3
 1715 0705 01       		.byte	1
 1716 0706 03       		.byte	3
 1717 0707 72       		.byte	114
 1718 0708 DE       		.byte	-34
 1719 0709 8C       		.byte	-116
 1720              		.file 1 "fb/helvB14.c"
 1721              		.file 2 "/root/gnuarm/bin/../lib/gcc/arm-elf/4.0.2/../../../../arm-elf/sys-include/stdint.h"
 1722              		.file 3 "include/fb/font.h"
 1723 070a 0000     		.text
 1724              	.Letext0:
DEFINED SYMBOLS
                            *ABS*:0000000000000000 helvB14.c
     /tmp/ccXffs3M.s:15     .rodata:0000000000000000 font_helvB14
     /tmp/ccXffs3M.s:20     .rodata:0000000000000004 $d
     /tmp/ccXffs3M.s:125    .rodata:00000000000000d0 font_helvB14_data
     /tmp/ccXffs3M.s:26     .rodata:0000000000000010 font_helvB14_offsets

NO UNDEFINED SYMBOLS
