   1              		.file	"ctors.c"
   9              	.Ltext0:
  10              		.section	.text.do_global_ctors,"ax",%progbits
  11              		.align	2
  12              		.global	do_global_ctors
  14              	do_global_ctors:
  15              	.LFB2:
  16              		.file 1 "lib/ctors.c"
   1:lib/ctors.c   **** 
   2:lib/ctors.c   **** /* iterate over list of constructor functions and call each element */
   3:lib/ctors.c   **** void do_global_ctors(const char *_ctors_start, const char *ctors_end)
   4:lib/ctors.c   **** {
  17              		.loc 1 4 0
  18              		@ args = 0, pretend = 0, frame = 0
  19              		@ frame_needed = 0, uses_anonymous_args = 0
  20              	.LVL0:
  21 0000 30402DE9 		stmfd	sp!, {r4, r5, lr}
  22              	.LCFI0:
  23              		.loc 1 4 0
  24 0004 0150A0E1 		mov	r5, r1
   5:lib/ctors.c   **** 	typedef void (*func_ptr)(void);
   6:lib/ctors.c   **** 	func_ptr *func, *ctors_start = (func_ptr *) _ctors_start;
   7:lib/ctors.c   **** 
   8:lib/ctors.c   **** 	/* skip the first entry, as it contains the number of
   9:lib/ctors.c   **** 	 * constructors which we don't use */
  10:lib/ctors.c   **** 	ctors_start++;
  25              		.loc 1 10 0
  26 0008 044080E2 		add	r4, r0, #4
  27              	.LVL1:
  28 000c 040000EA 		b	.L2
  29              	.LVL2:
  30              	.L3:
  11:lib/ctors.c   **** 
  12:lib/ctors.c   **** 	for (func = ctors_start;
  13:lib/ctors.c   **** 	     *func && (func != (func_ptr *) ctors_end); func++)
  14:lib/ctors.c   **** 		(*func)();
  31              		.loc 1 14 0
  32 0010 0FE0A0E1 		mov	lr, pc
  33 0014 13FF2FE1 		bx	r3
  34              	.LVL3:
  35              	.LVL4:
  36              	.L2:
  37              		.loc 1 13 0
  38 0018 003094E5 		ldr	r3, [r4, #0]
  39 001c 000053E3 		cmp	r3, #0
  40 0020 05005411 		cmpne	r4, r5
  41 0024 044084E2 		add	r4, r4, #4
  42 0028 0200001A 		bne	.L3
  15:lib/ctors.c   **** }
  43              		.loc 1 15 0
  44 002c 3080BDE8 		ldmfd	sp!, {r4, r5, pc}
  45              	.LFE2:
  81              	.Letext0:
DEFINED SYMBOLS
                            *ABS*:0000000000000000 ctors.c
     /tmp/ccyQoMtu.s:14     .text.do_global_ctors:0000000000000000 do_global_ctors
     /tmp/ccyQoMtu.s:21     .text.do_global_ctors:0000000000000000 $a

NO UNDEFINED SYMBOLS
