   1              		.file	"ctype.c"
   9              	.Ltext0:
  10              		.global	_ctype
  11              		.data
  14              	_ctype:
  15 0000 08       		.byte	8
  16 0001 08       		.byte	8
  17 0002 08       		.byte	8
  18 0003 08       		.byte	8
  19 0004 08       		.byte	8
  20 0005 08       		.byte	8
  21 0006 08       		.byte	8
  22 0007 08       		.byte	8
  23 0008 08       		.byte	8
  24 0009 28       		.byte	40
  25 000a 28       		.byte	40
  26 000b 28       		.byte	40
  27 000c 28       		.byte	40
  28 000d 28       		.byte	40
  29 000e 08       		.byte	8
  30 000f 08       		.byte	8
  31 0010 08       		.byte	8
  32 0011 08       		.byte	8
  33 0012 08       		.byte	8
  34 0013 08       		.byte	8
  35 0014 08       		.byte	8
  36 0015 08       		.byte	8
  37 0016 08       		.byte	8
  38 0017 08       		.byte	8
  39 0018 08       		.byte	8
  40 0019 08       		.byte	8
  41 001a 08       		.byte	8
  42 001b 08       		.byte	8
  43 001c 08       		.byte	8
  44 001d 08       		.byte	8
  45 001e 08       		.byte	8
  46 001f 08       		.byte	8
  47 0020 A0       		.byte	-96
  48 0021 10       		.byte	16
  49 0022 10       		.byte	16
  50 0023 10       		.byte	16
  51 0024 10       		.byte	16
  52 0025 10       		.byte	16
  53 0026 10       		.byte	16
  54 0027 10       		.byte	16
  55 0028 10       		.byte	16
  56 0029 10       		.byte	16
  57 002a 10       		.byte	16
  58 002b 10       		.byte	16
  59 002c 10       		.byte	16
  60 002d 10       		.byte	16
  61 002e 10       		.byte	16
  62 002f 10       		.byte	16
  63 0030 04       		.byte	4
  64 0031 04       		.byte	4
  65 0032 04       		.byte	4
  66 0033 04       		.byte	4
  67 0034 04       		.byte	4
  68 0035 04       		.byte	4
  69 0036 04       		.byte	4
  70 0037 04       		.byte	4
  71 0038 04       		.byte	4
  72 0039 04       		.byte	4
  73 003a 10       		.byte	16
  74 003b 10       		.byte	16
  75 003c 10       		.byte	16
  76 003d 10       		.byte	16
  77 003e 10       		.byte	16
  78 003f 10       		.byte	16
  79 0040 10       		.byte	16
  80 0041 41       		.byte	65
  81 0042 41       		.byte	65
  82 0043 41       		.byte	65
  83 0044 41       		.byte	65
  84 0045 41       		.byte	65
  85 0046 41       		.byte	65
  86 0047 01       		.byte	1
  87 0048 01       		.byte	1
  88 0049 01       		.byte	1
  89 004a 01       		.byte	1
  90 004b 01       		.byte	1
  91 004c 01       		.byte	1
  92 004d 01       		.byte	1
  93 004e 01       		.byte	1
  94 004f 01       		.byte	1
  95 0050 01       		.byte	1
  96 0051 01       		.byte	1
  97 0052 01       		.byte	1
  98 0053 01       		.byte	1
  99 0054 01       		.byte	1
 100 0055 01       		.byte	1
 101 0056 01       		.byte	1
 102 0057 01       		.byte	1
 103 0058 01       		.byte	1
 104 0059 01       		.byte	1
 105 005a 01       		.byte	1
 106 005b 10       		.byte	16
 107 005c 10       		.byte	16
 108 005d 10       		.byte	16
 109 005e 10       		.byte	16
 110 005f 10       		.byte	16
 111 0060 10       		.byte	16
 112 0061 42       		.byte	66
 113 0062 42       		.byte	66
 114 0063 42       		.byte	66
 115 0064 42       		.byte	66
 116 0065 42       		.byte	66
 117 0066 42       		.byte	66
 118 0067 02       		.byte	2
 119 0068 02       		.byte	2
 120 0069 02       		.byte	2
 121 006a 02       		.byte	2
 122 006b 02       		.byte	2
 123 006c 02       		.byte	2
 124 006d 02       		.byte	2
 125 006e 02       		.byte	2
 126 006f 02       		.byte	2
 127 0070 02       		.byte	2
 128 0071 02       		.byte	2
 129 0072 02       		.byte	2
 130 0073 02       		.byte	2
 131 0074 02       		.byte	2
 132 0075 02       		.byte	2
 133 0076 02       		.byte	2
 134 0077 02       		.byte	2
 135 0078 02       		.byte	2
 136 0079 02       		.byte	2
 137 007a 02       		.byte	2
 138 007b 10       		.byte	16
 139 007c 10       		.byte	16
 140 007d 10       		.byte	16
 141 007e 10       		.byte	16
 142 007f 08       		.byte	8
 143 0080 00       		.byte	0
 144 0081 00       		.byte	0
 145 0082 00       		.byte	0
 146 0083 00       		.byte	0
 147 0084 00       		.byte	0
 148 0085 00       		.byte	0
 149 0086 00       		.byte	0
 150 0087 00       		.byte	0
 151 0088 00       		.byte	0
 152 0089 00       		.byte	0
 153 008a 00       		.byte	0
 154 008b 00       		.byte	0
 155 008c 00       		.byte	0
 156 008d 00       		.byte	0
 157 008e 00       		.byte	0
 158 008f 00       		.byte	0
 159 0090 00       		.byte	0
 160 0091 00       		.byte	0
 161 0092 00       		.byte	0
 162 0093 00       		.byte	0
 163 0094 00       		.byte	0
 164 0095 00       		.byte	0
 165 0096 00       		.byte	0
 166 0097 00       		.byte	0
 167 0098 00       		.byte	0
 168 0099 00       		.byte	0
 169 009a 00       		.byte	0
 170 009b 00       		.byte	0
 171 009c 00       		.byte	0
 172 009d 00       		.byte	0
 173 009e 00       		.byte	0
 174 009f 00       		.byte	0
 175 00a0 A0       		.byte	-96
 176 00a1 10       		.byte	16
 177 00a2 10       		.byte	16
 178 00a3 10       		.byte	16
 179 00a4 10       		.byte	16
 180 00a5 10       		.byte	16
 181 00a6 10       		.byte	16
 182 00a7 10       		.byte	16
 183 00a8 10       		.byte	16
 184 00a9 10       		.byte	16
 185 00aa 10       		.byte	16
 186 00ab 10       		.byte	16
 187 00ac 10       		.byte	16
 188 00ad 10       		.byte	16
 189 00ae 10       		.byte	16
 190 00af 10       		.byte	16
 191 00b0 10       		.byte	16
 192 00b1 10       		.byte	16
 193 00b2 10       		.byte	16
 194 00b3 10       		.byte	16
 195 00b4 10       		.byte	16
 196 00b5 10       		.byte	16
 197 00b6 10       		.byte	16
 198 00b7 10       		.byte	16
 199 00b8 10       		.byte	16
 200 00b9 10       		.byte	16
 201 00ba 10       		.byte	16
 202 00bb 10       		.byte	16
 203 00bc 10       		.byte	16
 204 00bd 10       		.byte	16
 205 00be 10       		.byte	16
 206 00bf 10       		.byte	16
 207 00c0 01       		.byte	1
 208 00c1 01       		.byte	1
 209 00c2 01       		.byte	1
 210 00c3 01       		.byte	1
 211 00c4 01       		.byte	1
 212 00c5 01       		.byte	1
 213 00c6 01       		.byte	1
 214 00c7 01       		.byte	1
 215 00c8 01       		.byte	1
 216 00c9 01       		.byte	1
 217 00ca 01       		.byte	1
 218 00cb 01       		.byte	1
 219 00cc 01       		.byte	1
 220 00cd 01       		.byte	1
 221 00ce 01       		.byte	1
 222 00cf 01       		.byte	1
 223 00d0 01       		.byte	1
 224 00d1 01       		.byte	1
 225 00d2 01       		.byte	1
 226 00d3 01       		.byte	1
 227 00d4 01       		.byte	1
 228 00d5 01       		.byte	1
 229 00d6 01       		.byte	1
 230 00d7 10       		.byte	16
 231 00d8 01       		.byte	1
 232 00d9 01       		.byte	1
 233 00da 01       		.byte	1
 234 00db 01       		.byte	1
 235 00dc 01       		.byte	1
 236 00dd 01       		.byte	1
 237 00de 01       		.byte	1
 238 00df 02       		.byte	2
 239 00e0 02       		.byte	2
 240 00e1 02       		.byte	2
 241 00e2 02       		.byte	2
 242 00e3 02       		.byte	2
 243 00e4 02       		.byte	2
 244 00e5 02       		.byte	2
 245 00e6 02       		.byte	2
 246 00e7 02       		.byte	2
 247 00e8 02       		.byte	2
 248 00e9 02       		.byte	2
 249 00ea 02       		.byte	2
 250 00eb 02       		.byte	2
 251 00ec 02       		.byte	2
 252 00ed 02       		.byte	2
 253 00ee 02       		.byte	2
 254 00ef 02       		.byte	2
 255 00f0 02       		.byte	2
 256 00f1 02       		.byte	2
 257 00f2 02       		.byte	2
 258 00f3 02       		.byte	2
 259 00f4 02       		.byte	2
 260 00f5 02       		.byte	2
 261 00f6 02       		.byte	2
 262 00f7 10       		.byte	16
 263 00f8 02       		.byte	2
 264 00f9 02       		.byte	2
 265 00fa 02       		.byte	2
 266 00fb 02       		.byte	2
 267 00fc 02       		.byte	2
 268 00fd 02       		.byte	2
 269 00fe 02       		.byte	2
 270 00ff 02       		.byte	2
 271              		.file 1 "lib/ctype.c"
 272              		.text
 273              	.Letext0:
DEFINED SYMBOLS
                            *ABS*:0000000000000000 ctype.c
     /tmp/ccKu1Jnn.s:14     .data:0000000000000000 _ctype

NO UNDEFINED SYMBOLS
