   1              		.file	"delay.c"
   9              	.Ltext0:
  10              		.section	.text.delay_us,"ax",%progbits
  11              		.align	2
  12              		.global	delay_us
  14              	delay_us:
  15              	.LFB2:
  16              		.file 1 "lib/delay.c"
   1:lib/delay.c   **** #include <delay.h>
   2:lib/delay.c   **** 
   3:lib/delay.c   **** /* FIXME: We need properly calibrated delay loops at some point! */
   4:lib/delay.c   **** void delay_us(unsigned int us)
   5:lib/delay.c   **** {
  17              		.loc 1 5 0
  18              		@ args = 0, pretend = 0, frame = 4
  19              		@ frame_needed = 0, uses_anonymous_args = 0
  20              		@ link register save eliminated.
  21              	.LVL0:
  22 0000 04D04DE2 		sub	sp, sp, #4
  23              	.LCFI0:
  24              	.LVL1:
   6:lib/delay.c   **** 	volatile unsigned int i;
   7:lib/delay.c   **** 
   8:lib/delay.c   **** 	for (i= 0; i < us*4; i++) { i; }
  25              		.loc 1 8 0
  26 0004 0001A0E1 		mov	r0, r0, asl #2
  27              	.LVL2:
  28 0008 0030A0E3 		mov	r3, #0
  29              		.loc 1 5 0
  30              		@ lr needed for prologue
  31 000c 050000EA 		b	.L6
  32              	.LVL3:
  33              	.L3:
  34              		.loc 1 8 0
  35 0010 00309DE5 		ldr	r3, [sp, #0]
  36 0014 00309DE5 		ldr	r3, [sp, #0]
  37 0018 013083E2 		add	r3, r3, #1
  38              	.L6:
  39 001c 00308DE5 		str	r3, [sp, #0]
  40 0020 00309DE5 		ldr	r3, [sp, #0]
  41 0024 000053E1 		cmp	r3, r0
  42 0028 0200003A 		bcc	.L3
   9:lib/delay.c   **** }
  43              		.loc 1 9 0
  44 002c 04D08DE2 		add	sp, sp, #4
  45 0030 1EFF2FE1 		bx	lr
  46              	.LFE2:
  48              		.section	.text.delay_ms,"ax",%progbits
  49              		.align	2
  50              		.global	delay_ms
  52              	delay_ms:
  53              	.LFB3:
  10:lib/delay.c   **** 
  11:lib/delay.c   **** void delay_ms(unsigned int ms)
  12:lib/delay.c   **** {
  54              		.loc 1 12 0
  55              		@ args = 0, pretend = 0, frame = 4
  56              		@ frame_needed = 0, uses_anonymous_args = 0
  57              		@ link register save eliminated.
  58              	.LVL4:
  13:lib/delay.c   **** 	volatile unsigned int i;
  14:lib/delay.c   **** 
  15:lib/delay.c   **** 	for (i= 0; i < ms*1300; i++) { i; }
  59              		.loc 1 15 0
  60 0000 30309FE5 		ldr	r3, .L13
  61 0004 930000E0 		mul	r0, r3, r0
  62              	.LVL5:
  63              		.loc 1 12 0
  64 0008 04D04DE2 		sub	sp, sp, #4
  65              	.LCFI1:
  66              	.LVL6:
  67              		.loc 1 15 0
  68 000c 0030A0E3 		mov	r3, #0
  69              		.loc 1 12 0
  70              		@ lr needed for prologue
  71 0010 060000EA 		b	.L12
  72              	.LVL7:
  73              	.L9:
  74              		.loc 1 15 0
  75 0014 00309DE5 		ldr	r3, [sp, #0]
  76 0018 00309DE5 		ldr	r3, [sp, #0]
  77 001c 013083E2 		add	r3, r3, #1
  78              	.L12:
  79 0020 00308DE5 		str	r3, [sp, #0]
  80 0024 00309DE5 		ldr	r3, [sp, #0]
  81 0028 000053E1 		cmp	r3, r0
  82 002c 0300003A 		bcc	.L9
  16:lib/delay.c   **** }
  83              		.loc 1 16 0
  84 0030 04D08DE2 		add	sp, sp, #4
  85 0034 1EFF2FE1 		bx	lr
  86              	.L14:
  87              		.align	2
  88              	.L13:
  89 0038 14050000 		.word	1300
  90              	.LFE3:
 132              	.Letext0:
DEFINED SYMBOLS
                            *ABS*:0000000000000000 delay.c
     /tmp/ccWCsqFw.s:14     .text.delay_us:0000000000000000 delay_us
     /tmp/ccWCsqFw.s:22     .text.delay_us:0000000000000000 $a
     /tmp/ccWCsqFw.s:52     .text.delay_ms:0000000000000000 delay_ms
     /tmp/ccWCsqFw.s:60     .text.delay_ms:0000000000000000 $a
     /tmp/ccWCsqFw.s:89     .text.delay_ms:0000000000000038 $d

NO UNDEFINED SYMBOLS
