   1              		.file	"strcmp.c"
   9              	.Ltext0:
  10              		.section	.text.strcmp,"ax",%progbits
  11              		.align	2
  12              		.global	strcmp
  14              	strcmp:
  15              	.LFB2:
  16              		.file 1 "lib/strcmp.c"
   1:lib/strcmp.c  **** /*
   2:lib/strcmp.c  ****  * Compare strings:  s1>s2: >0  s1==s2: 0  s1<s2: <0
   3:lib/strcmp.c  ****  */
   4:lib/strcmp.c  **** 
   5:lib/strcmp.c  **** strcmp(s1, s2)
   6:lib/strcmp.c  **** 	register char *s1, *s2;
   7:lib/strcmp.c  **** {
  17              		.loc 1 7 0
  18              		@ args = 0, pretend = 0, frame = 0
  19              		@ frame_needed = 0, uses_anonymous_args = 0
  20              		@ link register save eliminated.
  21              	.LVL0:
  22 0000 0020A0E1 		mov	r2, r0
  23              		@ lr needed for prologue
  24 0004 020000EA 		b	.L2
  25              	.LVL1:
  26              	.L3:
   8:lib/strcmp.c  **** 	while (*s1 == *s2++)
   9:lib/strcmp.c  **** 		if (*s1++=='\0')
  27              		.loc 1 9 0
  28 0008 000050E3 		cmp	r0, #0
  29 000c 1EFF2F01 		bxeq	lr
  30              	.LVL2:
  31              	.L2:
  32              		.loc 1 8 0
  33 0010 0000D2E5 		ldrb	r0, [r2, #0]	@ zero_extendqisi2
  34 0014 0130D1E4 		ldrb	r3, [r1], #1	@ zero_extendqisi2
  35 0018 030050E1 		cmp	r0, r3
  36              		.loc 1 9 0
  37 001c 012082E2 		add	r2, r2, #1
  38              		.loc 1 8 0
  39 0020 0000000A 		beq	.L3
  10:lib/strcmp.c  **** 			return(0);
  11:lib/strcmp.c  **** 	return(*s1 - *--s2);
  40              		.loc 1 11 0
  41 0024 000063E0 		rsb	r0, r3, r0
  12:lib/strcmp.c  **** }
  42              		.loc 1 12 0
  43 0028 1EFF2FE1 		bx	lr
  44              	.LFE2:
  70              	.Letext0:
DEFINED SYMBOLS
                            *ABS*:0000000000000000 strcmp.c
     /tmp/ccEd3k6J.s:14     .text.strcmp:0000000000000000 strcmp
     /tmp/ccEd3k6J.s:22     .text.strcmp:0000000000000000 $a

NO UNDEFINED SYMBOLS
